<?xml version="1.0" encoding="utf-8"?>
<TestRun id="1b6484c9-27b4-4729-b5fb-39e8798f7107" name="crown@GAOXU 2026-09-25 20:57:46" runUser="GAOXU\crown" xmlns="http://microsoft.com/schemas/VisualStudio/TeamTest/2010">
  <Times creation="2026-09-25T20:57:46.9008410+08:00" queuing="2026-09-25T20:57:46.9008416+08:00" start="2026-09-25T20:57:46.0773033+08:00" finish="2026-09-25T20:58:22.4374826+08:00" />
  <TestSettings name="default" id="c6a87749-bdee-4773-b2e7-74a4b0b70643">
    <Deployment runDeploymentRoot="crown_GAOXU_2026-09-25_20_57_46" />
  </TestSettings>
  <Results>
    <UnitTestResult executionId="558edb11-9f7b-4031-917c-9733810b9094" testId="477a465d-8abd-c48c-7529-bd8b3c4be63a" testName="MusicNetEasePlugin.Tests.PrivateFmTests.FM观察证据来自实际请求推进与反馈记录" computerName="GAOXU" duration="00:00:00.0175571" startTime="2026-09-25T20:57:47.1189661+08:00" endTime="2026-09-25T20:57:47.1447848+08:00" testType="13cdc9d9-ddb5-4fa4-a97d-d965ccfc6d4b" outcome="Passed" testListId="8c84fa94-04c1-424b-9868-57a2d4851a1d" relativeResultsDirectory="558edb11-9f7b-4031-917c-9733810b9094" />
    <UnitTestResult executionId="e7402312-b0a2-43e8-85f4-ccca3148a88a" testId="4fabc2c3-e2f9-a64b-5468-d8dfa1f0ded5" testName="MusicNetEasePlugin.Tests.PrivateFmTests.暂停下一首保持静默停止与最后页关闭撤销FM资格" computerName="GAOXU" duration="00:00:00.0033893" startTime="2026-09-25T20:57:47.1984524+08:00" endTime="2026-09-25T20:57:47.2018149+08:00" testType="13cdc9d9-ddb5-4fa4-a97d-d965ccfc6d4b" outcome="Passed" testListId="8c84fa94-04c1-424b-9868-57a2d4851a1d" relativeResultsDirectory="e7402312-b0a2-43e8-85f4-ccca3148a88a" />
    <UnitTestResult executionId="260d293e-ffa4-4dff-8cc0-ee6d6a614697" testId="c6a93e59-de7b-f819-1904-834526089b89" testName="MusicNetEasePlugin.Tests.UiResourceObservationTests.同条件界面资源采样保留环境与测量边界" computerName="GAOXU" duration="00:00:05.5977020" startTime="2026-09-25T20:57:57.5772400+08:00" endTime="2026-09-25T20:58:03.1752234+08:00" testType="13cdc9d9-ddb5-4fa4-a97d-d965ccfc6d4b" outcome="Passed" testListId="8c84fa94-04c1-424b-9868-57a2d4851a1d" relativeResultsDirectory="260d293e-ffa4-4dff-8cc0-ee6d6a614697" />
    <UnitTestResult executionId="cbb3b160-a31a-4f36-86a1-7ea3af67cb69" testId="3fe4336b-6543-a902-2e7f-f3a13596bcd2" testName="MusicNetEasePlugin.Tests.LibraryProtocolTests.成功回执后的凭据保存失败仍保留受理事实" computerName="GAOXU" duration="00:00:00.0017526" startTime="2026-09-25T20:57:47.1314833+08:00" endTime="2026-09-25T20:57:47.1330287+08:00" testType="13cdc9d9-ddb5-4fa4-a97d-d965ccfc6d4b" outcome="Passed" testListId="8c84fa94-04c1-424b-9868-57a2d4851a1d" relativeResultsDirectory="cbb3b160-a31a-4f36-86a1-7ea3af67cb69" />
    <UnitTestResult executionId="57337c7e-b62b-4816-bc94-ed40323dd870" testId="11b4374d-146c-bae2-e2c8-e6904a1d1c98" testName="MusicNetEasePlugin.Tests.PlaylistTests.大歌单只分页加载且缓存有界失败可重试" computerName="GAOXU" duration="00:00:00.0125625" startTime="2026-09-25T20:57:47.0076755+08:00" endTime="2026-09-25T20:57:47.0211407+08:00" testType="13cdc9d9-ddb5-4fa4-a97d-d965ccfc6d4b" outcome="Passed" testListId="8c84fa94-04c1-424b-9868-57a2d4851a1d" relativeResultsDirectory="57337c7e-b62b-4816-bc94-ed40323dd870" />
    <UnitTestResult executionId="9ec5f658-23fa-4e33-afda-0dee6f6bd398" testId="e666ced5-691a-eef6-832b-0f8bb31556cb" testName="MusicNetEasePlugin.Tests.LibraryRulesTests.名称按中文规则校验并去除首尾空白(value: &quot;中文\ud83d\ude03&quot;, valid: True)" computerName="GAOXU" duration="00:00:00.0000116" startTime="2026-09-25T20:57:46.9706911+08:00" endTime="2026-09-25T20:57:46.9707195+08:00" testType="13cdc9d9-ddb5-4fa4-a97d-d965ccfc6d4b" outcome="Passed" testListId="8c84fa94-04c1-424b-9868-57a2d4851a1d" relativeResultsDirectory="9ec5f658-23fa-4e33-afda-0dee6f6bd398" />
    <UnitTestResult executionId="ace0650f-0271-4a35-b2e0-5f31a94bc09a" testId="a40572a5-e028-114e-b0ec-df612fb911f3" testName="MusicNetEasePlugin.Tests.LibraryProtocolTests.每个写端点成功拒绝损坏和未知均只发一次且不泄露正文(kind: Create, body: &quot;{\&quot;code\&quot;:512}&quot;, expected: Uncertain)" computerName="GAOXU" duration="00:00:00.0006403" startTime="2026-09-25T20:57:47.0765899+08:00" endTime="2026-09-25T20:57:47.0767529+08:00" testType="13cdc9d9-ddb5-4fa4-a97d-d965ccfc6d4b" outcome="Passed" testListId="8c84fa94-04c1-424b-9868-57a2d4851a1d" relativeResultsDirectory="ace0650f-0271-4a35-b2e0-5f31a94bc09a" />
    <UnitTestResult executionId="94910f97-af65-46c2-9e7f-b6bac19ad5d8" testId="62fe1b41-88a7-b76d-815c-8c5427620df6" testName="MusicNetEasePlugin.Tests.LibraryProtocolTests.详情权限与全量快照必须来自明确字段(special: 0, shared: False, actual: 2, declared: 2, kind: Normal)" computerName="GAOXU" duration="00:00:00.0004339" startTime="2026-09-25T20:57:47.1198218+08:00" endTime="2026-09-25T20:57:47.1200041+08:00" testType="13cdc9d9-ddb5-4fa4-a97d-d965ccfc6d4b" outcome="Passed" testListId="8c84fa94-04c1-424b-9868-57a2d4851a1d" relativeResultsDirectory="94910f97-af65-46c2-9e7f-b6bac19ad5d8" />
    <UnitTestResult executionId="e0b153e8-56b1-4179-a0f5-f5fdc69d1ae5" testId="829afeab-c835-9587-2c2c-730aa2fa99e8" testName="MusicNetEasePlugin.Tests.LyricsTests.逐行解析独立期望覆盖多标签偏移稳定排序与文化(culture: &quot;fr-FR&quot;)" computerName="GAOXU" duration="00:00:00.0016040" startTime="2026-09-25T20:57:47.1806022+08:00" endTime="2026-09-25T20:57:47.1817164+08:00" testType="13cdc9d9-ddb5-4fa4-a97d-d965ccfc6d4b" outcome="Passed" testListId="8c84fa94-04c1-424b-9868-57a2d4851a1d" relativeResultsDirectory="e0b153e8-56b1-4179-a0f5-f5fdc69d1ae5" />
    <UnitTestResult executionId="db8c62b9-27ae-4a59-a1ea-bf64576b4099" testId="78c3ae85-0669-e957-065c-66a548c4b15b" testName="MusicNetEasePlugin.Tests.LibraryProtocolTests.原生端点参数编码和临时收藏令牌一致且无包装服务回退" computerName="GAOXU" duration="00:00:00.0040409" startTime="2026-09-25T20:57:47.1771599+08:00" endTime="2026-09-25T20:57:47.1787869+08:00" testType="13cdc9d9-ddb5-4fa4-a97d-d965ccfc6d4b" outcome="Passed" testListId="8c84fa94-04c1-424b-9868-57a2d4851a1d" relativeResultsDirectory="db8c62b9-27ae-4a59-a1ea-bf64576b4099" />
    <UnitTestResult executionId="5fce0122-c943-4026-9f0c-e296de0dd8ac" testId="6773640e-019a-aa34-3a85-cb97f2534d7a" testName="MusicNetEasePlugin.Tests.PlaylistTests.从选中位置播放接纳整单且刷新不会改写已接纳队列" computerName="GAOXU" duration="00:00:00.0172882" startTime="2026-09-25T20:57:47.0754007+08:00" endTime="2026-09-25T20:57:47.0927183+08:00" testType="13cdc9d9-ddb5-4fa4-a97d-d965ccfc6d4b" outcome="Passed" testListId="8c84fa94-04c1-424b-9868-57a2d4851a1d" relativeResultsDirectory="5fce0122-c943-4026-9f0c-e296de0dd8ac" />
    <UnitTestResult executionId="fd9e2f5d-cdae-4827-95b8-42275847c5c6" testId="0fae2974-e1e0-9960-9d04-775247c8a200" testName="MusicNetEasePlugin.Tests.LibVlcSettingsTests.内置优先且回退保留内置失败诊断(builtin: True, configured: True, source: BuiltIn)" computerName="GAOXU" duration="00:00:00.0130412" startTime="2026-09-25T20:57:46.8377672+08:00" endTime="2026-09-25T20:57:46.8501961+08:00" testType="13cdc9d9-ddb5-4fa4-a97d-d965ccfc6d4b" outcome="Passed" testListId="8c84fa94-04c1-424b-9868-57a2d4851a1d" relativeResultsDirectory="fd9e2f5d-cdae-4827-95b8-42275847c5c6" />
    <UnitTestResult executionId="0b61ab71-c872-4f7c-9c82-f9761fb64238" testId="d9031fbd-3db8-2611-e499-8de23b341145" testName="MusicNetEasePlugin.Tests.MediaBufferTests.非许可源在请求前拒绝(url: &quot;https://127.0.0.1/file&quot;)" computerName="GAOXU" duration="00:00:00.0000191" startTime="2026-09-25T20:57:47.3150800+08:00" endTime="2026-09-25T20:57:47.3151373+08:00" testType="13cdc9d9-ddb5-4fa4-a97d-d965ccfc6d4b" outcome="Passed" testListId="8c84fa94-04c1-424b-9868-57a2d4851a1d" relativeResultsDirectory="0b61ab71-c872-4f7c-9c82-f9761fb64238" />
    <UnitTestResult executionId="2cd6d522-f8af-4750-858e-11ef908535c4" testId="c9f36a39-31e7-3e17-5353-7f13d480a312" testName="MusicNetEasePlugin.Tests.UiPreferencesTests.损坏或未知版本保留原文件并给出读取反馈(contents: &quot;null&quot;)" computerName="GAOXU" duration="00:00:00.0096956" startTime="2026-09-25T20:57:47.2305747+08:00" endTime="2026-09-25T20:57:47.2413437+08:00" testType="13cdc9d9-ddb5-4fa4-a97d-d965ccfc6d4b" outcome="Passed" testListId="8c84fa94-04c1-424b-9868-57a2d4851a1d" relativeResultsDirectory="2cd6d522-f8af-4750-858e-11ef908535c4" />
    <UnitTestResult executionId="fa1be1d4-feb5-42b0-b50a-93c77afc7efd" testId="da25c9b0-354f-cc70-31cd-1d3fa7210ac1" testName="MusicNetEasePlugin.Tests.V6ResponsiveUiTests.三尺寸双色双抽屉保留浏览且密度切换不重开媒体(dark: True)" computerName="GAOXU" duration="00:00:01.2225716" startTime="2026-09-25T20:57:53.2521663+08:00" endTime="2026-09-25T20:57:54.4750199+08:00" testType="13cdc9d9-ddb5-4fa4-a97d-d965ccfc6d4b" outcome="Passed" testListId="8c84fa94-04c1-424b-9868-57a2d4851a1d" relativeResultsDirectory="fa1be1d4-feb5-42b0-b50a-93c77afc7efd" />
    <UnitTestResult executionId="11734b95-ef43-4391-b39d-29ff3d6d377b" testId="ac14e10c-141e-4c3c-67c8-08b0f66a195b" testName="MusicNetEasePlugin.Tests.PlaybackCoordinatorTests.只有明确地址过期重取一次且再次失败就结束(kind: AddressExpired, expected: 2)" computerName="GAOXU" duration="00:00:00.0009231" startTime="2026-09-25T20:57:47.5565411+08:00" endTime="2026-09-25T20:57:47.5573905+08:00" testType="13cdc9d9-ddb5-4fa4-a97d-d965ccfc6d4b" outcome="Passed" testListId="8c84fa94-04c1-424b-9868-57a2d4851a1d" relativeResultsDirectory="11734b95-ef43-4391-b39d-29ff3d6d377b" />
    <UnitTestResult executionId="f63f881b-01a7-4047-bb11-e663e656be6d" testId="110fdc97-30ed-9cd5-a8fd-9b5297c04eb3" testName="MusicNetEasePlugin.Tests.LibraryRulesTests.权限只允许身份和类型均明确的自有普通歌单(kind: Unknown, owner: 123, allowed: False)" computerName="GAOXU" duration="00:00:00.0000019" startTime="2026-09-25T20:57:46.9774640+08:00" endTime="2026-09-25T20:57:46.9774986+08:00" testType="13cdc9d9-ddb5-4fa4-a97d-d965ccfc6d4b" outcome="Passed" testListId="8c84fa94-04c1-424b-9868-57a2d4851a1d" relativeResultsDirectory="f63f881b-01a7-4047-bb11-e663e656be6d" />
    <UnitTestResult executionId="e34d5771-a730-42fb-af95-d5ea158c78da" testId="28bcd01c-500d-f485-e642-24d608593adb" testName="MusicNetEasePlugin.Tests.QueueTests.删除当前首中尾及唯一项遵守播放意图(state: Playing, index: 3)" computerName="GAOXU" duration="00:00:00.0112535" startTime="2026-09-25T20:57:47.1247072+08:00" endTime="2026-09-25T20:57:47.1376285+08:00" testType="13cdc9d9-ddb5-4fa4-a97d-d965ccfc6d4b" outcome="Passed" testListId="8c84fa94-04c1-424b-9868-57a2d4851a1d" relativeResultsDirectory="e34d5771-a730-42fb-af95-d5ea158c78da" />
    <UnitTestResult executionId="4c2f00b3-da80-4e9e-828a-3653bf87f5e4" testId="6a2b82a8-cef7-e2b8-ffe9-b5b25d8d381f" testName="MusicNetEasePlugin.Tests.WeChatLoginTests.微信状态不会误用网易App业务码(code: 408, expected: WaitingForScan)" computerName="GAOXU" duration="00:00:00.0006107" startTime="2026-09-25T20:57:47.0654684+08:00" endTime="2026-09-25T20:57:47.0657720+08:00" testType="13cdc9d9-ddb5-4fa4-a97d-d965ccfc6d4b" outcome="Passed" testListId="8c84fa94-04c1-424b-9868-57a2d4851a1d" relativeResultsDirectory="4c2f00b3-da80-4e9e-828a-3653bf87f5e4" />
    <UnitTestResult executionId="9abef62e-e187-4024-ae94-99f590c829dc" testId="0e74b830-e04e-03cf-61d0-eea61e065d86" testName="MusicNetEasePlugin.Tests.LibVlcSettingsTests.静态目录检查汇总缺文件错误架构与损坏且不加载原生库" computerName="GAOXU" duration="00:00:00.1324699" startTime="2026-09-25T20:57:46.9047465+08:00" endTime="2026-09-25T20:57:46.9844503+08:00" testType="13cdc9d9-ddb5-4fa4-a97d-d965ccfc6d4b" outcome="Passed" testListId="8c84fa94-04c1-424b-9868-57a2d4851a1d" relativeResultsDirectory="9abef62e-e187-4024-ae94-99f590c829dc" />
    <UnitTestResult executionId="3947f254-1f77-4ccf-8745-5967e6f54f66" testId="464f9b30-e897-f795-79fe-12813af335e8" testName="MusicNetEasePlugin.Tests.DiscoveryProtocolTests.全部只读端点成功拒绝损坏分别处理且只请求一次(endpoint: 0, response: 1)" computerName="GAOXU" duration="00:00:00.0003401" startTime="2026-09-25T20:57:47.0495372+08:00" endTime="2026-09-25T20:57:47.0501544+08:00" testType="13cdc9d9-ddb5-4fa4-a97d-d965ccfc6d4b" outcome="Passed" testListId="8c84fa94-04c1-424b-9868-57a2d4851a1d" relativeResultsDirectory="3947f254-1f77-4ccf-8745-5967e6f54f66" />
    <UnitTestResult executionId="f3202bef-a2ff-44e8-ad45-0317388bc5b2" testId="2906a21d-2024-fc1d-fa93-ccbdcbcd68ca" testName="MusicNetEasePlugin.Tests.LibraryConsistencyTests.回执受理后等待点取消只保留待核实(beforeSecondRound: False)" computerName="GAOXU" duration="00:00:00.0011070" startTime="2026-09-25T20:57:47.3448045+08:00" endTime="2026-09-25T20:57:47.3494503+08:00" testType="13cdc9d9-ddb5-4fa4-a97d-d965ccfc6d4b" outcome="Passed" testListId="8c84fa94-04c1-424b-9868-57a2d4851a1d" relativeResultsDirectory="f3202bef-a2ff-44e8-ad45-0317388bc5b2" />
    <UnitTestResult executionId="c4a52e23-7521-4ff2-a3a3-7372e0c16458" testId="5fe14e70-0ee9-f509-d3ff-6fb566ad7cbc" testName="MusicNetEasePlugin.Tests.LibraryProtocolTests.每个写端点成功拒绝损坏和未知均只发一次且不泄露正文(kind: Description, body: &quot;broken MUSIC_U=secret&quot;, expected: Uncertain)" computerName="GAOXU" duration="00:00:00.0003612" startTime="2026-09-25T20:57:47.0754978+08:00" endTime="2026-09-25T20:57:47.0758762+08:00" testType="13cdc9d9-ddb5-4fa4-a97d-d965ccfc6d4b" outcome="Passed" testListId="8c84fa94-04c1-424b-9868-57a2d4851a1d" relativeResultsDirectory="c4a52e23-7521-4ff2-a3a3-7372e0c16458" />
    <UnitTestResult executionId="a936a693-3d3c-4731-89f9-30c326116733" testId="d31ea40a-a7d1-5696-7a48-15a8472e2b87" testName="MusicNetEasePlugin.Tests.MusicProtocolTests.播放响应接受明文及加密压缩但拒绝解压炸弹和坏密文" computerName="GAOXU" duration="00:00:00.0040928" startTime="2026-09-25T20:57:47.2049091+08:00" endTime="2026-09-25T20:57:47.2090183+08:00" testType="13cdc9d9-ddb5-4fa4-a97d-d965ccfc6d4b" outcome="Passed" testListId="8c84fa94-04c1-424b-9868-57a2d4851a1d" relativeResultsDirectory="a936a693-3d3c-4731-89f9-30c326116733" />
    <UnitTestResult executionId="bf3ac28d-d5f8-478c-aa68-00276ca31171" testId="73484e15-bbb9-9a3d-be6f-301c47dd1002" testName="MusicNetEasePlugin.Tests.LightweightInteractionTests.歌曲行键盘菜单中文组合和导航在真实视图中保持一致(dark: False)" computerName="GAOXU" duration="00:00:00.7038310" startTime="2026-09-25T20:58:04.3456201+08:00" endTime="2026-09-25T20:58:05.0492137+08:00" testType="13cdc9d9-ddb5-4fa4-a97d-d965ccfc6d4b" outcome="Passed" testListId="8c84fa94-04c1-424b-9868-57a2d4851a1d" relativeResultsDirectory="bf3ac28d-d5f8-478c-aa68-00276ca31171" />
    <UnitTestResult executionId="36354d16-d59e-4539-a550-854e33b3bea8" testId="4d04ac35-766c-b802-2c7e-d04829239297" testName="MusicNetEasePlugin.Tests.LibraryProtocolTests.每个写端点成功拒绝损坏和未知均只发一次且不泄露正文(kind: Subscribe, body: &quot;{\&quot;code\&quot;:403,\&quot;message\&quot;:\&quot;MUSIC_U=secret\&quot;}&quot;, expected: Rejected)" computerName="GAOXU" duration="00:00:00.0002433" startTime="2026-09-25T20:57:47.0867629+08:00" endTime="2026-09-25T20:57:47.0867933+08:00" testType="13cdc9d9-ddb5-4fa4-a97d-d965ccfc6d4b" outcome="Passed" testListId="8c84fa94-04c1-424b-9868-57a2d4851a1d" relativeResultsDirectory="36354d16-d59e-4539-a550-854e33b3bea8" />
    <UnitTestResult executionId="36980a92-e1e3-456f-851a-33ba94c0077b" testId="2d0c8132-6fb0-6631-eb7f-18ff0f670422" testName="MusicNetEasePlugin.Tests.PrivateFmTests.单批截断与去重以及网络错误立即停止补取" computerName="GAOXU" duration="00:00:00.0130501" startTime="2026-09-25T20:57:47.0566769+08:00" endTime="2026-09-25T20:57:47.0759294+08:00" testType="13cdc9d9-ddb5-4fa4-a97d-d965ccfc6d4b" outcome="Passed" testListId="8c84fa94-04c1-424b-9868-57a2d4851a1d" relativeResultsDirectory="36980a92-e1e3-456f-851a-33ba94c0077b" />
    <UnitTestResult executionId="f7fa0685-b7f3-4853-89a2-d86eb0ce1087" testId="5e6d83ea-ecc7-d8e4-08e1-c25c33a751c8" testName="MusicNetEasePlugin.Tests.PlaybackStateStoreTests.损坏未知版本身份及数值越界保留原文件(kind: &quot;json&quot;)" computerName="GAOXU" duration="00:00:00.0027258" startTime="2026-09-25T20:57:47.3902084+08:00" endTime="2026-09-25T20:57:47.3932444+08:00" testType="13cdc9d9-ddb5-4fa4-a97d-d965ccfc6d4b" outcome="Passed" testListId="8c84fa94-04c1-424b-9868-57a2d4851a1d" relativeResultsDirectory="f7fa0685-b7f3-4853-89a2-d86eb0ce1087" />
    <UnitTestResult executionId="a6c7948f-3833-44c0-8af8-d3c8840c8613" testId="dd3567dc-1959-e48a-b554-6082ff08cc43" testName="MusicNetEasePlugin.Tests.PlaybackLifetimeTests.Document构造失败和只释放Scope也能归还租约" computerName="GAOXU" duration="00:00:00.0125345" startTime="2026-09-25T20:57:47.1912788+08:00" endTime="2026-09-25T20:57:47.2043321+08:00" testType="13cdc9d9-ddb5-4fa4-a97d-d965ccfc6d4b" outcome="Passed" testListId="8c84fa94-04c1-424b-9868-57a2d4851a1d" relativeResultsDirectory="a6c7948f-3833-44c0-8af8-d3c8840c8613" />
    <UnitTestResult executionId="30b3c90a-1ce7-4b9e-9f08-4416861562f8" testId="35e5b836-4c24-a382-8b86-3a99098346de" testName="MusicNetEasePlugin.Tests.LoginCoordinatorTests.扫码确认后验证账号并安全保存一次" computerName="GAOXU" duration="00:00:00.0119632" startTime="2026-09-25T20:57:47.0065114+08:00" endTime="2026-09-25T20:57:47.0192558+08:00" testType="13cdc9d9-ddb5-4fa4-a97d-d965ccfc6d4b" outcome="Passed" testListId="8c84fa94-04c1-424b-9868-57a2d4851a1d" relativeResultsDirectory="30b3c90a-1ce7-4b9e-9f08-4416861562f8" />
    <UnitTestResult executionId="dfa070dc-5374-4428-b92f-1daabd1adad2" testId="0740a78d-e7aa-894b-f7f9-bc4dad3a5fe8" testName="MusicNetEasePlugin.Tests.LibVlcSettingsTests.内置优先且回退保留内置失败诊断(builtin: True, configured: False, source: BuiltIn)" computerName="GAOXU" duration="00:00:00.0000095" startTime="2026-09-25T20:57:46.9045360+08:00" endTime="2026-09-25T20:57:46.9045687+08:00" testType="13cdc9d9-ddb5-4fa4-a97d-d965ccfc6d4b" outcome="Passed" testListId="8c84fa94-04c1-424b-9868-57a2d4851a1d" relativeResultsDirectory="dfa070dc-5374-4428-b92f-1daabd1adad2" />
    <UnitTestResult executionId="3d5bd3d7-f883-4641-b3c5-335e709cd8ab" testId="5665548f-06d0-105b-7831-c6c014988e69" testName="MusicNetEasePlugin.Tests.LibraryUiTests.保存回包不能覆盖关闭后重新打开的表单" computerName="GAOXU" duration="00:00:00.0692305" startTime="2026-09-25T20:58:05.9844168+08:00" endTime="2026-09-25T20:58:06.0538905+08:00" testType="13cdc9d9-ddb5-4fa4-a97d-d965ccfc6d4b" outcome="Passed" testListId="8c84fa94-04c1-424b-9868-57a2d4851a1d" relativeResultsDirectory="3d5bd3d7-f883-4641-b3c5-335e709cd8ab" />
    <UnitTestResult executionId="0ff32ad9-7f24-46b1-995a-710560133c3d" testId="c23a6781-59ca-2db7-bdeb-bc504589e045" testName="MusicNetEasePlugin.Tests.MediaBufferTests.普通拒绝不同于明确过期(code: 403, expected: Restricted)" computerName="GAOXU" duration="00:00:00.0035423" startTime="2026-09-25T20:57:47.2800697+08:00" endTime="2026-09-25T20:57:47.2830935+08:00" testType="13cdc9d9-ddb5-4fa4-a97d-d965ccfc6d4b" outcome="Passed" testListId="8c84fa94-04c1-424b-9868-57a2d4851a1d" relativeResultsDirectory="0ff32ad9-7f24-46b1-995a-710560133c3d" />
    <UnitTestResult executionId="f7e3c14e-59d0-4906-9216-61a58a850443" testId="4885ddb9-475e-7af7-d24d-a102b81667eb" testName="MusicNetEasePlugin.Tests.SearchDocumentTests.搜索只投影最新响应并在失败后保留原页允许重试" computerName="GAOXU" duration="00:00:00.0179112" startTime="2026-09-25T20:57:47.1787501+08:00" endTime="2026-09-25T20:57:47.2003599+08:00" testType="13cdc9d9-ddb5-4fa4-a97d-d965ccfc6d4b" outcome="Passed" testListId="8c84fa94-04c1-424b-9868-57a2d4851a1d" relativeResultsDirectory="f7e3c14e-59d0-4906-9216-61a58a850443" />
    <UnitTestResult executionId="70007036-8198-4ff2-990b-800a00992643" testId="02d5ca3e-9cbb-2352-8009-6d6026bba2d0" testName="MusicNetEasePlugin.Tests.LibraryUiTests.ID表单新建独立字段草稿冲突与输入法键盘不会误提交" computerName="GAOXU" duration="00:00:00.7993315" startTime="2026-09-25T20:58:07.5335756+08:00" endTime="2026-09-25T20:58:08.3331850+08:00" testType="13cdc9d9-ddb5-4fa4-a97d-d965ccfc6d4b" outcome="Passed" testListId="8c84fa94-04c1-424b-9868-57a2d4851a1d" relativeResultsDirectory="70007036-8198-4ff2-990b-800a00992643" />
    <UnitTestResult executionId="cd013860-de40-45bc-ae7b-09843d25c036" testId="f48d5969-eda7-dcf2-19a9-b7fb22c5b07f" testName="MusicNetEasePlugin.Tests.LibraryProtocolTests.每个写端点成功拒绝损坏和未知均只发一次且不泄露正文(kind: RemoveTracks, body: &quot;{\&quot;code\&quot;:403,\&quot;message\&quot;:\&quot;MUSIC_U=secret\&quot;}&quot;, expected: Rejected)" computerName="GAOXU" duration="00:00:00.0002106" startTime="2026-09-25T20:57:47.0656741+08:00" endTime="2026-09-25T20:57:47.0659335+08:00" testType="13cdc9d9-ddb5-4fa4-a97d-d965ccfc6d4b" outcome="Passed" testListId="8c84fa94-04c1-424b-9868-57a2d4851a1d" relativeResultsDirectory="cd013860-de40-45bc-ae7b-09843d25c036" />
    <UnitTestResult executionId="e1e3e38a-3f12-40d2-9dc8-8639e0983a6f" testId="bc67c464-8b43-de36-b617-2826f35fec37" testName="MusicNetEasePlugin.Tests.LibraryProtocolTests.明确拒绝码保留分类且只有会话失效撤销账号(code: 460)" computerName="GAOXU" duration="00:00:00.0008320" startTime="2026-09-25T20:57:47.1307676+08:00" endTime="2026-09-25T20:57:47.1307963+08:00" testType="13cdc9d9-ddb5-4fa4-a97d-d965ccfc6d4b" outcome="Passed" testListId="8c84fa94-04c1-424b-9868-57a2d4851a1d" relativeResultsDirectory="e1e3e38a-3f12-40d2-9dc8-8639e0983a6f" />
    <UnitTestResult executionId="66689b84-8487-4f2d-b35b-043741a24f8e" testId="87c42c11-b06a-e884-b533-f5bd55b05a83" testName="MusicNetEasePlugin.Tests.ProtocolTests.明文及加密响应都可解释而无效密文拒绝" computerName="GAOXU" duration="00:00:00.0009371" startTime="2026-09-25T20:57:47.0878992+08:00" endTime="2026-09-25T20:57:47.0883413+08:00" testType="13cdc9d9-ddb5-4fa4-a97d-d965ccfc6d4b" outcome="Passed" testListId="8c84fa94-04c1-424b-9868-57a2d4851a1d" relativeResultsDirectory="66689b84-8487-4f2d-b35b-043741a24f8e" />
    <UnitTestResult executionId="1865ccc6-bfb9-4169-984f-65671d2ec378" testId="c767a6d6-6883-6055-9a66-24f41be32c5a" testName="MusicNetEasePlugin.Tests.MusicHttpTests.缺失或畸形结构不会伪装成有效搜索结果(response: &quot;{\&quot;result\&quot;:{\&quot;songs\&quot;:\&quot;bad\&quot;},\&quot;code\&quot;:200}&quot;)" computerName="GAOXU" duration="00:00:00.0049756" startTime="2026-09-25T20:57:47.1024931+08:00" endTime="2026-09-25T20:57:47.1027766+08:00" testType="13cdc9d9-ddb5-4fa4-a97d-d965ccfc6d4b" outcome="Passed" testListId="8c84fa94-04c1-424b-9868-57a2d4851a1d" relativeResultsDirectory="1865ccc6-bfb9-4169-984f-65671d2ec378" />
    <UnitTestResult executionId="afc4e977-500f-4d33-8e36-da52e1ce8852" testId="66141942-3e71-3961-f97c-5ae0d5dd8b80" testName="MusicNetEasePlugin.Tests.DesktopUiTests.真实Document主题尺寸与播放区域验证(dark: False)" computerName="GAOXU" duration="00:00:00.1475994" startTime="2026-09-25T20:58:16.9468674+08:00" endTime="2026-09-25T20:58:17.0945772+08:00" testType="13cdc9d9-ddb5-4fa4-a97d-d965ccfc6d4b" outcome="Passed" testListId="8c84fa94-04c1-424b-9868-57a2d4851a1d" relativeResultsDirectory="afc4e977-500f-4d33-8e36-da52e1ce8852" />
    <UnitTestResult executionId="c26cf412-b25f-4259-9341-4ac6cb59e987" testId="c8495d17-5cda-a79b-c6fc-685efb6d6cd5" testName="MusicNetEasePlugin.Tests.UiPreferencesTests.损坏或未知版本保留原文件并给出读取反馈(contents: &quot;broken&quot;)" computerName="GAOXU" duration="00:00:00.0068691" startTime="2026-09-25T20:57:47.2715750+08:00" endTime="2026-09-25T20:57:47.2789557+08:00" testType="13cdc9d9-ddb5-4fa4-a97d-d965ccfc6d4b" outcome="Passed" testListId="8c84fa94-04c1-424b-9868-57a2d4851a1d" relativeResultsDirectory="c26cf412-b25f-4259-9341-4ac6cb59e987" />
    <UnitTestResult executionId="eb4061ec-e333-4fae-8974-3691790da55c" testId="973befcf-d7a0-e711-d145-7878690b2501" testName="MusicNetEasePlugin.Tests.PlaybackStateStoreTests.保存取消及原子替换失败保持上次完整文件且清理临时文件" computerName="GAOXU" duration="00:00:00.0394551" startTime="2026-09-25T20:57:47.3934399+08:00" endTime="2026-09-25T20:57:47.4332231+08:00" testType="13cdc9d9-ddb5-4fa4-a97d-d965ccfc6d4b" outcome="Passed" testListId="8c84fa94-04c1-424b-9868-57a2d4851a1d" relativeResultsDirectory="eb4061ec-e333-4fae-8974-3691790da55c" />
    <UnitTestResult executionId="e20a2674-2964-4ab0-be90-cab3d43fb576" testId="f999e904-17d9-1a7e-32b0-e0322d4be840" testName="MusicNetEasePlugin.Tests.MainDocumentTests.关闭页面不退出已提交的共享账号" computerName="GAOXU" duration="00:00:00.0012442" startTime="2026-09-25T20:57:46.9522695+08:00" endTime="2026-09-25T20:57:46.9534017+08:00" testType="13cdc9d9-ddb5-4fa4-a97d-d965ccfc6d4b" outcome="Passed" testListId="8c84fa94-04c1-424b-9868-57a2d4851a1d" relativeResultsDirectory="e20a2674-2964-4ab0-be90-cab3d43fb576" />
    <UnitTestResult executionId="a58749e5-5031-4af0-9793-78fb73e075cb" testId="756156b3-e511-71bb-dc9d-6bf781d9b3ab" testName="MusicNetEasePlugin.Tests.PlaybackPersistenceTests.迟到恢复不能覆盖用户新队列也不能跨账号" computerName="GAOXU" duration="00:00:00.0040782" startTime="2026-09-25T20:57:47.0580266+08:00" endTime="2026-09-25T20:57:47.0631298+08:00" testType="13cdc9d9-ddb5-4fa4-a97d-d965ccfc6d4b" outcome="Passed" testListId="8c84fa94-04c1-424b-9868-57a2d4851a1d" relativeResultsDirectory="a58749e5-5031-4af0-9793-78fb73e075cb" />
    <UnitTestResult executionId="69682798-2f18-455d-8ddf-385d6bca31c7" testId="c1b8b559-68b9-99fd-f7ff-1ed874c0108e" testName="MusicNetEasePlugin.Tests.PlaybackCoordinatorTests.旧暂停排队期间切歌会撤销旧控制意图" computerName="GAOXU" duration="00:00:00.0113229" startTime="2026-09-25T20:57:47.0171838+08:00" endTime="2026-09-25T20:57:47.0334644+08:00" testType="13cdc9d9-ddb5-4fa4-a97d-d965ccfc6d4b" outcome="Passed" testListId="8c84fa94-04c1-424b-9868-57a2d4851a1d" relativeResultsDirectory="69682798-2f18-455d-8ddf-385d6bca31c7" />
    <UnitTestResult executionId="8eec3d68-55f8-492d-98e2-b8411e2e547c" testId="c4a49de5-f367-4eb4-4bcf-c62e63a5469c" testName="MusicNetEasePlugin.Tests.DiscoveryProtocolTests.全部只读端点成功拒绝损坏分别处理且只请求一次(endpoint: 8, response: 2)" computerName="GAOXU" duration="00:00:00.0004547" startTime="2026-09-25T20:57:47.0235963+08:00" endTime="2026-09-25T20:57:47.0236570+08:00" testType="13cdc9d9-ddb5-4fa4-a97d-d965ccfc6d4b" outcome="Passed" testListId="8c84fa94-04c1-424b-9868-57a2d4851a1d" relativeResultsDirectory="8eec3d68-55f8-492d-98e2-b8411e2e547c" />
    <UnitTestResult executionId="02f67723-d9b6-4032-b77a-7e92f047cfb4" testId="8297b2f2-c48f-b508-7af1-56f480ff5ae0" testName="MusicNetEasePlugin.Tests.ProtocolTests.最终请求使用稳定设备和正确的逻辑端点" computerName="GAOXU" duration="00:00:00.0007563" startTime="2026-09-25T20:57:47.0903812+08:00" endTime="2026-09-25T20:57:47.0904226+08:00" testType="13cdc9d9-ddb5-4fa4-a97d-d965ccfc6d4b" outcome="Passed" testListId="8c84fa94-04c1-424b-9868-57a2d4851a1d" relativeResultsDirectory="02f67723-d9b6-4032-b77a-7e92f047cfb4" />
    <UnitTestResult executionId="8ef19e61-231c-4056-9fdb-58795cf74492" testId="ffb569a7-2c7c-e083-cabf-2c9788f22b8e" testName="MusicNetEasePlugin.Tests.LoginCoordinatorTests.恢复检查失败不会假登录或通过refresh续期(error: SessionExpired)" computerName="GAOXU" duration="00:00:00.0003611" startTime="2026-09-25T20:57:46.9591600+08:00" endTime="2026-09-25T20:57:46.9595211+08:00" testType="13cdc9d9-ddb5-4fa4-a97d-d965ccfc6d4b" outcome="Passed" testListId="8c84fa94-04c1-424b-9868-57a2d4851a1d" relativeResultsDirectory="8ef19e61-231c-4056-9fdb-58795cf74492" />
    <UnitTestResult executionId="db97fb07-8aaf-4181-a91d-40ae0f047f91" testId="eba1ea37-6d94-a45e-1b54-75352c654fd1" testName="MusicNetEasePlugin.Tests.QueueTests.删除当前首中尾及唯一项遵守播放意图(state: Stopped, index: 2)" computerName="GAOXU" duration="00:00:00.0144896" startTime="2026-09-25T20:57:47.0364425+08:00" endTime="2026-09-25T20:57:47.0519045+08:00" testType="13cdc9d9-ddb5-4fa4-a97d-d965ccfc6d4b" outcome="Passed" testListId="8c84fa94-04c1-424b-9868-57a2d4851a1d" relativeResultsDirectory="db97fb07-8aaf-4181-a91d-40ae0f047f91" />
    <UnitTestResult executionId="a3290fdc-a7a8-4665-9723-f7099a615b20" testId="453ebb83-cde0-2561-d56b-3936ed0a1337" testName="MusicNetEasePlugin.Tests.WeChatLoginTests.微信状态不会误用网易App业务码(code: 404, expected: WaitingForConfirmation)" computerName="GAOXU" duration="00:00:00.0451964" startTime="2026-09-25T20:57:47.0176192+08:00" endTime="2026-09-25T20:57:47.0628082+08:00" testType="13cdc9d9-ddb5-4fa4-a97d-d965ccfc6d4b" outcome="Passed" testListId="8c84fa94-04c1-424b-9868-57a2d4851a1d" relativeResultsDirectory="a3290fdc-a7a8-4665-9723-f7099a615b20" />
    <UnitTestResult executionId="9ea1bbe9-3a8d-4079-9dd2-0c3bc12d700f" testId="f874c55a-3ea0-cf3c-7f4f-9f7f168d5efc" testName="MusicNetEasePlugin.Tests.ProtocolTests.本地二维码内容仅编码一次并输出PNG" computerName="GAOXU" duration="00:00:00.0083028" startTime="2026-09-25T20:57:47.0905005+08:00" endTime="2026-09-25T20:57:47.0941657+08:00" testType="13cdc9d9-ddb5-4fa4-a97d-d965ccfc6d4b" outcome="Passed" testListId="8c84fa94-04c1-424b-9868-57a2d4851a1d" relativeResultsDirectory="9ea1bbe9-3a8d-4079-9dd2-0c3bc12d700f" />
    <UnitTestResult executionId="689a2816-ef28-45d2-b5c5-04c69d88f507" testId="b1c44b37-bde9-d13d-172b-03473a261fe2" testName="MusicNetEasePlugin.Tests.ProtocolTests.拒绝不符合协议的测试密钥(secret: &quot;abcdefghijklmn中文&quot;)" computerName="GAOXU" duration="00:00:00.0001352" startTime="2026-09-25T20:57:47.0899714+08:00" endTime="2026-09-25T20:57:47.0901914+08:00" testType="13cdc9d9-ddb5-4fa4-a97d-d965ccfc6d4b" outcome="Passed" testListId="8c84fa94-04c1-424b-9868-57a2d4851a1d" relativeResultsDirectory="689a2816-ef28-45d2-b5c5-04c69d88f507" />
    <UnitTestResult executionId="3fa11139-4edd-45d5-8e88-a0617d9deefb" testId="1cc1eaf7-9c27-342e-7abe-34c14aa67945" testName="MusicNetEasePlugin.Tests.PluginRegistrationTests.真实模块只声明贡献根而不在私有服务中重复登记" computerName="GAOXU" duration="00:00:00.0040163" startTime="2026-09-25T20:58:03.2898607+08:00" endTime="2026-09-25T20:58:03.2939085+08:00" testType="13cdc9d9-ddb5-4fa4-a97d-d965ccfc6d4b" outcome="Passed" testListId="8c84fa94-04c1-424b-9868-57a2d4851a1d" relativeResultsDirectory="3fa11139-4edd-45d5-8e88-a0617d9deefb" />
    <UnitTestResult executionId="6aa7573a-88d5-4a0f-a069-c849585cb707" testId="60e3688c-2877-ddbb-b7bc-e39d2fcfaf99" testName="MusicNetEasePlugin.Tests.LibraryProtocolTests.每个写端点成功拒绝损坏和未知均只发一次且不泄露正文(kind: Delete, body: &quot;{\&quot;code\&quot;:512}&quot;, expected: Uncertain)" computerName="GAOXU" duration="00:00:00.0003429" startTime="2026-09-25T20:57:47.0883043+08:00" endTime="2026-09-25T20:57:47.0887778+08:00" testType="13cdc9d9-ddb5-4fa4-a97d-d965ccfc6d4b" outcome="Passed" testListId="8c84fa94-04c1-424b-9868-57a2d4851a1d" relativeResultsDirectory="6aa7573a-88d5-4a0f-a069-c849585cb707" />
    <UnitTestResult executionId="2a272171-da90-43b0-8a8d-0bf5f7302a94" testId="e849db6f-530d-f9fd-fd68-35cb250ce205" testName="MusicNetEasePlugin.Tests.PlaybackPersistenceTests.高频进度五秒保存且暂停和重复关闭保存停止前位置" computerName="GAOXU" duration="00:00:00.0063500" startTime="2026-09-25T20:57:47.0635484+08:00" endTime="2026-09-25T20:57:47.0857397+08:00" testType="13cdc9d9-ddb5-4fa4-a97d-d965ccfc6d4b" outcome="Passed" testListId="8c84fa94-04c1-424b-9868-57a2d4851a1d" relativeResultsDirectory="2a272171-da90-43b0-8a8d-0bf5f7302a94" />
    <UnitTestResult executionId="1342a81d-a981-479e-aae6-19535131e144" testId="30434e71-0742-073c-025b-d8d17165b497" testName="MusicNetEasePlugin.Tests.MusicHttpTests.缺失或畸形结构不会伪装成有效搜索结果(response: &quot;{}&quot;)" computerName="GAOXU" duration="00:00:00.0020610" startTime="2026-09-25T20:57:47.0971520+08:00" endTime="2026-09-25T20:57:47.0978304+08:00" testType="13cdc9d9-ddb5-4fa4-a97d-d965ccfc6d4b" outcome="Passed" testListId="8c84fa94-04c1-424b-9868-57a2d4851a1d" relativeResultsDirectory="1342a81d-a981-479e-aae6-19535131e144" />
    <UnitTestResult executionId="49078c15-44fe-4e55-a439-8d0fe329192b" testId="01d2737d-d71a-09e1-59a5-6d10beff71a2" testName="MusicNetEasePlugin.Tests.LibraryCoordinatorTests.所有权系统类型缺字段不完整和过期确认均阻止写入" computerName="GAOXU" duration="00:00:00.0019724" startTime="2026-09-25T20:57:47.1155473+08:00" endTime="2026-09-25T20:57:47.1175379+08:00" testType="13cdc9d9-ddb5-4fa4-a97d-d965ccfc6d4b" outcome="Passed" testListId="8c84fa94-04c1-424b-9868-57a2d4851a1d" relativeResultsDirectory="49078c15-44fe-4e55-a439-8d0fe329192b" />
    <UnitTestResult executionId="cf867dad-4267-47ff-b39a-3997827db33a" testId="e21bb16b-c616-8add-6ce6-2b6041303ebf" testName="MusicNetEasePlugin.Tests.PlaybackPersistenceTests.续播失败保留目标且权限范围缩短会从有效起点开始" computerName="GAOXU" duration="00:00:00.0104516" startTime="2026-09-25T20:57:47.1263570+08:00" endTime="2026-09-25T20:57:47.1449765+08:00" testType="13cdc9d9-ddb5-4fa4-a97d-d965ccfc6d4b" outcome="Passed" testListId="8c84fa94-04c1-424b-9868-57a2d4851a1d" relativeResultsDirectory="cf867dad-4267-47ff-b39a-3997827db33a" />
    <UnitTestResult executionId="38444547-c23d-41f4-8377-f35852f279d4" testId="6fea342f-f82e-929a-dc40-fc632aaa9c85" testName="MusicNetEasePlugin.Tests.DiscoveryProtocolTests.全部只读端点成功拒绝损坏分别处理且只请求一次(endpoint: 7, response: 0)" computerName="GAOXU" duration="00:00:00.0017345" startTime="2026-09-25T20:57:47.0512144+08:00" endTime="2026-09-25T20:57:47.0525270+08:00" testType="13cdc9d9-ddb5-4fa4-a97d-d965ccfc6d4b" outcome="Passed" testListId="8c84fa94-04c1-424b-9868-57a2d4851a1d" relativeResultsDirectory="38444547-c23d-41f4-8377-f35852f279d4" />
    <UnitTestResult executionId="e8e86101-2715-4506-a276-44ffdb48b60d" testId="293974fb-5c4c-ebb6-e4d5-aca9c24b5b02" testName="MusicNetEasePlugin.Tests.WeChatLoginTests.脚本只读取有限赋值且不执行任意JavaScript(script: &quot;window.wx_errcode=405;window.wx_code='secret';evil&quot;···)" computerName="GAOXU" duration="00:00:00.0000553" startTime="2026-09-25T20:57:47.0673503+08:00" endTime="2026-09-25T20:57:47.0673902+08:00" testType="13cdc9d9-ddb5-4fa4-a97d-d965ccfc6d4b" outcome="Passed" testListId="8c84fa94-04c1-424b-9868-57a2d4851a1d" relativeResultsDirectory="e8e86101-2715-4506-a276-44ffdb48b60d" />
    <UnitTestResult executionId="2cab3dac-aaa9-43af-bb4d-c37216e22329" testId="39187e7d-aa39-bdeb-7da5-d91cfcb2151f" testName="MusicNetEasePlugin.Tests.LoginCoordinatorTests.缺少授权Cookie时不能调用账号或保存" computerName="GAOXU" duration="00:00:00.0905360" startTime="2026-09-25T20:57:46.8378309+08:00" endTime="2026-09-25T20:57:46.9382624+08:00" testType="13cdc9d9-ddb5-4fa4-a97d-d965ccfc6d4b" outcome="Passed" testListId="8c84fa94-04c1-424b-9868-57a2d4851a1d" relativeResultsDirectory="2cab3dac-aaa9-43af-bb4d-c37216e22329" />
    <UnitTestResult executionId="2d6c6f1b-eee2-42ee-ac60-402d2d035b0f" testId="1053eb37-71c5-753a-347c-3add0e9e21dc" testName="MusicNetEasePlugin.Tests.SessionStoreTests.损坏或未来版本文件不能恢复且保留原文件(payload: &quot;not-json&quot;)" computerName="GAOXU" duration="00:00:00.0267651" startTime="2026-09-25T20:57:47.2242048+08:00" endTime="2026-09-25T20:57:47.2548405+08:00" testType="13cdc9d9-ddb5-4fa4-a97d-d965ccfc6d4b" outcome="Passed" testListId="8c84fa94-04c1-424b-9868-57a2d4851a1d" relativeResultsDirectory="2d6c6f1b-eee2-42ee-ac60-402d2d035b0f" />
    <UnitTestResult executionId="ba7fb222-4955-4f65-8849-12c817f6ff3e" testId="b55ad964-ca3d-f474-a8b5-24e1e6c4fc3d" testName="MusicNetEasePlugin.Tests.HttpTests.无效账号不能成为登录成功(body: &quot;{\&quot;code\&quot;:200}&quot;, kind: SessionExpired)" computerName="GAOXU" duration="00:00:00.0008223" startTime="2026-09-25T20:57:46.9985227+08:00" endTime="2026-09-25T20:57:46.9990663+08:00" testType="13cdc9d9-ddb5-4fa4-a97d-d965ccfc6d4b" outcome="Passed" testListId="8c84fa94-04c1-424b-9868-57a2d4851a1d" relativeResultsDirectory="ba7fb222-4955-4f65-8849-12c817f6ff3e" />
    <UnitTestResult executionId="cf4d28f1-40c1-4ead-a9e2-6c44e5e93424" testId="f790a0b6-5a47-c228-88f6-099263ebc4e2" testName="MusicNetEasePlugin.Tests.QueueTests.删除当前首中尾及唯一项遵守播放意图(state: Playing, index: 2)" computerName="GAOXU" duration="00:00:00.0019645" startTime="2026-09-25T20:57:47.1381630+08:00" endTime="2026-09-25T20:57:47.1464637+08:00" testType="13cdc9d9-ddb5-4fa4-a97d-d965ccfc6d4b" outcome="Passed" testListId="8c84fa94-04c1-424b-9868-57a2d4851a1d" relativeResultsDirectory="cf4d28f1-40c1-4ead-a9e2-6c44e5e93424" />
    <UnitTestResult executionId="c1a637c6-46d1-4614-b454-e35e1070d6d9" testId="ccd8efe7-3d90-fc76-03aa-397b7f5d5161" testName="MusicNetEasePlugin.Tests.PlaybackStateStoreTests.真实文件白名单保存按账号隔离且大队列省略资料不丢条目" computerName="GAOXU" duration="00:00:00.3569117" startTime="2026-09-25T20:57:47.4333857+08:00" endTime="2026-09-25T20:57:47.7906019+08:00" testType="13cdc9d9-ddb5-4fa4-a97d-d965ccfc6d4b" outcome="Passed" testListId="8c84fa94-04c1-424b-9868-57a2d4851a1d" relativeResultsDirectory="c1a637c6-46d1-4614-b454-e35e1070d6d9" />
    <UnitTestResult executionId="89880272-315e-4810-bb7d-33753cc437c5" testId="c50ee920-3ec1-48c8-db80-eae27aec0cb8" testName="MusicNetEasePlugin.Tests.LyricsTests.损坏逐字轨道仅降级该轨道(yrc: &quot;[1000,1000](1000,200,1)未知格式&quot;)" computerName="GAOXU" duration="00:00:00.0004743" startTime="2026-09-25T20:57:47.1795877+08:00" endTime="2026-09-25T20:57:47.1800655+08:00" testType="13cdc9d9-ddb5-4fa4-a97d-d965ccfc6d4b" outcome="Passed" testListId="8c84fa94-04c1-424b-9868-57a2d4851a1d" relativeResultsDirectory="89880272-315e-4810-bb7d-33753cc437c5" />
    <UnitTestResult executionId="c6c3efb3-e074-4947-9102-5eb20892e347" testId="db09335b-becb-b910-6b61-94cc816fdb04" testName="MusicNetEasePlugin.Tests.DiscoveryProtocolTests.FM反馈保存失败保留成功回执损坏和超时保留未知(failure: 0)" computerName="GAOXU" duration="00:00:00.0009764" startTime="2026-09-25T20:57:47.0645678+08:00" endTime="2026-09-25T20:57:47.0652056+08:00" testType="13cdc9d9-ddb5-4fa4-a97d-d965ccfc6d4b" outcome="Passed" testListId="8c84fa94-04c1-424b-9868-57a2d4851a1d" relativeResultsDirectory="c6c3efb3-e074-4947-9102-5eb20892e347" />
    <UnitTestResult executionId="06d12b47-2b25-4a16-b3ef-7c7d7120ef7a" testId="71e75e2f-7718-b635-07dd-7df0053d1be3" testName="MusicNetEasePlugin.Tests.MediaBufferTests.非许可源在请求前拒绝(url: &quot;https://user:secret@m1.music.126.net/file&quot;)" computerName="GAOXU" duration="00:00:00.0002143" startTime="2026-09-25T20:57:47.3144708+08:00" endTime="2026-09-25T20:57:47.3147228+08:00" testType="13cdc9d9-ddb5-4fa4-a97d-d965ccfc6d4b" outcome="Passed" testListId="8c84fa94-04c1-424b-9868-57a2d4851a1d" relativeResultsDirectory="06d12b47-2b25-4a16-b3ef-7c7d7120ef7a" />
    <UnitTestResult executionId="9ce0327c-66f0-4b69-a139-8d5441cf51df" testId="6421294c-8f51-ca11-6b80-9239ac80aa64" testName="MusicNetEasePlugin.Tests.DiscoveryProtocolTests.全部只读端点成功拒绝损坏分别处理且只请求一次(endpoint: 5, response: 0)" computerName="GAOXU" duration="00:00:00.0021362" startTime="2026-09-25T20:57:47.0233116+08:00" endTime="2026-09-25T20:57:47.0235341+08:00" testType="13cdc9d9-ddb5-4fa4-a97d-d965ccfc6d4b" outcome="Passed" testListId="8c84fa94-04c1-424b-9868-57a2d4851a1d" relativeResultsDirectory="9ce0327c-66f0-4b69-a139-8d5441cf51df" />
    <UnitTestResult executionId="8bc14de3-e7f6-4178-9877-ba06d7b3f071" testId="677cd041-9042-eb7e-c593-c57cd917751e" testName="MusicNetEasePlugin.Tests.HttpTests.失败保留状态码而不泄露敏感正文(status: 200, code: 460, expected: VerificationRequired)" computerName="GAOXU" duration="00:00:00.0005835" startTime="2026-09-25T20:57:47.0241461+08:00" endTime="2026-09-25T20:57:47.0246746+08:00" testType="13cdc9d9-ddb5-4fa4-a97d-d965ccfc6d4b" outcome="Passed" testListId="8c84fa94-04c1-424b-9868-57a2d4851a1d" relativeResultsDirectory="8bc14de3-e7f6-4178-9877-ba06d7b3f071" />
    <UnitTestResult executionId="3d5fd116-4ff9-4223-a39f-b679b39664d1" testId="61b26dbc-ca52-4c32-6cdb-ce2a071c3af7" testName="MusicNetEasePlugin.Tests.PlaybackCoordinatorTests.快速三次切歌只允许最终意图打开音源(stage: &quot;open&quot;)" computerName="GAOXU" duration="00:00:00.0177586" startTime="2026-09-25T20:57:46.9836146+08:00" endTime="2026-09-25T20:57:47.0026746+08:00" testType="13cdc9d9-ddb5-4fa4-a97d-d965ccfc6d4b" outcome="Passed" testListId="8c84fa94-04c1-424b-9868-57a2d4851a1d" relativeResultsDirectory="3d5fd116-4ff9-4223-a39f-b679b39664d1" />
    <UnitTestResult executionId="48f08c8f-ab32-4e2e-b888-acd032542f71" testId="613d321e-2ae6-7c61-c69f-f7c9a2a39ef2" testName="MusicNetEasePlugin.Tests.LightweightPlaybackTests.立即播放保留原队列和下一首优先顺序(mode: Shuffle)" computerName="GAOXU" duration="00:00:00.0030356" startTime="2026-09-25T20:57:47.2283356+08:00" endTime="2026-09-25T20:57:47.2380416+08:00" testType="13cdc9d9-ddb5-4fa4-a97d-d965ccfc6d4b" outcome="Passed" testListId="8c84fa94-04c1-424b-9868-57a2d4851a1d" relativeResultsDirectory="48f08c8f-ab32-4e2e-b888-acd032542f71" />
    <UnitTestResult executionId="9e7bbd97-80b4-4e56-bc34-01c078adf655" testId="38b64109-bdbb-6e9f-d3ff-acc3506e6e7e" testName="MusicNetEasePlugin.Tests.MusicHttpTests.真实握手串行初始化且协议会话仅在同账号内复用" computerName="GAOXU" duration="00:00:00.0469225" startTime="2026-09-25T20:57:47.1049891+08:00" endTime="2026-09-25T20:57:47.1519238+08:00" testType="13cdc9d9-ddb5-4fa4-a97d-d965ccfc6d4b" outcome="Passed" testListId="8c84fa94-04c1-424b-9868-57a2d4851a1d" relativeResultsDirectory="9e7bbd97-80b4-4e56-bc34-01c078adf655" />
    <UnitTestResult executionId="e1d7299a-f9b1-4259-b08e-1376f3ee7fba" testId="34d24637-750a-b2a2-df1a-a4751a292692" testName="MusicNetEasePlugin.Tests.LoginFailureTests.未知状态或验证要求不自动重试(error: RateLimited)" computerName="GAOXU" duration="00:00:00.0031654" startTime="2026-09-25T20:57:47.1745609+08:00" endTime="2026-09-25T20:57:47.1765861+08:00" testType="13cdc9d9-ddb5-4fa4-a97d-d965ccfc6d4b" outcome="Passed" testListId="8c84fa94-04c1-424b-9868-57a2d4851a1d" relativeResultsDirectory="e1d7299a-f9b1-4259-b08e-1376f3ee7fba" />
    <UnitTestResult executionId="96c36aee-25b4-4ed5-b41c-5d2319075330" testId="062dab28-83a1-8764-12b8-ca783e00773f" testName="MusicNetEasePlugin.Tests.LoginCoordinatorTests.非拥有者不能取消且停止等待任务结束" computerName="GAOXU" duration="00:00:00.0153147" startTime="2026-09-25T20:57:46.9384326+08:00" endTime="2026-09-25T20:57:46.9580515+08:00" testType="13cdc9d9-ddb5-4fa4-a97d-d965ccfc6d4b" outcome="Passed" testListId="8c84fa94-04c1-424b-9868-57a2d4851a1d" relativeResultsDirectory="96c36aee-25b4-4ed5-b41c-5d2319075330" />
    <UnitTestResult executionId="64b1fcb2-8241-4925-9c0d-86dcbb2a0aef" testId="6bf563dc-0237-06ee-9f3e-d920d82f6707" testName="MusicNetEasePlugin.Tests.QueueTests.删除当前首中尾及唯一项遵守播放意图(state: Paused, index: 0)" computerName="GAOXU" duration="00:00:00.0072663" startTime="2026-09-25T20:57:47.0911172+08:00" endTime="2026-09-25T20:57:47.1027305+08:00" testType="13cdc9d9-ddb5-4fa4-a97d-d965ccfc6d4b" outcome="Passed" testListId="8c84fa94-04c1-424b-9868-57a2d4851a1d" relativeResultsDirectory="64b1fcb2-8241-4925-9c0d-86dcbb2a0aef" />
    <UnitTestResult executionId="9582a3d4-e49c-4c87-9b48-ed0f7f71e0f2" testId="845f1610-e973-eb43-55c9-310df24d7fc4" testName="MusicNetEasePlugin.Tests.HttpTests.未更新Cookie保留期限而新会话Cookie不继承旧期限" computerName="GAOXU" duration="00:00:00.0103062" startTime="2026-09-25T20:57:47.0008088+08:00" endTime="2026-09-25T20:57:47.0108655+08:00" testType="13cdc9d9-ddb5-4fa4-a97d-d965ccfc6d4b" outcome="Passed" testListId="8c84fa94-04c1-424b-9868-57a2d4851a1d" relativeResultsDirectory="9582a3d4-e49c-4c87-9b48-ed0f7f71e0f2" />
    <UnitTestResult executionId="8c9f8a81-21c6-4535-9838-e58113437459" testId="ad936529-44f9-0537-e31b-0eee264409c0" testName="MusicNetEasePlugin.Tests.LightweightStateTests.正常运行库收起诊断故障展开且不混淆保存与实际加载值" computerName="GAOXU" duration="00:00:00.0074728" startTime="2026-09-25T20:57:47.0617936+08:00" endTime="2026-09-25T20:57:47.0873135+08:00" testType="13cdc9d9-ddb5-4fa4-a97d-d965ccfc6d4b" outcome="Passed" testListId="8c84fa94-04c1-424b-9868-57a2d4851a1d" relativeResultsDirectory="8c9f8a81-21c6-4535-9838-e58113437459" />
    <UnitTestResult executionId="ab121b09-bbfd-44d4-9e58-a8735fd7f9ac" testId="8ee57c6a-1982-56b3-2387-216374d57d9b" testName="MusicNetEasePlugin.Tests.LyricsTests.损坏逐字轨道仅降级该轨道(yrc: &quot;[1000,1000](-1,200,0)负数&quot;)" computerName="GAOXU" duration="00:00:00.0000360" startTime="2026-09-25T20:57:47.1803255+08:00" endTime="2026-09-25T20:57:47.1804021+08:00" testType="13cdc9d9-ddb5-4fa4-a97d-d965ccfc6d4b" outcome="Passed" testListId="8c84fa94-04c1-424b-9868-57a2d4851a1d" relativeResultsDirectory="ab121b09-bbfd-44d4-9e58-a8735fd7f9ac" />
    <UnitTestResult executionId="0325c8d6-7426-46cc-8102-bd56a7854e5d" testId="f8cc7f1f-7dce-be24-2d2f-8187d915d437" testName="MusicNetEasePlugin.Tests.HttpTests.HTTP成功与扫码业务状态分开解释(code: 803, expected: Authorized)" computerName="GAOXU" duration="00:00:00.0037865" startTime="2026-09-25T20:57:47.0111004+08:00" endTime="2026-09-25T20:57:47.0147568+08:00" testType="13cdc9d9-ddb5-4fa4-a97d-d965ccfc6d4b" outcome="Passed" testListId="8c84fa94-04c1-424b-9868-57a2d4851a1d" relativeResultsDirectory="0325c8d6-7426-46cc-8102-bd56a7854e5d" />
    <UnitTestResult executionId="da0a8caa-de4c-4c94-b9bb-2a78555a60b6" testId="9afbbddb-9afa-9144-8616-f21e254d03f8" testName="MusicNetEasePlugin.Tests.LoginCoordinatorTests.保存失败仍呈现内存登录并可单独重试保存" computerName="GAOXU" duration="00:00:00.0112155" startTime="2026-09-25T20:57:47.0384262+08:00" endTime="2026-09-25T20:57:47.0512927+08:00" testType="13cdc9d9-ddb5-4fa4-a97d-d965ccfc6d4b" outcome="Passed" testListId="8c84fa94-04c1-424b-9868-57a2d4851a1d" relativeResultsDirectory="da0a8caa-de4c-4c94-b9bb-2a78555a60b6" />
    <UnitTestResult executionId="091db0d2-be07-48f8-bbf0-19ec6ea6766a" testId="e473ad6b-40bc-2298-4375-0ffbb8877df4" testName="MusicNetEasePlugin.Tests.QueueTests.删除当前首中尾及唯一项遵守播放意图(state: Stopped, index: 3)" computerName="GAOXU" duration="00:00:00.0145094" startTime="2026-09-25T20:57:47.0152722+08:00" endTime="2026-09-25T20:57:47.0362948+08:00" testType="13cdc9d9-ddb5-4fa4-a97d-d965ccfc6d4b" outcome="Passed" testListId="8c84fa94-04c1-424b-9868-57a2d4851a1d" relativeResultsDirectory="091db0d2-be07-48f8-bbf0-19ec6ea6766a" />
    <UnitTestResult executionId="986fd957-a511-4106-b4d7-529d82e44b9b" testId="3bf895ec-5d20-bb89-f6d6-15e3d8cc9485" testName="MusicNetEasePlugin.Tests.LyricsTests.逐字使用绝对时间且翻译按时间关联不按数组下标" computerName="GAOXU" duration="00:00:00.0030331" startTime="2026-09-25T20:57:47.5635579+08:00" endTime="2026-09-25T20:57:47.5665576+08:00" testType="13cdc9d9-ddb5-4fa4-a97d-d965ccfc6d4b" outcome="Passed" testListId="8c84fa94-04c1-424b-9868-57a2d4851a1d" relativeResultsDirectory="986fd957-a511-4106-b4d7-529d82e44b9b" />
    <UnitTestResult executionId="7e552684-2cce-41a7-a41f-a85c4bef3730" testId="ec336626-cd45-d7e2-1c03-9935982db445" testName="MusicNetEasePlugin.Tests.LibraryConsistencyTests.Host与Standalone共用注册入口且库共享草稿按Document隔离" computerName="GAOXU" duration="00:00:00.0104179" startTime="2026-09-25T20:57:47.3091522+08:00" endTime="2026-09-25T20:57:47.3191246+08:00" testType="13cdc9d9-ddb5-4fa4-a97d-d965ccfc6d4b" outcome="Passed" testListId="8c84fa94-04c1-424b-9868-57a2d4851a1d" relativeResultsDirectory="7e552684-2cce-41a7-a41f-a85c4bef3730" />
    <UnitTestResult executionId="a8341ed1-f74e-4866-a546-21cbef05fefb" testId="62c41c44-c545-0c8f-63b6-bebc21be7441" testName="MusicNetEasePlugin.Tests.LibraryCoordinatorTests.删除不可访问和超时不能伪装为明确删除" computerName="GAOXU" duration="00:00:00.1022412" startTime="2026-09-25T20:57:47.1461158+08:00" endTime="2026-09-25T20:57:47.2500150+08:00" testType="13cdc9d9-ddb5-4fa4-a97d-d965ccfc6d4b" outcome="Passed" testListId="8c84fa94-04c1-424b-9868-57a2d4851a1d" relativeResultsDirectory="a8341ed1-f74e-4866-a546-21cbef05fefb" />
    <UnitTestResult executionId="e7768749-ce8f-403a-8074-b0b1bc5db36f" testId="3f94a565-c643-a7c2-5aca-4fcd1c8b6ab8" testName="MusicNetEasePlugin.Tests.LibraryProtocolTests.每个写端点成功拒绝损坏和未知均只发一次且不泄露正文(kind: RemoveTracks, body: &quot;broken MUSIC_U=secret&quot;, expected: Uncertain)" computerName="GAOXU" duration="00:00:00.0009839" startTime="2026-09-25T20:57:47.0659987+08:00" endTime="2026-09-25T20:57:47.0671912+08:00" testType="13cdc9d9-ddb5-4fa4-a97d-d965ccfc6d4b" outcome="Passed" testListId="8c84fa94-04c1-424b-9868-57a2d4851a1d" relativeResultsDirectory="e7768749-ce8f-403a-8074-b0b1bc5db36f" />
    <UnitTestResult executionId="5d7e6698-37dd-48d4-9c72-1b40b7e4ddb2" testId="e475af5d-fa4d-3d02-895b-0fa28d1c6f0f" testName="MusicNetEasePlugin.Tests.MusicHttpTests.握手签名错误或取消都不能调用播放地址(cancel: True)" computerName="GAOXU" duration="00:00:00.0131968" startTime="2026-09-25T20:57:47.1521103+08:00" endTime="2026-09-25T20:57:47.1753648+08:00" testType="13cdc9d9-ddb5-4fa4-a97d-d965ccfc6d4b" outcome="Passed" testListId="8c84fa94-04c1-424b-9868-57a2d4851a1d" relativeResultsDirectory="5d7e6698-37dd-48d4-9c72-1b40b7e4ddb2" />
    <UnitTestResult executionId="52292a09-9e52-4602-8965-89732c07bbed" testId="f8b2a11a-8863-02e0-6b17-543568650dfa" testName="MusicNetEasePlugin.Tests.DiscoveryWorkspaceTests.多歌手选择到专辑并返回保持身份选择顺序和有界导航" computerName="GAOXU" duration="00:00:00.0080216" startTime="2026-09-25T20:57:47.1572946+08:00" endTime="2026-09-25T20:57:47.1745975+08:00" testType="13cdc9d9-ddb5-4fa4-a97d-d965ccfc6d4b" outcome="Passed" testListId="8c84fa94-04c1-424b-9868-57a2d4851a1d" relativeResultsDirectory="52292a09-9e52-4602-8965-89732c07bbed" />
    <UnitTestResult executionId="5419a2cb-e605-427c-9109-54622ca46198" testId="6a06012b-50da-70e2-217d-d4710f04decd" testName="MusicNetEasePlugin.Tests.MediaBufferTests.各阶段超时与主动取消都会关闭响应及清理文件(mode: &quot;idle&quot;)" computerName="GAOXU" duration="00:00:00.0694752" startTime="2026-09-25T20:57:47.1899795+08:00" endTime="2026-09-25T20:57:47.2634169+08:00" testType="13cdc9d9-ddb5-4fa4-a97d-d965ccfc6d4b" outcome="Passed" testListId="8c84fa94-04c1-424b-9868-57a2d4851a1d" relativeResultsDirectory="5419a2cb-e605-427c-9109-54622ca46198" />
    <UnitTestResult executionId="f5d489ab-fa0b-46a2-b18f-7d55a28c827a" testId="44ec8a5b-a3f6-4247-e4dd-214c1748b5c0" testName="MusicNetEasePlugin.Tests.LibraryUiTests.双文档喜欢同步删除相关页和隐藏页恢复且播放队列不受影响" computerName="GAOXU" duration="00:00:00.2202733" startTime="2026-09-25T20:58:06.8213498+08:00" endTime="2026-09-25T20:58:07.0418606+08:00" testType="13cdc9d9-ddb5-4fa4-a97d-d965ccfc6d4b" outcome="Passed" testListId="8c84fa94-04c1-424b-9868-57a2d4851a1d" relativeResultsDirectory="f5d489ab-fa0b-46a2-b18f-7d55a28c827a" />
    <UnitTestResult executionId="91e1278c-5abb-40f4-9d2f-e8ee079a5f00" testId="d794eae7-112a-8b17-f2bb-d87317fd76ec" testName="MusicNetEasePlugin.Tests.MediaBufferTests.合法重定向逐跳无凭据且临时文件归句柄所有" computerName="GAOXU" duration="00:00:00.0073290" startTime="2026-09-25T20:57:47.3311855+08:00" endTime="2026-09-25T20:57:47.3387409+08:00" testType="13cdc9d9-ddb5-4fa4-a97d-d965ccfc6d4b" outcome="Passed" testListId="8c84fa94-04c1-424b-9868-57a2d4851a1d" relativeResultsDirectory="91e1278c-5abb-40f4-9d2f-e8ee079a5f00" />
    <UnitTestResult executionId="9ccab83f-6116-4ad2-b6bc-7ea8f6bb73f1" testId="51e3e0f6-0d50-5bc5-26e0-0a91deb480a2" testName="MusicNetEasePlugin.Tests.QueueTests.优先段保持操作顺序且重复歌曲有独立身份(mode: RepeatList)" computerName="GAOXU" duration="00:00:00.0022672" startTime="2026-09-25T20:57:47.2092111+08:00" endTime="2026-09-25T20:57:47.2113695+08:00" testType="13cdc9d9-ddb5-4fa4-a97d-d965ccfc6d4b" outcome="Passed" testListId="8c84fa94-04c1-424b-9868-57a2d4851a1d" relativeResultsDirectory="9ccab83f-6116-4ad2-b6bc-7ea8f6bb73f1" />
    <UnitTestResult executionId="5347ef27-b23d-493e-befa-b2bf1912330c" testId="4e492d6f-d616-b642-717c-66a400077e0d" testName="MusicNetEasePlugin.Tests.PlaylistTests.浏览分页使用原始偏移且重复页终止刷新可以重新开始" computerName="GAOXU" duration="00:00:00.0347996" startTime="2026-09-25T20:57:46.8376801+08:00" endTime="2026-09-25T20:57:46.9048717+08:00" testType="13cdc9d9-ddb5-4fa4-a97d-d965ccfc6d4b" outcome="Passed" testListId="8c84fa94-04c1-424b-9868-57a2d4851a1d" relativeResultsDirectory="5347ef27-b23d-493e-befa-b2bf1912330c" />
    <UnitTestResult executionId="5a7e16c2-d36f-4f60-9b92-fddba7dfb299" testId="9bf34a46-bc72-c91c-d7e2-408255b2d281" testName="MusicNetEasePlugin.Tests.LibraryProtocolTests.每个写端点成功拒绝损坏和未知均只发一次且不泄露正文(kind: Delete, body: &quot;broken MUSIC_U=secret&quot;, expected: Uncertain)" computerName="GAOXU" duration="00:00:00.0004675" startTime="2026-09-25T20:57:47.0857037+08:00" endTime="2026-09-25T20:57:47.0858673+08:00" testType="13cdc9d9-ddb5-4fa4-a97d-d965ccfc6d4b" outcome="Passed" testListId="8c84fa94-04c1-424b-9868-57a2d4851a1d" relativeResultsDirectory="5a7e16c2-d36f-4f60-9b92-fddba7dfb299" />
    <UnitTestResult executionId="dd08a536-00a9-4ccf-92a7-9d84cad36a19" testId="6b4213f8-c5f4-7782-0ac3-14ac8ddcebbb" testName="MusicNetEasePlugin.Tests.DiscoveryProtocolTests.全部只读端点成功拒绝损坏分别处理且只请求一次(endpoint: 11, response: 0)" computerName="GAOXU" duration="00:00:00.0040946" startTime="2026-09-25T20:57:47.0237148+08:00" endTime="2026-09-25T20:57:47.0275585+08:00" testType="13cdc9d9-ddb5-4fa4-a97d-d965ccfc6d4b" outcome="Passed" testListId="8c84fa94-04c1-424b-9868-57a2d4851a1d" relativeResultsDirectory="dd08a536-00a9-4ccf-92a7-9d84cad36a19" />
    <UnitTestResult executionId="04baa620-ab01-463b-942a-b96859b10784" testId="3d8a91f8-a621-7342-54ec-d9069bc441a2" testName="MusicNetEasePlugin.Tests.DiscoveryProtocolTests.全部只读端点成功拒绝损坏分别处理且只请求一次(endpoint: 9, response: 0)" computerName="GAOXU" duration="00:00:00.0035404" startTime="2026-09-25T20:57:47.0526359+08:00" endTime="2026-09-25T20:57:47.0563688+08:00" testType="13cdc9d9-ddb5-4fa4-a97d-d965ccfc6d4b" outcome="Passed" testListId="8c84fa94-04c1-424b-9868-57a2d4851a1d" relativeResultsDirectory="04baa620-ab01-463b-942a-b96859b10784" />
    <UnitTestResult executionId="f445dbe6-c594-4b00-a7a5-ffc69d32cde2" testId="9a8f9eee-4eea-865f-c21e-ade888e4becf" testName="MusicNetEasePlugin.Tests.LibraryCoordinatorTests.旧账号迟到成功和清理不能污染新账号或相同账号新代次(sameAccount: True)" computerName="GAOXU" duration="00:00:00.0028019" startTime="2026-09-25T20:57:47.1064244+08:00" endTime="2026-09-25T20:57:47.1126164+08:00" testType="13cdc9d9-ddb5-4fa4-a97d-d965ccfc6d4b" outcome="Passed" testListId="8c84fa94-04c1-424b-9868-57a2d4851a1d" relativeResultsDirectory="f445dbe6-c594-4b00-a7a5-ffc69d32cde2" />
    <UnitTestResult executionId="1aa66c42-8bf0-4245-b4c2-a7a9ec9776af" testId="cf8dd341-7a62-44ae-fce7-789e0a15d15b" testName="MusicNetEasePlugin.Tests.DailyPlayerUiTests.生产进度滑块键盘合并提交且换曲取消鼠标草稿" computerName="GAOXU" duration="00:00:00.2310506" startTime="2026-09-25T20:58:19.2207277+08:00" endTime="2026-09-25T20:58:19.4520345+08:00" testType="13cdc9d9-ddb5-4fa4-a97d-d965ccfc6d4b" outcome="Passed" testListId="8c84fa94-04c1-424b-9868-57a2d4851a1d" relativeResultsDirectory="1aa66c42-8bf0-4245-b4c2-a7a9ec9776af" />
    <UnitTestResult executionId="0dc5aa9f-2b73-4003-815d-15cda1c540cb" testId="07310bf7-c81b-50ea-0287-e02e0c09be12" testName="MusicNetEasePlugin.Tests.QueueTests.删除当前首中尾及唯一项遵守播放意图(state: Playing, index: 1)" computerName="GAOXU" duration="00:00:00.0032245" startTime="2026-09-25T20:57:47.1090562+08:00" endTime="2026-09-25T20:57:47.1155914+08:00" testType="13cdc9d9-ddb5-4fa4-a97d-d965ccfc6d4b" outcome="Passed" testListId="8c84fa94-04c1-424b-9868-57a2d4851a1d" relativeResultsDirectory="0dc5aa9f-2b73-4003-815d-15cda1c540cb" />
    <UnitTestResult executionId="74f330a9-71b7-40d5-89b4-7ad1015e90d0" testId="6deec14f-96a0-1a07-8474-34b57dcef919" testName="MusicNetEasePlugin.Tests.V6InteractionUiTests.歌词当前行居中手动停止跟随后恢复且紧凑播放控制可达" computerName="GAOXU" duration="00:00:00.1697297" startTime="2026-09-25T20:57:57.4067039+08:00" endTime="2026-09-25T20:57:57.5769751+08:00" testType="13cdc9d9-ddb5-4fa4-a97d-d965ccfc6d4b" outcome="Passed" testListId="8c84fa94-04c1-424b-9868-57a2d4851a1d" relativeResultsDirectory="74f330a9-71b7-40d5-89b4-7ad1015e90d0" />
    <UnitTestResult executionId="b3531938-d44f-43fc-ade1-55177644213d" testId="950ecc3e-56a8-f96f-dfe5-c1c542073d7c" testName="MusicNetEasePlugin.Tests.LibraryCoordinatorTests.回查三轮有界且部分曲目不会触发补偿或复制ID重试" computerName="GAOXU" duration="00:00:00.1575899" startTime="2026-09-25T20:57:46.9394077+08:00" endTime="2026-09-25T20:57:47.1046471+08:00" testType="13cdc9d9-ddb5-4fa4-a97d-d965ccfc6d4b" outcome="Passed" testListId="8c84fa94-04c1-424b-9868-57a2d4851a1d" relativeResultsDirectory="b3531938-d44f-43fc-ade1-55177644213d" />
    <UnitTestResult executionId="97192584-abb5-4eef-af26-05c4d1df4159" testId="64e53ce3-6b45-d733-1870-f55405e0b346" testName="MusicNetEasePlugin.Tests.DiscoveryProtocolTests.全部只读端点成功拒绝损坏分别处理且只请求一次(endpoint: 0, response: 2)" computerName="GAOXU" duration="00:00:00.0002561" startTime="2026-09-25T20:57:47.0412877+08:00" endTime="2026-09-25T20:57:47.0413418+08:00" testType="13cdc9d9-ddb5-4fa4-a97d-d965ccfc6d4b" outcome="Passed" testListId="8c84fa94-04c1-424b-9868-57a2d4851a1d" relativeResultsDirectory="97192584-abb5-4eef-af26-05c4d1df4159" />
    <UnitTestResult executionId="7f75050f-20ca-47dd-bdfe-a486bf846bad" testId="9605cde4-7822-3cb7-2496-870d13bfd196" testName="MusicNetEasePlugin.Tests.PlaybackCoordinatorTests.只有明确地址过期重取一次且再次失败就结束(kind: Network, expected: 1)" computerName="GAOXU" duration="00:00:00.5076680" startTime="2026-09-25T20:57:47.0483617+08:00" endTime="2026-09-25T20:57:47.5562285+08:00" testType="13cdc9d9-ddb5-4fa4-a97d-d965ccfc6d4b" outcome="Passed" testListId="8c84fa94-04c1-424b-9868-57a2d4851a1d" relativeResultsDirectory="7f75050f-20ca-47dd-bdfe-a486bf846bad" />
    <UnitTestResult executionId="d81e9534-ae8b-4617-a461-ed9d1631a7a0" testId="1b9bd528-25e8-b80f-669e-d0898ee48693" testName="MusicNetEasePlugin.Tests.DiscoveryProtocolTests.全部只读端点成功拒绝损坏分别处理且只请求一次(endpoint: 8, response: 1)" computerName="GAOXU" duration="00:00:00.0002874" startTime="2026-09-25T20:57:47.0386116+08:00" endTime="2026-09-25T20:57:47.0386565+08:00" testType="13cdc9d9-ddb5-4fa4-a97d-d965ccfc6d4b" outcome="Passed" testListId="8c84fa94-04c1-424b-9868-57a2d4851a1d" relativeResultsDirectory="d81e9534-ae8b-4617-a461-ed9d1631a7a0" />
    <UnitTestResult executionId="8f201026-440b-4199-827c-8a8c87ecab73" testId="bb23c065-06bd-3056-b32b-95b70452f9bb" testName="MusicNetEasePlugin.Tests.HttpTests.获取key走Flurl表单而不是Node外壳或JSON" computerName="GAOXU" duration="00:00:00.0028647" startTime="2026-09-25T20:57:47.0320099+08:00" endTime="2026-09-25T20:57:47.0350692+08:00" testType="13cdc9d9-ddb5-4fa4-a97d-d965ccfc6d4b" outcome="Passed" testListId="8c84fa94-04c1-424b-9868-57a2d4851a1d" relativeResultsDirectory="8f201026-440b-4199-827c-8a8c87ecab73" />
    <UnitTestResult executionId="dfde65df-8bb1-453d-a2e6-6849d46ef3cf" testId="d7d135c6-ff9c-24e2-ab77-b4a638460b31" testName="MusicNetEasePlugin.Tests.LightweightPlaybackTests.当前同曲继续而不重复入队或从头播放" computerName="GAOXU" duration="00:00:00.0056814" startTime="2026-09-25T20:57:47.2486571+08:00" endTime="2026-09-25T20:57:47.2552402+08:00" testType="13cdc9d9-ddb5-4fa4-a97d-d965ccfc6d4b" outcome="Passed" testListId="8c84fa94-04c1-424b-9868-57a2d4851a1d" relativeResultsDirectory="dfde65df-8bb1-453d-a2e6-6849d46ef3cf" />
    <UnitTestResult executionId="a7b4b62e-af09-4e75-8802-4442cbe9ce10" testId="7c6c785c-b755-84b9-ac84-949a31b88dc4" testName="MusicNetEasePlugin.Tests.HttpTests.失败保留状态码而不泄露敏感正文(status: 429, code: 429, expected: RateLimited)" computerName="GAOXU" duration="00:00:00.0021469" startTime="2026-09-25T20:57:47.0235033+08:00" endTime="2026-09-25T20:57:47.0236188+08:00" testType="13cdc9d9-ddb5-4fa4-a97d-d965ccfc6d4b" outcome="Passed" testListId="8c84fa94-04c1-424b-9868-57a2d4851a1d" relativeResultsDirectory="a7b4b62e-af09-4e75-8802-4442cbe9ce10" />
    <UnitTestResult executionId="22acd525-96d8-47e4-943d-a2032a16c998" testId="a0f2723c-9862-b001-bacd-9e880e5cd1b2" testName="MusicNetEasePlugin.Tests.PlaybackLifetimeTests.最后页面关闭后忽略结束事件及新的播放命令" computerName="GAOXU" duration="00:00:00.0043532" startTime="2026-09-25T20:57:47.1077176+08:00" endTime="2026-09-25T20:57:47.1161258+08:00" testType="13cdc9d9-ddb5-4fa4-a97d-d965ccfc6d4b" outcome="Passed" testListId="8c84fa94-04c1-424b-9868-57a2d4851a1d" relativeResultsDirectory="22acd525-96d8-47e4-943d-a2032a16c998" />
    <UnitTestResult executionId="0946ebc3-725a-4ce8-a452-c94cf7440e74" testId="1cdac537-06b5-2e7c-87dd-faf6f12d1e43" testName="MusicNetEasePlugin.Tests.MusicHttpTests.缺失或畸形结构不会伪装成有效搜索结果(response: &quot;{\&quot;songs\&quot;:[{\&quot;id\&quot;:0,\&quot;name\&quot;:\&quot;x\&quot;}],\&quot;code\&quot;:20&quot;···)" computerName="GAOXU" duration="00:00:00.0016692" startTime="2026-09-25T20:57:47.1029043+08:00" endTime="2026-09-25T20:57:47.1048418+08:00" testType="13cdc9d9-ddb5-4fa4-a97d-d965ccfc6d4b" outcome="Passed" testListId="8c84fa94-04c1-424b-9868-57a2d4851a1d" relativeResultsDirectory="0946ebc3-725a-4ce8-a452-c94cf7440e74" />
    <UnitTestResult executionId="660704ef-881e-42ff-88f9-16ab861205ae" testId="91c91bc9-a9bf-eba3-0034-ba1f3e6a05c1" testName="MusicNetEasePlugin.Tests.LibraryProtocolTests.喜欢读取严格区分有效空重复和不完整响应(body: &quot;{\&quot;code\&quot;:200,\&quot;ids\&quot;:[1,1,2]}&quot;, count: 2)" computerName="GAOXU" duration="00:00:00.0040568" startTime="2026-09-25T20:57:47.0913500+08:00" endTime="2026-09-25T20:57:47.0945271+08:00" testType="13cdc9d9-ddb5-4fa4-a97d-d965ccfc6d4b" outcome="Passed" testListId="8c84fa94-04c1-424b-9868-57a2d4851a1d" relativeResultsDirectory="660704ef-881e-42ff-88f9-16ab861205ae" />
    <UnitTestResult executionId="eb1d11ee-8226-4bb3-9a8c-3e3b311898fc" testId="bce436b2-87de-29a0-0621-ce622b763464" testName="MusicNetEasePlugin.Tests.V6NavigationTests.旧配置迁移并独立保存抽屉宽度和舒适密度(schema: 1)" computerName="GAOXU" duration="00:00:00.0179034" startTime="2026-09-25T20:57:47.1892617+08:00" endTime="2026-09-25T20:57:47.2069803+08:00" testType="13cdc9d9-ddb5-4fa4-a97d-d965ccfc6d4b" outcome="Passed" testListId="8c84fa94-04c1-424b-9868-57a2d4851a1d" relativeResultsDirectory="eb1d11ee-8226-4bb3-9a8c-3e3b311898fc" />
    <UnitTestResult executionId="60c3e1a1-6384-4357-a325-a8d0aab73372" testId="495e2a4c-5d7a-3958-c2eb-da15b98541f1" testName="MusicNetEasePlugin.Tests.LibraryUiTests.页面关闭取消刷新等待但不把取消异常投递到UI" computerName="GAOXU" duration="00:00:00.0074847" startTime="2026-09-25T20:58:06.0540744+08:00" endTime="2026-09-25T20:58:06.0616476+08:00" testType="13cdc9d9-ddb5-4fa4-a97d-d965ccfc6d4b" outcome="Passed" testListId="8c84fa94-04c1-424b-9868-57a2d4851a1d" relativeResultsDirectory="60c3e1a1-6384-4357-a325-a8d0aab73372" />
    <UnitTestResult executionId="48cf5e69-f45c-4717-b53f-cbd1e7c33157" testId="ae3d5477-7e1b-f414-166b-fa2d5d6b8ae9" testName="MusicNetEasePlugin.Tests.DiscoveryProtocolTests.全部只读端点成功拒绝损坏分别处理且只请求一次(endpoint: 2, response: 0)" computerName="GAOXU" duration="00:00:00.0036410" startTime="2026-09-25T20:57:47.0166174+08:00" endTime="2026-09-25T20:57:47.0208498+08:00" testType="13cdc9d9-ddb5-4fa4-a97d-d965ccfc6d4b" outcome="Passed" testListId="8c84fa94-04c1-424b-9868-57a2d4851a1d" relativeResultsDirectory="48cf5e69-f45c-4717-b53f-cbd1e7c33157" />
    <UnitTestResult executionId="e4e71ced-4573-4113-bdca-927fd3644e1b" testId="011b284b-75f7-67f5-03cb-6f64c5f9207d" testName="MusicNetEasePlugin.Tests.DiscoveryProtocolTests.固定端点参数和非法身份在发送前验证" computerName="GAOXU" duration="00:00:00.0008475" startTime="2026-09-25T20:57:47.0684316+08:00" endTime="2026-09-25T20:57:47.0693042+08:00" testType="13cdc9d9-ddb5-4fa4-a97d-d965ccfc6d4b" outcome="Passed" testListId="8c84fa94-04c1-424b-9868-57a2d4851a1d" relativeResultsDirectory="e4e71ced-4573-4113-bdca-927fd3644e1b" />
    <UnitTestResult executionId="6d58aab0-f53b-4f42-91bf-35652980b199" testId="8859e2e6-dc7a-1eb5-1d49-f891d34eadaa" testName="MusicNetEasePlugin.Tests.QueueTests.全部不可播按候选预算停止而不是循环(count: 30, attempts: 20)" computerName="GAOXU" duration="00:00:00.0091939" startTime="2026-09-25T20:57:47.2120213+08:00" endTime="2026-09-25T20:57:47.2216452+08:00" testType="13cdc9d9-ddb5-4fa4-a97d-d965ccfc6d4b" outcome="Passed" testListId="8c84fa94-04c1-424b-9868-57a2d4851a1d" relativeResultsDirectory="6d58aab0-f53b-4f42-91bf-35652980b199" />
    <UnitTestResult executionId="47205a8b-fd43-4c54-933e-a49a900cac28" testId="7b85bcb1-602e-2c07-ee2c-b70554b58184" testName="MusicNetEasePlugin.Tests.LibraryRulesTests.标识只接受正整数且拒绝溢出与任意网址(value: &quot;7?a=1&quot;, valid: False)" computerName="GAOXU" duration="00:00:00.0000632" startTime="2026-09-25T20:57:46.9696532+08:00" endTime="2026-09-25T20:57:46.9696850+08:00" testType="13cdc9d9-ddb5-4fa4-a97d-d965ccfc6d4b" outcome="Passed" testListId="8c84fa94-04c1-424b-9868-57a2d4851a1d" relativeResultsDirectory="47205a8b-fd43-4c54-933e-a49a900cac28" />
    <UnitTestResult executionId="c374fc92-c9ee-4bd3-851d-2095e970a7de" testId="6eac3e05-954b-54da-6c3b-2ce30e28fa47" testName="MusicNetEasePlugin.Tests.DiscoveryProtocolTests.全部只读端点成功拒绝损坏分别处理且只请求一次(endpoint: 11, response: 1)" computerName="GAOXU" duration="00:00:00.0003028" startTime="2026-09-25T20:57:47.0295717+08:00" endTime="2026-09-25T20:57:47.0298910+08:00" testType="13cdc9d9-ddb5-4fa4-a97d-d965ccfc6d4b" outcome="Passed" testListId="8c84fa94-04c1-424b-9868-57a2d4851a1d" relativeResultsDirectory="c374fc92-c9ee-4bd3-851d-2095e970a7de" />
    <UnitTestResult executionId="aef61092-a437-4d6b-bb1d-7036567173a9" testId="cb5c8bce-85d3-2fd6-39f8-4bb22db2a6b0" testName="MusicNetEasePlugin.Tests.MediaBufferTests.下载进度区分已知总长与未知长度且最后字节准确(known: True)" computerName="GAOXU" duration="00:00:00.0690663" startTime="2026-09-25T20:57:46.9065323+08:00" endTime="2026-09-25T20:57:46.9544247+08:00" testType="13cdc9d9-ddb5-4fa4-a97d-d965ccfc6d4b" outcome="Passed" testListId="8c84fa94-04c1-424b-9868-57a2d4851a1d" relativeResultsDirectory="aef61092-a437-4d6b-bb1d-7036567173a9" />
    <UnitTestResult executionId="0bbb2342-4f3e-413d-992d-aeee53f50813" testId="cc1f0684-4be7-36f0-5eef-70a2c62ac433" testName="MusicNetEasePlugin.Tests.LibraryProtocolTests.每个写端点成功拒绝损坏和未知均只发一次且不泄露正文(kind: Like, body: &quot;{\&quot;code\&quot;:403,\&quot;message\&quot;:\&quot;MUSIC_U=secret\&quot;}&quot;, expected: Rejected)" computerName="GAOXU" duration="00:00:00.0013703" startTime="2026-09-25T20:57:47.0672558+08:00" endTime="2026-09-25T20:57:47.0683119+08:00" testType="13cdc9d9-ddb5-4fa4-a97d-d965ccfc6d4b" outcome="Passed" testListId="8c84fa94-04c1-424b-9868-57a2d4851a1d" relativeResultsDirectory="0bbb2342-4f3e-413d-992d-aeee53f50813" />
    <UnitTestResult executionId="b9311191-76db-4347-ae05-9b4a65743502" testId="b8e186a1-c76c-72b7-c0e3-20c329fdab4c" testName="MusicNetEasePlugin.Tests.DesktopUiTests.宿主同款主题组合下菜单绑定和局部资源独立" computerName="GAOXU" duration="00:00:00.4668529" startTime="2026-09-25T20:58:18.6246369+08:00" endTime="2026-09-25T20:58:19.0916815+08:00" testType="13cdc9d9-ddb5-4fa4-a97d-d965ccfc6d4b" outcome="Passed" testListId="8c84fa94-04c1-424b-9868-57a2d4851a1d" relativeResultsDirectory="b9311191-76db-4347-ae05-9b4a65743502" />
    <UnitTestResult executionId="63618296-df7f-4abf-bd2d-075f65a82da9" testId="afe8bc5a-47c5-3743-0de7-9445543a29c7" testName="MusicNetEasePlugin.Tests.MusicHttpTests.仅明确会话失效退出且服务正文不泄露(code: 301, kind: SignedOut, signedIn: False)" computerName="GAOXU" duration="00:00:00.0006805" startTime="2026-09-25T20:57:47.0944820+08:00" endTime="2026-09-25T20:57:47.0953483+08:00" testType="13cdc9d9-ddb5-4fa4-a97d-d965ccfc6d4b" outcome="Passed" testListId="8c84fa94-04c1-424b-9868-57a2d4851a1d" relativeResultsDirectory="63618296-df7f-4abf-bd2d-075f65a82da9" />
    <UnitTestResult executionId="8d44b450-6a65-40e0-bf72-f9465fe5602d" testId="3ebcc084-fd7c-0c5e-f33e-393b191f0e8c" testName="MusicNetEasePlugin.Tests.DiscoveryProtocolTests.全部只读端点成功拒绝损坏分别处理且只请求一次(endpoint: 10, response: 2)" computerName="GAOXU" duration="00:00:00.0030366" startTime="2026-09-25T20:57:46.9949166+08:00" endTime="2026-09-25T20:57:46.9982458+08:00" testType="13cdc9d9-ddb5-4fa4-a97d-d965ccfc6d4b" outcome="Passed" testListId="8c84fa94-04c1-424b-9868-57a2d4851a1d" relativeResultsDirectory="8d44b450-6a65-40e0-bf72-f9465fe5602d" />
    <UnitTestResult executionId="2c3a4672-48cf-4d93-b712-6039d6bbaaaf" testId="3697758d-32d7-49fa-a22b-278437469df8" testName="MusicNetEasePlugin.Tests.LibraryProtocolTests.每个写端点成功拒绝损坏和未知均只发一次且不泄露正文(kind: Rename, body: &quot;{\&quot;code\&quot;:200,\&quot;playlist\&quot;:{\&quot;id\&quot;:99,\&quot;name\&quot;:\&quot;规&quot;···, expected: Accepted)" computerName="GAOXU" duration="00:00:00.0066972" startTime="2026-09-25T20:57:47.0562265+08:00" endTime="2026-09-25T20:57:47.0628853+08:00" testType="13cdc9d9-ddb5-4fa4-a97d-d965ccfc6d4b" outcome="Passed" testListId="8c84fa94-04c1-424b-9868-57a2d4851a1d" relativeResultsDirectory="2c3a4672-48cf-4d93-b712-6039d6bbaaaf" />
    <UnitTestResult executionId="326a80b2-5011-477c-bd32-bd31aecbac3d" testId="31a666d4-a4ca-8783-aa3c-2dd1f3818d1f" testName="MusicNetEasePlugin.Tests.LibraryProtocolTests.每个写端点成功拒绝损坏和未知均只发一次且不泄露正文(kind: Create, body: &quot;{\&quot;code\&quot;:200,\&quot;playlist\&quot;:{\&quot;id\&quot;:99,\&quot;name\&quot;:\&quot;规&quot;···, expected: Accepted)" computerName="GAOXU" duration="00:00:00.0007817" startTime="2026-09-25T20:57:47.0684491+08:00" endTime="2026-09-25T20:57:47.0691185+08:00" testType="13cdc9d9-ddb5-4fa4-a97d-d965ccfc6d4b" outcome="Passed" testListId="8c84fa94-04c1-424b-9868-57a2d4851a1d" relativeResultsDirectory="326a80b2-5011-477c-bd32-bd31aecbac3d" />
    <UnitTestResult executionId="1dfe6557-95ec-46fa-a783-b3ba673889b6" testId="5bee890a-2aad-18a5-70c6-330d793e923f" testName="MusicNetEasePlugin.Tests.WeChatLoginTests.脚本只读取有限赋值且不执行任意JavaScript(script: &quot;window.wx_errcode=405;&quot;)" computerName="GAOXU" duration="00:00:00.0002905" startTime="2026-09-25T20:57:47.0671551+08:00" endTime="2026-09-25T20:57:47.0672884+08:00" testType="13cdc9d9-ddb5-4fa4-a97d-d965ccfc6d4b" outcome="Passed" testListId="8c84fa94-04c1-424b-9868-57a2d4851a1d" relativeResultsDirectory="1dfe6557-95ec-46fa-a783-b3ba673889b6" />
    <UnitTestResult executionId="9e71ff6f-cfd4-40b5-8c02-71cce7483112" testId="be783b10-ff21-3d44-25e2-e6242d5e8d40" testName="MusicNetEasePlugin.Tests.LibraryProtocolTests.每个写端点成功拒绝损坏和未知均只发一次且不泄露正文(kind: Description, body: &quot;{\&quot;code\&quot;:200,\&quot;playlist\&quot;:{\&quot;id\&quot;:99,\&quot;name\&quot;:\&quot;规&quot;···, expected: Accepted)" computerName="GAOXU" duration="00:00:00.0003557" startTime="2026-09-25T20:57:47.0855827+08:00" endTime="2026-09-25T20:57:47.0856314+08:00" testType="13cdc9d9-ddb5-4fa4-a97d-d965ccfc6d4b" outcome="Passed" testListId="8c84fa94-04c1-424b-9868-57a2d4851a1d" relativeResultsDirectory="9e71ff6f-cfd4-40b5-8c02-71cce7483112" />
    <UnitTestResult executionId="8a5e46c2-20bb-44f8-af56-49bbae2e1437" testId="250aa798-bf17-cb98-84bc-922c88670df3" testName="MusicNetEasePlugin.Tests.PlaybackPersistenceTests.重启恢复队列重复身份与位置保持静默直到用户继续" computerName="GAOXU" duration="00:00:00.0083576" startTime="2026-09-25T20:57:47.1133825+08:00" endTime="2026-09-25T20:57:47.1257444+08:00" testType="13cdc9d9-ddb5-4fa4-a97d-d965ccfc6d4b" outcome="Passed" testListId="8c84fa94-04c1-424b-9868-57a2d4851a1d" relativeResultsDirectory="8a5e46c2-20bb-44f8-af56-49bbae2e1437" />
    <UnitTestResult executionId="7c84fac1-b5b3-4c26-97fd-6eebc36ba234" testId="7dd8354f-03f3-705f-45e7-32aa3d65b069" testName="MusicNetEasePlugin.Tests.DesktopUiTests.真实Tool宽窄布局和主题切换保留草稿(dark: True)" computerName="GAOXU" duration="00:00:00.0591726" startTime="2026-09-25T20:58:16.8145204+08:00" endTime="2026-09-25T20:58:16.8737817+08:00" testType="13cdc9d9-ddb5-4fa4-a97d-d965ccfc6d4b" outcome="Passed" testListId="8c84fa94-04c1-424b-9868-57a2d4851a1d" relativeResultsDirectory="7c84fac1-b5b3-4c26-97fd-6eebc36ba234" />
    <UnitTestResult executionId="55d73469-62e5-4c1c-b845-d15655a16afd" testId="36296bdd-f6a8-2961-354b-bab90e41b880" testName="MusicNetEasePlugin.Tests.MusicHttpTests.仅明确会话失效退出且服务正文不泄露(code: 460, kind: Restricted, signedIn: True)" computerName="GAOXU" duration="00:00:00.0009331" startTime="2026-09-25T20:57:47.0939163+08:00" endTime="2026-09-25T20:57:47.0943955+08:00" testType="13cdc9d9-ddb5-4fa4-a97d-d965ccfc6d4b" outcome="Passed" testListId="8c84fa94-04c1-424b-9868-57a2d4851a1d" relativeResultsDirectory="55d73469-62e5-4c1c-b845-d15655a16afd" />
    <UnitTestResult executionId="45790beb-e96e-4fe2-ad2e-260145e44602" testId="d498157c-25d0-d0ed-0d00-bc897059abf2" testName="MusicNetEasePlugin.Tests.LightweightStateTests.成功反馈替换旧延迟且隐藏和释放立即收口" computerName="GAOXU" duration="00:00:00.0118155" startTime="2026-09-25T20:57:47.0293154+08:00" endTime="2026-09-25T20:57:47.0507086+08:00" testType="13cdc9d9-ddb5-4fa4-a97d-d965ccfc6d4b" outcome="Passed" testListId="8c84fa94-04c1-424b-9868-57a2d4851a1d" relativeResultsDirectory="45790beb-e96e-4fe2-ad2e-260145e44602" />
    <UnitTestResult executionId="133bbb67-a8c5-4467-acf6-0216ab7d815a" testId="941968aa-eba0-9ddf-2597-9971187e02fd" testName="MusicNetEasePlugin.Tests.LightweightPlaybackTests.加载中再次点同曲不会重复取资源或打开媒体" computerName="GAOXU" duration="00:00:00.0064651" startTime="2026-09-25T20:57:47.2403476+08:00" endTime="2026-09-25T20:57:47.2483265+08:00" testType="13cdc9d9-ddb5-4fa4-a97d-d965ccfc6d4b" outcome="Passed" testListId="8c84fa94-04c1-424b-9868-57a2d4851a1d" relativeResultsDirectory="133bbb67-a8c5-4467-acf6-0216ab7d815a" />
    <UnitTestResult executionId="2e2407f0-3cc4-48ad-bfe3-c425b4345f0a" testId="acb640fe-e2b8-c2e5-1cd9-174497c01c4b" testName="MusicNetEasePlugin.Tests.QueueTests.优先段保持操作顺序且重复歌曲有独立身份(mode: Sequential)" computerName="GAOXU" duration="00:00:00.0000109" startTime="2026-09-25T20:57:47.2118974+08:00" endTime="2026-09-25T20:57:47.2119340+08:00" testType="13cdc9d9-ddb5-4fa4-a97d-d965ccfc6d4b" outcome="Passed" testListId="8c84fa94-04c1-424b-9868-57a2d4851a1d" relativeResultsDirectory="2e2407f0-3cc4-48ad-bfe3-c425b4345f0a" />
    <UnitTestResult executionId="0d2fe171-b47b-4929-9c25-948d3a93aecb" testId="78db4e9d-7a4b-1cce-e36a-2089a74e6783" testName="MusicNetEasePlugin.Tests.V6InteractionTests.歌单头区分总数本页与缓存并保持翻页简介及准确追加反馈" computerName="GAOXU" duration="00:00:00.0171799" startTime="2026-09-25T20:57:47.0309000+08:00" endTime="2026-09-25T20:57:47.0502830+08:00" testType="13cdc9d9-ddb5-4fa4-a97d-d965ccfc6d4b" outcome="Passed" testListId="8c84fa94-04c1-424b-9868-57a2d4851a1d" relativeResultsDirectory="0d2fe171-b47b-4929-9c25-948d3a93aecb" />
    <UnitTestResult executionId="75f52539-c508-4cbe-982d-4095ada08edc" testId="fc5ee304-fd19-df44-1298-7e0e32084b40" testName="MusicNetEasePlugin.Tests.LibraryCoordinatorTests.收藏创建两字段与删除各自完成写后确认(kind: Create, id: 0, text: &quot;新歌单&quot;)" computerName="GAOXU" duration="00:00:00.0001250" startTime="2026-09-25T20:57:46.9392843+08:00" endTime="2026-09-25T20:57:46.9393296+08:00" testType="13cdc9d9-ddb5-4fa4-a97d-d965ccfc6d4b" outcome="Passed" testListId="8c84fa94-04c1-424b-9868-57a2d4851a1d" relativeResultsDirectory="75f52539-c508-4cbe-982d-4095ada08edc" />
    <UnitTestResult executionId="f57a0b6f-ce9e-4355-b189-e1543c3be1f8" testId="22048927-70cd-9d2f-1d6b-5eb08ad1bb2f" testName="MusicNetEasePlugin.Tests.SearchDocumentTests.迟到封面不能覆盖新歌曲且失败保留占位" computerName="GAOXU" duration="00:00:00.0129214" startTime="2026-09-25T20:57:47.2069390+08:00" endTime="2026-09-25T20:57:47.2208018+08:00" testType="13cdc9d9-ddb5-4fa4-a97d-d965ccfc6d4b" outcome="Passed" testListId="8c84fa94-04c1-424b-9868-57a2d4851a1d" relativeResultsDirectory="f57a0b6f-ce9e-4355-b189-e1543c3be1f8" />
    <UnitTestResult executionId="6247e508-a9e7-468c-9c65-e09f6b533f01" testId="849dd2e6-5fd0-7d1b-e810-53b510a46b6f" testName="MusicNetEasePlugin.Tests.HttpTests.限流保留重试间隔且头像请求不携带账号凭据" computerName="GAOXU" duration="00:00:00.0122349" startTime="2026-09-25T20:57:47.0370362+08:00" endTime="2026-09-25T20:57:47.0495805+08:00" testType="13cdc9d9-ddb5-4fa4-a97d-d965ccfc6d4b" outcome="Passed" testListId="8c84fa94-04c1-424b-9868-57a2d4851a1d" relativeResultsDirectory="6247e508-a9e7-468c-9c65-e09f6b533f01" />
    <UnitTestResult executionId="fdc90540-a849-48c4-abc6-71b6f4e96ba2" testId="9e09f99d-68af-b532-784f-17886519b15f" testName="MusicNetEasePlugin.Tests.LibraryRulesTests.权限只允许身份和类型均明确的自有普通歌单(kind: Shared, owner: 123, allowed: False)" computerName="GAOXU" duration="00:00:00.0002621" startTime="2026-09-25T20:57:46.9764634+08:00" endTime="2026-09-25T20:57:46.9765025+08:00" testType="13cdc9d9-ddb5-4fa4-a97d-d965ccfc6d4b" outcome="Passed" testListId="8c84fa94-04c1-424b-9868-57a2d4851a1d" relativeResultsDirectory="fdc90540-a849-48c4-abc6-71b6f4e96ba2" />
    <UnitTestResult executionId="1ffd2f9d-95cf-4407-9bea-c066da1dde05" testId="b8b3181f-5d1a-90f7-5b38-cfe31c50761e" testName="MusicNetEasePlugin.Tests.LightweightInteractionTests.隐藏歌词和播放条不投递进度刷新且回到页面立即同步" computerName="GAOXU" duration="00:00:00.0720631" startTime="2026-09-25T20:58:05.7064415+08:00" endTime="2026-09-25T20:58:05.7787911+08:00" testType="13cdc9d9-ddb5-4fa4-a97d-d965ccfc6d4b" outcome="Passed" testListId="8c84fa94-04c1-424b-9868-57a2d4851a1d" relativeResultsDirectory="1ffd2f9d-95cf-4407-9bea-c066da1dde05" />
    <UnitTestResult executionId="e7be18cb-3504-4b7b-b740-9a0af3f16522" testId="a6579a9f-1aa0-0ba5-5298-5749e2fd1bb6" testName="MusicNetEasePlugin.Tests.LoginCoordinatorTests.远端退出失败与本地清理失败分别反馈" computerName="GAOXU" duration="00:00:00.0010966" startTime="2026-09-25T20:57:47.0021434+08:00" endTime="2026-09-25T20:57:47.0028623+08:00" testType="13cdc9d9-ddb5-4fa4-a97d-d965ccfc6d4b" outcome="Passed" testListId="8c84fa94-04c1-424b-9868-57a2d4851a1d" relativeResultsDirectory="e7be18cb-3504-4b7b-b740-9a0af3f16522" />
    <UnitTestResult executionId="7c3e6473-0d13-4507-80ef-ab0fbfc6c4b7" testId="bd1264f9-16ea-afe4-446b-97b6f695a48e" testName="MusicNetEasePlugin.Tests.DiscoveryBoundaryTests.反馈超过预算保留未知迟到成功不推进也不重发" computerName="GAOXU" duration="00:00:00.0097990" startTime="2026-09-25T20:57:47.2285785+08:00" endTime="2026-09-25T20:57:47.2390107+08:00" testType="13cdc9d9-ddb5-4fa4-a97d-d965ccfc6d4b" outcome="Passed" testListId="8c84fa94-04c1-424b-9868-57a2d4851a1d" relativeResultsDirectory="7c3e6473-0d13-4507-80ef-ab0fbfc6c4b7" />
    <UnitTestResult executionId="d17163d8-a836-4386-be03-83d7072de1ca" testId="e8d4d62b-c7ee-b37f-83bf-d4de5339600f" testName="MusicNetEasePlugin.Tests.LibraryProtocolTests.喜欢读取严格区分有效空重复和不完整响应(body: &quot;broken&quot;, count: -1)" computerName="GAOXU" duration="00:00:00.0002830" startTime="2026-09-25T20:57:47.0952939+08:00" endTime="2026-09-25T20:57:47.0956827+08:00" testType="13cdc9d9-ddb5-4fa4-a97d-d965ccfc6d4b" outcome="Passed" testListId="8c84fa94-04c1-424b-9868-57a2d4851a1d" relativeResultsDirectory="d17163d8-a836-4386-be03-83d7072de1ca" />
    <UnitTestResult executionId="072f4fc3-0984-4601-abb0-d74737bc18a5" testId="6b6c8356-f904-daf3-329c-1a616ecd0e17" testName="MusicNetEasePlugin.Tests.QueueTests.删除当前首中尾及唯一项遵守播放意图(state: Playing, index: 0)" computerName="GAOXU" duration="00:00:00.0093324" startTime="2026-09-25T20:57:47.0698226+08:00" endTime="2026-09-25T20:57:47.0880505+08:00" testType="13cdc9d9-ddb5-4fa4-a97d-d965ccfc6d4b" outcome="Passed" testListId="8c84fa94-04c1-424b-9868-57a2d4851a1d" relativeResultsDirectory="072f4fc3-0984-4601-abb0-d74737bc18a5" />
    <UnitTestResult executionId="b0e3f050-ec01-46b9-b2d0-9514fa7d9bfb" testId="58abb2df-35a6-436c-7bce-f6161668ca99" testName="MusicNetEasePlugin.Tests.V6InteractionTests.歌词定位保留暂停且换曲和试听映射不可信时拒绝旧行" computerName="GAOXU" duration="00:00:00.1238639" startTime="2026-09-25T20:57:46.8378134+08:00" endTime="2026-09-25T20:57:46.9638199+08:00" testType="13cdc9d9-ddb5-4fa4-a97d-d965ccfc6d4b" outcome="Passed" testListId="8c84fa94-04c1-424b-9868-57a2d4851a1d" relativeResultsDirectory="b0e3f050-ec01-46b9-b2d0-9514fa7d9bfb" />
    <UnitTestResult executionId="6d9dcc09-31ce-46aa-87a0-92c3ac26053f" testId="938cb139-ef89-aaea-dcb6-ceace100c68f" testName="MusicNetEasePlugin.Tests.LightweightResourceTests.最后消费者取消及账户清空均不允许迟到响应入缓存" computerName="GAOXU" duration="00:00:00.0106858" startTime="2026-09-25T20:57:47.1544256+08:00" endTime="2026-09-25T20:57:47.1656782+08:00" testType="13cdc9d9-ddb5-4fa4-a97d-d965ccfc6d4b" outcome="Passed" testListId="8c84fa94-04c1-424b-9868-57a2d4851a1d" relativeResultsDirectory="6d9dcc09-31ce-46aa-87a0-92c3ac26053f" />
    <UnitTestResult executionId="0d5b7f17-613c-42f7-bfcd-bf64feaf71e4" testId="83215281-f954-c2c4-18c5-28fd0ba1cf2e" testName="MusicNetEasePlugin.Tests.V6QueueTests.多页面只保留最近逆操作而追加换歌换模式和账号撤销旧资格" computerName="GAOXU" duration="00:00:00.0337120" startTime="2026-09-25T20:57:47.1524995+08:00" endTime="2026-09-25T20:57:47.1878342+08:00" testType="13cdc9d9-ddb5-4fa4-a97d-d965ccfc6d4b" outcome="Passed" testListId="8c84fa94-04c1-424b-9868-57a2d4851a1d" relativeResultsDirectory="0d5b7f17-613c-42f7-bfcd-bf64feaf71e4" />
    <UnitTestResult executionId="970c03bf-2c7b-487e-9dfd-9e87a7e15fbf" testId="5ebd7f41-34cb-9206-ab18-846deeeae09a" testName="MusicNetEasePlugin.Tests.LibraryRulesTests.标识只接受正整数且拒绝溢出与任意网址(value: &quot;-1&quot;, valid: False)" computerName="GAOXU" duration="00:00:00.0007826" startTime="2026-09-25T20:57:46.9684440+08:00" endTime="2026-09-25T20:57:46.9690334+08:00" testType="13cdc9d9-ddb5-4fa4-a97d-d965ccfc6d4b" outcome="Passed" testListId="8c84fa94-04c1-424b-9868-57a2d4851a1d" relativeResultsDirectory="970c03bf-2c7b-487e-9dfd-9e87a7e15fbf" />
[...]
    <TestEntry testId="6870dbd4-fcf2-0ca9-2b90-05059755eda1" executionId="175481a2-704f-45bb-9803-af44c15a00f1" testListId="8c84fa94-04c1-424b-9868-57a2d4851a1d" />
    <TestEntry testId="124dd8b1-2ce0-deae-b37e-098dd8d58651" executionId="cbc193fd-5453-481f-90e5-5a5f3b50439c" testListId="8c84fa94-04c1-424b-9868-57a2d4851a1d" />
    <TestEntry testId="9a419dab-1ea2-d562-88a5-fa1e1ab5ac32" executionId="df044245-620c-413c-a9ae-6ab54f12824c" testListId="8c84fa94-04c1-424b-9868-57a2d4851a1d" />
    <TestEntry testId="95ff1261-a61e-6bba-8e39-b63f9fa49b27" executionId="0806c74a-4fb2-4be2-a76d-53e4167aad43" testListId="8c84fa94-04c1-424b-9868-57a2d4851a1d" />
    <TestEntry testId="4a87d77c-695a-b083-64ef-662f89232171" executionId="968f5332-9dd2-4a7d-a4ca-23692eb69ef3" testListId="8c84fa94-04c1-424b-9868-57a2d4851a1d" />
    <TestEntry testId="df8077b5-2813-05fa-cd96-0c589a810a69" executionId="ff38b5e0-935b-449c-8351-0a8416a5639b" testListId="8c84fa94-04c1-424b-9868-57a2d4851a1d" />
    <TestEntry testId="4ea0acee-7cfa-c8e4-8a2a-4f782453e17c" executionId="58bc8910-166f-4e13-9f70-ad6617fb2ff6" testListId="8c84fa94-04c1-424b-9868-57a2d4851a1d" />
    <TestEntry testId="d34489a3-e3b5-1725-5b57-4e8117ca5748" executionId="fc7ea48b-3323-4849-99c9-7ea493b38293" testListId="8c84fa94-04c1-424b-9868-57a2d4851a1d" />
    <TestEntry testId="006402f0-828b-ca45-2103-8e15cef02d1d" executionId="caf334e6-cb99-401a-8ec3-5c5cb2b00fb9" testListId="8c84fa94-04c1-424b-9868-57a2d4851a1d" />
    <TestEntry testId="034a15c9-6bf0-82cc-8873-b83a355c0236" executionId="8fb73720-57d4-48df-9850-f01233b198b1" testListId="8c84fa94-04c1-424b-9868-57a2d4851a1d" />
    <TestEntry testId="64437704-5b41-69c2-fbff-6074d98343e0" executionId="674b2ede-6d75-4c45-9bd0-3f9c8338f243" testListId="8c84fa94-04c1-424b-9868-57a2d4851a1d" />
    <TestEntry testId="5ecf3b58-b7cf-6d0b-6895-e3e1d64c06dc" executionId="aeef2c5b-c4eb-42af-9111-d7252e8b8781" testListId="8c84fa94-04c1-424b-9868-57a2d4851a1d" />
    <TestEntry testId="ce1e02be-b738-1e25-f16b-fbfa06946734" executionId="c0a19a65-503f-470c-9e73-55f119b5ac32" testListId="8c84fa94-04c1-424b-9868-57a2d4851a1d" />
    <TestEntry testId="d5d9f2d2-ec28-b556-6d63-6fd5c8d24dcf" executionId="5e2dd630-a23d-4786-968e-664e285afbc0" testListId="8c84fa94-04c1-424b-9868-57a2d4851a1d" />
    <TestEntry testId="9095c91d-2634-27da-47f0-7b9fb8f2120b" executionId="f29d479b-5d0a-4dab-970d-278e860a59af" testListId="8c84fa94-04c1-424b-9868-57a2d4851a1d" />
    <TestEntry testId="b91aeae8-e90d-4e2d-b775-09e5ef6f8c59" executionId="96f5196c-bd53-4684-8c9d-af7d01c1988f" testListId="8c84fa94-04c1-424b-9868-57a2d4851a1d" />
    <TestEntry testId="3dc118f6-a3c6-e8ed-ef6b-211bcd5da5a1" executionId="c8c2b0dd-1b95-42f8-a2f6-da2c31222e99" testListId="8c84fa94-04c1-424b-9868-57a2d4851a1d" />
    <TestEntry testId="ed6a84d6-041c-2b2c-1398-69a85f0dc825" executionId="d108c187-3f2d-4e21-9c02-18abf15eb912" testListId="8c84fa94-04c1-424b-9868-57a2d4851a1d" />
    <TestEntry testId="610510b0-dd8f-5937-7756-f8296c086841" executionId="e725446a-2f52-418f-b497-6985bf79d397" testListId="8c84fa94-04c1-424b-9868-57a2d4851a1d" />
    <TestEntry testId="f24d3073-a7e6-86e8-81e1-d63cf7135c54" executionId="f7113de7-e022-4250-8d39-1b95897793d0" testListId="8c84fa94-04c1-424b-9868-57a2d4851a1d" />
    <TestEntry testId="5229388c-2a6d-158c-03f6-0ec9a23235de" executionId="a3408c9c-99bd-4781-a8b5-7b848852a504" testListId="8c84fa94-04c1-424b-9868-57a2d4851a1d" />
    <TestEntry testId="6e8b96d4-f8ad-e45b-b44b-a14920544dc0" executionId="e4d04dd4-24e6-4e28-a592-4865d13e27e8" testListId="8c84fa94-04c1-424b-9868-57a2d4851a1d" />
    <TestEntry testId="c4f55703-3e07-99d6-f067-2cd4f0a13253" executionId="1976125a-7160-40e4-bf57-0ecd4f324909" testListId="8c84fa94-04c1-424b-9868-57a2d4851a1d" />
    <TestEntry testId="8b094957-e9ca-8399-ec1e-bd8db608a417" executionId="16dada6b-ded0-47d5-82fe-ab1843ab98f7" testListId="8c84fa94-04c1-424b-9868-57a2d4851a1d" />
    <TestEntry testId="c3a9cb85-fd68-091a-c097-dac2a9b59f87" executionId="fd9e4831-4248-49aa-bbfd-e92d2348ad14" testListId="8c84fa94-04c1-424b-9868-57a2d4851a1d" />
    <TestEntry testId="06c18cc9-9292-8852-debd-4d192a357ca5" executionId="c0c252d4-dfdc-4933-863e-4c80776a522f" testListId="8c84fa94-04c1-424b-9868-57a2d4851a1d" />
    <TestEntry testId="ab9433f5-1bda-9aac-f5d6-d55c32a9b46b" executionId="f366e1ed-0821-482c-98e3-8225f261e1c4" testListId="8c84fa94-04c1-424b-9868-57a2d4851a1d" />
    <TestEntry testId="4d1857fc-4bbe-2d6c-533f-19ac655eae80" executionId="79fed025-2a8e-4ac4-bf90-6aa2d31bc8e7" testListId="8c84fa94-04c1-424b-9868-57a2d4851a1d" />
    <TestEntry testId="fe93ea97-371f-bc8a-93ef-f4ddbe54808a" executionId="a73083c8-fa0c-425e-b581-3cf0ca95130f" testListId="8c84fa94-04c1-424b-9868-57a2d4851a1d" />
    <TestEntry testId="9dd0f2c8-d1ef-16da-0929-3d901c996f90" executionId="95bcf791-d56e-4891-b2c6-995d322c97f7" testListId="8c84fa94-04c1-424b-9868-57a2d4851a1d" />
    <TestEntry testId="308e23e8-607f-4efe-661f-95aaa406352e" executionId="e80a7279-a194-4378-8497-f64658652166" testListId="8c84fa94-04c1-424b-9868-57a2d4851a1d" />
    <TestEntry testId="6ef42ca8-1945-d300-bb7f-51d608bf3e76" executionId="5215c037-b1de-440a-9a4c-bdfd86d0a47a" testListId="8c84fa94-04c1-424b-9868-57a2d4851a1d" />
    <TestEntry testId="7a320e2c-4cf0-9e27-c291-46ca2a87da80" executionId="01595587-369d-4507-9f3c-ff92347f4fbe" testListId="8c84fa94-04c1-424b-9868-57a2d4851a1d" />
    <TestEntry testId="6adf663a-f45e-07ec-a733-1665c955f20e" executionId="2a5d1b16-c156-4421-b969-1be8e22c0b29" testListId="8c84fa94-04c1-424b-9868-57a2d4851a1d" />
    <TestEntry testId="c76ef7ba-5a50-52a8-d053-d5134d9e64d6" executionId="63745043-e00b-434a-bc6a-cbf98905e07e" testListId="8c84fa94-04c1-424b-9868-57a2d4851a1d" />
    <TestEntry testId="224f841b-01ad-aff6-238d-34ddc96a67c4" executionId="78e6c053-1bfc-4ec0-a0e8-3dfa78ec68e4" testListId="8c84fa94-04c1-424b-9868-57a2d4851a1d" />
    <TestEntry testId="eeb93616-20b5-07b3-339f-95582ea5b844" executionId="3c61a850-ed44-4143-a078-c7dfb27ae6d0" testListId="8c84fa94-04c1-424b-9868-57a2d4851a1d" />
    <TestEntry testId="97083592-77ee-683b-2bee-3e74f934b40a" executionId="cbee5824-fc6a-42c2-84af-f7e00d23198e" testListId="8c84fa94-04c1-424b-9868-57a2d4851a1d" />
    <TestEntry testId="d0d17c49-6491-cf6a-4a52-46e04e966b86" executionId="e5d9e821-118a-43b3-8138-fb12a02cd8cf" testListId="8c84fa94-04c1-424b-9868-57a2d4851a1d" />
    <TestEntry testId="db7dde21-7386-f74f-d3fd-59228441dbe4" executionId="209097bf-aee0-49a7-8c44-4ded0c2c9ba5" testListId="8c84fa94-04c1-424b-9868-57a2d4851a1d" />
    <TestEntry testId="d6f1fca0-2422-495b-75e9-b79711e71bd6" executionId="34929040-673c-45e6-8c07-22597729df5f" testListId="8c84fa94-04c1-424b-9868-57a2d4851a1d" />
    <TestEntry testId="75c8d3cd-b978-8e4a-2909-189b6c67135d" executionId="213d931a-595c-40f7-9488-890d75cc5104" testListId="8c84fa94-04c1-424b-9868-57a2d4851a1d" />
    <TestEntry testId="ff48acbf-a651-1c29-6b03-82afbc4761f7" executionId="ebd6b35f-b4b6-40d4-a836-b58fd70a59bd" testListId="8c84fa94-04c1-424b-9868-57a2d4851a1d" />
    <TestEntry testId="979084cd-3445-face-5bbd-149234594e7f" executionId="f8df7b2e-bd4d-4699-b6ae-333d76158213" testListId="8c84fa94-04c1-424b-9868-57a2d4851a1d" />
    <TestEntry testId="cb30fdd7-6d2f-df1a-b82e-bb758c8bf6a1" executionId="54f0d0f9-21e9-4851-bc2f-6c42ff61f25f" testListId="8c84fa94-04c1-424b-9868-57a2d4851a1d" />
    <TestEntry testId="5e038321-8920-4809-c4e7-faaea3612add" executionId="18ac3e7f-328d-4383-bc4f-e2a580609131" testListId="8c84fa94-04c1-424b-9868-57a2d4851a1d" />
    <TestEntry testId="09429016-2cc2-7275-1cbc-ec18176562f3" executionId="bc1b4996-5a4f-4af7-a9c4-3908366beb4e" testListId="8c84fa94-04c1-424b-9868-57a2d4851a1d" />
    <TestEntry testId="6176cfc5-4655-e8ce-8960-a2602e608107" executionId="078f7b44-7e22-45b0-8c01-2d8c422bbe34" testListId="8c84fa94-04c1-424b-9868-57a2d4851a1d" />
    <TestEntry testId="b0a75362-99bf-473c-0dd0-8840d05cc487" executionId="7f230cbe-820d-47ac-b64d-43f1643f678a" testListId="8c84fa94-04c1-424b-9868-57a2d4851a1d" />
    <TestEntry testId="9939f8ed-ceb9-c14c-7d08-e4dbdc03f769" executionId="d873fe3d-8461-4618-bd15-bc2e9dd3ece0" testListId="8c84fa94-04c1-424b-9868-57a2d4851a1d" />
    <TestEntry testId="8f12457e-ece4-1874-3398-9ff273da2b62" executionId="f99312bb-0b4f-41d1-b1b0-f74fae2810d8" testListId="8c84fa94-04c1-424b-9868-57a2d4851a1d" />
    <TestEntry testId="05ccff75-2085-ea1d-54af-4bbcf90e7edd" executionId="e4ee1d48-e66c-470b-845f-04d0dfec48a4" testListId="8c84fa94-04c1-424b-9868-57a2d4851a1d" />
    <TestEntry testId="d7edcfd6-fc1c-ba4b-712f-3c9485d63b07" executionId="4ca44f03-bc06-4f10-bf04-2d8c7c185434" testListId="8c84fa94-04c1-424b-9868-57a2d4851a1d" />
    <TestEntry testId="b78c145f-a8cd-64a8-1876-e73e9475b94d" executionId="d99c7323-0b3b-412a-8817-a90e1f01cfd0" testListId="8c84fa94-04c1-424b-9868-57a2d4851a1d" />
    <TestEntry testId="a9c06374-ff3a-898e-9052-a3df6f0866cd" executionId="854a024f-0ee5-4fa7-b394-ca5311aedcc3" testListId="8c84fa94-04c1-424b-9868-57a2d4851a1d" />
    <TestEntry testId="d6f396be-5113-fe25-a2e5-6b951ec5560b" executionId="16e53629-1da0-4edb-a1f3-cf99cb17bf46" testListId="8c84fa94-04c1-424b-9868-57a2d4851a1d" />
    <TestEntry testId="5c9225a4-c624-3cc3-1123-988af68b4b24" executionId="54f7ee21-1302-444d-b935-05943ec9c206" testListId="8c84fa94-04c1-424b-9868-57a2d4851a1d" />
    <TestEntry testId="565d726a-57cd-930c-ceb4-a1a2dd715c10" executionId="df85238b-f53a-45c9-a663-28bc9f5ad146" testListId="8c84fa94-04c1-424b-9868-57a2d4851a1d" />
    <TestEntry testId="e486ad54-fc26-2c45-e0bf-6b552e9ba90e" executionId="93d758ba-7e54-41cc-a114-bf6a8fca9f8c" testListId="8c84fa94-04c1-424b-9868-57a2d4851a1d" />
    <TestEntry testId="0edaefe4-145e-9de3-87bc-8ea77b0873a6" executionId="0842dc15-a52e-4b82-8384-c633be2c225e" testListId="8c84fa94-04c1-424b-9868-57a2d4851a1d" />
    <TestEntry testId="6e852236-0c88-018a-0cda-c20c9d670cde" executionId="80c92e62-b6bd-4d15-8d69-ba3b23a7f399" testListId="8c84fa94-04c1-424b-9868-57a2d4851a1d" />
    <TestEntry testId="de2aa889-df1e-1735-8897-080945eebf09" executionId="27aa7d14-38eb-4892-a014-020375bc5b42" testListId="8c84fa94-04c1-424b-9868-57a2d4851a1d" />
    <TestEntry testId="142b8174-dab3-2930-d4ea-685b78a458b1" executionId="450e2c2a-54cb-401b-89aa-4f93ac68cb61" testListId="8c84fa94-04c1-424b-9868-57a2d4851a1d" />
    <TestEntry testId="40872aba-7b24-6438-784f-574edde3483b" executionId="6f559091-c8ac-49d7-bb8b-771168d08c6b" testListId="8c84fa94-04c1-424b-9868-57a2d4851a1d" />
    <TestEntry testId="03ea6b37-37bc-78e7-f506-5e35d803743f" executionId="b9a50696-fb69-4de5-bfb4-8abfddcffcb3" testListId="8c84fa94-04c1-424b-9868-57a2d4851a1d" />
    <TestEntry testId="acb8a16a-9096-81d4-19e1-79d4be71f156" executionId="475b4059-9d0d-4f7d-9b78-3c79fd4eebf9" testListId="8c84fa94-04c1-424b-9868-57a2d4851a1d" />
    <TestEntry testId="42f33fd0-f622-09ab-50a0-93e8c3cf1e04" executionId="292e45bb-0d06-465a-85b7-be0c0e235339" testListId="8c84fa94-04c1-424b-9868-57a2d4851a1d" />
    <TestEntry testId="20234ea1-9d01-b0d5-32da-28b6f786eb07" executionId="e6c87c92-aaaf-4a64-86cd-7f8c964380be" testListId="8c84fa94-04c1-424b-9868-57a2d4851a1d" />
    <TestEntry testId="4493ef41-8631-3643-2a7c-54bee281ae8e" executionId="cbb34f93-691b-40b5-afe7-154d4afa6325" testListId="8c84fa94-04c1-424b-9868-57a2d4851a1d" />
    <TestEntry testId="7c53796d-baaa-ffe2-f6c6-8bb58d2e628d" executionId="cf6e6900-8448-4a56-88ae-eff584cbec41" testListId="8c84fa94-04c1-424b-9868-57a2d4851a1d" />
    <TestEntry testId="61e3a674-580c-740d-d4e8-c56714415294" executionId="559c6ec0-c50c-41da-8774-270854ab085a" testListId="8c84fa94-04c1-424b-9868-57a2d4851a1d" />
    <TestEntry testId="d5167bd1-2558-05f0-ca1f-2dc858092cd1" executionId="20920afc-9474-4d4c-b501-dd9d6c90f0df" testListId="8c84fa94-04c1-424b-9868-57a2d4851a1d" />
    <TestEntry testId="fe46b487-44ed-7135-e3f6-0f6379a362aa" executionId="73c358e6-c829-468a-b8ef-f92f6b70c4f3" testListId="8c84fa94-04c1-424b-9868-57a2d4851a1d" />
    <TestEntry testId="a694cc34-22e3-675d-b737-800dcd2d672a" executionId="03d7433d-e2ff-4e8e-9cce-8b177aa43244" testListId="8c84fa94-04c1-424b-9868-57a2d4851a1d" />
    <TestEntry testId="56dd5a81-8ed0-f0e4-1a8b-be8c8675bad9" executionId="926ec88e-252e-4ac0-9a7d-c3da35a3ed67" testListId="8c84fa94-04c1-424b-9868-57a2d4851a1d" />
    <TestEntry testId="f3483ba0-41ea-8386-c8e5-7c13f91600dc" executionId="eab2de23-c0e1-46a0-8d0a-5e212864cc72" testListId="8c84fa94-04c1-424b-9868-57a2d4851a1d" />
    <TestEntry testId="2044b36c-f116-9ea5-d7d8-7d1d1af62fb0" executionId="caaa981b-62cc-4eff-8158-fea790dea6e6" testListId="8c84fa94-04c1-424b-9868-57a2d4851a1d" />
    <TestEntry testId="1fac4b9c-8048-c405-de05-76b3e15e5e0a" executionId="a58d8be2-5501-4924-b3bc-8c9015cd5697" testListId="8c84fa94-04c1-424b-9868-57a2d4851a1d" />
    <TestEntry testId="1796f645-8b16-71bb-d292-1c36a2024e42" executionId="a6f1e882-1e3a-42a2-999d-689579722c14" testListId="8c84fa94-04c1-424b-9868-57a2d4851a1d" />
    <TestEntry testId="82d2d7ad-68a5-ce9e-76ba-19dc87ed0907" executionId="77bc32cc-c62d-4aa4-ae72-5d72acf428a5" testListId="8c84fa94-04c1-424b-9868-57a2d4851a1d" />
    <TestEntry testId="3424f92b-8456-2c03-6788-0ab9892bd909" executionId="8a5c960f-743f-4dbd-812a-065f86875d11" testListId="8c84fa94-04c1-424b-9868-57a2d4851a1d" />
    <TestEntry testId="b4f51d6b-39f6-55fb-6c23-66aa8b918714" executionId="ea31e75f-c4f6-4c27-a06f-b66ce47400b6" testListId="8c84fa94-04c1-424b-9868-57a2d4851a1d" />
    <TestEntry testId="8f7c295d-3228-d741-c6d3-c8d89ea7e629" executionId="90077ce0-e613-479f-9b98-76a3348590c4" testListId="8c84fa94-04c1-424b-9868-57a2d4851a1d" />
    <TestEntry testId="697b3a06-0b12-1cce-cacf-5cb180a54357" executionId="ca96a42c-6fc4-4078-94e2-bf94533d66b3" testListId="8c84fa94-04c1-424b-9868-57a2d4851a1d" />
    <TestEntry testId="1225ab9f-ef3d-4f03-79e8-963f6e50e1c3" executionId="0d05a95f-c246-4dba-899b-aa50d7647c12" testListId="8c84fa94-04c1-424b-9868-57a2d4851a1d" />
    <TestEntry testId="3aa50cfa-7880-3eef-aa2d-20dc96e43b21" executionId="a7cc0311-833e-4028-958b-ad54d4b3f3f0" testListId="8c84fa94-04c1-424b-9868-57a2d4851a1d" />
    <TestEntry testId="cac9eebb-61c4-6bac-5fb1-b1ac8b6c3e5c" executionId="4761ca79-cf03-4c07-8169-f34ea8476cbe" testListId="8c84fa94-04c1-424b-9868-57a2d4851a1d" />
    <TestEntry testId="cacb96c8-9e9a-275f-9646-dd49f872c69f" executionId="37d74111-e001-4da4-8586-b6f442c59eb1" testListId="8c84fa94-04c1-424b-9868-57a2d4851a1d" />
    <TestEntry testId="9d3a28a5-fa91-61cc-65b9-d549efe7cf4f" executionId="e35e01c6-daee-4d9b-81dc-a52e56f1ea76" testListId="8c84fa94-04c1-424b-9868-57a2d4851a1d" />
    <TestEntry testId="4389c331-d3ba-9964-a63a-052cd795e8bf" executionId="3cfc865d-d1d9-4243-a754-0678d22ac470" testListId="8c84fa94-04c1-424b-9868-57a2d4851a1d" />
    <TestEntry testId="fadbdb55-71cf-fe69-2d53-7735304057e4" executionId="98889dc8-8f4b-4cff-98af-4096cfe836b4" testListId="8c84fa94-04c1-424b-9868-57a2d4851a1d" />
    <TestEntry testId="9e8825b3-a317-a4e3-678c-83c16fbe898e" executionId="8343cf9f-531d-458e-840d-9c417c0a0d9b" testListId="8c84fa94-04c1-424b-9868-57a2d4851a1d" />
    <TestEntry testId="b3175232-28fe-605e-6ce3-ed9ebd658616" executionId="a7da4109-0832-4e61-bbdc-102fc8403693" testListId="8c84fa94-04c1-424b-9868-57a2d4851a1d" />
    <TestEntry testId="65ec0817-822c-cb25-3277-54e174d7f30d" executionId="d70ce294-2b60-458a-8f26-89d2a23c332f" testListId="8c84fa94-04c1-424b-9868-57a2d4851a1d" />
    <TestEntry testId="3acdf971-8ab2-25bd-298d-b6ecb05fcbf1" executionId="37356d5e-1104-480b-99c0-8551c4c008ff" testListId="8c84fa94-04c1-424b-9868-57a2d4851a1d" />
    <TestEntry testId="60effcf4-9d8e-79e2-7a78-30ae2c40f4d2" executionId="453bbf69-100c-4856-9fad-1bf3bfb80428" testListId="8c84fa94-04c1-424b-9868-57a2d4851a1d" />
    <TestEntry testId="60fe7637-0844-bb7e-b0d8-dd3b5e263b82" executionId="de12b3ab-d6e2-4fe1-89e3-4effdeb43f62" testListId="8c84fa94-04c1-424b-9868-57a2d4851a1d" />
    <TestEntry testId="aa6f7a06-ccd2-70f8-1393-ab663f014a27" executionId="c296a425-72fb-4369-89dc-c2f6dff72071" testListId="8c84fa94-04c1-424b-9868-57a2d4851a1d" />
    <TestEntry testId="c12f224e-c830-5e3a-683e-7ac0b30037fd" executionId="39e16ca0-ec79-460f-88b6-5ae929ad33e4" testListId="8c84fa94-04c1-424b-9868-57a2d4851a1d" />
    <TestEntry testId="411c93c6-1544-a320-667b-e8731284f1ec" executionId="cb7b4259-cc59-474e-bb36-593633b02396" testListId="8c84fa94-04c1-424b-9868-57a2d4851a1d" />
    <TestEntry testId="1f4d1da4-99c4-9245-4bb3-e3841469e1bf" executionId="fe364383-7485-47b6-a860-3f00d1a409c2" testListId="8c84fa94-04c1-424b-9868-57a2d4851a1d" />
    <TestEntry testId="fe40d678-0c16-9c55-5aef-ead857f164fe" executionId="490d9d20-1254-432c-968d-17ff066edb71" testListId="8c84fa94-04c1-424b-9868-57a2d4851a1d" />
    <TestEntry testId="31dd7fa2-3189-00eb-46ec-ef54ebcece11" executionId="f5712ae0-e7cf-4614-b8ed-e7e10b3afc13" testListId="8c84fa94-04c1-424b-9868-57a2d4851a1d" />
    <TestEntry testId="af3db752-fa86-159a-3c9d-e74009589d1d" executionId="9d36c440-d368-40d0-86ea-fe3cbe5ee217" testListId="8c84fa94-04c1-424b-9868-57a2d4851a1d" />
    <TestEntry testId="3b907429-fe76-b407-4e7d-f8d6f5f2664e" executionId="582c8df4-caf1-4fae-bfea-4158a06c1ca6" testListId="8c84fa94-04c1-424b-9868-57a2d4851a1d" />
    <TestEntry testId="f87726db-03c1-f5a3-6671-e1383842d2db" executionId="04267249-3108-4481-97e4-a3479d9a5a2e" testListId="8c84fa94-04c1-424b-9868-57a2d4851a1d" />
    <TestEntry testId="9936407e-a840-dd92-c2b6-2c34a3510684" executionId="0af60dee-1847-4e86-9494-4fe87c7f7d75" testListId="8c84fa94-04c1-424b-9868-57a2d4851a1d" />
    <TestEntry testId="abdf25e5-37e9-0fc2-5b42-43a3c9ca77bc" executionId="57210a59-70e6-4d66-bf9e-2f9131d7232e" testListId="8c84fa94-04c1-424b-9868-57a2d4851a1d" />
    <TestEntry testId="adf4f18f-5d02-e54b-9f2e-411f5bacd86e" executionId="b913c755-cd86-479c-9126-27c9c85d4496" testListId="8c84fa94-04c1-424b-9868-57a2d4851a1d" />
    <TestEntry testId="2954df15-aa7f-cd2b-1a0e-1fb94729d5e8" executionId="4c2326c0-b444-499f-9803-a456a721466a" testListId="8c84fa94-04c1-424b-9868-57a2d4851a1d" />
    <TestEntry testId="c01e1448-1f16-1c94-b77a-cf6a0a9392ac" executionId="df668db3-b17f-4d40-8ac4-7e79cfdaf5e5" testListId="8c84fa94-04c1-424b-9868-57a2d4851a1d" />
    <TestEntry testId="dec06d2b-4bf2-8a31-6227-ad5d1dae1d33" executionId="afd1ac16-bb7c-4bd0-8450-8b564e69f008" testListId="8c84fa94-04c1-424b-9868-57a2d4851a1d" />
  </TestEntries>
  <TestLists>
    <TestList name="列表中未列出的结果" id="8c84fa94-04c1-424b-9868-57a2d4851a1d" />
    <TestList name="所有已加载的结果" id="19431567-8539-422a-85d7-44ee4e166bda" />
  </TestLists>
  <ResultSummary outcome="Completed">
    <Counters total="541" executed="541" passed="541" failed="0" error="0" timeout="0" aborted="0" inconclusive="0" passedButRunAborted="0" notRunnable="0" notExecuted="0" disconnected="0" warning="0" completed="0" inProgress="0" pending="0" />
    <Output>
      <StdOut>[xUnit.net 00:00:00.00] xUnit.net VSTest Adapter v3.1.5+1b188a7b0a (64-bit .NET 10.0.11)&#xD;
[xUnit.net 00:00:00.26]   Discovering: MusicNetEasePlugin.Tests&#xD;
[xUnit.net 00:00:00.36]   Discovered:  MusicNetEasePlugin.Tests&#xD;
[xUnit.net 00:00:00.44]   Starting:    MusicNetEasePlugin.Tests&#xD;
[000001f0a96f0e40] cache_read stream error: cannot pre fill buffer&#xD;
[000001f0a796ff20] mjpeg demux error: cannot peek&#xD;
[000001f0a95a2d60] main input error: Your input can't be opened&#xD;
[000001f0a95a2d60] main input error: VLC is unable to open the MRL 'file:///C:/Users/crown/AppData/Local/Temp/netease-m1-tests/036f8da6abb84c5baa0623fde991bbb7/invalid.mp3'. Check the log for details.&#xD;
[xUnit.net 00:00:36.00]   Finished:    MusicNetEasePlugin.Tests&#xD;
</StdOut>
    </Output>
  </ResultSummary>
</TestRun>