<?xml version="1.0" encoding="utf-8"?>
<TestRun id="b8b2ad05-1a5a-430f-9b59-6dbd280864d2" name="crown@GAOXU 2026-09-23 20:05:23" runUser="GAOXU\crown" xmlns="http://microsoft.com/schemas/VisualStudio/TeamTest/2010">
  <Times creation="2026-09-23T20:05:23.2027170+08:00" queuing="2026-09-23T20:05:23.2027177+08:00" start="2026-09-23T20:05:22.4020199+08:00" finish="2026-09-23T20:05:50.2525140+08:00" />
  <TestSettings name="default" id="35c351ba-1c11-40b0-a94f-99e0da128ba5">
    <Deployment runDeploymentRoot="crown_GAOXU_2026-09-23_20_05_23" />
  </TestSettings>
  <Results>
    <UnitTestResult executionId="18aa4b55-6750-4ca3-82c1-e591385c5bde" testId="acb3a69f-e870-4d8d-d806-24840854a41a" testName="MusicNetEasePlugin.Tests.LightweightStateTests.歌单过滤只针对已加载项且行播放保留队列和返回详情状态" computerName="GAOXU" duration="00:00:00.0388685" startTime="2026-09-23T20:05:23.2742748+08:00" endTime="2026-09-23T20:05:23.3138747+08:00" testType="13cdc9d9-ddb5-4fa4-a97d-d965ccfc6d4b" outcome="Passed" testListId="8c84fa94-04c1-424b-9868-57a2d4851a1d" relativeResultsDirectory="18aa4b55-6750-4ca3-82c1-e591385c5bde" />
    <UnitTestResult executionId="26539dc4-d357-4747-9ece-bd5aad4af5fa" testId="1225ab9f-ef3d-4f03-79e8-963f6e50e1c3" testName="MusicNetEasePlugin.Tests.HttpTests.超时取消和重定向都不会误报成功" computerName="GAOXU" duration="00:00:00.0024746" startTime="2026-09-23T20:05:23.3292571+08:00" endTime="2026-09-23T20:05:23.3311646+08:00" testType="13cdc9d9-ddb5-4fa4-a97d-d965ccfc6d4b" outcome="Passed" testListId="8c84fa94-04c1-424b-9868-57a2d4851a1d" relativeResultsDirectory="26539dc4-d357-4747-9ece-bd5aad4af5fa" />
    <UnitTestResult executionId="69e27d13-9e85-425e-bca1-92bc4431d979" testId="87c42c11-b06a-e884-b533-f5bd55b05a83" testName="MusicNetEasePlugin.Tests.ProtocolTests.明文及加密响应都可解释而无效密文拒绝" computerName="GAOXU" duration="00:00:00.0200774" startTime="2026-09-23T20:05:23.1387739+08:00" endTime="2026-09-23T20:05:23.1566702+08:00" testType="13cdc9d9-ddb5-4fa4-a97d-d965ccfc6d4b" outcome="Passed" testListId="8c84fa94-04c1-424b-9868-57a2d4851a1d" relativeResultsDirectory="69e27d13-9e85-425e-bca1-92bc4431d979" />
    <UnitTestResult executionId="34c7779b-95e9-4c9f-a823-9548a65958f7" testId="913543d9-9a7f-6d2f-32c5-a6a3a67f5c7c" testName="MusicNetEasePlugin.Tests.WeChatLoginTests.微信状态不会误用网易App业务码(code: 402, expected: Expired)" computerName="GAOXU" duration="00:00:00.0014330" startTime="2026-09-23T20:05:23.3506689+08:00" endTime="2026-09-23T20:05:23.3516475+08:00" testType="13cdc9d9-ddb5-4fa4-a97d-d965ccfc6d4b" outcome="Passed" testListId="8c84fa94-04c1-424b-9868-57a2d4851a1d" relativeResultsDirectory="34c7779b-95e9-4c9f-a823-9548a65958f7" />
    <UnitTestResult executionId="fa8fb6df-aad5-4d27-b5b1-2848ea06524b" testId="6773640e-019a-aa34-3a85-cb97f2534d7a" testName="MusicNetEasePlugin.Tests.PlaylistTests.从选中位置播放接纳整单且刷新不会改写已接纳队列" computerName="GAOXU" duration="00:00:00.0398721" startTime="2026-09-23T20:05:23.3635763+08:00" endTime="2026-09-23T20:05:23.4041603+08:00" testType="13cdc9d9-ddb5-4fa4-a97d-d965ccfc6d4b" outcome="Passed" testListId="8c84fa94-04c1-424b-9868-57a2d4851a1d" relativeResultsDirectory="fa8fb6df-aad5-4d27-b5b1-2848ea06524b" />
    <UnitTestResult executionId="5528cbb1-f242-4a71-8497-54f3a36319d4" testId="78db4e9d-7a4b-1cce-e36a-2089a74e6783" testName="MusicNetEasePlugin.Tests.V6InteractionTests.歌单头区分总数本页与缓存并保持翻页简介及准确追加反馈" computerName="GAOXU" duration="00:00:00.0133737" startTime="2026-09-23T20:05:23.3239452+08:00" endTime="2026-09-23T20:05:23.3419268+08:00" testType="13cdc9d9-ddb5-4fa4-a97d-d965ccfc6d4b" outcome="Passed" testListId="8c84fa94-04c1-424b-9868-57a2d4851a1d" relativeResultsDirectory="5528cbb1-f242-4a71-8497-54f3a36319d4" />
    <UnitTestResult executionId="df02710c-e94d-41bf-a893-5c214a2e51f1" testId="03ea6b37-37bc-78e7-f506-5e35d803743f" testName="MusicNetEasePlugin.Tests.LightweightInteractionTests.账号菜单打开同一设置模型且故障提示和返回焦点可用(dark: True)" computerName="GAOXU" duration="00:00:00.1995469" startTime="2026-09-23T20:05:35.2918826+08:00" endTime="2026-09-23T20:05:35.4917318+08:00" testType="13cdc9d9-ddb5-4fa4-a97d-d965ccfc6d4b" outcome="Passed" testListId="8c84fa94-04c1-424b-9868-57a2d4851a1d" relativeResultsDirectory="df02710c-e94d-41bf-a893-5c214a2e51f1" />
    <UnitTestResult executionId="6b926730-638f-441f-b73c-602a303c0be7" testId="d20bd345-e030-0aab-a775-cd0c28be2d00" testName="MusicNetEasePlugin.Tests.PlaybackCoordinatorTests.账号撤销取消加载并清除曲目且关闭无关页面不停止当前歌曲" computerName="GAOXU" duration="00:00:00.0030963" startTime="2026-09-23T20:05:23.9751924+08:00" endTime="2026-09-23T20:05:23.9779410+08:00" testType="13cdc9d9-ddb5-4fa4-a97d-d965ccfc6d4b" outcome="Passed" testListId="8c84fa94-04c1-424b-9868-57a2d4851a1d" relativeResultsDirectory="6b926730-638f-441f-b73c-602a303c0be7" />
    <UnitTestResult executionId="239816cb-8884-4f69-9087-bba8985472a4" testId="b79184dc-13c4-dd29-8a4a-480fd9952224" testName="MusicNetEasePlugin.Tests.NativeSeekTests.静默恢复首次继续才解码且按真实长度校正起点(target: 12000, reset: True)" computerName="GAOXU" duration="00:00:00.2857334" startTime="2026-09-23T20:05:47.7890521+08:00" endTime="2026-09-23T20:05:48.0751966+08:00" testType="13cdc9d9-ddb5-4fa4-a97d-d965ccfc6d4b" outcome="Passed" testListId="8c84fa94-04c1-424b-9868-57a2d4851a1d" relativeResultsDirectory="239816cb-8884-4f69-9087-bba8985472a4" />
    <UnitTestResult executionId="53cf2c84-4ed7-4424-8896-bbeaf048caa3" testId="16d1d54b-4440-3801-1e6b-9c5bd30567d9" testName="MusicNetEasePlugin.Tests.PlaybackCoordinatorTests.快速三次切歌只允许最终意图打开音源(stage: &quot;resource&quot;)" computerName="GAOXU" duration="00:00:00.0023637" startTime="2026-09-23T20:05:23.4078130+08:00" endTime="2026-09-23T20:05:23.4098862+08:00" testType="13cdc9d9-ddb5-4fa4-a97d-d965ccfc6d4b" outcome="Passed" testListId="8c84fa94-04c1-424b-9868-57a2d4851a1d" relativeResultsDirectory="53cf2c84-4ed7-4424-8896-bbeaf048caa3" />
    <UnitTestResult executionId="ffe11f9e-4126-4be8-8bc0-e2de95e57a94" testId="cf8dd341-7a62-44ae-fce7-789e0a15d15b" testName="MusicNetEasePlugin.Tests.DailyPlayerUiTests.生产进度滑块键盘合并提交且换曲取消鼠标草稿" computerName="GAOXU" duration="00:00:00.2270944" startTime="2026-09-23T20:05:43.6743445+08:00" endTime="2026-09-23T20:05:43.9017415+08:00" testType="13cdc9d9-ddb5-4fa4-a97d-d965ccfc6d4b" outcome="Passed" testListId="8c84fa94-04c1-424b-9868-57a2d4851a1d" relativeResultsDirectory="ffe11f9e-4126-4be8-8bc0-e2de95e57a94" />
    <UnitTestResult executionId="ae83811e-d636-4f06-93cc-57e641640912" testId="d7d135c6-ff9c-24e2-ab77-b4a638460b31" testName="MusicNetEasePlugin.Tests.LightweightPlaybackTests.当前同曲继续而不重复入队或从头播放" computerName="GAOXU" duration="00:00:00.0121826" startTime="2026-09-23T20:05:23.3516010+08:00" endTime="2026-09-23T20:05:23.3754461+08:00" testType="13cdc9d9-ddb5-4fa4-a97d-d965ccfc6d4b" outcome="Passed" testListId="8c84fa94-04c1-424b-9868-57a2d4851a1d" relativeResultsDirectory="ae83811e-d636-4f06-93cc-57e641640912" />
    <UnitTestResult executionId="89455ece-30da-49ff-a7d4-9f3f2a6e9eaa" testId="acb640fe-e2b8-c2e5-1cd9-174497c01c4b" testName="MusicNetEasePlugin.Tests.QueueTests.优先段保持操作顺序且重复歌曲有独立身份(mode: Sequential)" computerName="GAOXU" duration="00:00:00.0000133" startTime="2026-09-23T20:05:23.5290928+08:00" endTime="2026-09-23T20:05:23.5291145+08:00" testType="13cdc9d9-ddb5-4fa4-a97d-d965ccfc6d4b" outcome="Passed" testListId="8c84fa94-04c1-424b-9868-57a2d4851a1d" relativeResultsDirectory="89455ece-30da-49ff-a7d4-9f3f2a6e9eaa" />
    <UnitTestResult executionId="2c10635e-0024-443f-84a9-673cbee13eb6" testId="56aa16a0-c1aa-6151-409b-0274e12d2261" testName="MusicNetEasePlugin.Tests.MediaBufferTests.非许可源在请求前拒绝(url: &quot;https://music.126.net.evil.test/file&quot;)" computerName="GAOXU" duration="00:00:00.0005337" startTime="2026-09-23T20:05:23.7432451+08:00" endTime="2026-09-23T20:05:23.7436891+08:00" testType="13cdc9d9-ddb5-4fa4-a97d-d965ccfc6d4b" outcome="Passed" testListId="8c84fa94-04c1-424b-9868-57a2d4851a1d" relativeResultsDirectory="2c10635e-0024-443f-84a9-673cbee13eb6" />
    <UnitTestResult executionId="46db28fe-f3b1-4274-83b9-052124b16d07" testId="db7dde21-7386-f74f-d3fd-59228441dbe4" testName="MusicNetEasePlugin.Tests.SeekingTests.定位等待时新目标胜出且换曲拒绝旧控制" computerName="GAOXU" duration="00:00:00.0066082" startTime="2026-09-23T20:05:23.4275163+08:00" endTime="2026-09-23T20:05:23.4410144+08:00" testType="13cdc9d9-ddb5-4fa4-a97d-d965ccfc6d4b" outcome="Passed" testListId="8c84fa94-04c1-424b-9868-57a2d4851a1d" relativeResultsDirectory="46db28fe-f3b1-4274-83b9-052124b16d07" />
    <UnitTestResult executionId="c552a813-29b4-4c3c-b6e7-bc42978eb25e" testId="4389c331-d3ba-9964-a63a-052cd795e8bf" testName="MusicNetEasePlugin.Tests.PlaybackStateStoreTests.损坏未知版本身份及数值越界保留原文件(kind: &quot;huge&quot;)" computerName="GAOXU" duration="00:00:00.1102721" startTime="2026-09-23T20:05:23.3876059+08:00" endTime="2026-09-23T20:05:23.4982111+08:00" testType="13cdc9d9-ddb5-4fa4-a97d-d965ccfc6d4b" outcome="Passed" testListId="8c84fa94-04c1-424b-9868-57a2d4851a1d" relativeResultsDirectory="c552a813-29b4-4c3c-b6e7-bc42978eb25e" />
    <UnitTestResult executionId="9bc88daf-0d31-4830-b88c-15fdcc5a4632" testId="dd80be1e-a7c7-8287-99f4-1b09e9a2dd07" testName="MusicNetEasePlugin.Tests.PlaybackUiTests.真实音乐视图和设置视图重复重挂保留状态及草稿" computerName="GAOXU" duration="00:00:00.4792378" startTime="2026-09-23T20:05:34.6730758+08:00" endTime="2026-09-23T20:05:35.1524964+08:00" testType="13cdc9d9-ddb5-4fa4-a97d-d965ccfc6d4b" outcome="Passed" testListId="8c84fa94-04c1-424b-9868-57a2d4851a1d" relativeResultsDirectory="9bc88daf-0d31-4830-b88c-15fdcc5a4632" />
    <UnitTestResult executionId="580df867-fdff-472a-b3c0-93ffc557ff78" testId="f8cc7f1f-7dce-be24-2d2f-8187d915d437" testName="MusicNetEasePlugin.Tests.HttpTests.HTTP成功与扫码业务状态分开解释(code: 803, expected: Authorized)" computerName="GAOXU" duration="00:00:00.0034815" startTime="2026-09-23T20:05:23.2926298+08:00" endTime="2026-09-23T20:05:23.2948042+08:00" testType="13cdc9d9-ddb5-4fa4-a97d-d965ccfc6d4b" outcome="Passed" testListId="8c84fa94-04c1-424b-9868-57a2d4851a1d" relativeResultsDirectory="580df867-fdff-472a-b3c0-93ffc557ff78" />
    <UnitTestResult executionId="92c08957-ba79-47e6-8576-5f3ebfa548e4" testId="5bbfc77d-4c58-1202-520b-694de13d9a19" testName="MusicNetEasePlugin.Tests.UiPreferencesTests.偏好独立原子保存且取消不覆盖旧文件" computerName="GAOXU" duration="00:00:00.0292237" startTime="2026-09-23T20:05:23.2317637+08:00" endTime="2026-09-23T20:05:23.2637377+08:00" testType="13cdc9d9-ddb5-4fa4-a97d-d965ccfc6d4b" outcome="Passed" testListId="8c84fa94-04c1-424b-9868-57a2d4851a1d" relativeResultsDirectory="92c08957-ba79-47e6-8576-5f3ebfa548e4" />
    <UnitTestResult executionId="e0e4e656-b503-494c-adb3-e224e152d025" testId="42f33fd0-f622-09ab-50a0-93e8c3cf1e04" testName="MusicNetEasePlugin.Tests.HttpTests.取消令牌贯穿在途Flurl请求且无底层异常泄露" computerName="GAOXU" duration="00:00:00.0355523" startTime="2026-09-23T20:05:23.3429089+08:00" endTime="2026-09-23T20:05:23.3789458+08:00" testType="13cdc9d9-ddb5-4fa4-a97d-d965ccfc6d4b" outcome="Passed" testListId="8c84fa94-04c1-424b-9868-57a2d4851a1d" relativeResultsDirectory="e0e4e656-b503-494c-adb3-e224e152d025" />
    <UnitTestResult executionId="64ce3ca0-ce13-41c5-918e-f56f8b4249d7" testId="acdf107b-3b11-ca68-c2cc-16ce56f9d1bd" testName="MusicNetEasePlugin.Tests.SessionStoreTests.本机当前用户保护可以往返且损坏密文拒绝" computerName="GAOXU" duration="00:00:00.0171087" startTime="2026-09-23T20:05:23.3418806+08:00" endTime="2026-09-23T20:05:23.3579244+08:00" testType="13cdc9d9-ddb5-4fa4-a97d-d965ccfc6d4b" outcome="Passed" testListId="8c84fa94-04c1-424b-9868-57a2d4851a1d" relativeResultsDirectory="64ce3ca0-ce13-41c5-918e-f56f8b4249d7" />
    <UnitTestResult executionId="1390efe1-7ed4-44ab-ad78-4d50697f65ae" testId="78678cfb-0f91-11b0-66fc-5adbe48c1334" testName="MusicNetEasePlugin.Tests.V6InteractionTests.时间预览不提交定位且未知时长与切歌清除草稿" computerName="GAOXU" duration="00:00:00.0179285" startTime="2026-09-23T20:05:23.3420435+08:00" endTime="2026-09-23T20:05:23.3621698+08:00" testType="13cdc9d9-ddb5-4fa4-a97d-d965ccfc6d4b" outcome="Passed" testListId="8c84fa94-04c1-424b-9868-57a2d4851a1d" relativeResultsDirectory="1390efe1-7ed4-44ab-ad78-4d50697f65ae" />
    <UnitTestResult executionId="76f0379d-96d6-4105-9841-0da1888aeb82" testId="034a15c9-6bf0-82cc-8873-b83a355c0236" testName="MusicNetEasePlugin.Tests.PlaybackPersistenceTests.损坏文件不被初始化或音量覆盖但明确新建队列允许保存" computerName="GAOXU" duration="00:00:00.0035375" startTime="2026-09-23T20:05:23.5193545+08:00" endTime="2026-09-23T20:05:23.5233125+08:00" testType="13cdc9d9-ddb5-4fa4-a97d-d965ccfc6d4b" outcome="Passed" testListId="8c84fa94-04c1-424b-9868-57a2d4851a1d" relativeResultsDirectory="76f0379d-96d6-4105-9841-0da1888aeb82" />
    <UnitTestResult executionId="b58015d6-fc53-4e30-ae1b-d1b9e4b089c7" testId="d3abd814-d35e-9c1b-6168-a2ecfdd094b3" testName="MusicNetEasePlugin.Tests.LoginFailureTests.账号检查中退出后迟到账号不能被保存且取消的退出仍清理磁盘" computerName="GAOXU" duration="00:00:00.0051791" startTime="2026-09-23T20:05:23.4537184+08:00" endTime="2026-09-23T20:05:23.4592535+08:00" testType="13cdc9d9-ddb5-4fa4-a97d-d965ccfc6d4b" outcome="Passed" testListId="8c84fa94-04c1-424b-9868-57a2d4851a1d" relativeResultsDirectory="b58015d6-fc53-4e30-ae1b-d1b9e4b089c7" />
    <UnitTestResult executionId="56a1657b-77a1-4144-8d35-82b98bb3bce5" testId="e069a589-e848-2db0-a181-9137af2b2900" testName="MusicNetEasePlugin.Tests.MediaBufferTests.长度不可信和非媒体响应不能发布半成品(kind: &quot;actual&quot;)" computerName="GAOXU" duration="00:00:00.0032603" startTime="2026-09-23T20:05:23.7356696+08:00" endTime="2026-09-23T20:05:23.7392322+08:00" testType="13cdc9d9-ddb5-4fa4-a97d-d965ccfc6d4b" outcome="Passed" testListId="8c84fa94-04c1-424b-9868-57a2d4851a1d" relativeResultsDirectory="56a1657b-77a1-4144-8d35-82b98bb3bce5" />
    <UnitTestResult executionId="7264888e-ff0a-4a09-9286-14e85cd0ada2" testId="38b64109-bdbb-6e9f-d3ff-acc3506e6e7e" testName="MusicNetEasePlugin.Tests.MusicHttpTests.真实握手串行初始化且协议会话仅在同账号内复用" computerName="GAOXU" duration="00:00:00.0297716" startTime="2026-09-23T20:05:23.3751755+08:00" endTime="2026-09-23T20:05:23.4049940+08:00" testType="13cdc9d9-ddb5-4fa4-a97d-d965ccfc6d4b" outcome="Passed" testListId="8c84fa94-04c1-424b-9868-57a2d4851a1d" relativeResultsDirectory="7264888e-ff0a-4a09-9286-14e85cd0ada2" />
    <UnitTestResult executionId="3f7b0758-7094-4ba5-bb10-3935c3845b9d" testId="260c1508-6bbf-ac79-2132-fc569cecaa86" testName="MusicNetEasePlugin.Tests.MediaBufferTests.各阶段超时与主动取消都会关闭响应及清理文件(mode: &quot;total&quot;)" computerName="GAOXU" duration="00:00:00.0641203" startTime="2026-09-23T20:05:23.5891846+08:00" endTime="2026-09-23T20:05:23.6544356+08:00" testType="13cdc9d9-ddb5-4fa4-a97d-d965ccfc6d4b" outcome="Passed" testListId="8c84fa94-04c1-424b-9868-57a2d4851a1d" relativeResultsDirectory="3f7b0758-7094-4ba5-bb10-3935c3845b9d" />
    <UnitTestResult executionId="9d2ce1d2-1707-41dd-aab9-ec5b37ce08c3" testId="c9bb0066-eb02-41fa-a630-610dbe5403b1" testName="MusicNetEasePlugin.Tests.LightweightResourceTests.压缩缓存按字节和条数淘汰且超大响应不驻留" computerName="GAOXU" duration="00:00:00.0457544" startTime="2026-09-23T20:05:23.3578628+08:00" endTime="2026-09-23T20:05:23.4038337+08:00" testType="13cdc9d9-ddb5-4fa4-a97d-d965ccfc6d4b" outcome="Passed" testListId="8c84fa94-04c1-424b-9868-57a2d4851a1d" relativeResultsDirectory="9d2ce1d2-1707-41dd-aab9-ec5b37ce08c3" />
    <UnitTestResult executionId="a4aae661-21f7-49ff-828a-01cd05b95e9d" testId="28b3f0cb-22f0-9faa-b1ef-81036c1808af" testName="MusicNetEasePlugin.Tests.PlaybackPersistenceTests.只有非定位正常推进登记历史且重播去重和上限二百" computerName="GAOXU" duration="00:00:00.0719072" startTime="2026-09-23T20:05:23.3797557+08:00" endTime="2026-09-23T20:05:23.4534336+08:00" testType="13cdc9d9-ddb5-4fa4-a97d-d965ccfc6d4b" outcome="Passed" testListId="8c84fa94-04c1-424b-9868-57a2d4851a1d" relativeResultsDirectory="a4aae661-21f7-49ff-828a-01cd05b95e9d" />
    <UnitTestResult executionId="44c7371a-698b-40bb-88cd-0edc990ce173" testId="dec06d2b-4bf2-8a31-6227-ad5d1dae1d33" testName="MusicNetEasePlugin.Tests.QueueTests.队列停止失败保持可见并允许再次停止释放文件" computerName="GAOXU" duration="00:00:00.0018257" startTime="2026-09-23T20:05:23.5400341+08:00" endTime="2026-09-23T20:05:23.5421728+08:00" testType="13cdc9d9-ddb5-4fa4-a97d-d965ccfc6d4b" outcome="Passed" testListId="8c84fa94-04c1-424b-9868-57a2d4851a1d" relativeResultsDirectory="44c7371a-698b-40bb-88cd-0edc990ce173" />
    <UnitTestResult executionId="7b1b79bd-e336-4a29-8700-480cbd95d6df" testId="f0febe31-df56-a808-ab63-db1c68b49823" testName="MusicNetEasePlugin.Tests.SessionStoreTests.取消保存不破坏旧文件并清理本次临时文件" computerName="GAOXU" duration="00:00:00.1482530" startTime="2026-09-23T20:05:23.1938942+08:00" endTime="2026-09-23T20:05:23.3412099+08:00" testType="13cdc9d9-ddb5-4fa4-a97d-d965ccfc6d4b" outcome="Passed" testListId="8c84fa94-04c1-424b-9868-57a2d4851a1d" relativeResultsDirectory="7b1b79bd-e336-4a29-8700-480cbd95d6df" />
    <UnitTestResult executionId="d2371a91-3195-4b64-8e4b-db4e94e8d980" testId="cb5c8bce-85d3-2fd6-39f8-4bb22db2a6b0" testName="MusicNetEasePlugin.Tests.MediaBufferTests.下载进度区分已知总长与未知长度且最后字节准确(known: True)" computerName="GAOXU" duration="00:00:00.0277438" startTime="2026-09-23T20:05:23.4417598+08:00" endTime="2026-09-23T20:05:23.4701944+08:00" testType="13cdc9d9-ddb5-4fa4-a97d-d965ccfc6d4b" outcome="Passed" testListId="8c84fa94-04c1-424b-9868-57a2d4851a1d" relativeResultsDirectory="d2371a91-3195-4b64-8e4b-db4e94e8d980" />
    <UnitTestResult executionId="83f8c1d7-077f-4ed3-9e78-c83d4716d607" testId="8bf965a7-cd1f-7097-0a6d-e700167d8cf1" testName="MusicNetEasePlugin.Tests.LyricsTests.损坏逐字轨道仅降级该轨道(yrc: &quot;[1000,1000](1000,700,0)前(1300,100,0)重叠&quot;)" computerName="GAOXU" duration="00:00:00.0614124" startTime="2026-09-23T20:05:23.2112473+08:00" endTime="2026-09-23T20:05:23.2682040+08:00" testType="13cdc9d9-ddb5-4fa4-a97d-d965ccfc6d4b" outcome="Passed" testListId="8c84fa94-04c1-424b-9868-57a2d4851a1d" relativeResultsDirectory="83f8c1d7-077f-4ed3-9e78-c83d4716d607" />
    <UnitTestResult executionId="01d13dcb-73e2-4690-9a83-b7a89eb61a2a" testId="3c043b14-19ce-b67f-9cb8-7bffc2c56818" testName="MusicNetEasePlugin.Tests.QueueTests.删除当前首中尾及唯一项遵守播放意图(state: Loading, index: 2)" computerName="GAOXU" duration="00:00:00.0012370" startTime="2026-09-23T20:05:23.4924382+08:00" endTime="2026-09-23T20:05:23.4937474+08:00" testType="13cdc9d9-ddb5-4fa4-a97d-d965ccfc6d4b" outcome="Passed" testListId="8c84fa94-04c1-424b-9868-57a2d4851a1d" relativeResultsDirectory="01d13dcb-73e2-4690-9a83-b7a89eb61a2a" />
    <UnitTestResult executionId="0c8ececc-8cbe-4185-ba8b-4b01b3c76284" testId="b950fd72-b55f-c40d-0a5b-03523cb35626" testName="MusicNetEasePlugin.Tests.LightweightArtworkTests.解码有界且跨页面租约共享和缓存清理不释放正在使用的位图" computerName="GAOXU" duration="00:00:00.0467655" startTime="2026-09-23T20:05:35.1526825+08:00" endTime="2026-09-23T20:05:35.1999529+08:00" testType="13cdc9d9-ddb5-4fa4-a97d-d965ccfc6d4b" outcome="Passed" testListId="8c84fa94-04c1-424b-9868-57a2d4851a1d" relativeResultsDirectory="0c8ececc-8cbe-4185-ba8b-4b01b3c76284" />
    <UnitTestResult executionId="f5a34747-98db-463b-bf30-37ed94a6d1da" testId="966c5499-2d3a-5377-8dd4-1899af81024f" testName="MusicNetEasePlugin.Tests.SeekingTests.不可重试错误只请求一次(kind: Protocol)" computerName="GAOXU" duration="00:00:00.0000206" startTime="2026-09-23T20:05:23.4265342+08:00" endTime="2026-09-23T20:05:23.4265780+08:00" testType="13cdc9d9-ddb5-4fa4-a97d-d965ccfc6d4b" outcome="Passed" testListId="8c84fa94-04c1-424b-9868-57a2d4851a1d" relativeResultsDirectory="f5a34747-98db-463b-bf30-37ed94a6d1da" />
    <UnitTestResult executionId="dfee2bd8-0435-4aba-87e2-bbe65b919721" testId="e99a4649-b76d-da94-c14e-c0ace4221b3f" testName="MusicNetEasePlugin.Tests.LibVlcSettingsTests.内置优先且回退保留内置失败诊断(builtin: False, configured: True, source: Configured)" computerName="GAOXU" duration="00:00:00.0014060" startTime="2026-09-23T20:05:23.1889203+08:00" endTime="2026-09-23T20:05:23.1932996+08:00" testType="13cdc9d9-ddb5-4fa4-a97d-d965ccfc6d4b" outcome="Passed" testListId="8c84fa94-04c1-424b-9868-57a2d4851a1d" relativeResultsDirectory="dfee2bd8-0435-4aba-87e2-bbe65b919721" />
    <UnitTestResult executionId="83351560-925c-4e86-b2af-a29c2ecb801f" testId="ac14e10c-141e-4c3c-67c8-08b0f66a195b" testName="MusicNetEasePlugin.Tests.PlaybackCoordinatorTests.只有明确地址过期重取一次且再次失败就结束(kind: AddressExpired, expected: 2)" computerName="GAOXU" duration="00:00:00.0013414" startTime="2026-09-23T20:05:23.9686342+08:00" endTime="2026-09-23T20:05:23.9703999+08:00" testType="13cdc9d9-ddb5-4fa4-a97d-d965ccfc6d4b" outcome="Passed" testListId="8c84fa94-04c1-424b-9868-57a2d4851a1d" relativeResultsDirectory="83351560-925c-4e86-b2af-a29c2ecb801f" />
    <UnitTestResult executionId="8b8bbcd2-63bc-4c13-a4dd-c5194247e033" testId="7d769a64-0709-9f91-0cd2-a011a7d03bd3" testName="MusicNetEasePlugin.Tests.MusicHttpTests.握手签名错误或取消都不能调用播放地址(cancel: False)" computerName="GAOXU" duration="00:00:00.0010230" startTime="2026-09-23T20:05:23.4106553+08:00" endTime="2026-09-23T20:05:23.4116208+08:00" testType="13cdc9d9-ddb5-4fa4-a97d-d965ccfc6d4b" outcome="Passed" testListId="8c84fa94-04c1-424b-9868-57a2d4851a1d" relativeResultsDirectory="8b8bbcd2-63bc-4c13-a4dd-c5194247e033" />
    <UnitTestResult executionId="3da74454-1261-4323-bad9-cf384da811fb" testId="40872aba-7b24-6438-784f-574edde3483b" testName="MusicNetEasePlugin.Tests.LightweightNavigationTests.队列跨断点保持单一导航且歌词返回原浏览页" computerName="GAOXU" duration="00:00:00.0013093" startTime="2026-09-23T20:05:23.4343401+08:00" endTime="2026-09-23T20:05:23.4346143+08:00" testType="13cdc9d9-ddb5-4fa4-a97d-d965ccfc6d4b" outcome="Passed" testListId="8c84fa94-04c1-424b-9868-57a2d4851a1d" relativeResultsDirectory="3da74454-1261-4323-bad9-cf384da811fb" />
    <UnitTestResult executionId="542c4c4a-92e8-4a23-a95e-c8781990ed09" testId="aa3b359a-1c86-4016-df2e-40dd34a53eb2" testName="MusicNetEasePlugin.Tests.QueueTests.优先段保持操作顺序且重复歌曲有独立身份(mode: RepeatOne)" computerName="GAOXU" duration="00:00:00.0000224" startTime="2026-09-23T20:05:23.5289925+08:00" endTime="2026-09-23T20:05:23.5290282+08:00" testType="13cdc9d9-ddb5-4fa4-a97d-d965ccfc6d4b" outcome="Passed" testListId="8c84fa94-04c1-424b-9868-57a2d4851a1d" relativeResultsDirectory="542c4c4a-92e8-4a23-a95e-c8781990ed09" />
    <UnitTestResult executionId="f9dbe43c-bd26-4b75-a397-090863932c5b" testId="7a141c79-c447-06e0-639d-1d1f0891b707" testName="MusicNetEasePlugin.Tests.LightweightPlaybackTests.立即播放保留原队列和下一首优先顺序(mode: RepeatOne)" computerName="GAOXU" duration="00:00:00.0933734" startTime="2026-09-23T20:05:23.1388231+08:00" endTime="2026-09-23T20:05:23.2632518+08:00" testType="13cdc9d9-ddb5-4fa4-a97d-d965ccfc6d4b" outcome="Passed" testListId="8c84fa94-04c1-424b-9868-57a2d4851a1d" relativeResultsDirectory="f9dbe43c-bd26-4b75-a397-090863932c5b" />
    <UnitTestResult executionId="cdf79d83-1aae-4385-b0da-58c776994660" testId="0e74b830-e04e-03cf-61d0-eea61e065d86" testName="MusicNetEasePlugin.Tests.LibVlcSettingsTests.静态目录检查汇总缺文件错误架构与损坏且不加载原生库" computerName="GAOXU" duration="00:00:00.1669028" startTime="2026-09-23T20:05:23.1936954+08:00" endTime="2026-09-23T20:05:23.3541035+08:00" testType="13cdc9d9-ddb5-4fa4-a97d-d965ccfc6d4b" outcome="Passed" testListId="8c84fa94-04c1-424b-9868-57a2d4851a1d" relativeResultsDirectory="cdf79d83-1aae-4385-b0da-58c776994660" />
    <UnitTestResult executionId="5ec86ed6-e2a9-41b3-9591-df7ab4f41c3e" testId="829afeab-c835-9587-2c2c-730aa2fa99e8" testName="MusicNetEasePlugin.Tests.LyricsTests.逐行解析独立期望覆盖多标签偏移稳定排序与文化(culture: &quot;fr-FR&quot;)" computerName="GAOXU" duration="00:00:00.0012818" startTime="2026-09-23T20:05:23.2690820+08:00" endTime="2026-09-23T20:05:23.2692173+08:00" testType="13cdc9d9-ddb5-4fa4-a97d-d965ccfc6d4b" outcome="Passed" testListId="8c84fa94-04c1-424b-9868-57a2d4851a1d" relativeResultsDirectory="5ec86ed6-e2a9-41b3-9591-df7ab4f41c3e" />
    <UnitTestResult executionId="41527990-3071-45df-bdee-e635781c7c33" testId="4885ddb9-475e-7af7-d24d-a102b81667eb" testName="MusicNetEasePlugin.Tests.SearchDocumentTests.搜索只投影最新响应并在失败后保留原页允许重试" computerName="GAOXU" duration="00:00:00.0690175" startTime="2026-09-23T20:05:23.1883578+08:00" endTime="2026-09-23T20:05:23.2634185+08:00" testType="13cdc9d9-ddb5-4fa4-a97d-d965ccfc6d4b" outcome="Passed" testListId="8c84fa94-04c1-424b-9868-57a2d4851a1d" relativeResultsDirectory="41527990-3071-45df-bdee-e635781c7c33" />
    <UnitTestResult executionId="67eb4659-0c21-4aea-92da-4c79a52f2487" testId="3585e05d-fa06-3c17-025a-6dffeae10a4e" testName="MusicNetEasePlugin.Tests.DesktopUiTests.动效开关成本对照与已脱离视图可回收" computerName="GAOXU" duration="00:00:04.0835483" startTime="2026-09-23T20:05:37.1508995+08:00" endTime="2026-09-23T20:05:41.2346219+08:00" testType="13cdc9d9-ddb5-4fa4-a97d-d965ccfc6d4b" outcome="Passed" testListId="8c84fa94-04c1-424b-9868-57a2d4851a1d" relativeResultsDirectory="67eb4659-0c21-4aea-92da-4c79a52f2487" />
    <UnitTestResult executionId="a30c5cf7-68b8-4b12-8085-abb215cf0431" testId="1f030a93-7ae4-54f0-313c-671bb1187f6d" testName="MusicNetEasePlugin.Tests.WeChatLoginTests.网易回调同源跳转后才能取得Cookie" computerName="GAOXU" duration="00:00:00.0024839" startTime="2026-09-23T20:05:23.4395234+08:00" endTime="2026-09-23T20:05:23.4414023+08:00" testType="13cdc9d9-ddb5-4fa4-a97d-d965ccfc6d4b" outcome="Passed" testListId="8c84fa94-04c1-424b-9868-57a2d4851a1d" relativeResultsDirectory="a30c5cf7-68b8-4b12-8085-abb215cf0431" />
    <UnitTestResult executionId="27d3e29b-42bc-4a85-929e-353de37ea8f0" testId="18281ec0-6288-d14e-2abb-b348167b004e" testName="MusicNetEasePlugin.Tests.HttpTests.无效账号不能成为登录成功(body: &quot;{\&quot;code\&quot;:200,\&quot;account\&quot;:[],\&quot;profile\&quot;:{}}&quot;, kind: Protocol)" computerName="GAOXU" duration="00:00:00.1482433" startTime="2026-09-23T20:05:23.1387899+08:00" endTime="2026-09-23T20:05:23.2838098+08:00" testType="13cdc9d9-ddb5-4fa4-a97d-d965ccfc6d4b" outcome="Passed" testListId="8c84fa94-04c1-424b-9868-57a2d4851a1d" relativeResultsDirectory="27d3e29b-42bc-4a85-929e-353de37ea8f0" />
    <UnitTestResult executionId="fd484b41-89f6-4bfb-a201-ac41b05d341c" testId="b8e186a1-c76c-72b7-c0e3-20c329fdab4c" testName="MusicNetEasePlugin.Tests.DesktopUiTests.宿主同款主题组合下菜单绑定和局部资源独立" computerName="GAOXU" duration="00:00:00.4589098" startTime="2026-09-23T20:05:43.0713019+08:00" endTime="2026-09-23T20:05:43.5304846+08:00" testType="13cdc9d9-ddb5-4fa4-a97d-d965ccfc6d4b" outcome="Passed" testListId="8c84fa94-04c1-424b-9868-57a2d4851a1d" relativeResultsDirectory="fd484b41-89f6-4bfb-a201-ac41b05d341c" />
    <UnitTestResult executionId="9ba9b650-2133-439f-9ef9-55d44d7dae64" testId="6b44fff4-593e-e5b8-15f0-1dfd561f583d" testName="MusicNetEasePlugin.Tests.QueueTests.全部不可播按候选预算停止而不是循环(count: 3, attempts: 3)" computerName="GAOXU" duration="00:00:00.0014861" startTime="2026-09-23T20:05:23.5384084+08:00" endTime="2026-09-23T20:05:23.5399298+08:00" testType="13cdc9d9-ddb5-4fa4-a97d-d965ccfc6d4b" outcome="Passed" testListId="8c84fa94-04c1-424b-9868-57a2d4851a1d" relativeResultsDirectory="9ba9b650-2133-439f-9ef9-55d44d7dae64" />
    <UnitTestResult executionId="f5d37f54-c1df-4993-ab7d-352c016e1a5a" testId="ba2ded9e-6654-ad8c-00b1-62c9b8df9f8a" testName="MusicNetEasePlugin.Tests.SeekingTests.不可重试错误只请求一次(kind: Decode)" computerName="GAOXU" duration="00:00:00.0002066" startTime="2026-09-23T20:05:23.4201886+08:00" endTime="2026-09-23T20:05:23.4202436+08:00" testType="13cdc9d9-ddb5-4fa4-a97d-d965ccfc6d4b" outcome="Passed" testListId="8c84fa94-04c1-424b-9868-57a2d4851a1d" relativeResultsDirectory="f5d37f54-c1df-4993-ab7d-352c016e1a5a" />
    <UnitTestResult executionId="359c3977-07a2-49b5-96f4-6fddc48f1ace" testId="938cb139-ef89-aaea-dcb6-ceace100c68f" testName="MusicNetEasePlugin.Tests.LightweightResourceTests.最后消费者取消及账户清空均不允许迟到响应入缓存" computerName="GAOXU" duration="00:00:00.0079353" startTime="2026-09-23T20:05:23.4539741+08:00" endTime="2026-09-23T20:05:23.4626091+08:00" testType="13cdc9d9-ddb5-4fa4-a97d-d965ccfc6d4b" outcome="Passed" testListId="8c84fa94-04c1-424b-9868-57a2d4851a1d" relativeResultsDirectory="359c3977-07a2-49b5-96f4-6fddc48f1ace" />
    <UnitTestResult executionId="55441d5d-641c-4ccf-b492-e545171fc374" testId="b0a75362-99bf-473c-0dd0-8840d05cc487" testName="MusicNetEasePlugin.Tests.LightweightArtworkTests.图片随隐藏偏好和重挂释放引用且账户退出清空缓存" computerName="GAOXU" duration="00:00:00.0911642" startTime="2026-09-23T20:05:35.2001312+08:00" endTime="2026-09-23T20:05:35.2916404+08:00" testType="13cdc9d9-ddb5-4fa4-a97d-d965ccfc6d4b" outcome="Passed" testListId="8c84fa94-04c1-424b-9868-57a2d4851a1d" relativeResultsDirectory="55441d5d-641c-4ccf-b492-e545171fc374" />
    <UnitTestResult executionId="598d37a5-31df-4ea9-8c94-093133173359" testId="9503da15-d81c-5337-0b3e-076c07499de7" testName="MusicNetEasePlugin.Tests.UiPreferencesTests.损坏或未知版本保留原文件并给出读取反馈(contents: &quot;{\&quot;schemaVersion\&quot;:2,\&quot;reduceMotion\&quot;:true}&quot;)" computerName="GAOXU" duration="00:00:00.0188166" startTime="2026-09-23T20:05:23.2944421+08:00" endTime="2026-09-23T20:05:23.3134314+08:00" testType="13cdc9d9-ddb5-4fa4-a97d-d965ccfc6d4b" outcome="Passed" testListId="8c84fa94-04c1-424b-9868-57a2d4851a1d" relativeResultsDirectory="598d37a5-31df-4ea9-8c94-093133173359" />
    <UnitTestResult executionId="b2c56585-dd8b-4e80-981a-fcb71a00eca5" testId="a2f85c80-9979-4afc-795c-846aa4bb3446" testName="MusicNetEasePlugin.Tests.ProtocolTests.拒绝不符合协议的测试密钥(secret: &quot;&quot;)" computerName="GAOXU" duration="00:00:00.0002133" startTime="2026-09-23T20:05:23.1908178+08:00" endTime="2026-09-23T20:05:23.1908584+08:00" testType="13cdc9d9-ddb5-4fa4-a97d-d965ccfc6d4b" outcome="Passed" testListId="8c84fa94-04c1-424b-9868-57a2d4851a1d" relativeResultsDirectory="b2c56585-dd8b-4e80-981a-fcb71a00eca5" />
    <UnitTestResult executionId="7f36255a-8ff3-44ef-9dd7-fb0660c30fe7" testId="3949aea4-dd34-8900-b701-9bd802aa2c6e" testName="MusicNetEasePlugin.Tests.PlaybackStateStoreTests.损坏未知版本身份及数值越界保留原文件(kind: &quot;account&quot;)" computerName="GAOXU" duration="00:00:00.1038569" startTime="2026-09-23T20:05:23.1388707+08:00" endTime="2026-09-23T20:05:23.2633352+08:00" testType="13cdc9d9-ddb5-4fa4-a97d-d965ccfc6d4b" outcome="Passed" testListId="8c84fa94-04c1-424b-9868-57a2d4851a1d" relativeResultsDirectory="7f36255a-8ff3-44ef-9dd7-fb0660c30fe7" />
    <UnitTestResult executionId="ff0ade7b-a426-4ac6-a174-b941659288a5" testId="973befcf-d7a0-e711-d145-7878690b2501" testName="MusicNetEasePlugin.Tests.PlaybackStateStoreTests.保存取消及原子替换失败保持上次完整文件且清理临时文件" computerName="GAOXU" duration="00:00:00.0405862" startTime="2026-09-23T20:05:23.5277165+08:00" endTime="2026-09-23T20:05:23.5686832+08:00" testType="13cdc9d9-ddb5-4fa4-a97d-d965ccfc6d4b" outcome="Passed" testListId="8c84fa94-04c1-424b-9868-57a2d4851a1d" relativeResultsDirectory="ff0ade7b-a426-4ac6-a174-b941659288a5" />
    <UnitTestResult executionId="e85363ff-cefc-48e9-91eb-07f497070bc5" testId="8fbe28ae-a341-e4e4-cff0-cfcbaeac75e5" testName="MusicNetEasePlugin.Tests.MediaBufferTests.非许可源在请求前拒绝(url: &quot;https://m1.music.126.net:8443/file&quot;)" computerName="GAOXU" duration="00:00:00.0000083" startTime="2026-09-23T20:05:23.7440344+08:00" endTime="2026-09-23T20:05:23.7440673+08:00" testType="13cdc9d9-ddb5-4fa4-a97d-d965ccfc6d4b" outcome="Passed" testListId="8c84fa94-04c1-424b-9868-57a2d4851a1d" relativeResultsDirectory="e85363ff-cefc-48e9-91eb-07f497070bc5" />
    <UnitTestResult executionId="b5511d95-d4e2-4a09-a990-3bba93e426e9" testId="1388d5b0-3749-a91e-ab42-7ac0acf5ba81" testName="MusicNetEasePlugin.Tests.SessionStoreTests.超大会话拒绝读取" computerName="GAOXU" duration="00:00:00.0253360" startTime="2026-09-23T20:05:23.4290876+08:00" endTime="2026-09-23T20:05:23.4559091+08:00" testType="13cdc9d9-ddb5-4fa4-a97d-d965ccfc6d4b" outcome="Passed" testListId="8c84fa94-04c1-424b-9868-57a2d4851a1d" relativeResultsDirectory="b5511d95-d4e2-4a09-a990-3bba93e426e9" />
    <UnitTestResult executionId="ce45a440-988a-438c-97b4-848e4b3aeb64" testId="941968aa-eba0-9ddf-2597-9971187e02fd" testName="MusicNetEasePlugin.Tests.LightweightPlaybackTests.加载中再次点同曲不会重复取资源或打开媒体" computerName="GAOXU" duration="00:00:00.0126293" startTime="2026-09-23T20:05:23.3366438+08:00" endTime="2026-09-23T20:05:23.3514093+08:00" testType="13cdc9d9-ddb5-4fa4-a97d-d965ccfc6d4b" outcome="Passed" testListId="8c84fa94-04c1-424b-9868-57a2d4851a1d" relativeResultsDirectory="ce45a440-988a-438c-97b4-848e4b3aeb64" />
    <UnitTestResult executionId="e063cc33-9af8-4c87-b166-4b614435bcc0" testId="2044b36c-f116-9ea5-d7d8-7d1d1af62fb0" testName="MusicNetEasePlugin.Tests.QueueTests.全局错误不扫描其他歌曲(error: RateLimited)" computerName="GAOXU" duration="00:00:00.0035613" startTime="2026-09-23T20:05:23.5124349+08:00" endTime="2026-09-23T20:05:23.5163052+08:00" testType="13cdc9d9-ddb5-4fa4-a97d-d965ccfc6d4b" outcome="Passed" testListId="8c84fa94-04c1-424b-9868-57a2d4851a1d" relativeResultsDirectory="e063cc33-9af8-4c87-b166-4b614435bcc0" />
    <UnitTestResult executionId="8d463c99-d84c-4285-94f3-d5324d55f5a8" testId="3ca9cea5-c041-79e8-2f75-8573a07ec761" testName="MusicNetEasePlugin.Tests.PlaybackStateStoreTests.损坏未知版本身份及数值越界保留原文件(kind: &quot;id&quot;)" computerName="GAOXU" duration="00:00:00.0258426" startTime="2026-09-23T20:05:23.3482330+08:00" endTime="2026-09-23T20:05:23.3760896+08:00" testType="13cdc9d9-ddb5-4fa4-a97d-d965ccfc6d4b" outcome="Passed" testListId="8c84fa94-04c1-424b-9868-57a2d4851a1d" relativeResultsDirectory="8d463c99-d84c-4285-94f3-d5324d55f5a8" />
    <UnitTestResult executionId="c7e8f7df-cb4c-4eb3-a412-aa00f517bc12" testId="2186fcee-7cee-f467-24f6-00db5f5d40b0" testName="MusicNetEasePlugin.Tests.QueueTests.删除当前首中尾及唯一项遵守播放意图(state: Loading, index: 1)" computerName="GAOXU" duration="00:00:00.0016828" startTime="2026-09-23T20:05:23.4704856+08:00" endTime="2026-09-23T20:05:23.4730966+08:00" testType="13cdc9d9-ddb5-4fa4-a97d-d965ccfc6d4b" outcome="Passed" testListId="8c84fa94-04c1-424b-9868-57a2d4851a1d" relativeResultsDirectory="c7e8f7df-cb4c-4eb3-a412-aa00f517bc12" />
    <UnitTestResult executionId="06e4047d-7482-4fb5-bc80-5a782f206341" testId="3da3b667-3496-beef-7408-951ea8805aab" testName="MusicNetEasePlugin.Tests.DailyPlayerUiTests.生产歌单视图可导航且大列表保持虚拟化(dark: True)" computerName="GAOXU" duration="00:00:00.0159762" startTime="2026-09-23T20:05:43.6581044+08:00" endTime="2026-09-23T20:05:43.6741952+08:00" testType="13cdc9d9-ddb5-4fa4-a97d-d965ccfc6d4b" outcome="Passed" testListId="8c84fa94-04c1-424b-9868-57a2d4851a1d" relativeResultsDirectory="06e4047d-7482-4fb5-bc80-5a782f206341" />
    <UnitTestResult executionId="8b3024e9-1a0c-4c77-acbc-276bfbbe7cf3" testId="99065a9f-5cfa-e242-9bb2-9b01d1bcb23e" testName="MusicNetEasePlugin.Tests.MainDocumentTests.初始化保留Host标题且未登录页面可开始扫码" computerName="GAOXU" duration="00:00:00.0015433" startTime="2026-09-23T20:05:23.3244754+08:00" endTime="2026-09-23T20:05:23.3258901+08:00" testType="13cdc9d9-ddb5-4fa4-a97d-d965ccfc6d4b" outcome="Passed" testListId="8c84fa94-04c1-424b-9868-57a2d4851a1d" relativeResultsDirectory="8b3024e9-1a0c-4c77-acbc-276bfbbe7cf3" />
    <UnitTestResult executionId="1037bd13-8296-42b2-bd9e-a48d6198d0e6" testId="1cdac537-06b5-2e7c-87dd-faf6f12d1e43" testName="MusicNetEasePlugin.Tests.MusicHttpTests.缺失或畸形结构不会伪装成有效搜索结果(response: &quot;{\&quot;songs\&quot;:[{\&quot;id\&quot;:0,\&quot;name\&quot;:\&quot;x\&quot;}],\&quot;code\&quot;:20&quot;···)" computerName="GAOXU" duration="00:00:00.0003999" startTime="2026-09-23T20:05:23.3747560+08:00" endTime="2026-09-23T20:05:23.3750819+08:00" testType="13cdc9d9-ddb5-4fa4-a97d-d965ccfc6d4b" outcome="Passed" testListId="8c84fa94-04c1-424b-9868-57a2d4851a1d" relativeResultsDirectory="1037bd13-8296-42b2-bd9e-a48d6198d0e6" />
    <UnitTestResult executionId="50fd8042-0cd8-4dba-b546-d4e3a05bd09b" testId="3acdf971-8ab2-25bd-298d-b6ecb05fcbf1" testName="MusicNetEasePlugin.Tests.PlaybackCoordinatorTests.原生终态在回调外收口并先停止后删文件(state: Ended)" computerName="GAOXU" duration="00:00:00.0011245" startTime="2026-09-23T20:05:23.9734262+08:00" endTime="2026-09-23T20:05:23.9746452+08:00" testType="13cdc9d9-ddb5-4fa4-a97d-d965ccfc6d4b" outcome="Passed" testListId="8c84fa94-04c1-424b-9868-57a2d4851a1d" relativeResultsDirectory="50fd8042-0cd8-4dba-b546-d4e3a05bd09b" />
    <UnitTestResult executionId="6d6d932c-53d0-4c21-a058-d776d5388e92" testId="ffb569a7-2c7c-e083-cabf-2c9788f22b8e" testName="MusicNetEasePlugin.Tests.LoginCoordinatorTests.恢复检查失败不会假登录或通过refresh续期(error: SessionExpired)" computerName="GAOXU" duration="00:00:00.0076358" startTime="2026-09-23T20:05:23.3044805+08:00" endTime="2026-09-23T20:05:23.3045481+08:00" testType="13cdc9d9-ddb5-4fa4-a97d-d965ccfc6d4b" outcome="Passed" testListId="8c84fa94-04c1-424b-9868-57a2d4851a1d" relativeResultsDirectory="6d6d932c-53d0-4c21-a058-d776d5388e92" />
    <UnitTestResult executionId="bbca3674-89a4-4639-b31c-0d6f8cc08361" testId="51e3e0f6-0d50-5bc5-26e0-0a91deb480a2" testName="MusicNetEasePlugin.Tests.QueueTests.优先段保持操作顺序且重复歌曲有独立身份(mode: RepeatList)" computerName="GAOXU" duration="00:00:00.0011141" startTime="2026-09-23T20:05:23.5270847+08:00" endTime="2026-09-23T20:05:23.5280489+08:00" testType="13cdc9d9-ddb5-4fa4-a97d-d965ccfc6d4b" outcome="Passed" testListId="8c84fa94-04c1-424b-9868-57a2d4851a1d" relativeResultsDirectory="bbca3674-89a4-4639-b31c-0d6f8cc08361" />
    <UnitTestResult executionId="7d48d944-58de-4a45-9a90-7b6f99b00353" testId="6470ca3a-e4da-3f7b-9ff4-b742785bf654" testName="MusicNetEasePlugin.Tests.MusicSessionTests.音乐响应保存已提交但尚未返回时退出仍最终清除会话" computerName="GAOXU" duration="00:00:00.0078890" startTime="2026-09-23T20:05:23.3316208+08:00" endTime="2026-09-23T20:05:23.3395889+08:00" testType="13cdc9d9-ddb5-4fa4-a97d-d965ccfc6d4b" outcome="Passed" testListId="8c84fa94-04c1-424b-9868-57a2d4851a1d" relativeResultsDirectory="7d48d944-58de-4a45-9a90-7b6f99b00353" />
    <UnitTestResult executionId="855c9b98-d777-4d62-9b18-e71d013d71c0" testId="f87726db-03c1-f5a3-6671-e1383842d2db" testName="MusicNetEasePlugin.Tests.WeChatLoginTests.微信扫码确认回调合并会话并严格隔离域Cookie" computerName="GAOXU" duration="00:00:00.0098584" startTime="2026-09-23T20:05:23.4292697+08:00" endTime="2026-09-23T20:05:23.4388874+08:00" testType="13cdc9d9-ddb5-4fa4-a97d-d965ccfc6d4b" outcome="Passed" testListId="8c84fa94-04c1-424b-9868-57a2d4851a1d" relativeResultsDirectory="855c9b98-d777-4d62-9b18-e71d013d71c0" />
    <UnitTestResult executionId="e59a2740-fee4-4698-a950-c3b1329850a1" testId="ed6a84d6-041c-2b2c-1398-69a85f0dc825" testName="MusicNetEasePlugin.Tests.HttpTests.超大响应拒绝且读取取消生效" computerName="GAOXU" duration="00:00:00.0012146" startTime="2026-09-23T20:05:23.3217507+08:00" endTime="2026-09-23T20:05:23.3225823+08:00" testType="13cdc9d9-ddb5-4fa4-a97d-d965ccfc6d4b" outcome="Passed" testListId="8c84fa94-04c1-424b-9868-57a2d4851a1d" relativeResultsDirectory="e59a2740-fee4-4698-a950-c3b1329850a1" />
    <UnitTestResult executionId="7cc304a9-9441-4b47-a911-23adab789e22" testId="b1c44b37-bde9-d13d-172b-03473a261fe2" testName="MusicNetEasePlugin.Tests.ProtocolTests.拒绝不符合协议的测试密钥(secret: &quot;abcdefghijklmn中文&quot;)" computerName="GAOXU" duration="00:00:00.0001704" startTime="2026-09-23T20:05:23.1909687+08:00" endTime="2026-09-23T20:05:23.1910068+08:00" testType="13cdc9d9-ddb5-4fa4-a97d-d965ccfc6d4b" outcome="Passed" testListId="8c84fa94-04c1-424b-9868-57a2d4851a1d" relativeResultsDirectory="7cc304a9-9441-4b47-a911-23adab789e22" />
    <UnitTestResult executionId="6cd8654f-f2ef-40ed-b5c1-054cfd8a2e18" testId="bd04ca5d-edf7-6029-043b-7e0a488d1602" testName="MusicNetEasePlugin.Tests.LoginFailureTests.轮询遵守退避并在预算耗尽后停止(error: RateLimited, retrySeconds: 7)" computerName="GAOXU" duration="00:00:00.0037377" startTime="2026-09-23T20:05:23.4056036+08:00" endTime="2026-09-23T20:05:23.4101129+08:00" testType="13cdc9d9-ddb5-4fa4-a97d-d965ccfc6d4b" outcome="Passed" testListId="8c84fa94-04c1-424b-9868-57a2d4851a1d" relativeResultsDirectory="6cd8654f-f2ef-40ed-b5c1-054cfd8a2e18" />
    <UnitTestResult executionId="26f4328c-fe39-485b-8ed8-2f2516ff4a77" testId="afe8bc5a-47c5-3743-0de7-9445543a29c7" testName="MusicNetEasePlugin.Tests.MusicHttpTests.仅明确会话失效退出且服务正文不泄露(code: 301, kind: SignedOut, signedIn: False)" computerName="GAOXU" duration="00:00:00.0004967" startTime="2026-09-23T20:05:23.3634339+08:00" endTime="2026-09-23T20:05:23.3638804+08:00" testType="13cdc9d9-ddb5-4fa4-a97d-d965ccfc6d4b" outcome="Passed" testListId="8c84fa94-04c1-424b-9868-57a2d4851a1d" relativeResultsDirectory="26f4328c-fe39-485b-8ed8-2f2516ff4a77" />
    <UnitTestResult executionId="35661595-bb51-451d-af6b-9bc91795a66b" testId="c573361a-2a35-e213-0087-5bd0a0755d71" testName="MusicNetEasePlugin.Tests.MusicHttpTests.搜索分页参数经真实编码且详情保持长整型身份及缺省资料" computerName="GAOXU" duration="00:00:00.0169442" startTime="2026-09-23T20:05:23.3434400+08:00" endTime="2026-09-23T20:05:23.3605025+08:00" testType="13cdc9d9-ddb5-4fa4-a97d-d965ccfc6d4b" outcome="Passed" testListId="8c84fa94-04c1-424b-9868-57a2d4851a1d" relativeResultsDirectory="35661595-bb51-451d-af6b-9bc91795a66b" />
    <UnitTestResult executionId="172492f8-9be5-497f-96a4-f6439990b482" testId="6bf563dc-0237-06ee-9f3e-d920d82f6707" testName="MusicNetEasePlugin.Tests.QueueTests.删除当前首中尾及唯一项遵守播放意图(state: Paused, index: 0)" computerName="GAOXU" duration="00:00:00.0024297" startTime="2026-09-23T20:05:23.4895257+08:00" endTime="2026-09-23T20:05:23.4922346+08:00" testType="13cdc9d9-ddb5-4fa4-a97d-d965ccfc6d4b" outcome="Passed" testListId="8c84fa94-04c1-424b-9868-57a2d4851a1d" relativeResultsDirectory="172492f8-9be5-497f-96a4-f6439990b482" />
    <UnitTestResult executionId="a5a94108-b36d-4788-8095-a111c6e7f0bf" testId="5ecf3b58-b7cf-6d0b-6895-e3e1d64c06dc" testName="MusicNetEasePlugin.Tests.QueueTests.优先段保持操作顺序且重复歌曲有独立身份(mode: Shuffle)" computerName="GAOXU" duration="00:00:00.0003420" startTime="2026-09-23T20:05:23.5281845+08:00" endTime="2026-09-23T20:05:23.5284381+08:00" testType="13cdc9d9-ddb5-4fa4-a97d-d965ccfc6d4b" outcome="Passed" testListId="8c84fa94-04c1-424b-9868-57a2d4851a1d" relativeResultsDirectory="a5a94108-b36d-4788-8095-a111c6e7f0bf" />
    <UnitTestResult executionId="dd1fc822-7965-47ca-9a98-b697017e933b" testId="44abae08-a924-6f9a-0dad-6e4e4173d489" testName="MusicNetEasePlugin.Tests.PlaylistTests.不完整或超限歌单不冒充播放全部(declared: 10001, actual: 10001)" computerName="GAOXU" duration="00:00:00.0213320" startTime="2026-09-23T20:05:23.3421685+08:00" endTime="2026-09-23T20:05:23.3630543+08:00" testType="13cdc9d9-ddb5-4fa4-a97d-d965ccfc6d4b" outcome="Passed" testListId="8c84fa94-04c1-424b-9868-57a2d4851a1d" relativeResultsDirectory="dd1fc822-7965-47ca-9a98-b697017e933b" />
    <UnitTestResult executionId="13957c4c-c3c8-4ce8-8bf5-7442dd7e30ad" testId="ab552352-21f0-5eed-f66b-5ebdbf1173dd" testName="MusicNetEasePlugin.Tests.SeekingTests.不可重试错误只请求一次(kind: RateLimited)" computerName="GAOXU" duration="00:00:00.0009346" startTime="2026-09-23T20:05:23.4196314+08:00" endTime="2026-09-23T20:05:23.4200287+08:00" testType="13cdc9d9-ddb5-4fa4-a97d-d965ccfc6d4b" outcome="Passed" testListId="8c84fa94-04c1-424b-9868-57a2d4851a1d" relativeResultsDirectory="13957c4c-c3c8-4ce8-8bf5-7442dd7e30ad" />
    <UnitTestResult executionId="7b660c7a-0a5d-4c91-b677-7c720f1c9785" testId="0b785900-c9a2-18ec-5420-57e1832530fe" testName="MusicNetEasePlugin.Tests.LyricsTests.缺失纯音乐纯文本与解析上限有明确状态" computerName="GAOXU" duration="00:00:00.0783614" startTime="2026-09-23T20:05:23.6901934+08:00" endTime="2026-09-23T20:05:23.7682681+08:00" testType="13cdc9d9-ddb5-4fa4-a97d-d965ccfc6d4b" outcome="Passed" testListId="8c84fa94-04c1-424b-9868-57a2d4851a1d" relativeResultsDirectory="7b660c7a-0a5d-4c91-b677-7c720f1c9785" />
    <UnitTestResult executionId="444eda03-362c-4643-a73e-1d678b3ba0bb" testId="7ba5b1ff-0dc0-6473-d0dc-1507c1750049" testName="MusicNetEasePlugin.Tests.WeChatLoginTests.微信确认后仍须通过网易账号核验才能保存" computerName="GAOXU" duration="00:00:00.0118615" startTime="2026-09-23T20:05:23.4076236+08:00" endTime="2026-09-23T20:05:23.4275549+08:00" testType="13cdc9d9-ddb5-4fa4-a97d-d965ccfc6d4b" outcome="Passed" testListId="8c84fa94-04c1-424b-9868-57a2d4851a1d" relativeResultsDirectory="444eda03-362c-4643-a73e-1d678b3ba0bb" />
    <UnitTestResult executionId="0656fbd8-6602-44d6-a15d-a3a281f45c2a" testId="c6a93e59-de7b-f819-1904-834526089b89" testName="MusicNetEasePlugin.Tests.UiResourceObservationTests.同条件界面资源采样保留环境与测量边界" computerName="GAOXU" duration="00:00:06.2336469" startTime="2026-09-23T20:05:28.3178108+08:00" endTime="2026-09-23T20:05:34.5518617+08:00" testType="13cdc9d9-ddb5-4fa4-a97d-d965ccfc6d4b" outcome="Passed" testListId="8c84fa94-04c1-424b-9868-57a2d4851a1d" relativeResultsDirectory="0656fbd8-6602-44d6-a15d-a3a281f45c2a" />
    <UnitTestResult executionId="443cb521-fcd5-4107-bb04-986b17112b89" testId="5e6d83ea-ecc7-d8e4-08e1-c25c33a751c8" testName="MusicNetEasePlugin.Tests.PlaybackStateStoreTests.损坏未知版本身份及数值越界保留原文件(kind: &quot;json&quot;)" computerName="GAOXU" duration="00:00:00.0045233" startTime="2026-09-23T20:05:23.5228195+08:00" endTime="2026-09-23T20:05:23.5275801+08:00" testType="13cdc9d9-ddb5-4fa4-a97d-d965ccfc6d4b" outcome="Passed" testListId="8c84fa94-04c1-424b-9868-57a2d4851a1d" relativeResultsDirectory="443cb521-fcd5-4107-bb04-986b17112b89" />
    <UnitTestResult executionId="5e19dae9-f084-4216-b395-37afe1d96296" testId="64f8e6ff-7ff9-ad42-438a-58f576dc5de4" testName="MusicNetEasePlugin.Tests.MusicSessionTests.凭据版本拒绝旧更新且同账号重登拒绝旧失效响应" computerName="GAOXU" duration="00:00:00.0030186" startTime="2026-09-23T20:05:23.3397775+08:00" endTime="2026-09-23T20:05:23.3426593+08:00" testType="13cdc9d9-ddb5-4fa4-a97d-d965ccfc6d4b" outcome="Passed" testListId="8c84fa94-04c1-424b-9868-57a2d4851a1d" relativeResultsDirectory="5e19dae9-f084-4216-b395-37afe1d96296" />
    <UnitTestResult executionId="71aea6c6-9676-45ae-a568-77ded31e3bba" testId="3424f92b-8456-2c03-6788-0ab9892bd909" testName="MusicNetEasePlugin.Tests.WeChatLoginTests.同一Provider的两个尝试不共享Cookie" computerName="GAOXU" duration="00:00:00.0021609" startTime="2026-09-23T20:05:23.4276458+08:00" endTime="2026-09-23T20:05:23.4291426+08:00" testType="13cdc9d9-ddb5-4fa4-a97d-d965ccfc6d4b" outcome="Passed" testListId="8c84fa94-04c1-424b-9868-57a2d4851a1d" relativeResultsDirectory="71aea6c6-9676-45ae-a568-77ded31e3bba" />
    <UnitTestResult executionId="8f382954-80c6-45d3-9b58-b3b9a48e5551" testId="4e40eec5-83ca-3b5a-c04b-929efdf1d18e" testName="MusicNetEasePlugin.Tests.SessionStoreTests.不支持的凭据字段或非法设备不写入文件" computerName="GAOXU" duration="00:00:00.0029066" startTime="2026-09-23T20:05:23.6288729+08:00" endTime="2026-09-23T20:05:23.6296678+08:00" testType="13cdc9d9-ddb5-4fa4-a97d-d965ccfc6d4b" outcome="Passed" testListId="8c84fa94-04c1-424b-9868-57a2d4851a1d" relativeResultsDirectory="8f382954-80c6-45d3-9b58-b3b9a48e5551" />
    <UnitTestResult executionId="f7ffe4e9-7c14-46bc-ad0e-98631ec36f94" testId="ab9433f5-1bda-9aac-f5d6-d55c32a9b46b" testName="MusicNetEasePlugin.Tests.QueueTests.内容不可用跳过后成功播放并在下一段重新计算预算" computerName="GAOXU" duration="00:00:00.0030724" startTime="2026-09-23T20:05:23.5033281+08:00" endTime="2026-09-23T20:05:23.5067403+08:00" testType="13cdc9d9-ddb5-4fa4-a97d-d965ccfc6d4b" outcome="Passed" testListId="8c84fa94-04c1-424b-9868-57a2d4851a1d" relativeResultsDirectory="f7ffe4e9-7c14-46bc-ad0e-98631ec36f94" />
    <UnitTestResult executionId="95a3c2ce-801a-4f45-95b0-675ba8093fa2" testId="a9c06374-ff3a-898e-9052-a3df6f0866cd" testName="MusicNetEasePlugin.Tests.ProtocolTests.加密压缩响应可读取且解压大小受限" computerName="GAOXU" duration="00:00:00.0018894" startTime="2026-09-23T20:05:23.2296474+08:00" endTime="2026-09-23T20:05:23.2314677+08:00" testType="13cdc9d9-ddb5-4fa4-a97d-d965ccfc6d4b" outcome="Passed" testListId="8c84fa94-04c1-424b-9868-57a2d4851a1d" relativeResultsDirectory="95a3c2ce-801a-4f45-95b0-675ba8093fa2" />
    <UnitTestResult executionId="913d8365-34d8-4c34-b69a-34d255a86743" testId="4ea0acee-7cfa-c8e4-8a2a-4f782453e17c" testName="MusicNetEasePlugin.Tests.LoginCoordinatorTests.已有会话只检查账号并同步服务端新会话" computerName="GAOXU" duration="00:00:00.0009419" startTime="2026-09-23T20:05:23.3308549+08:00" endTime="2026-09-23T20:05:23.3316480+08:00" testType="13cdc9d9-ddb5-4fa4-a97d-d965ccfc6d4b" outcome="Passed" testListId="8c84fa94-04c1-424b-9868-57a2d4851a1d" relativeResultsDirectory="913d8365-34d8-4c34-b69a-34d255a86743" />
    <UnitTestResult executionId="cb37802e-3d37-4df4-9db2-86872be9790e" testId="c23a6781-59ca-2db7-bdeb-bc504589e045" testName="MusicNetEasePlugin.Tests.MediaBufferTests.普通拒绝不同于明确过期(code: 403, expected: Restricted)" computerName="GAOXU" duration="00:00:00.0021774" startTime="2026-09-23T20:05:23.7254588+08:00" endTime="2026-09-23T20:05:23.7271816+08:00" testType="13cdc9d9-ddb5-4fa4-a97d-d965ccfc6d4b" outcome="Passed" testListId="8c84fa94-04c1-424b-9868-57a2d4851a1d" relativeResultsDirectory="cb37802e-3d37-4df4-9db2-86872be9790e" />
    <UnitTestResult executionId="0418e1b1-c70d-4a37-8d91-620886805486" testId="e849db6f-530d-f9fd-fd68-35cb250ce205" testName="MusicNetEasePlugin.Tests.PlaybackPersistenceTests.高频进度五秒保存且暂停和重复关闭保存停止前位置" computerName="GAOXU" duration="00:00:00.0028579" startTime="2026-09-23T20:05:23.5162626+08:00" endTime="2026-09-23T20:05:23.5192223+08:00" testType="13cdc9d9-ddb5-4fa4-a97d-d965ccfc6d4b" outcome="Passed" testListId="8c84fa94-04c1-424b-9868-57a2d4851a1d" relativeResultsDirectory="0418e1b1-c70d-4a37-8d91-620886805486" />
    <UnitTestResult executionId="e701ade3-315a-4f7a-b98d-bce17c3ace13" testId="d498157c-25d0-d0ed-0d00-bc897059abf2" testName="MusicNetEasePlugin.Tests.LightweightStateTests.成功反馈替换旧延迟且隐藏和释放立即收口" computerName="GAOXU" duration="00:00:00.0075753" startTime="2026-09-23T20:05:23.3140338+08:00" endTime="2026-09-23T20:05:23.3239898+08:00" testType="13cdc9d9-ddb5-4fa4-a97d-d965ccfc6d4b" outcome="Passed" testListId="8c84fa94-04c1-424b-9868-57a2d4851a1d" relativeResultsDirectory="e701ade3-315a-4f7a-b98d-bce17c3ace13" />
    <UnitTestResult executionId="39b06466-a038-440b-8bb7-440b20269b76" testId="9605cde4-7822-3cb7-2496-870d13bfd196" testName="MusicNetEasePlugin.Tests.PlaybackCoordinatorTests.只有明确地址过期重取一次且再次失败就结束(kind: Network, expected: 1)" computerName="GAOXU" duration="00:00:00.5100241" startTime="2026-09-23T20:05:23.4582055+08:00" endTime="2026-09-23T20:05:23.9684840+08:00" testType="13cdc9d9-ddb5-4fa4-a97d-d965ccfc6d4b" outcome="Passed" testListId="8c84fa94-04c1-424b-9868-57a2d4851a1d" relativeResultsDirectory="39b06466-a038-440b-8bb7-440b20269b76" />
    <UnitTestResult executionId="d1bf2a9e-a8dc-4ebe-9096-ae66fce74a34" testId="7c6c785c-b755-84b9-ac84-949a31b88dc4" testName="MusicNetEasePlugin.Tests.HttpTests.失败保留状态码而不泄露敏感正文(status: 429, code: 429, expected: RateLimited)" computerName="GAOXU" duration="00:00:00.0018502" startTime="2026-09-23T20:05:23.3107270+08:00" endTime="2026-09-23T20:05:23.3116448+08:00" testType="13cdc9d9-ddb5-4fa4-a97d-d965ccfc6d4b" outcome="Passed" testListId="8c84fa94-04c1-424b-9868-57a2d4851a1d" relativeResultsDirectory="d1bf2a9e-a8dc-4ebe-9096-ae66fce74a34" />
    <UnitTestResult executionId="b690325f-eef1-44b0-afd3-e7f3c3a6c704" testId="af3db752-fa86-159a-3c9d-e74009589d1d" testName="MusicNetEasePlugin.Tests.DesktopUiTests.登录区深浅主题保留二维码白底与操作(dark: True)" computerName="GAOXU" duration="00:00:00.0426118" startTime="2026-09-23T20:05:41.7132497+08:00" endTime="2026-09-23T20:05:41.7560419+08:00" testType="13cdc9d9-ddb5-4fa4-a97d-d965ccfc6d4b" outcome="Passed" testListId="8c84fa94-04c1-424b-9868-57a2d4851a1d" relativeResultsDirectory="b690325f-eef1-44b0-afd3-e7f3c3a6c704" />
    <UnitTestResult executionId="b64ec586-5e84-4b41-8305-09c510986451" testId="85f31f6e-b7d4-ddf8-35c1-65bf8edc4748" testName="MusicNetEasePlugin.Tests.LyricsTests.逐行解析独立期望覆盖多标签偏移稳定排序与文化(culture: &quot;en-US&quot;)" computerName="GAOXU" duration="00:00:00.0003685" startTime="2026-09-23T20:05:23.2692953+08:00" endTime="2026-09-23T20:05:23.2697405+08:00" testType="13cdc9d9-ddb5-4fa4-a97d-d965ccfc6d4b" outcome="Passed" testListId="8c84fa94-04c1-424b-9868-57a2d4851a1d" relativeResultsDirectory="b64ec586-5e84-4b41-8305-09c510986451" />
    <UnitTestResult executionId="5cd264b7-f56b-40e6-b479-06757e6fa3bf" testId="4493ef41-8631-3643-2a7c-54bee281ae8e" testName="MusicNetEasePlugin.Tests.SeekingTests.不可重试错误只请求一次(kind: Storage)" computerName="GAOXU" duration="00:00:00.0000737" startTime="2026-09-23T20:05:23.4271287+08:00" endTime="2026-09-23T20:05:23.4271797+08:00" testType="13cdc9d9-ddb5-4fa4-a97d-d965ccfc6d4b" outcome="Passed" testListId="8c84fa94-04c1-424b-9868-57a2d4851a1d" relativeResultsDirectory="5cd264b7-f56b-40e6-b479-06757e6fa3bf" />
    <UnitTestResult executionId="b57f39d6-4930-4542-8e4a-63dc6e18b9eb" testId="d794eae7-112a-8b17-f2bb-d87317fd76ec" testName="MusicNetEasePlugin.Tests.MediaBufferTests.合法重定向逐跳无凭据且临时文件归句柄所有" computerName="GAOXU" duration="00:00:00.0062928" startTime="2026-09-23T20:05:23.7619983+08:00" endTime="2026-09-23T20:05:23.7685820+08:00" testType="13cdc9d9-ddb5-4fa4-a97d-d965ccfc6d4b" outcome="Passed" testListId="8c84fa94-04c1-424b-9868-57a2d4851a1d" relativeResultsDirectory="b57f39d6-4930-4542-8e4a-63dc6e18b9eb" />
    <UnitTestResult executionId="d8473d21-e2e1-4d90-8618-b7bf97a9bb84" testId="e475af5d-fa4d-3d02-895b-0fa28d1c6f0f" testName="MusicNetEasePlugin.Tests.MusicHttpTests.握手签名错误或取消都不能调用播放地址(cancel: True)" computerName="GAOXU" duration="00:00:00.0048679" startTime="2026-09-23T20:05:23.4051047+08:00" endTime="2026-09-23T20:05:23.4105395+08:00" testType="13cdc9d9-ddb5-4fa4-a97d-d965ccfc6d4b" outcome="Passed" testListId="8c84fa94-04c1-424b-9868-57a2d4851a1d" relativeResultsDirectory="d8473d21-e2e1-4d90-8618-b7bf97a9bb84" />
    <UnitTestResult executionId="042c6d50-f159-457a-843d-6147b4bb6c28" testId="60effcf4-9d8e-79e2-7a78-30ae2c40f4d2" testName="MusicNetEasePlugin.Tests.QueueTests.删除当前首中尾及唯一项遵守播放意图(state: Loading, index: 3)" computerName="GAOXU" duration="00:00:00.0031632" startTime="2026-09-23T20:05:23.4670582+08:00" endTime="2026-09-23T20:05:23.4703586+08:00" testType="13cdc9d9-ddb5-4fa4-a97d-d965ccfc6d4b" outcome="Passed" testListId="8c84fa94-04c1-424b-9868-57a2d4851a1d" relativeResultsDirectory="042c6d50-f159-457a-843d-6147b4bb6c28" />
    <UnitTestResult executionId="608f2cdc-8070-4269-b4ed-fc15d429a2df" testId="e440eb97-5e69-b1f4-2184-79f9101e11dd" testName="MusicNetEasePlugin.Tests.LoginCoordinatorTests.提交后取消会补偿清除且退出等待补偿完成" computerName="GAOXU" duration="00:00:00.0163920" startTime="2026-09-23T20:05:23.3317142+08:00" endTime="2026-09-23T20:05:23.3553470+08:00" testType="13cdc9d9-ddb5-4fa4-a97d-d965ccfc6d4b" outcome="Passed" testListId="8c84fa94-04c1-424b-9868-57a2d4851a1d" relativeResultsDirectory="608f2cdc-8070-4269-b4ed-fc15d429a2df" />
    <UnitTestResult executionId="5055b979-c8ef-4bfd-9ea4-89d456f820ce" testId="293974fb-5c4c-ebb6-e4d5-aca9c24b5b02" testName="MusicNetEasePlugin.Tests.WeChatLoginTests.脚本只读取有限赋值且不执行任意JavaScript(script: &quot;window.wx_errcode=405;window.wx_code='secret';evil&quot;···)" computerName="GAOXU" duration="00:00:00.0000554" startTime="2026-09-23T20:05:23.3550970+08:00" endTime="2026-09-23T20:05:23.3551328+08:00" testType="13cdc9d9-ddb5-4fa4-a97d-d965ccfc6d4b" outcome="Passed" testListId="8c84fa94-04c1-424b-9868-57a2d4851a1d" relativeResultsDirectory="5055b979-c8ef-4bfd-9ea4-89d456f820ce" />
    <UnitTestResult executionId="cd23f14a-91af-4b4e-97f1-b80ca8f7e175" testId="d31ea40a-a7d1-5696-7a48-15a8472e2b87" testName="MusicNetEasePlugin.Tests.MusicProtocolTests.播放响应接受明文及加密压缩但拒绝解压炸弹和坏密文" computerName="GAOXU" duration="00:00:00.0183915" startTime="2026-09-23T20:05:23.1373309+08:00" endTime="2026-09-23T20:05:23.1615767+08:00" testType="13cdc9d9-ddb5-4fa4-a97d-d965ccfc6d4b" outcome="Passed" testListId="8c84fa94-04c1-424b-9868-57a2d4851a1d" relativeResultsDirectory="cd23f14a-91af-4b4e-97f1-b80ca8f7e175" />
    <UnitTestResult executionId="2b450843-2857-41b9-98c1-20cc97a85452" testId="95ff1261-a61e-6bba-8e39-b63f9fa49b27" testName="MusicNetEasePlugin.Tests.LightweightPlaybackTests.立即播放保留原队列和下一首优先顺序(mode: RepeatList)" computerName="GAOXU" duration="00:00:00.0078794" startTime="2026-09-23T20:05:23.3233968+08:00" endTime="2026-09-23T20:05:23.3364676+08:00" testType="13cdc9d9-ddb5-4fa4-a97d-d965ccfc6d4b" outcome="Passed" testListId="8c84fa94-04c1-424b-9868-57a2d4851a1d" relativeResultsDirectory="2b450843-2857-41b9-98c1-20cc97a85452" />
    <UnitTestResult executionId="b057b5a7-0ef1-49fb-8517-b80a1cebfcef" testId="d1ee5921-f6fd-5006-1934-ecc94017bc02" testName="MusicNetEasePlugin.Tests.PlaybackStateStoreTests.损坏未知版本身份及数值越界保留原文件(kind: &quot;schema&quot;)" computerName="GAOXU" duration="00:00:00.0147983" startTime="2026-09-23T20:05:23.2951270+08:00" endTime="2026-09-23T20:05:23.3210104+08:00" testType="13cdc9d9-ddb5-4fa4-a97d-d965ccfc6d4b" outcome="Passed" testListId="8c84fa94-04c1-424b-9868-57a2d4851a1d" relativeResultsDirectory="b057b5a7-0ef1-49fb-8517-b80a1cebfcef" />
    <UnitTestResult executionId="b87d7203-88d6-4ed0-8370-c330f450d166" testId="c5751ade-523e-897c-0e83-331d6de44c14" testName="MusicNetEasePlugin.Tests.LightweightPlaybackTests.满队列和冲突条目标识拒绝后保持原播放" computerName="GAOXU" duration="00:00:00.0351175" startTime="2026-09-23T20:05:23.4383684+08:00" endTime="2026-09-23T20:05:23.4705392+08:00" testType="13cdc9d9-ddb5-4fa4-a97d-d965ccfc6d4b" outcome="Passed" testListId="8c84fa94-04c1-424b-9868-57a2d4851a1d" relativeResultsDirectory="b87d7203-88d6-4ed0-8370-c330f450d166" />
    <UnitTestResult executionId="700b9c7d-6428-4a15-9c81-85dad091fa8c" testId="07310bf7-c81b-50ea-0287-e02e0c09be12" testName="MusicNetEasePlugin.Tests.QueueTests.删除当前首中尾及唯一项遵守播放意图(state: Playing, index: 1)" computerName="GAOXU" duration="00:00:00.0010357" startTime="2026-09-23T20:05:23.4938939+08:00" endTime="2026-09-23T20:05:23.4951753+08:00" testType="13cdc9d9-ddb5-4fa4-a97d-d965ccfc6d4b" outcome="Passed" testListId="8c84fa94-04c1-424b-9868-57a2d4851a1d" relativeResultsDirectory="700b9c7d-6428-4a15-9c81-85dad091fa8c" />
    <UnitTestResult executionId="c16e33a2-948b-4d03-b173-bdaf68946a1d" testId="f9c3d396-dc81-88a1-1c31-20fd58600f63" testName="MusicNetEasePlugin.Tests.UiPreferencesTests.损坏或未知版本保留原文件并给出读取反馈(contents: &quot;{}&quot;)" computerName="GAOXU" duration="00:00:00.0196034" startTime="2026-09-23T20:05:23.2744187+08:00" endTime="2026-09-23T20:05:23.2938547+08:00" testType="13cdc9d9-ddb5-4fa4-a97d-d965ccfc6d4b" outcome="Passed" testListId="8c84fa94-04c1-424b-9868-57a2d4851a1d" relativeResultsDirectory="c16e33a2-948b-4d03-b173-bdaf68946a1d" />
    <UnitTestResult executionId="5f74cf5c-140d-486b-aa98-a79c1851736f" testId="cacb96c8-9e9a-275f-9646-dd49f872c69f" testName="MusicNetEasePlugin.Tests.LoginCoordinatorTests.服务端过期或本地等待预算结束均停止轮询(serverExpiry: True)" computerName="GAOXU" duration="00:00:00.0082796" startTime="2026-09-23T20:05:23.3046687+08:00" endTime="2026-09-23T20:05:23.3129817+08:00" testType="13cdc9d9-ddb5-4fa4-a97d-d965ccfc6d4b" outcome="Passed" testListId="8c84fa94-04c1-424b-9868-57a2d4851a1d" relativeResultsDirectory="5f74cf5c-140d-486b-aa98-a79c1851736f" />
    <UnitTestResult executionId="84d0b006-f62c-46de-8a2e-a6c8c156a226" testId="bb23c065-06bd-3056-b32b-95b70452f9bb" testName="MusicNetEasePlugin.Tests.HttpTests.获取key走Flurl表单而不是Node外壳或JSON" computerName="GAOXU" duration="00:00:00.0046185" startTime="2026-09-23T20:05:23.3243058+08:00" endTime="2026-09-23T20:05:23.3287132+08:00" testType="13cdc9d9-ddb5-4fa4-a97d-d965ccfc6d4b" outcome="Passed" testListId="8c84fa94-04c1-424b-9868-57a2d4851a1d" relativeResultsDirectory="84d0b006-f62c-46de-8a2e-a6c8c156a226" />
    <UnitTestResult executionId="8062a67e-7c97-4619-b2d3-e38b0fbdcce7" testId="7892c988-9984-1c5b-b392-23020e980fa8" testName="MusicNetEasePlugin.Tests.PlaybackCoordinatorTests.快速三次切歌只允许最终意图打开音源(stage: &quot;buffer&quot;)" computerName="GAOXU" duration="00:00:00.0223866" startTime="2026-09-23T20:05:23.3328451+08:00" endTime="2026-09-23T20:05:23.3618540+08:00" testType="13cdc9d9-ddb5-4fa4-a97d-d965ccfc6d4b" outcome="Passed" testListId="8c84fa94-04c1-424b-9868-57a2d4851a1d" relativeResultsDirectory="8062a67e-7c97-4619-b2d3-e38b0fbdcce7" />
    <UnitTestResult executionId="a120c70f-c354-4715-8abb-c6a373187c14" testId="565cff5e-1553-4242-a8bd-5290c854a078" testName="MusicNetEasePlugin.Tests.DailyPlayerUiTests.生产歌单视图可导航且大列表保持虚拟化(dark: False)" computerName="GAOXU" duration="00:00:00.0308489" startTime="2026-09-23T20:05:43.6269509+08:00" endTime="2026-09-23T20:05:43.6579660+08:00" testType="13cdc9d9-ddb5-4fa4-a97d-d965ccfc6d4b" outcome="Passed" testListId="8c84fa94-04c1-424b-9868-57a2d4851a1d" relativeResultsDirectory="a120c70f-c354-4715-8abb-c6a373187c14" />
    <UnitTestResult executionId="156d2196-f27c-4fad-96d5-cb69de2e59f9" testId="a640d3a5-d4d5-cd47-64b8-45e0a50e05b6" testName="MusicNetEasePlugin.Tests.SearchDocumentTests.多文档共用队列且关闭任意页面不会取消播放" computerName="GAOXU" duration="00:00:00.0415019" startTime="2026-09-23T20:05:23.2637056+08:00" endTime="2026-09-23T20:05:23.3048353+08:00" testType="13cdc9d9-ddb5-4fa4-a97d-d965ccfc6d4b" outcome="Passed" testListId="8c84fa94-04c1-424b-9868-57a2d4851a1d" relativeResultsDirectory="156d2196-f27c-4fad-96d5-cb69de2e59f9" />
    <UnitTestResult executionId="f6875c8a-f92b-4f2e-b09d-482d38929f21" testId="7763f3c2-bd9c-a349-3295-06c1af3199a8" testName="MusicNetEasePlugin.Tests.MediaBufferTests.非许可源在请求前拒绝(url: &quot;file:///c:/fixture&quot;)" computerName="GAOXU" duration="00:00:00.0000094" startTime="2026-09-23T20:05:23.7439498+08:00" endTime="2026-09-23T20:05:23.7439804+08:00" testType="13cdc9d9-ddb5-4fa4-a97d-d965ccfc6d4b" outcome="Passed" testListId="8c84fa94-04c1-424b-9868-57a2d4851a1d" relativeResultsDirectory="f6875c8a-f92b-4f2e-b09d-482d38929f21" />
    <UnitTestResult executionId="00dca200-c745-4229-8056-0e06d67bcb79" testId="4889380e-4787-a713-2d04-9d45ac8de3ba" testName="MusicNetEasePlugin.Tests.WeChatLoginTests.脚本只读取有限赋值且不执行任意JavaScript(script: &quot;&lt;html&gt;captcha&lt;/html&gt;&quot;)" computerName="GAOXU" duration="00:00:00.0000394" startTime="2026-09-23T20:05:23.3551966+08:00" endTime="2026-09-23T20:05:23.3552279+08:00" testType="13cdc9d9-ddb5-4fa4-a97d-d965ccfc6d4b" outcome="Passed" testListId="8c84fa94-04c1-424b-9868-57a2d4851a1d" relativeResultsDirectory="00dca200-c745-4229-8056-0e06d67bcb79" />
    <UnitTestResult executionId="6d74cec3-6325-412c-855a-1619e0aa35f6" testId="f005a924-a1b7-ac64-e313-384ff5269c97" testName="MusicNetEasePlugin.Tests.QueueTests.删除当前首中尾及唯一项遵守播放意图(state: Paused, index: 1)" computerName="GAOXU" duration="00:00:00.0026807" startTime="2026-09-23T20:05:23.4584512+08:00" endTime="2026-09-23T20:05:23.4669408+08:00" testType="13cdc9d9-ddb5-4fa4-a97d-d965ccfc6d4b" outcome="Passed" testListId="8c84fa94-04c1-424b-9868-57a2d4851a1d" relativeResultsDirectory="6d74cec3-6325-412c-855a-1619e0aa35f6" />
    <UnitTestResult executionId="53324c5d-5004-4640-9f75-05536f42094a" testId="13bb97cb-19df-e8ff-ffdf-eaa9d328c6a3" testName="MusicNetEasePlugin.Tests.QueueTests.全局错误不扫描其他歌曲(error: Storage)" computerName="GAOXU" duration="00:00:00.0036160" startTime="2026-09-23T20:05:23.5072178+08:00" endTime="2026-09-23T20:05:23.5107881+08:00" testType="13cdc9d9-ddb5-4fa4-a97d-d965ccfc6d4b" outcome="Passed" testListId="8c84fa94-04c1-424b-9868-57a2d4851a1d" relativeResultsDirectory="53324c5d-5004-4640-9f75-05536f42094a" />
    <UnitTestResult executionId="17dd3026-a6f9-4f76-beff-310054f890cc" testId="7a320e2c-4cf0-9e27-c291-46ca2a87da80" testName="MusicNetEasePlugin.Tests.QueueTests.删除当前首中尾及唯一项遵守播放意图(state: Stopped, index: 1)" computerName="GAOXU" duration="00:00:00.0009331" startTime="2026-09-23T20:05:23.5020413+08:00" endTime="2026-09-23T20:05:23.5031753+08:00" testType="13cdc9d9-ddb5-4fa4-a97d-d965ccfc6d4b" outcome="Passed" testListId="8c84fa94-04c1-424b-9868-57a2d4851a1d" relativeResultsDirectory="17dd3026-a6f9-4f76-beff-310054f890cc" />
    <UnitTestResult executionId="9a0f1ee3-9a39-4dd1-90bc-684e95087510" testId="0487b436-548d-c3c1-6230-02a0d05e502f" testName="MusicNetEasePlugin.Tests.HttpTests.无效账号不能成为登录成功(body: &quot;{\&quot;code\&quot;:200,\&quot;account\&quot;:{\&quot;id\&quot;:1},\&quot;profile\&quot;:{&quot;···, kind: Protocol)" computerName="GAOXU" duration="00:00:00.0002718" startTime="2026-09-23T20:05:23.2854882+08:00" endTime="2026-09-23T20:05:23.2856699+08:00" testType="13cdc9d9-ddb5-4fa4-a97d-d965ccfc6d4b" outcome="Passed" testListId="8c84fa94-04c1-424b-9868-57a2d4851a1d" relativeResultsDirectory="9a0f1ee3-9a39-4dd1-90bc-684e95087510" />
    <UnitTestResult executionId="e7d1f98c-d98c-4554-9919-3cd37bd3c737" testId="5c9225a4-c624-3cc3-1123-988af68b4b24" testName="MusicNetEasePlugin.Tests.LightweightStateTests.历史使用指定本地时区跨日刷新且浏览不会产生播放记录" computerName="GAOXU" duration="00:00:00.1369592" startTime="2026-09-23T20:05:23.1387564+08:00" endTime="2026-09-23T20:05:23.2735833+08:00" testType="13cdc9d9-ddb5-4fa4-a97d-d965ccfc6d4b" outcome="Passed" testListId="8c84fa94-04c1-424b-9868-57a2d4851a1d" relativeResultsDirectory="e7d1f98c-d98c-4554-9919-3cd37bd3c737" />
    <UnitTestResult executionId="71e47d3a-5af5-41b2-b0c6-d164b619f6b3" testId="69917820-9d84-cfc9-cd28-3f336afca80a" testName="MusicNetEasePlugin.Tests.WeChatLoginTests.回调拒绝外域明文和异常端口跳转(location: &quot;https://music.163.com:444/callback&quot;)" computerName="GAOXU" duration="00:00:00.0090302" startTime="2026-09-23T20:05:23.3553133+08:00" endTime="2026-09-23T20:05:23.3637407+08:00" testType="13cdc9d9-ddb5-4fa4-a97d-d965ccfc6d4b" outcome="Passed" testListId="8c84fa94-04c1-424b-9868-57a2d4851a1d" relativeResultsDirectory="71e47d3a-5af5-41b2-b0c6-d164b619f6b3" />
    <UnitTestResult executionId="0064ab15-701c-45ed-94c3-a2428678328d" testId="4e492d6f-d616-b642-717c-66a400077e0d" testName="MusicNetEasePlugin.Tests.PlaylistTests.浏览分页使用原始偏移且重复页终止刷新可以重新开始" computerName="GAOXU" duration="00:00:00.0401593" startTime="2026-09-23T20:05:23.1388070+08:00" endTime="2026-09-23T20:05:23.1886672+08:00" testType="13cdc9d9-ddb5-4fa4-a97d-d965ccfc6d4b" outcome="Passed" testListId="8c84fa94-04c1-424b-9868-57a2d4851a1d" relativeResultsDirectory="0064ab15-701c-45ed-94c3-a2428678328d" />
    <UnitTestResult executionId="7b551919-3d79-45cd-bb62-14c372b4f1ac" testId="df8077b5-2813-05fa-cd96-0c589a810a69" testName="MusicNetEasePlugin.Tests.WeChatLoginTests.回调拒绝外域明文和异常端口跳转(location: &quot;https://evil.invalid/callback&quot;)" computerName="GAOXU" duration="00:00:00.0016269" startTime="2026-09-23T20:05:23.3638384+08:00" endTime="2026-09-23T20:05:23.3653797+08:00" testType="13cdc9d9-ddb5-4fa4-a97d-d965ccfc6d4b" outcome="Passed" testListId="8c84fa94-04c1-424b-9868-57a2d4851a1d" relativeResultsDirectory="7b551919-3d79-45cd-bb62-14c372b4f1ac" />
    <UnitTestResult executionId="754026bb-1bb1-469f-a5e1-19a70ce63a06" testId="fe40d678-0c16-9c55-5aef-ead857f164fe" testName="MusicNetEasePlugin.Tests.MusicHttpTests.仅明确会话失效退出且服务正文不泄露(code: 500, kind: Protocol, signedIn: True)" computerName="GAOXU" duration="00:00:00.0004819" startTime="2026-09-23T20:05:23.3643610+08:00" endTime="2026-09-23T20:05:23.3644176+08:00" testType="13cdc9d9-ddb5-4fa4-a97d-d965ccfc6d4b" outcome="Passed" testListId="8c84fa94-04c1-424b-9868-57a2d4851a1d" relativeResultsDirectory="754026bb-1bb1-469f-a5e1-19a70ce63a06" />
    <UnitTestResult executionId="85632f9e-ec95-4440-8fad-626fbbad1cc0" testId="66141942-3e71-3961-f97c-5ae0d5dd8b80" testName="MusicNetEasePlugin.Tests.DesktopUiTests.真实Document主题尺寸与播放区域验证(dark: False)" computerName="GAOXU" duration="00:00:00.1640192" startTime="2026-09-23T20:05:41.3844996+08:00" endTime="2026-09-23T20:05:41.5489255+08:00" testType="13cdc9d9-ddb5-4fa4-a97d-d965ccfc6d4b" outcome="Passed" testListId="8c84fa94-04c1-424b-9868-57a2d4851a1d" relativeResultsDirectory="85632f9e-ec95-4440-8fad-626fbbad1cc0" />
    <UnitTestResult executionId="ab3a3f4d-ab0b-46a5-8a5f-5985bd23a4c2" testId="950a3046-1a89-13db-fd86-479e65136c00" testName="MusicNetEasePlugin.Tests.QueueTests.删除当前首中尾及唯一项遵守播放意图(state: Paused, index: 3)" computerName="GAOXU" duration="00:00:00.0008624" startTime="2026-09-23T20:05:23.4953065+08:00" endTime="2026-09-23T20:05:23.4963532+08:00" testType="13cdc9d9-ddb5-4fa4-a97d-d965ccfc6d4b" outcome="Passed" testListId="8c84fa94-04c1-424b-9868-57a2d4851a1d" relativeResultsDirectory="ab3a3f4d-ab0b-46a5-8a5f-5985bd23a4c2" />
    <UnitTestResult executionId="0662451c-7d0a-430c-9db9-147f60f4a813" testId="71e75e2f-7718-b635-07dd-7df0053d1be3" testName="MusicNetEasePlugin.Tests.MediaBufferTests.非许可源在请求前拒绝(url: &quot;https://user:secret@m1.music.126.net/file&quot;)" computerName="GAOXU" duration="00:00:00.0001742" startTime="2026-09-23T20:05:23.7438042+08:00" endTime="2026-09-23T20:05:23.7438904+08:00" testType="13cdc9d9-ddb5-4fa4-a97d-d965ccfc6d4b" outcome="Passed" testListId="8c84fa94-04c1-424b-9868-57a2d4851a1d" relativeResultsDirectory="0662451c-7d0a-430c-9db9-147f60f4a813" />
    <UnitTestResult executionId="0a3a948a-1de9-4f4b-a6d1-0ddf1d750b1a" testId="1fac4b9c-8048-c405-de05-76b3e15e5e0a" testName="MusicNetEasePlugin.Tests.WeChatLoginTests.回调拒绝外域明文和异常端口跳转(location: &quot;http://music.163.com/callback&quot;)" computerName="GAOXU" duration="00:00:00.0008828" startTime="2026-09-23T20:05:23.3750464+08:00" endTime="2026-09-23T20:05:23.3761225+08:00" testType="13cdc9d9-ddb5-4fa4-a97d-d965ccfc6d4b" outcome="Passed" testListId="8c84fa94-04c1-424b-9868-57a2d4851a1d" relativeResultsDirectory="0a3a948a-1de9-4f4b-a6d1-0ddf1d750b1a" />
    <UnitTestResult executionId="78268a08-f6dd-4287-b8b3-e190a251ef15" testId="11b4374d-146c-bae2-e2c8-e6904a1d1c98" testName="MusicNetEasePlugin.Tests.PlaylistTests.大歌单只分页加载且缓存有界失败可重试" computerName="GAOXU" duration="00:00:00.0245183" startTime="2026-09-23T20:05:23.2904788+08:00" endTime="2026-09-23T20:05:23.3132400+08:00" testType="13cdc9d9-ddb5-4fa4-a97d-d965ccfc6d4b" outcome="Passed" testListId="8c84fa94-04c1-424b-9868-57a2d4851a1d" relativeResultsDirectory="78268a08-f6dd-4287-b8b3-e190a251ef15" />
    <UnitTestResult executionId="1f0eadbb-6d1a-487e-99d9-ae34179f30e9" testId="6a2b82a8-cef7-e2b8-ffe9-b5b25d8d381f" testName="MusicNetEasePlugin.Tests.WeChatLoginTests.微信状态不会误用网易App业务码(code: 408, expected: WaitingForScan)" computerName="GAOXU" duration="00:00:00.0017507" startTime="2026-09-23T20:05:23.3517220+08:00" endTime="2026-09-23T20:05:23.3533248+08:00" testType="13cdc9d9-ddb5-4fa4-a97d-d965ccfc6d4b" outcome="Passed" testListId="8c84fa94-04c1-424b-9868-57a2d4851a1d" relativeResultsDirectory="1f0eadbb-6d1a-487e-99d9-ae34179f30e9" />
    <UnitTestResult executionId="443be90e-1f55-4022-8cd4-27af97f69161" testId="5df06e34-f202-a2fa-4a19-7a96e59775a3" testName="MusicNetEasePlugin.Tests.NativeSeekTests.原生定位保留暂停且续播第一帧来自指定区段" computerName="GAOXU" duration="00:00:00.3254627" startTime="2026-09-23T20:05:47.4632257+08:00" endTime="2026-09-23T20:05:47.7889355+08:00" testType="13cdc9d9-ddb5-4fa4-a97d-d965ccfc6d4b" outcome="Passed" testListId="8c84fa94-04c1-424b-9868-57a2d4851a1d" relativeResultsDirectory="443be90e-1f55-4022-8cd4-27af97f69161" />
    <UnitTestResult executionId="c723b790-805b-4f5c-bed5-032bec3bae63" testId="ec6d8dda-090a-1363-a0eb-a826fb948a59" testName="MusicNetEasePlugin.Tests.QueueTests.删除当前首中尾及唯一项遵守播放意图(state: Loading, index: 0)" computerName="GAOXU" duration="00:00:00.0043222" startTime="2026-09-23T20:05:23.4765982+08:00" endTime="2026-09-23T20:05:23.4894208+08:00" testType="13cdc9d9-ddb5-4fa4-a97d-d965ccfc6d4b" outcome="Passed" testListId="8c84fa94-04c1-424b-9868-57a2d4851a1d" relativeResultsDirectory="c723b790-805b-4f5c-bed5-032bec3bae63" />
    <UnitTestResult executionId="9cd93f41-64c2-4e6d-a217-bdced8fa4f8a" testId="aa6f7a06-ccd2-70f8-1393-ab663f014a27" testName="MusicNetEasePlugin.Tests.HttpTests.无效账号不能成为登录成功(body: &quot;{\&quot;code\&quot;:200,\&quot;account\&quot;:null,\&quot;profile\&quot;:null}&quot;, kind: SessionExpired)" computerName="GAOXU" duration="00:00:00.0002500" startTime="2026-09-23T20:05:23.2857767+08:00" endTime="2026-09-23T20:05:23.2859361+08:00" testType="13cdc9d9-ddb5-4fa4-a97d-d965ccfc6d4b" outcome="Passed" testListId="8c84fa94-04c1-424b-9868-57a2d4851a1d" relativeResultsDirectory="9cd93f41-64c2-4e6d-a217-bdced8fa4f8a" />
    <UnitTestResult executionId="1dd51e35-d938-47d4-8da3-7ef0452c1757" testId="65ec0817-822c-cb25-3277-54e174d7f30d" testName="MusicNetEasePlugin.Tests.HttpTests.HTTP成功与扫码业务状态分开解释(code: 800, expected: Expired)" computerName="GAOXU" duration="00:00:00.0002110" startTime="2026-09-23T20:05:23.2957659+08:00" endTime="2026-09-23T20:05:23.2958899+08:00" testType="13cdc9d9-ddb5-4fa4-a97d-d965ccfc6d4b" outcome="Passed" testListId="8c84fa94-04c1-424b-9868-57a2d4851a1d" relativeResultsDirectory="1dd51e35-d938-47d4-8da3-7ef0452c1757" />
    <UnitTestResult executionId="88689e3b-fe2e-4abe-adf2-bf3a94e9b722" testId="3ab5bb23-e806-fd70-559c-a70cff98cb72" testName="MusicNetEasePlugin.Tests.DesktopUiTests.动效随祖先隐藏最小化偏好和重挂收口且不停止歌曲" computerName="GAOXU" duration="00:00:01.2818312" startTime="2026-09-23T20:05:41.7891877+08:00" endTime="2026-09-23T20:05:43.0711463+08:00" testType="13cdc9d9-ddb5-4fa4-a97d-d965ccfc6d4b" outcome="Passed" testListId="8c84fa94-04c1-424b-9868-57a2d4851a1d" relativeResultsDirectory="88689e3b-fe2e-4abe-adf2-bf3a94e9b722" />
    <UnitTestResult executionId="ed734fa8-e8f1-4078-a59f-cff330d84830" testId="c32b4d12-4cc3-c90f-1a92-4e521316b7fe" testName="MusicNetEasePlugin.Tests.LyricsTests.逐行解析独立期望覆盖多标签偏移稳定排序与文化(culture: &quot;zh-CN&quot;)" computerName="GAOXU" duration="00:00:00.0000706" startTime="2026-09-23T20:05:23.2698625+08:00" endTime="2026-09-23T20:05:23.2698992+08:00" testType="13cdc9d9-ddb5-4fa4-a97d-d965ccfc6d4b" outcome="Passed" testListId="8c84fa94-04c1-424b-9868-57a2d4851a1d" relativeResultsDirectory="ed734fa8-e8f1-4078-a59f-cff330d84830" />
    <UnitTestResult executionId="122b05d3-9584-4d8a-b1e9-ab43aa77ea2a" testId="250aa798-bf17-cb98-84bc-922c88670df3" testName="MusicNetEasePlugin.Tests.PlaybackPersistenceTests.重启恢复队列重复身份与位置保持静默直到用户继续" computerName="GAOXU" duration="00:00:00.0091876" startTime="2026-09-23T20:05:23.5306552+08:00" endTime="2026-09-23T20:05:23.5402477+08:00" testType="13cdc9d9-ddb5-4fa4-a97d-d965ccfc6d4b" outcome="Passed" testListId="8c84fa94-04c1-424b-9868-57a2d4851a1d" relativeResultsDirectory="122b05d3-9584-4d8a-b1e9-ab43aa77ea2a" />
    <UnitTestResult executionId="c9fc425f-cc58-4314-a32b-a2d127d8cfc6" testId="30434e71-0742-073c-025b-d8d17165b497" testName="MusicNetEasePlugin.Tests.MusicHttpTests.缺失或畸形结构不会伪装成有效搜索结果(response: &quot;{}&quot;)" computerName="GAOXU" duration="00:00:00.0010834" startTime="2026-09-23T20:05:23.3645521+08:00" endTime="2026-09-23T20:05:23.3738902+08:00" testType="13cdc9d9-ddb5-4fa4-a97d-d965ccfc6d4b" outcome="Passed" testListId="8c84fa94-04c1-424b-9868-57a2d4851a1d" relativeResultsDirectory="c9fc425f-cc58-4314-a32b-a2d127d8cfc6" />
    <UnitTestResult executionId="7eb7eca5-128b-4b25-b66f-b785d957dac8" testId="e7b36493-035b-f034-e087-dfcb66dbdae1" testName="MusicNetEasePlugin.Tests.UiPreferencesTests.迟到读取不能覆盖用户选择且读取只执行一次" computerName="GAOXU" duration="00:00:00.0090690" startTime="2026-09-23T20:05:23.3482623+08:00" endTime="2026-09-23T20:05:23.3571458+08:00" testType="13cdc9d9-ddb5-4fa4-a97d-d965ccfc6d4b" outcome="Passed" testListId="8c84fa94-04c1-424b-9868-57a2d4851a1d" relativeResultsDirectory="7eb7eca5-128b-4b25-b66f-b785d957dac8" />
    <UnitTestResult executionId="cebdd0ed-c7e4-440d-b444-81ff11671f20" testId="28bcd01c-500d-f485-e642-24d608593adb" testName="MusicNetEasePlugin.Tests.QueueTests.删除当前首中尾及唯一项遵守播放意图(state: Playing, index: 3)" computerName="GAOXU" duration="00:00:00.0007519" startTime="2026-09-23T20:05:23.4981734+08:00" endTime="2026-09-23T20:05:23.4986784+08:00" testType="13cdc9d9-ddb5-4fa4-a97d-d965ccfc6d4b" outcome="Passed" testListId="8c84fa94-04c1-424b-9868-57a2d4851a1d" relativeResultsDirectory="cebdd0ed-c7e4-440d-b444-81ff11671f20" />
    <UnitTestResult executionId="586307fc-2404-442c-bfec-c4eb237679db" testId="3bf895ec-5d20-bb89-f6d6-15e3d8cc9485" testName="MusicNetEasePlugin.Tests.LyricsTests.逐字使用绝对时间且翻译按时间关联不按数组下标" computerName="GAOXU" duration="00:00:00.0020114" startTime="2026-09-23T20:05:23.7685518+08:00" endTime="2026-09-23T20:05:23.7702553+08:00" testType="13cdc9d9-ddb5-4fa4-a97d-d965ccfc6d4b" outcome="Passed" testListId="8c84fa94-04c1-424b-9868-57a2d4851a1d" relativeResultsDirectory="586307fc-2404-442c-bfec-c4eb237679db" />
    <UnitTestResult executionId="f95bf504-07dd-4ae9-803e-97df69247148" testId="d9031fbd-3db8-2611-e499-8de23b341145" testName="MusicNetEasePlugin.Tests.MediaBufferTests.非许可源在请求前拒绝(url: &quot;https://127.0.0.1/file&quot;)" computerName="GAOXU" duration="00:00:00.0000192" startTime="2026-09-23T20:05:23.7445214+08:00" endTime="2026-09-23T20:05:23.7445568+08:00" testType="13cdc9d9-ddb5-4fa4-a97d-d965ccfc6d4b" outcome="Passed" testListId="8c84fa94-04c1-424b-9868-57a2d4851a1d" relativeResultsDirectory="f95bf504-07dd-4ae9-803e-97df69247148" />
    <UnitTestResult executionId="b35f3277-5cac-42dc-87d6-68c17442820d" testId="613d321e-2ae6-7c61-c69f-f7c9a2a39ef2" testName="MusicNetEasePlugin.Tests.LightweightPlaybackTests.立即播放保留原队列和下一首优先顺序(mode: Shuffle)" computerName="GAOXU" duration="00:00:00.0292077" startTime="2026-09-23T20:05:23.2944174+08:00" endTime="2026-09-23T20:05:23.3232572+08:00" testType="13cdc9d9-ddb5-4fa4-a97d-d965ccfc6d4b" outcome="Passed" testListId="8c84fa94-04c1-424b-9868-57a2d4851a1d" relativeResultsDirectory="b35f3277-5cac-42dc-87d6-68c17442820d" />
    <UnitTestResult executionId="7ba0892d-28ab-4d33-bbdb-c8146cb096e7" testId="07328f1f-8c38-aba1-9ce0-56469d0f6008" testName="MusicNetEasePlugin.Tests.LightweightResourceTests.界面偏好兼容旧版本且三个开关独立持久化" computerName="GAOXU" duration="00:00:00.0248571" startTime="2026-09-23T20:05:23.4277712+08:00" endTime="2026-09-23T20:05:23.4538272+08:00" testType="13cdc9d9-ddb5-4fa4-a97d-d965ccfc6d4b" outcome="Passed" testListId="8c84fa94-04c1-424b-9868-57a2d4851a1d" relativeResultsDirectory="7ba0892d-28ab-4d33-bbdb-c8146cb096e7" />
    <UnitTestResult executionId="be3649fd-00b9-42b6-baf8-98e1e57d0736" testId="b6d823ff-43eb-a9f6-4f7b-2832a3a55429" testName="MusicNetEasePlugin.Tests.NativeSeekTests.原生三曲自然结束连续交接且最后释放所有文件" computerName="GAOXU" duration="00:00:00.6702232" startTime="2026-09-23T20:05:46.7925880+08:00" endTime="2026-09-23T20:05:47.4631146+08:00" testType="13cdc9d9-ddb5-4fa4-a97d-d965ccfc6d4b" outcome="Passed" testListId="8c84fa94-04c1-424b-9868-57a2d4851a1d" relativeResultsDirectory="be3649fd-00b9-42b6-baf8-98e1e57d0736" />
    <UnitTestResult executionId="07603890-7514-4db0-a732-b27e41b42d6c" testId="512922f4-93fa-2065-0bce-6518dc875bb1" testName="MusicNetEasePlugin.Tests.PlaybackStateStoreTests.损坏未知版本身份及数值越界保留原文件(kind: &quot;volume&quot;)" computerName="GAOXU" duration="00:00:00.0128354" startTime="2026-09-23T20:05:23.4982766+08:00" endTime="2026-09-23T20:05:23.5111783+08:00" testType="13cdc9d9-ddb5-4fa4-a97d-d965ccfc6d4b" outcome="Passed" testListId="8c84fa94-04c1-424b-9868-57a2d4851a1d" relativeResultsDirectory="07603890-7514-4db0-a732-b27e41b42d6c" />
    <UnitTestResult executionId="b913b307-3579-464d-b72b-f5b0d134112e" testId="677cd041-9042-eb7e-c593-c57cd917751e" testName="MusicNetEasePlugin.Tests.HttpTests.失败保留状态码而不泄露敏感正文(status: 200, code: 460, expected: VerificationRequired)" computerName="GAOXU" duration="00:00:00.0006185" startTime="2026-09-23T20:05:23.3167600+08:00" endTime="2026-09-23T20:05:23.3171884+08:00" testType="13cdc9d9-ddb5-4fa4-a97d-d965ccfc6d4b" outcome="Passed" testListId="8c84fa94-04c1-424b-9868-57a2d4851a1d" relativeResultsDirectory="b913b307-3579-464d-b72b-f5b0d134112e" />
    <UnitTestResult executionId="68de748e-2f85-4315-b968-647760865145" testId="7c53796d-baaa-ffe2-f6c6-8bb58d2e628d" testName="MusicNetEasePlugin.Tests.LightweightPlaybackTests.临时不可播曲目按原规则推进而试听仍保留真实范围" computerName="GAOXU" duration="00:00:00.0390442" startTime="2026-09-23T20:05:23.3914571+08:00" endTime="2026-09-23T20:05:23.4348831+08:00" testType="13cdc9d9-ddb5-4fa4-a97d-d965ccfc6d4b" outcome="Passed" testListId="8c84fa94-04c1-424b-9868-57a2d4851a1d" relativeResultsDirectory="68de748e-2f85-4315-b968-647760865145" />
[...]
    <TestEntry testId="22048927-70cd-9d2f-1d6b-5eb08ad1bb2f" executionId="5cc6f0f4-8eed-4176-9b7c-ded1620f5292" testListId="8c84fa94-04c1-424b-9868-57a2d4851a1d" />
    <TestEntry testId="f3f760d0-7f32-fa33-49cc-a493e90649d1" executionId="ede983b4-0e07-40f3-9950-82b444030386" testListId="8c84fa94-04c1-424b-9868-57a2d4851a1d" />
    <TestEntry testId="9095c91d-2634-27da-47f0-7b9fb8f2120b" executionId="156117e8-5ddf-415e-b981-5f63e8d40b28" testListId="8c84fa94-04c1-424b-9868-57a2d4851a1d" />
    <TestEntry testId="1cc1eaf7-9c27-342e-7abe-34c14aa67945" executionId="fde84efb-301a-48b0-8b8d-fbe9de336091" testListId="8c84fa94-04c1-424b-9868-57a2d4851a1d" />
    <TestEntry testId="c4f55703-3e07-99d6-f067-2cd4f0a13253" executionId="7edaa5d0-f4b4-4589-b8f1-c19c537ae649" testListId="8c84fa94-04c1-424b-9868-57a2d4851a1d" />
    <TestEntry testId="9254fa42-0664-ce72-5890-fd604887b8b5" executionId="30ad2d04-7804-47a9-8997-e8de22034bfb" testListId="8c84fa94-04c1-424b-9868-57a2d4851a1d" />
    <TestEntry testId="cc5eb566-e6b7-f341-d692-b4f7ed231524" executionId="b2b6fac4-57dc-4d25-98d9-5e5257f2c064" testListId="8c84fa94-04c1-424b-9868-57a2d4851a1d" />
    <TestEntry testId="9afbbddb-9afa-9144-8616-f21e254d03f8" executionId="425bfa1e-6db7-48d1-8f5a-23d6d8892dae" testListId="8c84fa94-04c1-424b-9868-57a2d4851a1d" />
    <TestEntry testId="6368c138-7023-82ad-d4c0-26afaa4d2489" executionId="4c7241f7-1e5c-489d-b612-dd96afdc6f91" testListId="8c84fa94-04c1-424b-9868-57a2d4851a1d" />
    <TestEntry testId="4cd68901-b33d-c7eb-b29a-d44d6e08edfc" executionId="13b1c955-dcca-4c04-80dc-f38b5d1388d5" testListId="8c84fa94-04c1-424b-9868-57a2d4851a1d" />
    <TestEntry testId="7fdd2e05-07a4-5623-5972-e7be97231ddd" executionId="be46c6b8-8959-49bd-98a3-a2fce8e5c693" testListId="8c84fa94-04c1-424b-9868-57a2d4851a1d" />
    <TestEntry testId="f3483ba0-41ea-8386-c8e5-7c13f91600dc" executionId="859c0732-04cc-49df-a7ca-20baadf2f8fb" testListId="8c84fa94-04c1-424b-9868-57a2d4851a1d" />
    <TestEntry testId="b55ad964-ca3d-f474-a8b5-24e1e6c4fc3d" executionId="482e8d72-9713-4568-9e6e-d0be30f72c9a" testListId="8c84fa94-04c1-424b-9868-57a2d4851a1d" />
    <TestEntry testId="c50ee920-3ec1-48c8-db80-eae27aec0cb8" executionId="97a5e437-651e-4682-90e6-76db731d7348" testListId="8c84fa94-04c1-424b-9868-57a2d4851a1d" />
    <TestEntry testId="8454b35b-9210-e44a-dda9-7f98af5d03bb" executionId="87eeabff-92e9-413e-8ded-ee4bc36e2266" testListId="8c84fa94-04c1-424b-9868-57a2d4851a1d" />
    <TestEntry testId="94e87b40-c524-62f8-b4d2-2d647864815d" executionId="0ceeb9f4-5e6c-46c2-9763-ebf73f4c31ef" testListId="8c84fa94-04c1-424b-9868-57a2d4851a1d" />
    <TestEntry testId="2527e958-10a6-0f97-3b45-570dba92b2a8" executionId="f2031aac-7e56-4640-b28a-c4da28c41fa0" testListId="8c84fa94-04c1-424b-9868-57a2d4851a1d" />
    <TestEntry testId="31dd7fa2-3189-00eb-46ec-ef54ebcece11" executionId="d653ca3a-392e-4bd1-84ca-02e33e9651d7" testListId="8c84fa94-04c1-424b-9868-57a2d4851a1d" />
    <TestEntry testId="c767a6d6-6883-6055-9a66-24f41be32c5a" executionId="189c4c25-808a-40e4-9ee0-6c15128944a6" testListId="8c84fa94-04c1-424b-9868-57a2d4851a1d" />
    <TestEntry testId="556414df-06fd-81b7-f9d6-f01f52558404" executionId="6d8e8997-a6b2-4c01-94e2-65c2c1cd635c" testListId="8c84fa94-04c1-424b-9868-57a2d4851a1d" />
    <TestEntry testId="ea04d3ca-4e05-bad1-d163-017161ea5a07" executionId="1cd3fd06-fac7-441e-b6dc-8c4263069bd5" testListId="8c84fa94-04c1-424b-9868-57a2d4851a1d" />
    <TestEntry testId="6e8b96d4-f8ad-e45b-b44b-a14920544dc0" executionId="f601f0fb-3e1f-441e-b21b-582386efa79c" testListId="8c84fa94-04c1-424b-9868-57a2d4851a1d" />
    <TestEntry testId="f3950140-282c-1578-79c5-600817f85e62" executionId="22fbab1e-b23d-4ad0-9088-1f4164c87406" testListId="8c84fa94-04c1-424b-9868-57a2d4851a1d" />
    <TestEntry testId="7b007dcc-38b8-dc5d-8f23-0616d474eddb" executionId="718c4b43-3359-4db3-a6c9-2432f4b1bf9a" testListId="8c84fa94-04c1-424b-9868-57a2d4851a1d" />
    <TestEntry testId="d7edcfd6-fc1c-ba4b-712f-3c9485d63b07" executionId="38072940-c182-4786-93f3-2f5263509212" testListId="8c84fa94-04c1-424b-9868-57a2d4851a1d" />
    <TestEntry testId="3dc118f6-a3c6-e8ed-ef6b-211bcd5da5a1" executionId="941d0d5b-f757-4f52-a92e-3ab209fa8014" testListId="8c84fa94-04c1-424b-9868-57a2d4851a1d" />
    <TestEntry testId="0e11884e-2f1a-1fe3-9cb6-cefd25aee854" executionId="4f97a1c9-f2ff-4dd3-afbc-8417315b66f3" testListId="8c84fa94-04c1-424b-9868-57a2d4851a1d" />
    <TestEntry testId="932be16e-2926-40d0-37fc-167ec0517162" executionId="05651ce7-4114-4359-a2c6-de7e352d3a8b" testListId="8c84fa94-04c1-424b-9868-57a2d4851a1d" />
    <TestEntry testId="c01e1448-1f16-1c94-b77a-cf6a0a9392ac" executionId="7a8f7ebc-013d-41ea-a91c-6ee7891aea00" testListId="8c84fa94-04c1-424b-9868-57a2d4851a1d" />
    <TestEntry testId="d5d9f2d2-ec28-b556-6d63-6fd5c8d24dcf" executionId="bbd17689-ce16-4a79-a836-df3473a9b245" testListId="8c84fa94-04c1-424b-9868-57a2d4851a1d" />
    <TestEntry testId="9b1b8e76-80aa-b6ad-4cc6-83f306b6895f" executionId="dc7a21a8-769c-419d-8149-b2ff48ce9f70" testListId="8c84fa94-04c1-424b-9868-57a2d4851a1d" />
    <TestEntry testId="22679bd6-04fa-ecf6-e6f4-e0a60f0185a7" executionId="879faf67-01e9-4188-b494-bbd8061f9d73" testListId="8c84fa94-04c1-424b-9868-57a2d4851a1d" />
    <TestEntry testId="1abd086b-bd41-97dc-f3d5-71771a73f367" executionId="5ad9358f-20b6-4f55-990c-044d2e5a7ef0" testListId="8c84fa94-04c1-424b-9868-57a2d4851a1d" />
    <TestEntry testId="5e038321-8920-4809-c4e7-faaea3612add" executionId="96faaec1-79bb-41b1-9e40-abeec98d31d5" testListId="8c84fa94-04c1-424b-9868-57a2d4851a1d" />
    <TestEntry testId="6173f86b-daca-64e8-80ea-561c242c6d3b" executionId="0de66749-0865-4ea6-92c3-88c3162cb3ff" testListId="8c84fa94-04c1-424b-9868-57a2d4851a1d" />
    <TestEntry testId="84b8de6b-3895-3f4c-90aa-5dbee7d8ac5e" executionId="71dcdbc8-b7e1-458f-ab9d-00fc33d7507e" testListId="8c84fa94-04c1-424b-9868-57a2d4851a1d" />
    <TestEntry testId="b8b3181f-5d1a-90f7-5b38-cfe31c50761e" executionId="6764774e-0d83-4da0-8bef-317060091918" testListId="8c84fa94-04c1-424b-9868-57a2d4851a1d" />
    <TestEntry testId="849dd2e6-5fd0-7d1b-e810-53b510a46b6f" executionId="e79ce1ff-2b35-48c5-9476-dd37c53865b2" testListId="8c84fa94-04c1-424b-9868-57a2d4851a1d" />
    <TestEntry testId="64437704-5b41-69c2-fbff-6074d98343e0" executionId="91f49a44-125c-42ff-84b3-d2bfb9a230f8" testListId="8c84fa94-04c1-424b-9868-57a2d4851a1d" />
    <TestEntry testId="756156b3-e511-71bb-dc9d-6bf781d9b3ab" executionId="3be0bec7-1f1e-4219-b8b1-0e91c82bf5a1" testListId="8c84fa94-04c1-424b-9868-57a2d4851a1d" />
    <TestEntry testId="320fe59f-aa98-b8a7-6aca-22b9c0d9457b" executionId="0346a590-ea3d-4237-9567-f9b813bd36f4" testListId="8c84fa94-04c1-424b-9868-57a2d4851a1d" />
    <TestEntry testId="8f12457e-ece4-1874-3398-9ff273da2b62" executionId="be7688f0-b82e-4d6b-aea7-f7218c31f776" testListId="8c84fa94-04c1-424b-9868-57a2d4851a1d" />
    <TestEntry testId="b78c145f-a8cd-64a8-1876-e73e9475b94d" executionId="001ba4e8-2733-4caf-826c-c6a560aacfda" testListId="8c84fa94-04c1-424b-9868-57a2d4851a1d" />
    <TestEntry testId="61b26dbc-ca52-4c32-6cdb-ce2a071c3af7" executionId="5bd89271-45e7-4955-870c-9da66c3069c7" testListId="8c84fa94-04c1-424b-9868-57a2d4851a1d" />
    <TestEntry testId="ab0a96f1-0b91-390e-e0d8-a0f6d372d7f5" executionId="b62a814b-2afe-4fe0-b7e6-58e98f9f2aa4" testListId="8c84fa94-04c1-424b-9868-57a2d4851a1d" />
    <TestEntry testId="eb84b13f-3766-0021-138f-d05780bdfc60" executionId="8e615a23-5c99-4445-81b8-d6c8117dd7c7" testListId="8c84fa94-04c1-424b-9868-57a2d4851a1d" />
    <TestEntry testId="845f1610-e973-eb43-55c9-310df24d7fc4" executionId="3e32740e-32f4-40cf-847e-3b03cfa38687" testListId="8c84fa94-04c1-424b-9868-57a2d4851a1d" />
    <TestEntry testId="83215281-f954-c2c4-18c5-28fd0ba1cf2e" executionId="82bc379f-3651-4331-9066-4ad1c15efbd4" testListId="8c84fa94-04c1-424b-9868-57a2d4851a1d" />
    <TestEntry testId="697b3a06-0b12-1cce-cacf-5cb180a54357" executionId="586f2fd5-5ec9-4190-9f3c-6614673370ff" testListId="8c84fa94-04c1-424b-9868-57a2d4851a1d" />
    <TestEntry testId="e1688619-77a8-1048-14ca-110117709b21" executionId="8d4b4189-ae91-417c-b6f2-f308ba80a709" testListId="8c84fa94-04c1-424b-9868-57a2d4851a1d" />
    <TestEntry testId="5ef68df1-d6de-64b9-2d8d-c3ad26ad1539" executionId="9f10daa1-d6c2-4e5a-9a60-fb07dd2bb65f" testListId="8c84fa94-04c1-424b-9868-57a2d4851a1d" />
    <TestEntry testId="db081cd9-90f6-f6dd-ec6a-00c3715da036" executionId="9c574254-9d20-4ecd-9d20-f9293f65dcd1" testListId="8c84fa94-04c1-424b-9868-57a2d4851a1d" />
    <TestEntry testId="0fbc604c-0d12-5a16-24dc-8ce1d40851d7" executionId="434b39fb-8195-4228-a3d2-5cad0412faf3" testListId="8c84fa94-04c1-424b-9868-57a2d4851a1d" />
    <TestEntry testId="82d2d7ad-68a5-ce9e-76ba-19dc87ed0907" executionId="d39cdc4d-c718-4b71-996f-b5d415cace52" testListId="8c84fa94-04c1-424b-9868-57a2d4851a1d" />
    <TestEntry testId="4a87d77c-695a-b083-64ef-662f89232171" executionId="6a62e5d5-2aed-41f4-8285-ad11352e2fc3" testListId="8c84fa94-04c1-424b-9868-57a2d4851a1d" />
    <TestEntry testId="516adbb0-995c-8900-151b-ea3aea74b7a5" executionId="25604591-7a35-41f3-83d4-6b7c4e3e05b6" testListId="8c84fa94-04c1-424b-9868-57a2d4851a1d" />
    <TestEntry testId="e473ad6b-40bc-2298-4375-0ffbb8877df4" executionId="5b8f42b0-bfb7-4023-b10e-48abf3837d2e" testListId="8c84fa94-04c1-424b-9868-57a2d4851a1d" />
    <TestEntry testId="c3a9cb85-fd68-091a-c097-dac2a9b59f87" executionId="3b1155c1-246e-4787-b38b-07df82f9ddf4" testListId="8c84fa94-04c1-424b-9868-57a2d4851a1d" />
    <TestEntry testId="0fae2974-e1e0-9960-9d04-775247c8a200" executionId="a88380ec-7c0f-44c6-868b-0bef916b4f59" testListId="8c84fa94-04c1-424b-9868-57a2d4851a1d" />
    <TestEntry testId="b64e7c01-d5e0-2ecd-2dd0-ca5279032490" executionId="e8d685ee-0661-4c36-a453-9473994e275b" testListId="8c84fa94-04c1-424b-9868-57a2d4851a1d" />
    <TestEntry testId="849e3405-e6f4-936e-ae3a-72aa2e7c093c" executionId="bbe06f66-8989-4068-b6a9-2816d4b31658" testListId="8c84fa94-04c1-424b-9868-57a2d4851a1d" />
    <TestEntry testId="6fbcd0f8-61b6-b549-36d1-f4b1ef5aa50d" executionId="2fadc249-1560-4839-819d-951123467701" testListId="8c84fa94-04c1-424b-9868-57a2d4851a1d" />
    <TestEntry testId="22c54535-38ac-ce62-e659-a03cbe539181" executionId="d75349c1-49a1-41fe-a308-d7968c96467d" testListId="8c84fa94-04c1-424b-9868-57a2d4851a1d" />
    <TestEntry testId="975e2f46-1afe-857c-6842-c7e65f257bb1" executionId="c5cfe78f-0a68-4f96-9609-634a74d6d947" testListId="8c84fa94-04c1-424b-9868-57a2d4851a1d" />
    <TestEntry testId="6a1a8d4f-75cd-446b-bdf7-f5311fb30a1e" executionId="013074b2-b906-40b3-9535-02b62385ead3" testListId="8c84fa94-04c1-424b-9868-57a2d4851a1d" />
    <TestEntry testId="2f0bdc56-7706-4fa6-0d7e-4b2ec4148112" executionId="8d9e5308-5e03-4d96-ba23-bd720719aea6" testListId="8c84fa94-04c1-424b-9868-57a2d4851a1d" />
    <TestEntry testId="5012e7fc-1877-2f92-e63e-d962e0a68d8f" executionId="1a93391f-4292-41b4-857f-d51ab3687a60" testListId="8c84fa94-04c1-424b-9868-57a2d4851a1d" />
    <TestEntry testId="b4f51d6b-39f6-55fb-6c23-66aa8b918714" executionId="c4f76977-8116-4b84-9b4e-2646d2526584" testListId="8c84fa94-04c1-424b-9868-57a2d4851a1d" />
    <TestEntry testId="eeb93616-20b5-07b3-339f-95582ea5b844" executionId="426aaf24-07db-4348-8a34-ce82a2fd936b" testListId="8c84fa94-04c1-424b-9868-57a2d4851a1d" />
    <TestEntry testId="acd9f544-c0b6-5d62-4987-be6ac30e0c10" executionId="21a90eed-c7ad-4152-b40c-e08652f6aa50" testListId="8c84fa94-04c1-424b-9868-57a2d4851a1d" />
    <TestEntry testId="4bc451b2-88ac-9ea3-7058-77be3eb49f08" executionId="4589f08c-42c4-4c59-b644-e85300a944b1" testListId="8c84fa94-04c1-424b-9868-57a2d4851a1d" />
    <TestEntry testId="c8fecbd6-4eb6-18b4-4534-29e553cb6d35" executionId="f8480433-49d8-4da3-944a-279c3985932d" testListId="8c84fa94-04c1-424b-9868-57a2d4851a1d" />
    <TestEntry testId="a707c701-d98c-a7da-4993-a0506660c95f" executionId="a4e767f5-a35d-4aa5-8846-8772c5e626b2" testListId="8c84fa94-04c1-424b-9868-57a2d4851a1d" />
    <TestEntry testId="cd9c7446-dcab-a9f2-79c4-edc5b274302b" executionId="9ac2cc4f-ac8c-4d87-ab32-09e211042c72" testListId="8c84fa94-04c1-424b-9868-57a2d4851a1d" />
    <TestEntry testId="5bee890a-2aad-18a5-70c6-330d793e923f" executionId="eaf39280-f86c-47a2-bc87-23352dbfaad9" testListId="8c84fa94-04c1-424b-9868-57a2d4851a1d" />
    <TestEntry testId="0a160403-c5c5-6b86-6452-09cd692abc41" executionId="76904f7f-a359-436d-bd1f-fa563fb0d735" testListId="8c84fa94-04c1-424b-9868-57a2d4851a1d" />
    <TestEntry testId="4eba7b4e-59dc-fe49-3b11-7dc6738298bc" executionId="d4698e4f-b16a-4e1a-afe9-7f35c1f5099b" testListId="8c84fa94-04c1-424b-9868-57a2d4851a1d" />
    <TestEntry testId="de844485-6ce4-4469-3efb-f4e2abfebdb2" executionId="d5da46e8-70c5-4ba8-9497-cb1fec83cabd" testListId="8c84fa94-04c1-424b-9868-57a2d4851a1d" />
    <TestEntry testId="61e3a674-580c-740d-d4e8-c56714415294" executionId="6f571865-3369-4393-8b65-08b14183f2c6" testListId="8c84fa94-04c1-424b-9868-57a2d4851a1d" />
    <TestEntry testId="1053eb37-71c5-753a-347c-3add0e9e21dc" executionId="c73df7e3-26d9-42a4-8e6e-c4c269d10642" testListId="8c84fa94-04c1-424b-9868-57a2d4851a1d" />
    <TestEntry testId="d5167bd1-2558-05f0-ca1f-2dc858092cd1" executionId="7a81bad7-a454-4f8d-849e-c52ce464feed" testListId="8c84fa94-04c1-424b-9868-57a2d4851a1d" />
    <TestEntry testId="9aab9584-0ce7-c755-fd66-40a4fb800f17" executionId="e9237a3d-0027-4ddc-932c-d94c926d1967" testListId="8c84fa94-04c1-424b-9868-57a2d4851a1d" />
    <TestEntry testId="d1c7c059-fe73-4897-ab11-d4c4b430978f" executionId="ba4d6936-7b9e-42ff-a951-7bfe0810f220" testListId="8c84fa94-04c1-424b-9868-57a2d4851a1d" />
    <TestEntry testId="f999e904-17d9-1a7e-32b0-e0322d4be840" executionId="5c926a3f-0a6b-4d48-955d-5fbec57b072f" testListId="8c84fa94-04c1-424b-9868-57a2d4851a1d" />
    <TestEntry testId="56dd5a81-8ed0-f0e4-1a8b-be8c8675bad9" executionId="02ab2764-2bed-4bfe-8223-f54b66568042" testListId="8c84fa94-04c1-424b-9868-57a2d4851a1d" />
    <TestEntry testId="12664b1f-c7e1-c17b-a30d-2268fb75fe92" executionId="8eface89-5f6f-4657-a7c5-78bbeb4f1dd4" testListId="8c84fa94-04c1-424b-9868-57a2d4851a1d" />
    <TestEntry testId="a0b10528-cf48-050d-ac5d-fcb6c112ff64" executionId="85dd3ee4-8357-438a-ba56-1c914b8e165e" testListId="8c84fa94-04c1-424b-9868-57a2d4851a1d" />
    <TestEntry testId="a77e370b-870a-8a53-2474-da805db8129b" executionId="41a38c09-9fe8-4511-a72b-6eccbb48a582" testListId="8c84fa94-04c1-424b-9868-57a2d4851a1d" />
    <TestEntry testId="05ccff75-2085-ea1d-54af-4bbcf90e7edd" executionId="41cb8cca-3ff9-4dde-911d-c7e39f69c92a" testListId="8c84fa94-04c1-424b-9868-57a2d4851a1d" />
    <TestEntry testId="da25c9b0-354f-cc70-31cd-1d3fa7210ac1" executionId="4a3fc016-7edc-41be-b870-a2c244d46b45" testListId="8c84fa94-04c1-424b-9868-57a2d4851a1d" />
    <TestEntry testId="73484e15-bbb9-9a3d-be6f-301c47dd1002" executionId="41396648-9594-4cb9-8f08-4cefb32a4202" testListId="8c84fa94-04c1-424b-9868-57a2d4851a1d" />
    <TestEntry testId="006402f0-828b-ca45-2103-8e15cef02d1d" executionId="f263a1b1-f36b-4aac-9541-8232c00411bb" testListId="8c84fa94-04c1-424b-9868-57a2d4851a1d" />
    <TestEntry testId="58abb2df-35a6-436c-7bce-f6161668ca99" executionId="0183f6f5-d298-4fc0-914b-ba1a758801e6" testListId="8c84fa94-04c1-424b-9868-57a2d4851a1d" />
    <TestEntry testId="4d1857fc-4bbe-2d6c-533f-19ac655eae80" executionId="c8ccaa00-63d0-47b8-8f80-c5d71808ee7a" testListId="8c84fa94-04c1-424b-9868-57a2d4851a1d" />
    <TestEntry testId="97cea1f1-3904-393b-bcaa-9ca76e7b499c" executionId="836c2805-be91-4104-a918-7208f1d69489" testListId="8c84fa94-04c1-424b-9868-57a2d4851a1d" />
    <TestEntry testId="3684839c-f519-f2e0-4f2d-667e614dcf67" executionId="efc8b7bc-5cee-4433-8b18-1354fa2c59f6" testListId="8c84fa94-04c1-424b-9868-57a2d4851a1d" />
    <TestEntry testId="330c3ff3-ae17-6b88-5422-30680036f3e2" executionId="a951b288-6bf9-4821-8112-52946e74ffd6" testListId="8c84fa94-04c1-424b-9868-57a2d4851a1d" />
    <TestEntry testId="37f66fd0-e9a3-fa68-36e0-3e2b93d4f815" executionId="8636a7ca-6573-4193-8a7d-24a0197f433f" testListId="8c84fa94-04c1-424b-9868-57a2d4851a1d" />
    <TestEntry testId="36296bdd-f6a8-2961-354b-bab90e41b880" executionId="88f7cb13-7166-4378-b8c7-b974468bd7c9" testListId="8c84fa94-04c1-424b-9868-57a2d4851a1d" />
    <TestEntry testId="fe46b487-44ed-7135-e3f6-0f6379a362aa" executionId="7b99ee9c-8391-42ad-bc59-f59fc7b010c8" testListId="8c84fa94-04c1-424b-9868-57a2d4851a1d" />
    <TestEntry testId="eb999f46-147d-93f6-9e1d-e1146a9d0f6f" executionId="c2c5888e-fd87-4656-9923-40aaa03b5e45" testListId="8c84fa94-04c1-424b-9868-57a2d4851a1d" />
    <TestEntry testId="74775060-70eb-40fc-7a2a-1e2fc71251b1" executionId="31d253c9-4434-47b2-9483-5e5a558199c6" testListId="8c84fa94-04c1-424b-9868-57a2d4851a1d" />
    <TestEntry testId="923e70a9-5be9-7aac-7606-802f0da4a1c6" executionId="cf741acc-dcf8-46ca-b59b-5f6c612f025e" testListId="8c84fa94-04c1-424b-9868-57a2d4851a1d" />
    <TestEntry testId="9d6a23d6-0ff1-774d-ec21-cde1a79ff412" executionId="fde49a98-30a6-42a8-9866-7c0c3acd0649" testListId="8c84fa94-04c1-424b-9868-57a2d4851a1d" />
    <TestEntry testId="7dfd5dba-37e2-76e6-bef1-c71c2814cb1e" executionId="6dfbb223-c8a3-4331-94f0-b05e9de8bff1" testListId="8c84fa94-04c1-424b-9868-57a2d4851a1d" />
    <TestEntry testId="af26c264-a7c4-1fb2-ab10-f2b5051cc610" executionId="3078a7b9-f8ba-4271-b08f-842aa648e15c" testListId="8c84fa94-04c1-424b-9868-57a2d4851a1d" />
    <TestEntry testId="ad936529-44f9-0537-e31b-0eee264409c0" executionId="db1b520c-ad6d-4112-ba59-39324298ef2a" testListId="8c84fa94-04c1-424b-9868-57a2d4851a1d" />
    <TestEntry testId="cac9eebb-61c4-6bac-5fb1-b1ac8b6c3e5c" executionId="b4eee060-2103-4391-a730-460075b95e68" testListId="8c84fa94-04c1-424b-9868-57a2d4851a1d" />
    <TestEntry testId="9d3a28a5-fa91-61cc-65b9-d549efe7cf4f" executionId="4be9d130-a66b-433a-95b5-b1a18c09656a" testListId="8c84fa94-04c1-424b-9868-57a2d4851a1d" />
    <TestEntry testId="5dbd9cc0-7e7a-9752-f30a-fc5d7eb24eb1" executionId="a343c72f-b8b0-4024-aef7-9113ed497dbe" testListId="8c84fa94-04c1-424b-9868-57a2d4851a1d" />
    <TestEntry testId="db7a468e-5986-7a33-3b9a-33d3df455113" executionId="3c21c03e-4558-4e5c-a3c0-5c707e2a15a3" testListId="8c84fa94-04c1-424b-9868-57a2d4851a1d" />
    <TestEntry testId="0740a78d-e7aa-894b-f7f9-bc4dad3a5fe8" executionId="96772098-2227-4628-86c0-bba60c45fa6f" testListId="8c84fa94-04c1-424b-9868-57a2d4851a1d" />
  </TestEntries>
  <TestLists>
    <TestList name="列表中未列出的结果" id="8c84fa94-04c1-424b-9868-57a2d4851a1d" />
    <TestList name="所有已加载的结果" id="19431567-8539-422a-85d7-44ee4e166bda" />
  </TestLists>
  <ResultSummary outcome="Completed">
    <Counters total="326" executed="326" passed="326" failed="0" error="0" timeout="0" aborted="0" inconclusive="0" passedButRunAborted="0" notRunnable="0" notExecuted="0" disconnected="0" warning="0" completed="0" inProgress="0" pending="0" />
    <Output>
      <StdOut>[xUnit.net 00:00:00.00] xUnit.net VSTest Adapter v3.1.5+1b188a7b0a (64-bit .NET 10.0.10)&#xD;
[xUnit.net 00:00:00.28]   Discovering: MusicNetEasePlugin.Tests&#xD;
[xUnit.net 00:00:00.36]   Discovered:  MusicNetEasePlugin.Tests&#xD;
[xUnit.net 00:00:00.41]   Starting:    MusicNetEasePlugin.Tests&#xD;
[00000192acdecb10] cache_read stream error: cannot pre fill buffer&#xD;
[00000192ae4427b0] mjpeg demux error: cannot peek&#xD;
[00000192a79e9a60] main input error: Your input can't be opened&#xD;
[00000192a79e9a60] main input error: VLC is unable to open the MRL 'file:///C:/Users/crown/AppData/Local/Temp/netease-m1-tests/43dea377d76942a684313099fe60d0da/invalid.mp3'. Check the log for details.&#xD;
[xUnit.net 00:00:27.48]   Finished:    MusicNetEasePlugin.Tests&#xD;
</StdOut>
    </Output>
  </ResultSummary>
</TestRun>