<?xml version="1.0" encoding="utf-8"?>
<TestRun id="7a9644c7-31b1-4f15-9e01-948bb47f6515" name="crown@GAOXU 2026-09-23 09:40:00" runUser="GAOXU\crown" xmlns="http://microsoft.com/schemas/VisualStudio/TeamTest/2010">
  <Times creation="2026-09-23T09:40:00.7883429+08:00" queuing="2026-09-23T09:40:00.7883434+08:00" start="2026-09-23T09:39:59.6023895+08:00" finish="2026-09-23T09:40:24.8710866+08:00" />
  <TestSettings name="default" id="8492efd4-57a2-4af4-a1c6-9f0d3609e178">
    <Deployment runDeploymentRoot="crown_GAOXU_2026-09-23_09_40_00" />
  </TestSettings>
  <Results>
    <UnitTestResult executionId="e714c505-e753-43a0-b786-72ab86b61327" testId="4885ddb9-475e-7af7-d24d-a102b81667eb" testName="MusicNetEasePlugin.Tests.SearchDocumentTests.搜索只投影最新响应并在失败后保留原页允许重试" computerName="GAOXU" duration="00:00:00.0823912" startTime="2026-09-23T09:40:00.7330270+08:00" endTime="2026-09-23T09:40:00.8224779+08:00" testType="13cdc9d9-ddb5-4fa4-a97d-d965ccfc6d4b" outcome="Passed" testListId="8c84fa94-04c1-424b-9868-57a2d4851a1d" relativeResultsDirectory="e714c505-e753-43a0-b786-72ab86b61327" />
    <UnitTestResult executionId="68f6fc39-fa67-4453-840e-8edc7decd5cb" testId="d20bd345-e030-0aab-a775-cd0c28be2d00" testName="MusicNetEasePlugin.Tests.PlaybackCoordinatorTests.账号撤销取消加载并清除曲目且关闭无关页面不停止当前歌曲" computerName="GAOXU" duration="00:00:00.0021598" startTime="2026-09-23T09:40:00.8898219+08:00" endTime="2026-09-23T09:40:00.8922832+08:00" testType="13cdc9d9-ddb5-4fa4-a97d-d965ccfc6d4b" outcome="Passed" testListId="8c84fa94-04c1-424b-9868-57a2d4851a1d" relativeResultsDirectory="68f6fc39-fa67-4453-840e-8edc7decd5cb" />
    <UnitTestResult executionId="39b5f8df-ccf1-42e6-b738-06944d10fa33" testId="22c54535-38ac-ce62-e659-a03cbe539181" testName="MusicNetEasePlugin.Tests.HttpTests.账号支持长ID和新增字段且不要求Node包装" computerName="GAOXU" duration="00:00:00.0037055" startTime="2026-09-23T09:40:00.8760029+08:00" endTime="2026-09-23T09:40:00.8784396+08:00" testType="13cdc9d9-ddb5-4fa4-a97d-d965ccfc6d4b" outcome="Passed" testListId="8c84fa94-04c1-424b-9868-57a2d4851a1d" relativeResultsDirectory="39b5f8df-ccf1-42e6-b738-06944d10fa33" />
    <UnitTestResult executionId="27af441d-5a43-4309-bdc0-2d30bd392892" testId="b1c44b37-bde9-d13d-172b-03473a261fe2" testName="MusicNetEasePlugin.Tests.ProtocolTests.拒绝不符合协议的测试密钥(secret: &quot;abcdefghijklmn中文&quot;)" computerName="GAOXU" duration="00:00:00.0002059" startTime="2026-09-23T09:40:00.7991918+08:00" endTime="2026-09-23T09:40:00.7993551+08:00" testType="13cdc9d9-ddb5-4fa4-a97d-d965ccfc6d4b" outcome="Passed" testListId="8c84fa94-04c1-424b-9868-57a2d4851a1d" relativeResultsDirectory="27af441d-5a43-4309-bdc0-2d30bd392892" />
    <UnitTestResult executionId="bdded4b7-71b4-4e93-9f4d-7138859cae42" testId="849dd2e6-5fd0-7d1b-e810-53b510a46b6f" testName="MusicNetEasePlugin.Tests.HttpTests.限流保留重试间隔且头像请求不携带账号凭据" computerName="GAOXU" duration="00:00:00.0057547" startTime="2026-09-23T09:40:00.8886838+08:00" endTime="2026-09-23T09:40:00.8943776+08:00" testType="13cdc9d9-ddb5-4fa4-a97d-d965ccfc6d4b" outcome="Passed" testListId="8c84fa94-04c1-424b-9868-57a2d4851a1d" relativeResultsDirectory="bdded4b7-71b4-4e93-9f4d-7138859cae42" />
    <UnitTestResult executionId="b186e7df-a6fa-499d-9155-1ecf62758ff6" testId="22679bd6-04fa-ecf6-e6f4-e0a60f0185a7" testName="MusicNetEasePlugin.Tests.HttpTests.HTTP成功与扫码业务状态分开解释(code: 802, expected: WaitingForConfirmation)" computerName="GAOXU" duration="00:00:00.0001474" startTime="2026-09-23T09:40:00.8634850+08:00" endTime="2026-09-23T09:40:00.8635249+08:00" testType="13cdc9d9-ddb5-4fa4-a97d-d965ccfc6d4b" outcome="Passed" testListId="8c84fa94-04c1-424b-9868-57a2d4851a1d" relativeResultsDirectory="b186e7df-a6fa-499d-9155-1ecf62758ff6" />
    <UnitTestResult executionId="2a19b7c5-f1e4-4fac-b65b-9b29e1edb224" testId="1f030a93-7ae4-54f0-313c-671bb1187f6d" testName="MusicNetEasePlugin.Tests.WeChatLoginTests.网易回调同源跳转后才能取得Cookie" computerName="GAOXU" duration="00:00:00.0023584" startTime="2026-09-23T09:40:00.9216161+08:00" endTime="2026-09-23T09:40:00.9240713+08:00" testType="13cdc9d9-ddb5-4fa4-a97d-d965ccfc6d4b" outcome="Passed" testListId="8c84fa94-04c1-424b-9868-57a2d4851a1d" relativeResultsDirectory="2a19b7c5-f1e4-4fac-b65b-9b29e1edb224" />
    <UnitTestResult executionId="2761d7f4-4f36-41d4-a68c-8fc4195fb5a3" testId="7892c988-9984-1c5b-b392-23020e980fa8" testName="MusicNetEasePlugin.Tests.PlaybackCoordinatorTests.快速三次切歌只允许最终意图打开音源(stage: &quot;buffer&quot;)" computerName="GAOXU" duration="00:00:00.0300778" startTime="2026-09-23T09:40:00.7978133+08:00" endTime="2026-09-23T09:40:00.8302110+08:00" testType="13cdc9d9-ddb5-4fa4-a97d-d965ccfc6d4b" outcome="Passed" testListId="8c84fa94-04c1-424b-9868-57a2d4851a1d" relativeResultsDirectory="2761d7f4-4f36-41d4-a68c-8fc4195fb5a3" />
    <UnitTestResult executionId="01aff8ca-762a-4966-aff9-7eea278670e3" testId="51fb1544-4bf0-41b9-3802-83f59cf86f93" testName="MusicNetEasePlugin.Tests.LibVlcSettingsTests.模型初始化只一次并保留载入时用户草稿及过期检测隔离" computerName="GAOXU" duration="00:00:00.0048076" startTime="2026-09-23T09:40:00.9826646+08:00" endTime="2026-09-23T09:40:00.9874134+08:00" testType="13cdc9d9-ddb5-4fa4-a97d-d965ccfc6d4b" outcome="Passed" testListId="8c84fa94-04c1-424b-9868-57a2d4851a1d" relativeResultsDirectory="01aff8ca-762a-4966-aff9-7eea278670e3" />
    <UnitTestResult executionId="bd29fe5c-5e93-4b5c-8856-54b371311953" testId="6470ca3a-e4da-3f7b-9ff4-b742785bf654" testName="MusicNetEasePlugin.Tests.MusicSessionTests.音乐响应保存已提交但尚未返回时退出仍最终清除会话" computerName="GAOXU" duration="00:00:00.0252697" startTime="2026-09-23T09:40:00.8224233+08:00" endTime="2026-09-23T09:40:00.8594900+08:00" testType="13cdc9d9-ddb5-4fa4-a97d-d965ccfc6d4b" outcome="Passed" testListId="8c84fa94-04c1-424b-9868-57a2d4851a1d" relativeResultsDirectory="bd29fe5c-5e93-4b5c-8856-54b371311953" />
    <UnitTestResult executionId="80005a18-4f65-47c2-be67-51f9e0efd674" testId="062dab28-83a1-8764-12b8-ca783e00773f" testName="MusicNetEasePlugin.Tests.LoginCoordinatorTests.非拥有者不能取消且停止等待任务结束" computerName="GAOXU" duration="00:00:00.0297215" startTime="2026-09-23T09:40:00.8327392+08:00" endTime="2026-09-23T09:40:00.8636763+08:00" testType="13cdc9d9-ddb5-4fa4-a97d-d965ccfc6d4b" outcome="Passed" testListId="8c84fa94-04c1-424b-9868-57a2d4851a1d" relativeResultsDirectory="80005a18-4f65-47c2-be67-51f9e0efd674" />
    <UnitTestResult executionId="e2e91a2b-fbd3-4a95-b943-3c417e86c211" testId="182f96ff-cc0f-94c1-79fe-981263445700" testName="MusicNetEasePlugin.Tests.LoginFailureTests.未知状态或验证要求不自动重试(error: Protocol)" computerName="GAOXU" duration="00:00:00.0042373" startTime="2026-09-23T09:40:00.8660870+08:00" endTime="2026-09-23T09:40:00.8714861+08:00" testType="13cdc9d9-ddb5-4fa4-a97d-d965ccfc6d4b" outcome="Passed" testListId="8c84fa94-04c1-424b-9868-57a2d4851a1d" relativeResultsDirectory="e2e91a2b-fbd3-4a95-b943-3c417e86c211" />
    <UnitTestResult executionId="90dea43c-d244-44c0-9646-d3261a16f539" testId="de844485-6ce4-4469-3efb-f4e2abfebdb2" testName="MusicNetEasePlugin.Tests.WeChatLoginTests.授权入口和二维码来源严格限定官方目标" computerName="GAOXU" duration="00:00:00.0013686" startTime="2026-09-23T09:40:00.8996189+08:00" endTime="2026-09-23T09:40:00.9016267+08:00" testType="13cdc9d9-ddb5-4fa4-a97d-d965ccfc6d4b" outcome="Passed" testListId="8c84fa94-04c1-424b-9868-57a2d4851a1d" relativeResultsDirectory="90dea43c-d244-44c0-9646-d3261a16f539" />
    <UnitTestResult executionId="85ea0b50-fb3c-477e-b7da-f429ae9967fb" testId="ac763ddf-2cb0-2a8d-6fbe-45f49ecda0a0" testName="MusicNetEasePlugin.Tests.WeChatLoginTests.回调拒绝外域明文和异常端口跳转(location: &quot;https://music.163.com.evil.invalid/callback&quot;)" computerName="GAOXU" duration="00:00:00.0007600" startTime="2026-09-23T09:40:00.8878975+08:00" endTime="2026-09-23T09:40:00.8879958+08:00" testType="13cdc9d9-ddb5-4fa4-a97d-d965ccfc6d4b" outcome="Passed" testListId="8c84fa94-04c1-424b-9868-57a2d4851a1d" relativeResultsDirectory="85ea0b50-fb3c-477e-b7da-f429ae9967fb" />
    <UnitTestResult executionId="0f1ca60d-7a82-4df8-92d3-ff59658300c3" testId="4ea0acee-7cfa-c8e4-8a2a-4f782453e17c" testName="MusicNetEasePlugin.Tests.LoginCoordinatorTests.已有会话只检查账号并同步服务端新会话" computerName="GAOXU" duration="00:00:00.0008930" startTime="2026-09-23T09:40:00.8797374+08:00" endTime="2026-09-23T09:40:00.8807353+08:00" testType="13cdc9d9-ddb5-4fa4-a97d-d965ccfc6d4b" outcome="Passed" testListId="8c84fa94-04c1-424b-9868-57a2d4851a1d" relativeResultsDirectory="0f1ca60d-7a82-4df8-92d3-ff59658300c3" />
    <UnitTestResult executionId="f7b87f6b-8e1d-4e5a-b85d-eabd4825dd02" testId="7c6c785c-b755-84b9-ac84-949a31b88dc4" testName="MusicNetEasePlugin.Tests.HttpTests.失败保留状态码而不泄露敏感正文(status: 429, code: 429, expected: RateLimited)" computerName="GAOXU" duration="00:00:00.0017238" startTime="2026-09-23T09:40:00.8713416+08:00" endTime="2026-09-23T09:40:00.8737560+08:00" testType="13cdc9d9-ddb5-4fa4-a97d-d965ccfc6d4b" outcome="Passed" testListId="8c84fa94-04c1-424b-9868-57a2d4851a1d" relativeResultsDirectory="f7b87f6b-8e1d-4e5a-b85d-eabd4825dd02" />
    <UnitTestResult executionId="797d6fa6-19e6-40f4-be1d-80c29ca2cd02" testId="6a2b82a8-cef7-e2b8-ffe9-b5b25d8d381f" testName="MusicNetEasePlugin.Tests.WeChatLoginTests.微信状态不会误用网易App业务码(code: 408, expected: WaitingForScan)" computerName="GAOXU" duration="00:00:00.0009292" startTime="2026-09-23T09:40:00.8737146+08:00" endTime="2026-09-23T09:40:00.8745426+08:00" testType="13cdc9d9-ddb5-4fa4-a97d-d965ccfc6d4b" outcome="Passed" testListId="8c84fa94-04c1-424b-9868-57a2d4851a1d" relativeResultsDirectory="797d6fa6-19e6-40f4-be1d-80c29ca2cd02" />
    <UnitTestResult executionId="124f049f-166c-47e5-86fa-4d68981eca22" testId="0a160403-c5c5-6b86-6452-09cd692abc41" testName="MusicNetEasePlugin.Tests.MediaBufferTests.越界重定向与循环均有界失败(loop: True)" computerName="GAOXU" duration="00:00:00.0224689" startTime="2026-09-23T09:40:00.8030095+08:00" endTime="2026-09-23T09:40:00.8254980+08:00" testType="13cdc9d9-ddb5-4fa4-a97d-d965ccfc6d4b" outcome="Passed" testListId="8c84fa94-04c1-424b-9868-57a2d4851a1d" relativeResultsDirectory="124f049f-166c-47e5-86fa-4d68981eca22" />
    <UnitTestResult executionId="17559023-de8b-4062-8db4-2f844a7b803d" testId="17e448f6-2246-cf8f-ea80-06a2ef4715c0" testName="MusicNetEasePlugin.Tests.MediaBufferTests.普通拒绝不同于明确过期(code: 403, expected: Network)" computerName="GAOXU" duration="00:00:00.0015852" startTime="2026-09-23T09:40:01.0549403+08:00" endTime="2026-09-23T09:40:01.0564534+08:00" testType="13cdc9d9-ddb5-4fa4-a97d-d965ccfc6d4b" outcome="Passed" testListId="8c84fa94-04c1-424b-9868-57a2d4851a1d" relativeResultsDirectory="17559023-de8b-4062-8db4-2f844a7b803d" />
    <UnitTestResult executionId="c87d6053-6c39-4c17-beef-4d00c4854c46" testId="9d3a28a5-fa91-61cc-65b9-d549efe7cf4f" testName="MusicNetEasePlugin.Tests.PlaybackCoordinatorTests.无地址不启动引擎且试听显示来自资源事实" computerName="GAOXU" duration="00:00:00.0010058" startTime="2026-09-23T09:40:00.8929557+08:00" endTime="2026-09-23T09:40:00.8934050+08:00" testType="13cdc9d9-ddb5-4fa4-a97d-d965ccfc6d4b" outcome="Passed" testListId="8c84fa94-04c1-424b-9868-57a2d4851a1d" relativeResultsDirectory="c87d6053-6c39-4c17-beef-4d00c4854c46" />
    <UnitTestResult executionId="a6d6092a-4462-4ccb-a5d3-f0151e429209" testId="eb84b13f-3766-0021-138f-d05780bdfc60" testName="MusicNetEasePlugin.Tests.HttpTests.失败保留状态码而不泄露敏感正文(status: 503, code: 503, expected: Network)" computerName="GAOXU" duration="00:00:00.0009719" startTime="2026-09-23T09:40:00.8738353+08:00" endTime="2026-09-23T09:40:00.8748251+08:00" testType="13cdc9d9-ddb5-4fa4-a97d-d965ccfc6d4b" outcome="Passed" testListId="8c84fa94-04c1-424b-9868-57a2d4851a1d" relativeResultsDirectory="a6d6092a-4462-4ccb-a5d3-f0151e429209" />
    <UnitTestResult executionId="7086a79e-88ee-4d79-a521-6ac343c534d6" testId="82d2d7ad-68a5-ce9e-76ba-19dc87ed0907" testName="MusicNetEasePlugin.Tests.LibVlcSettingsTests.内置优先且回退保留内置失败诊断(builtin: False, configured: False, source: None)" computerName="GAOXU" duration="00:00:00.0000106" startTime="2026-09-23T09:40:00.7638510+08:00" endTime="2026-09-23T09:40:00.7638993+08:00" testType="13cdc9d9-ddb5-4fa4-a97d-d965ccfc6d4b" outcome="Passed" testListId="8c84fa94-04c1-424b-9868-57a2d4851a1d" relativeResultsDirectory="7086a79e-88ee-4d79-a521-6ac343c534d6" />
    <UnitTestResult executionId="76b4fdf0-64ff-484d-852f-0bd2cebd15d5" testId="4e40eec5-83ca-3b5a-c04b-929efdf1d18e" testName="MusicNetEasePlugin.Tests.SessionStoreTests.不支持的凭据字段或非法设备不写入文件" computerName="GAOXU" duration="00:00:00.0008761" startTime="2026-09-23T09:40:01.1468836+08:00" endTime="2026-09-23T09:40:01.1477219+08:00" testType="13cdc9d9-ddb5-4fa4-a97d-d965ccfc6d4b" outcome="Passed" testListId="8c84fa94-04c1-424b-9868-57a2d4851a1d" relativeResultsDirectory="76b4fdf0-64ff-484d-852f-0bd2cebd15d5" />
    <UnitTestResult executionId="a3b47867-dc60-4bd3-984f-178971d0f389" testId="ffb569a7-2c7c-e083-cabf-2c9788f22b8e" testName="MusicNetEasePlugin.Tests.LoginCoordinatorTests.恢复检查失败不会假登录或通过refresh续期(error: SessionExpired)" computerName="GAOXU" duration="00:00:00.0002701" startTime="2026-09-23T09:40:00.8644080+08:00" endTime="2026-09-23T09:40:00.8646110+08:00" testType="13cdc9d9-ddb5-4fa4-a97d-d965ccfc6d4b" outcome="Passed" testListId="8c84fa94-04c1-424b-9868-57a2d4851a1d" relativeResultsDirectory="a3b47867-dc60-4bd3-984f-178971d0f389" />
    <UnitTestResult executionId="59fd2bc6-b725-434f-9b4c-93a1f8e7fda0" testId="28721215-7c2d-f010-f7e4-54b35dad2069" testName="MusicNetEasePlugin.Tests.AudioAdapterTests.生产适配复用引擎真实解码并释放每次媒体句柄" computerName="GAOXU" duration="00:00:22.4422372" startTime="2026-09-23T09:40:00.7329525+08:00" endTime="2026-09-23T09:40:23.1764347+08:00" testType="13cdc9d9-ddb5-4fa4-a97d-d965ccfc6d4b" outcome="Failed" testListId="8c84fa94-04c1-424b-9868-57a2d4851a1d" relativeResultsDirectory="59fd2bc6-b725-434f-9b4c-93a1f8e7fda0">
      <Output>
        <ErrorInfo>
          <Message>System.TimeoutException : The operation has timed out.</Message>
          <StackTrace>   at MusicNetEasePlugin.Tests.AudioAdapterTests.生产适配复用引擎真实解码并释放每次媒体句柄() in D:\code\local\avalonia_dock_plug_test\myavalonia-music-netease\tests\MusicNetEasePlugin.Tests\AudioAdapterTests.cs:line 49&#xD;
   at MusicNetEasePlugin.Tests.AudioAdapterTests.生产适配复用引擎真实解码并释放每次媒体句柄() in D:\code\local\avalonia_dock_plug_test\myavalonia-music-netease\tests\MusicNetEasePlugin.Tests\AudioAdapterTests.cs:line 74&#xD;
--- End of stack trace from previous location ---</StackTrace>
        </ErrorInfo>
      </Output>
    </UnitTestResult>
    <UnitTestResult executionId="7f2852a2-b4bf-491a-95d3-ad8090a07e81" testId="31dd7fa2-3189-00eb-46ec-ef54ebcece11" testName="MusicNetEasePlugin.Tests.MusicProtocolTests.首次及复用会话的三段加密逐字节匹配固定上游" computerName="GAOXU" duration="00:00:00.0374148" startTime="2026-09-23T09:40:00.8416447+08:00" endTime="2026-09-23T09:40:00.8789352+08:00" testType="13cdc9d9-ddb5-4fa4-a97d-d965ccfc6d4b" outcome="Passed" testListId="8c84fa94-04c1-424b-9868-57a2d4851a1d" relativeResultsDirectory="7f2852a2-b4bf-491a-95d3-ad8090a07e81" />
    <UnitTestResult executionId="e0d93b35-30e7-468f-8ff8-39d2654e7178" testId="f874c55a-3ea0-cf3c-7f4f-9f7f168d5efc" testName="MusicNetEasePlugin.Tests.ProtocolTests.本地二维码内容仅编码一次并输出PNG" computerName="GAOXU" duration="00:00:00.0178249" startTime="2026-09-23T09:40:00.8071507+08:00" endTime="2026-09-23T09:40:00.8248735+08:00" testType="13cdc9d9-ddb5-4fa4-a97d-d965ccfc6d4b" outcome="Passed" testListId="8c84fa94-04c1-424b-9868-57a2d4851a1d" relativeResultsDirectory="e0d93b35-30e7-468f-8ff8-39d2654e7178" />
    <UnitTestResult executionId="494f6831-1380-4edc-b9d0-9ebe102533bc" testId="1cdac537-06b5-2e7c-87dd-faf6f12d1e43" testName="MusicNetEasePlugin.Tests.MusicHttpTests.缺失或畸形结构不会伪装成有效搜索结果(response: &quot;{\&quot;songs\&quot;:[{\&quot;id\&quot;:0,\&quot;name\&quot;:\&quot;x\&quot;}],\&quot;code\&quot;:20&quot;···)" computerName="GAOXU" duration="00:00:00.0002988" startTime="2026-09-23T09:40:00.8755693+08:00" endTime="2026-09-23T09:40:00.8756211+08:00" testType="13cdc9d9-ddb5-4fa4-a97d-d965ccfc6d4b" outcome="Passed" testListId="8c84fa94-04c1-424b-9868-57a2d4851a1d" relativeResultsDirectory="494f6831-1380-4edc-b9d0-9ebe102533bc" />
    <UnitTestResult executionId="4a510785-c1b0-4dc3-b18c-3389b24ad14d" testId="69917820-9d84-cfc9-cd28-3f336afca80a" testName="MusicNetEasePlugin.Tests.WeChatLoginTests.回调拒绝外域明文和异常端口跳转(location: &quot;https://music.163.com:444/callback&quot;)" computerName="GAOXU" duration="00:00:00.0073180" startTime="2026-09-23T09:40:00.8763552+08:00" endTime="2026-09-23T09:40:00.8824769+08:00" testType="13cdc9d9-ddb5-4fa4-a97d-d965ccfc6d4b" outcome="Passed" testListId="8c84fa94-04c1-424b-9868-57a2d4851a1d" relativeResultsDirectory="4a510785-c1b0-4dc3-b18c-3389b24ad14d" />
    <UnitTestResult executionId="c1630e5c-6874-43b4-ba2c-133b3ea4a3f0" testId="677cd041-9042-eb7e-c593-c57cd917751e" testName="MusicNetEasePlugin.Tests.HttpTests.失败保留状态码而不泄露敏感正文(status: 200, code: 460, expected: VerificationRequired)" computerName="GAOXU" duration="00:00:00.0004923" startTime="2026-09-23T09:40:00.8748988+08:00" endTime="2026-09-23T09:40:00.8758659+08:00" testType="13cdc9d9-ddb5-4fa4-a97d-d965ccfc6d4b" outcome="Passed" testListId="8c84fa94-04c1-424b-9868-57a2d4851a1d" relativeResultsDirectory="c1630e5c-6874-43b4-ba2c-133b3ea4a3f0" />
    <UnitTestResult executionId="87d5ffaa-b61d-48f9-b325-9a08d0c00df8" testId="ed6a84d6-041c-2b2c-1398-69a85f0dc825" testName="MusicNetEasePlugin.Tests.HttpTests.超大响应拒绝且读取取消生效" computerName="GAOXU" duration="00:00:00.0006775" startTime="2026-09-23T09:40:00.8785264+08:00" endTime="2026-09-23T09:40:00.8791574+08:00" testType="13cdc9d9-ddb5-4fa4-a97d-d965ccfc6d4b" outcome="Passed" testListId="8c84fa94-04c1-424b-9868-57a2d4851a1d" relativeResultsDirectory="87d5ffaa-b61d-48f9-b325-9a08d0c00df8" />
    <UnitTestResult executionId="aa9e9143-3779-4f3e-a652-5b9581147694" testId="74775060-70eb-40fc-7a2a-1e2fc71251b1" testName="MusicNetEasePlugin.Tests.PlaybackCoordinatorTests.快速三次切歌只允许最终意图打开音源(stage: &quot;detail&quot;)" computerName="GAOXU" duration="00:00:00.0281478" startTime="2026-09-23T09:40:00.8308586+08:00" endTime="2026-09-23T09:40:00.8621911+08:00" testType="13cdc9d9-ddb5-4fa4-a97d-d965ccfc6d4b" outcome="Passed" testListId="8c84fa94-04c1-424b-9868-57a2d4851a1d" relativeResultsDirectory="aa9e9143-3779-4f3e-a652-5b9581147694" />
    <UnitTestResult executionId="d05e29b2-9896-4ec9-8479-6ec281de95cd" testId="cbba9e28-a768-9d6c-a37d-ad342e5b4ad7" testName="MusicNetEasePlugin.Tests.HttpTests.失败保留状态码而不泄露敏感正文(status: 200, code: 301, expected: SessionExpired)" computerName="GAOXU" duration="00:00:00.0010408" startTime="2026-09-23T09:40:00.8703300+08:00" endTime="2026-09-23T09:40:00.8712156+08:00" testType="13cdc9d9-ddb5-4fa4-a97d-d965ccfc6d4b" outcome="Passed" testListId="8c84fa94-04c1-424b-9868-57a2d4851a1d" relativeResultsDirectory="d05e29b2-9896-4ec9-8479-6ec281de95cd" />
    <UnitTestResult executionId="119552b1-3610-43a3-a579-7f3bf9d4511c" testId="9095c91d-2634-27da-47f0-7b9fb8f2120b" testName="MusicNetEasePlugin.Tests.MediaBufferTests.各阶段超时与主动取消都会关闭响应及清理文件(mode: &quot;cancel&quot;)" computerName="GAOXU" duration="00:00:00.0061905" startTime="2026-09-23T09:40:00.9055106+08:00" endTime="2026-09-23T09:40:00.9113864+08:00" testType="13cdc9d9-ddb5-4fa4-a97d-d965ccfc6d4b" outcome="Passed" testListId="8c84fa94-04c1-424b-9868-57a2d4851a1d" relativeResultsDirectory="119552b1-3610-43a3-a579-7f3bf9d4511c" />
    <UnitTestResult executionId="2ed0b8c4-bc55-466c-ba86-b47eaf456273" testId="22048927-70cd-9d2f-1d6b-5eb08ad1bb2f" testName="MusicNetEasePlugin.Tests.SearchDocumentTests.迟到封面不能覆盖新歌曲且失败保留占位" computerName="GAOXU" duration="00:00:00.0180393" startTime="2026-09-23T09:40:00.8226102+08:00" endTime="2026-09-23T09:40:00.8519766+08:00" testType="13cdc9d9-ddb5-4fa4-a97d-d965ccfc6d4b" outcome="Passed" testListId="8c84fa94-04c1-424b-9868-57a2d4851a1d" relativeResultsDirectory="2ed0b8c4-bc55-466c-ba86-b47eaf456273" />
    <UnitTestResult executionId="ccec7bdc-7810-4d7c-80cd-771e68d0b110" testId="fe46b487-44ed-7135-e3f6-0f6379a362aa" testName="MusicNetEasePlugin.Tests.SessionStoreTests.显式新登录能够修复损坏的设备元数据" computerName="GAOXU" duration="00:00:00.0469303" startTime="2026-09-23T09:40:01.0060847+08:00" endTime="2026-09-23T09:40:01.0532686+08:00" testType="13cdc9d9-ddb5-4fa4-a97d-d965ccfc6d4b" outcome="Passed" testListId="8c84fa94-04c1-424b-9868-57a2d4851a1d" relativeResultsDirectory="ccec7bdc-7810-4d7c-80cd-771e68d0b110" />
    <UnitTestResult executionId="5d5863af-326e-4404-ab92-7f6200df5d72" testId="db081cd9-90f6-f6dd-ec6a-00c3715da036" testName="MusicNetEasePlugin.Tests.WeChatLoginTests.脚本只读取有限赋值且不执行任意JavaScript(script: &quot;window.wx_errcode=405;window.wx_code='quote\\'inje&quot;···)" computerName="GAOXU" duration="00:00:00.0008389" startTime="2026-09-23T09:40:00.8747443+08:00" endTime="2026-09-23T09:40:00.8757842+08:00" testType="13cdc9d9-ddb5-4fa4-a97d-d965ccfc6d4b" outcome="Passed" testListId="8c84fa94-04c1-424b-9868-57a2d4851a1d" relativeResultsDirectory="5d5863af-326e-4404-ab92-7f6200df5d72" />
    <UnitTestResult executionId="0d5a41d6-dec3-4b42-8ecd-bb64947de7a5" testId="b9bd80ac-d9e7-b95a-2e1c-278c6d84f6d6" testName="MusicNetEasePlugin.Tests.WeChatLoginTests.未知状态和缺少授权码不能请求网易回调(script: &quot;window.wx_errcode=500;&quot;)" computerName="GAOXU" duration="00:00:00.0015086" startTime="2026-09-23T09:40:00.8973522+08:00" endTime="2026-09-23T09:40:00.8986856+08:00" testType="13cdc9d9-ddb5-4fa4-a97d-d965ccfc6d4b" outcome="Passed" testListId="8c84fa94-04c1-424b-9868-57a2d4851a1d" relativeResultsDirectory="0d5a41d6-dec3-4b42-8ecd-bb64947de7a5" />
    <UnitTestResult executionId="dfb80a9a-1afa-4846-898a-078f9277d4c2" testId="f0febe31-df56-a808-ab63-db1c68b49823" testName="MusicNetEasePlugin.Tests.SessionStoreTests.取消保存不破坏旧文件并清理本次临时文件" computerName="GAOXU" duration="00:00:00.1361186" startTime="2026-09-23T09:40:00.7341403+08:00" endTime="2026-09-23T09:40:00.8683749+08:00" testType="13cdc9d9-ddb5-4fa4-a97d-d965ccfc6d4b" outcome="Passed" testListId="8c84fa94-04c1-424b-9868-57a2d4851a1d" relativeResultsDirectory="dfb80a9a-1afa-4846-898a-078f9277d4c2" />
    <UnitTestResult executionId="9616cc59-afb7-4adf-80cd-12d5857ceb9b" testId="6e8b96d4-f8ad-e45b-b44b-a14920544dc0" testName="MusicNetEasePlugin.Tests.SessionStoreTests.损坏或未来版本文件不能恢复且保留原文件(payload: &quot;{\&quot;Version\&quot;:1,\&quot;DeviceId\&quot;:null,\&quot;Cookies\&quot;:null}&quot;)" computerName="GAOXU" duration="00:00:00.0172610" startTime="2026-09-23T09:40:01.0533895+08:00" endTime="2026-09-23T09:40:01.0757978+08:00" testType="13cdc9d9-ddb5-4fa4-a97d-d965ccfc6d4b" outcome="Passed" testListId="8c84fa94-04c1-424b-9868-57a2d4851a1d" relativeResultsDirectory="9616cc59-afb7-4adf-80cd-12d5857ceb9b" />
    <UnitTestResult executionId="ed0eb4c1-9d8f-44b0-8eaf-3408d221402d" testId="d3abd814-d35e-9c1b-6168-a2ecfdd094b3" testName="MusicNetEasePlugin.Tests.LoginFailureTests.账号检查中退出后迟到账号不能被保存且取消的退出仍清理磁盘" computerName="GAOXU" duration="00:00:00.0083979" startTime="2026-09-23T09:40:00.8805586+08:00" endTime="2026-09-23T09:40:00.8896756+08:00" testType="13cdc9d9-ddb5-4fa4-a97d-d965ccfc6d4b" outcome="Passed" testListId="8c84fa94-04c1-424b-9868-57a2d4851a1d" relativeResultsDirectory="ed0eb4c1-9d8f-44b0-8eaf-3408d221402d" />
    <UnitTestResult executionId="4ddf8252-e168-4df4-95bc-77bd5bf6bdbe" testId="1fac4b9c-8048-c405-de05-76b3e15e5e0a" testName="MusicNetEasePlugin.Tests.WeChatLoginTests.回调拒绝外域明文和异常端口跳转(location: &quot;http://music.163.com/callback&quot;)" computerName="GAOXU" duration="00:00:00.0006485" startTime="2026-09-23T09:40:00.8880950+08:00" endTime="2026-09-23T09:40:00.8894872+08:00" testType="13cdc9d9-ddb5-4fa4-a97d-d965ccfc6d4b" outcome="Passed" testListId="8c84fa94-04c1-424b-9868-57a2d4851a1d" relativeResultsDirectory="4ddf8252-e168-4df4-95bc-77bd5bf6bdbe" />
    <UnitTestResult executionId="ddbee4cc-1c71-4ca1-8a9b-91c86806da2a" testId="06cdd366-5880-c7e5-4aff-e641567e6914" testName="MusicNetEasePlugin.Tests.MediaBufferTests.普通拒绝不同于明确过期(code: 410, expected: AddressExpired)" computerName="GAOXU" duration="00:00:00.0031051" startTime="2026-09-23T09:40:01.0518142+08:00" endTime="2026-09-23T09:40:01.0548524+08:00" testType="13cdc9d9-ddb5-4fa4-a97d-d965ccfc6d4b" outcome="Passed" testListId="8c84fa94-04c1-424b-9868-57a2d4851a1d" relativeResultsDirectory="ddbee4cc-1c71-4ca1-8a9b-91c86806da2a" />
    <UnitTestResult executionId="7561aa6e-c5c0-49fb-8057-70ad63dfb1f8" testId="84b8de6b-3895-3f4c-90aa-5dbee7d8ac5e" testName="MusicNetEasePlugin.Tests.MusicSessionTests.仅核验通过的账号可取快照且保存失败仍可播放" computerName="GAOXU" duration="00:00:00.0715961" startTime="2026-09-23T09:40:00.7329902+08:00" endTime="2026-09-23T09:40:00.8212327+08:00" testType="13cdc9d9-ddb5-4fa4-a97d-d965ccfc6d4b" outcome="Passed" testListId="8c84fa94-04c1-424b-9868-57a2d4851a1d" relativeResultsDirectory="7561aa6e-c5c0-49fb-8057-70ad63dfb1f8" />
    <UnitTestResult executionId="3635942b-e488-43c3-92b7-4cf9ef1bbca2" testId="453ebb83-cde0-2561-d56b-3936ed0a1337" testName="MusicNetEasePlugin.Tests.WeChatLoginTests.微信状态不会误用网易App业务码(code: 404, expected: WaitingForConfirmation)" computerName="GAOXU" duration="00:00:00.1400684" startTime="2026-09-23T09:40:00.7341267+08:00" endTime="2026-09-23T09:40:00.8710860+08:00" testType="13cdc9d9-ddb5-4fa4-a97d-d965ccfc6d4b" outcome="Passed" testListId="8c84fa94-04c1-424b-9868-57a2d4851a1d" relativeResultsDirectory="3635942b-e488-43c3-92b7-4cf9ef1bbca2" />
    <UnitTestResult executionId="9d055c86-b7bc-49b5-881c-a0bec2238658" testId="1053eb37-71c5-753a-347c-3add0e9e21dc" testName="MusicNetEasePlugin.Tests.SessionStoreTests.损坏或未来版本文件不能恢复且保留原文件(payload: &quot;not-json&quot;)" computerName="GAOXU" duration="00:00:00.0220179" startTime="2026-09-23T09:40:01.0988381+08:00" endTime="2026-09-23T09:40:01.1211644+08:00" testType="13cdc9d9-ddb5-4fa4-a97d-d965ccfc6d4b" outcome="Passed" testListId="8c84fa94-04c1-424b-9868-57a2d4851a1d" relativeResultsDirectory="9d055c86-b7bc-49b5-881c-a0bec2238658" />
    <UnitTestResult executionId="cd2e8fbb-99e3-441e-b251-a30a8a4e59df" testId="71e75e2f-7718-b635-07dd-7df0053d1be3" testName="MusicNetEasePlugin.Tests.MediaBufferTests.非许可源在请求前拒绝(url: &quot;https://user:secret@m1.music.126.net/file&quot;)" computerName="GAOXU" duration="00:00:00.0001364" startTime="2026-09-23T09:40:01.0787429+08:00" endTime="2026-09-23T09:40:01.0788578+08:00" testType="13cdc9d9-ddb5-4fa4-a97d-d965ccfc6d4b" outcome="Passed" testListId="8c84fa94-04c1-424b-9868-57a2d4851a1d" relativeResultsDirectory="cd2e8fbb-99e3-441e-b251-a30a8a4e59df" />
    <UnitTestResult executionId="e3ab210d-d7e6-43cb-99a9-aa7242aa7282" testId="c12f224e-c830-5e3a-683e-7ac0b30037fd" testName="MusicNetEasePlugin.Tests.LoginCoordinatorTests.旧扫码响应晚到不能覆盖新尝试" computerName="GAOXU" duration="00:00:00.0057882" startTime="2026-09-23T09:40:00.8920514+08:00" endTime="2026-09-23T09:40:00.8980460+08:00" testType="13cdc9d9-ddb5-4fa4-a97d-d965ccfc6d4b" outcome="Passed" testListId="8c84fa94-04c1-424b-9868-57a2d4851a1d" relativeResultsDirectory="e3ab210d-d7e6-43cb-99a9-aa7242aa7282" />
    <UnitTestResult executionId="796fffba-7c28-4e52-bb40-37b4a0aff247" testId="1388d5b0-3749-a91e-ab42-7ac0acf5ba81" testName="MusicNetEasePlugin.Tests.SessionStoreTests.超大会话拒绝读取" computerName="GAOXU" duration="00:00:00.0206965" startTime="2026-09-23T09:40:00.9850628+08:00" endTime="2026-09-23T09:40:01.0059231+08:00" testType="13cdc9d9-ddb5-4fa4-a97d-d965ccfc6d4b" outcome="Passed" testListId="8c84fa94-04c1-424b-9868-57a2d4851a1d" relativeResultsDirectory="796fffba-7c28-4e52-bb40-37b4a0aff247" />
    <UnitTestResult executionId="9cbbce67-c625-4878-8276-fad3c0c2ae2b" testId="41472fb5-9986-31a8-593a-83b167d2e642" testName="MusicNetEasePlugin.Tests.WeChatLoginTests.用户取消能够中止正在等待的微信长轮询" computerName="GAOXU" duration="00:00:00.0057415" startTime="2026-09-23T09:40:00.8911888+08:00" endTime="2026-09-23T09:40:00.8972552+08:00" testType="13cdc9d9-ddb5-4fa4-a97d-d965ccfc6d4b" outcome="Passed" testListId="8c84fa94-04c1-424b-9868-57a2d4851a1d" relativeResultsDirectory="9cbbce67-c625-4878-8276-fad3c0c2ae2b" />
    <UnitTestResult executionId="25f0917f-e33a-4ef5-b33b-f748353c04fd" testId="35e5b836-4c24-a382-8b86-3a99098346de" testName="MusicNetEasePlugin.Tests.LoginCoordinatorTests.扫码确认后验证账号并安全保存一次" computerName="GAOXU" duration="00:00:00.0030873" startTime="2026-09-23T09:40:00.8750590+08:00" endTime="2026-09-23T09:40:00.8795661+08:00" testType="13cdc9d9-ddb5-4fa4-a97d-d965ccfc6d4b" outcome="Passed" testListId="8c84fa94-04c1-424b-9868-57a2d4851a1d" relativeResultsDirectory="25f0917f-e33a-4ef5-b33b-f748353c04fd" />
    <UnitTestResult executionId="8a879c47-e543-4a44-b523-a3b9d7167e78" testId="68a93137-36df-0e18-0fa3-65c30747f99f" testName="MusicNetEasePlugin.Tests.PlaybackCoordinatorTests.引擎确认前保持加载且控制和旧事件不能复活已停止歌曲" computerName="GAOXU" duration="00:00:00.0333529" startTime="2026-09-23T09:40:00.7683759+08:00" endTime="2026-09-23T09:40:00.7974730+08:00" testType="13cdc9d9-ddb5-4fa4-a97d-d965ccfc6d4b" outcome="Passed" testListId="8c84fa94-04c1-424b-9868-57a2d4851a1d" relativeResultsDirectory="8a879c47-e543-4a44-b523-a3b9d7167e78" />
    <UnitTestResult executionId="1b37c829-08ec-4b42-8dd5-a9e1ed89e166" testId="87c42c11-b06a-e884-b533-f5bd55b05a83" testName="MusicNetEasePlugin.Tests.ProtocolTests.明文及加密响应都可解释而无效密文拒绝" computerName="GAOXU" duration="00:00:00.0122311" startTime="2026-09-23T09:40:00.7317972+08:00" endTime="2026-09-23T09:40:00.7502771+08:00" testType="13cdc9d9-ddb5-4fa4-a97d-d965ccfc6d4b" outcome="Passed" testListId="8c84fa94-04c1-424b-9868-57a2d4851a1d" relativeResultsDirectory="1b37c829-08ec-4b42-8dd5-a9e1ed89e166" />
    <UnitTestResult executionId="b6cde9d0-85df-4e6e-b757-00c5a6678778" testId="0fae2974-e1e0-9960-9d04-775247c8a200" testName="MusicNetEasePlugin.Tests.LibVlcSettingsTests.内置优先且回退保留内置失败诊断(builtin: True, configured: True, source: BuiltIn)" computerName="GAOXU" duration="00:00:00.0129064" startTime="2026-09-23T09:40:00.7341555+08:00" endTime="2026-09-23T09:40:00.7459200+08:00" testType="13cdc9d9-ddb5-4fa4-a97d-d965ccfc6d4b" outcome="Passed" testListId="8c84fa94-04c1-424b-9868-57a2d4851a1d" relativeResultsDirectory="b6cde9d0-85df-4e6e-b757-00c5a6678778" />
    <UnitTestResult executionId="7037e253-9c85-43cb-97a9-4b457a289952" testId="e99a4649-b76d-da94-c14e-c0ace4221b3f" testName="MusicNetEasePlugin.Tests.LibVlcSettingsTests.内置优先且回退保留内置失败诊断(builtin: False, configured: True, source: Configured)" computerName="GAOXU" duration="00:00:00.0009070" startTime="2026-09-23T09:40:00.7613363+08:00" endTime="2026-09-23T09:40:00.7635555+08:00" testType="13cdc9d9-ddb5-4fa4-a97d-d965ccfc6d4b" outcome="Passed" testListId="8c84fa94-04c1-424b-9868-57a2d4851a1d" relativeResultsDirectory="7037e253-9c85-43cb-97a9-4b457a289952" />
    <UnitTestResult executionId="93281fd2-30b7-490f-9e69-ad81590345e1" testId="091ac2fd-2c54-773c-1c98-fc8608e630c4" testName="MusicNetEasePlugin.Tests.ProtocolTests.拒绝不符合协议的测试密钥(secret: &quot;short&quot;)" computerName="GAOXU" duration="00:00:00.0000102" startTime="2026-09-23T09:40:00.7994243+08:00" endTime="2026-09-23T09:40:00.7994584+08:00" testType="13cdc9d9-ddb5-4fa4-a97d-d965ccfc6d4b" outcome="Passed" testListId="8c84fa94-04c1-424b-9868-57a2d4851a1d" relativeResultsDirectory="93281fd2-30b7-490f-9e69-ad81590345e1" />
    <UnitTestResult executionId="3c80afae-21d3-4cea-9ac9-1e137bfc6458" testId="3dc118f6-a3c6-e8ed-ef6b-211bcd5da5a1" testName="MusicNetEasePlugin.Tests.MediaBufferTests.目录写入失败安全分类且残留回收不影响活动实例和无关目录" computerName="GAOXU" duration="00:00:00.0120025" startTime="2026-09-23T09:40:01.0795480+08:00" endTime="2026-09-23T09:40:01.0914238+08:00" testType="13cdc9d9-ddb5-4fa4-a97d-d965ccfc6d4b" outcome="Passed" testListId="8c84fa94-04c1-424b-9868-57a2d4851a1d" relativeResultsDirectory="3c80afae-21d3-4cea-9ac9-1e137bfc6458" />
    <UnitTestResult executionId="94987f0c-8c16-4e9a-b67c-6fded013775a" testId="2954df15-aa7f-cd2b-1a0e-1fb94729d5e8" testName="MusicNetEasePlugin.Tests.UiCompositionTests.两个容器各自复用服务且同步Scope释放会回收Client" computerName="GAOXU" duration="00:00:00.0197860" startTime="2026-09-23T09:40:23.1809198+08:00" endTime="2026-09-23T09:40:23.1966844+08:00" testType="13cdc9d9-ddb5-4fa4-a97d-d965ccfc6d4b" outcome="Passed" testListId="8c84fa94-04c1-424b-9868-57a2d4851a1d" relativeResultsDirectory="94987f0c-8c16-4e9a-b67c-6fded013775a" />
    <UnitTestResult executionId="26fca26c-a96a-4e76-9424-e85a5c53005b" testId="18281ec0-6288-d14e-2abb-b348167b004e" testName="MusicNetEasePlugin.Tests.HttpTests.无效账号不能成为登录成功(body: &quot;{\&quot;code\&quot;:200,\&quot;account\&quot;:[],\&quot;profile\&quot;:{}}&quot;, kind: Protocol)" computerName="GAOXU" duration="00:00:00.1221780" startTime="2026-09-23T09:40:00.7340777+08:00" endTime="2026-09-23T09:40:00.8531196+08:00" testType="13cdc9d9-ddb5-4fa4-a97d-d965ccfc6d4b" outcome="Passed" testListId="8c84fa94-04c1-424b-9868-57a2d4851a1d" relativeResultsDirectory="26fca26c-a96a-4e76-9424-e85a5c53005b" />
    <UnitTestResult executionId="71a53e90-9fdc-4e0a-a0e9-5114e070a2c0" testId="f8cc7f1f-7dce-be24-2d2f-8187d915d437" testName="MusicNetEasePlugin.Tests.HttpTests.HTTP成功与扫码业务状态分开解释(code: 803, expected: Authorized)" computerName="GAOXU" duration="00:00:00.0035016" startTime="2026-09-23T09:40:00.8586692+08:00" endTime="2026-09-23T09:40:00.8619895+08:00" testType="13cdc9d9-ddb5-4fa4-a97d-d965ccfc6d4b" outcome="Passed" testListId="8c84fa94-04c1-424b-9868-57a2d4851a1d" relativeResultsDirectory="71a53e90-9fdc-4e0a-a0e9-5114e070a2c0" />
    <UnitTestResult executionId="3fd1bb22-c523-44ad-9e08-19fb2ff3f2c1" testId="42f33fd0-f622-09ab-50a0-93e8c3cf1e04" testName="MusicNetEasePlugin.Tests.HttpTests.取消令牌贯穿在途Flurl请求且无底层异常泄露" computerName="GAOXU" duration="00:00:00.0030770" startTime="2026-09-23T09:40:00.8945523+08:00" endTime="2026-09-23T09:40:00.8978035+08:00" testType="13cdc9d9-ddb5-4fa4-a97d-d965ccfc6d4b" outcome="Passed" testListId="8c84fa94-04c1-424b-9868-57a2d4851a1d" relativeResultsDirectory="3fd1bb22-c523-44ad-9e08-19fb2ff3f2c1" />
    <UnitTestResult executionId="ed81b4e2-6595-4e4b-967a-75df450f75da" testId="cacb96c8-9e9a-275f-9646-dd49f872c69f" testName="MusicNetEasePlugin.Tests.LoginCoordinatorTests.服务端过期或本地等待预算结束均停止轮询(serverExpiry: True)" computerName="GAOXU" duration="00:00:00.0051034" startTime="2026-09-23T09:40:00.8647497+08:00" endTime="2026-09-23T09:40:00.8704264+08:00" testType="13cdc9d9-ddb5-4fa4-a97d-d965ccfc6d4b" outcome="Passed" testListId="8c84fa94-04c1-424b-9868-57a2d4851a1d" relativeResultsDirectory="ed81b4e2-6595-4e4b-967a-75df450f75da" />
    <UnitTestResult executionId="3ea31ae6-f69d-4f77-b276-8d0a64b284fe" testId="7763f3c2-bd9c-a349-3295-06c1af3199a8" testName="MusicNetEasePlugin.Tests.MediaBufferTests.非许可源在请求前拒绝(url: &quot;file:///c:/fixture&quot;)" computerName="GAOXU" duration="00:00:00.0000100" startTime="2026-09-23T09:40:01.0789045+08:00" endTime="2026-09-23T09:40:01.0789295+08:00" testType="13cdc9d9-ddb5-4fa4-a97d-d965ccfc6d4b" outcome="Passed" testListId="8c84fa94-04c1-424b-9868-57a2d4851a1d" relativeResultsDirectory="3ea31ae6-f69d-4f77-b276-8d0a64b284fe" />
    <UnitTestResult executionId="c99065c5-a165-43ca-8554-ec07b7809f75" testId="fadbdb55-71cf-fe69-2d53-7735304057e4" testName="MusicNetEasePlugin.Tests.WeChatLoginTests.取消与释放后不能继续发送授权请求" computerName="GAOXU" duration="00:00:00.0022360" startTime="2026-09-23T09:40:00.8895921+08:00" endTime="2026-09-23T09:40:00.8910139+08:00" testType="13cdc9d9-ddb5-4fa4-a97d-d965ccfc6d4b" outcome="Passed" testListId="8c84fa94-04c1-424b-9868-57a2d4851a1d" relativeResultsDirectory="c99065c5-a165-43ca-8554-ec07b7809f75" />
    <UnitTestResult executionId="ece681ba-0104-4e49-b2c2-85ae97b4d59c" testId="30434e71-0742-073c-025b-d8d17165b497" testName="MusicNetEasePlugin.Tests.MusicHttpTests.缺失或畸形结构不会伪装成有效搜索结果(response: &quot;{}&quot;)" computerName="GAOXU" duration="00:00:00.0011601" startTime="2026-09-23T09:40:00.8735705+08:00" endTime="2026-09-23T09:40:00.8746499+08:00" testType="13cdc9d9-ddb5-4fa4-a97d-d965ccfc6d4b" outcome="Passed" testListId="8c84fa94-04c1-424b-9868-57a2d4851a1d" relativeResultsDirectory="ece681ba-0104-4e49-b2c2-85ae97b4d59c" />
    <UnitTestResult executionId="af7e9232-45ee-4af6-8823-2107f844e21e" testId="913543d9-9a7f-6d2f-32c5-a6a3a67f5c7c" testName="MusicNetEasePlugin.Tests.WeChatLoginTests.微信状态不会误用网易App业务码(code: 402, expected: Expired)" computerName="GAOXU" duration="00:00:00.0008280" startTime="2026-09-23T09:40:00.8725626+08:00" endTime="2026-09-23T09:40:00.8736198+08:00" testType="13cdc9d9-ddb5-4fa4-a97d-d965ccfc6d4b" outcome="Passed" testListId="8c84fa94-04c1-424b-9868-57a2d4851a1d" relativeResultsDirectory="af7e9232-45ee-4af6-8823-2107f844e21e" />
    <UnitTestResult executionId="d81a05a9-818b-44ba-9c90-ca6b0bdd7cbb" testId="12664b1f-c7e1-c17b-a30d-2268fb75fe92" testName="MusicNetEasePlugin.Tests.MainDocumentTests.已取消的Document初始化不发起网络请求" computerName="GAOXU" duration="00:00:00.0156822" startTime="2026-09-23T09:40:00.7341687+08:00" endTime="2026-09-23T09:40:00.7613992+08:00" testType="13cdc9d9-ddb5-4fa4-a97d-d965ccfc6d4b" outcome="Passed" testListId="8c84fa94-04c1-424b-9868-57a2d4851a1d" relativeResultsDirectory="d81a05a9-818b-44ba-9c90-ca6b0bdd7cbb" />
    <UnitTestResult executionId="4628c0fb-f16e-418d-ad61-db3cc0694139" testId="8297b2f2-c48f-b508-7af1-56f480ff5ae0" testName="MusicNetEasePlugin.Tests.ProtocolTests.最终请求使用稳定设备和正确的逻辑端点" computerName="GAOXU" duration="00:00:00.0074113" startTime="2026-09-23T09:40:00.7995474+08:00" endTime="2026-09-23T09:40:00.8069365+08:00" testType="13cdc9d9-ddb5-4fa4-a97d-d965ccfc6d4b" outcome="Passed" testListId="8c84fa94-04c1-424b-9868-57a2d4851a1d" relativeResultsDirectory="4628c0fb-f16e-418d-ad61-db3cc0694139" />
    <UnitTestResult executionId="58c756eb-2835-4194-8047-5b67345a483c" testId="7ba5b1ff-0dc0-6473-d0dc-1507c1750049" testName="MusicNetEasePlugin.Tests.WeChatLoginTests.微信确认后仍须通过网易账号核验才能保存" computerName="GAOXU" duration="00:00:00.0032537" startTime="2026-09-23T09:40:00.9056609+08:00" endTime="2026-09-23T09:40:00.9091635+08:00" testType="13cdc9d9-ddb5-4fa4-a97d-d965ccfc6d4b" outcome="Passed" testListId="8c84fa94-04c1-424b-9868-57a2d4851a1d" relativeResultsDirectory="58c756eb-2835-4194-8047-5b67345a483c" />
    <UnitTestResult executionId="ceaebf07-e78a-4929-a1ef-ba7c38d9302e" testId="f87726db-03c1-f5a3-6671-e1383842d2db" testName="MusicNetEasePlugin.Tests.WeChatLoginTests.微信扫码确认回调合并会话并严格隔离域Cookie" computerName="GAOXU" duration="00:00:00.0097319" startTime="2026-09-23T09:40:00.9111997+08:00" endTime="2026-09-23T09:40:00.9209434+08:00" testType="13cdc9d9-ddb5-4fa4-a97d-d965ccfc6d4b" outcome="Passed" testListId="8c84fa94-04c1-424b-9868-57a2d4851a1d" relativeResultsDirectory="ceaebf07-e78a-4929-a1ef-ba7c38d9302e" />
    <UnitTestResult executionId="e8c11af4-f52e-482e-b8c4-c48775e3deaa" testId="e475af5d-fa4d-3d02-895b-0fa28d1c6f0f" testName="MusicNetEasePlugin.Tests.MusicHttpTests.握手签名错误或取消都不能调用播放地址(cancel: True)" computerName="GAOXU" duration="00:00:00.0030434" startTime="2026-09-23T09:40:00.8972171+08:00" endTime="2026-09-23T09:40:00.9005253+08:00" testType="13cdc9d9-ddb5-4fa4-a97d-d965ccfc6d4b" outcome="Passed" testListId="8c84fa94-04c1-424b-9868-57a2d4851a1d" relativeResultsDirectory="e8c11af4-f52e-482e-b8c4-c48775e3deaa" />
    <UnitTestResult executionId="1d165ffd-2943-4633-9582-cf5ef7ede134" testId="a707c701-d98c-a7da-4993-a0506660c95f" testName="MusicNetEasePlugin.Tests.MediaBufferTests.长度不可信和非媒体响应不能发布半成品(kind: &quot;declared&quot;)" computerName="GAOXU" duration="00:00:00.0018118" startTime="2026-09-23T09:40:01.0627676+08:00" endTime="2026-09-23T09:40:01.0644488+08:00" testType="13cdc9d9-ddb5-4fa4-a97d-d965ccfc6d4b" outcome="Passed" testListId="8c84fa94-04c1-424b-9868-57a2d4851a1d" relativeResultsDirectory="1d165ffd-2943-4633-9582-cf5ef7ede134" />
    <UnitTestResult executionId="f1eaa65e-6a7c-4d65-8b8b-59e7a4be4e4f" testId="d31ea40a-a7d1-5696-7a48-15a8472e2b87" testName="MusicNetEasePlugin.Tests.MusicProtocolTests.播放响应接受明文及加密压缩但拒绝解压炸弹和坏密文" computerName="GAOXU" duration="00:00:00.0098245" startTime="2026-09-23T09:40:00.8317858+08:00" endTime="2026-09-23T09:40:00.8414702+08:00" testType="13cdc9d9-ddb5-4fa4-a97d-d965ccfc6d4b" outcome="Passed" testListId="8c84fa94-04c1-424b-9868-57a2d4851a1d" relativeResultsDirectory="f1eaa65e-6a7c-4d65-8b8b-59e7a4be4e4f" />
    <UnitTestResult executionId="6f5bfbc7-e573-4949-af6b-fa811b0063c4" testId="8fbe28ae-a341-e4e4-cff0-cfcbaeac75e5" testName="MusicNetEasePlugin.Tests.MediaBufferTests.非许可源在请求前拒绝(url: &quot;https://m1.music.126.net:8443/file&quot;)" computerName="GAOXU" duration="00:00:00.0000092" startTime="2026-09-23T09:40:01.0793894+08:00" endTime="2026-09-23T09:40:01.0794182+08:00" testType="13cdc9d9-ddb5-4fa4-a97d-d965ccfc6d4b" outcome="Passed" testListId="8c84fa94-04c1-424b-9868-57a2d4851a1d" relativeResultsDirectory="6f5bfbc7-e573-4949-af6b-fa811b0063c4" />
    <UnitTestResult executionId="f86759af-0c58-4c61-a482-a7ef7d4e67e5" testId="c1b8b559-68b9-99fd-f7ff-1ed874c0108e" testName="MusicNetEasePlugin.Tests.PlaybackCoordinatorTests.旧暂停排队期间切歌会撤销旧控制意图" computerName="GAOXU" duration="00:00:00.0050964" startTime="2026-09-23T09:40:00.8677796+08:00" endTime="2026-09-23T09:40:00.8738873+08:00" testType="13cdc9d9-ddb5-4fa4-a97d-d965ccfc6d4b" outcome="Passed" testListId="8c84fa94-04c1-424b-9868-57a2d4851a1d" relativeResultsDirectory="f86759af-0c58-4c61-a482-a7ef7d4e67e5" />
    <UnitTestResult executionId="84af73b3-eea0-4db2-a86c-c7d819198948" testId="260c1508-6bbf-ac79-2132-fc569cecaa86" testName="MusicNetEasePlugin.Tests.MediaBufferTests.各阶段超时与主动取消都会关闭响应及清理文件(mode: &quot;total&quot;)" computerName="GAOXU" duration="00:00:00.0748536" startTime="2026-09-23T09:40:00.9114549+08:00" endTime="2026-09-23T09:40:00.9868188+08:00" testType="13cdc9d9-ddb5-4fa4-a97d-d965ccfc6d4b" outcome="Passed" testListId="8c84fa94-04c1-424b-9868-57a2d4851a1d" relativeResultsDirectory="84af73b3-eea0-4db2-a86c-c7d819198948" />
    <UnitTestResult executionId="b9d8386f-f94c-4dfc-b7ea-ee6cd3a3ff4e" testId="acdf107b-3b11-ca68-c2cc-16ce56f9d1bd" testName="MusicNetEasePlugin.Tests.SessionStoreTests.本机当前用户保护可以往返且损坏密文拒绝" computerName="GAOXU" duration="00:00:00.0096780" startTime="2026-09-23T09:40:00.8685638+08:00" endTime="2026-09-23T09:40:00.8775486+08:00" testType="13cdc9d9-ddb5-4fa4-a97d-d965ccfc6d4b" outcome="Passed" testListId="8c84fa94-04c1-424b-9868-57a2d4851a1d" relativeResultsDirectory="b9d8386f-f94c-4dfc-b7ea-ee6cd3a3ff4e" />
    <UnitTestResult executionId="0aeb69d4-de9a-46f3-be8b-3d2b1835f2b9" testId="6173f86b-daca-64e8-80ea-561c242c6d3b" testName="MusicNetEasePlugin.Tests.ProtocolTests.Unicode序列化不误修改字面反斜杠转义" computerName="GAOXU" duration="00:00:00.0012444" startTime="2026-09-23T09:40:00.8250764+08:00" endTime="2026-09-23T09:40:00.8261274+08:00" testType="13cdc9d9-ddb5-4fa4-a97d-d965ccfc6d4b" outcome="Passed" testListId="8c84fa94-04c1-424b-9868-57a2d4851a1d" relativeResultsDirectory="0aeb69d4-de9a-46f3-be8b-3d2b1835f2b9" />
    <UnitTestResult executionId="d6ffce91-adcc-47bc-ab2f-9c3836ca299f" testId="8f12457e-ece4-1874-3398-9ff273da2b62" testName="MusicNetEasePlugin.Tests.PlaybackCoordinatorTests.原生终态在回调外收口并先停止后删文件(state: Failed)" computerName="GAOXU" duration="00:00:00.0067498" startTime="2026-09-23T09:40:00.8816758+08:00" endTime="2026-09-23T09:40:00.8887531+08:00" testType="13cdc9d9-ddb5-4fa4-a97d-d965ccfc6d4b" outcome="Passed" testListId="8c84fa94-04c1-424b-9868-57a2d4851a1d" relativeResultsDirectory="d6ffce91-adcc-47bc-ab2f-9c3836ca299f" />
    <UnitTestResult executionId="649609c1-46f8-4037-94e6-03220124aeec" testId="845f1610-e973-eb43-55c9-310df24d7fc4" testName="MusicNetEasePlugin.Tests.HttpTests.未更新Cookie保留期限而新会话Cookie不继承旧期限" computerName="GAOXU" duration="00:00:00.0031823" startTime="2026-09-23T09:40:00.8555793+08:00" endTime="2026-09-23T09:40:00.8584473+08:00" testType="13cdc9d9-ddb5-4fa4-a97d-d965ccfc6d4b" outcome="Passed" testListId="8c84fa94-04c1-424b-9868-57a2d4851a1d" relativeResultsDirectory="649609c1-46f8-4037-94e6-03220124aeec" />
    <UnitTestResult executionId="5cf4a5ed-97c2-47aa-a7bd-004a359780bc" testId="99065a9f-5cfa-e242-9bb2-9b01d1bcb23e" testName="MusicNetEasePlugin.Tests.MainDocumentTests.初始化保留Host标题且未登录页面可开始扫码" computerName="GAOXU" duration="00:00:00.0008977" startTime="2026-09-23T09:40:00.8676330+08:00" endTime="2026-09-23T09:40:00.8678198+08:00" testType="13cdc9d9-ddb5-4fa4-a97d-d965ccfc6d4b" outcome="Passed" testListId="8c84fa94-04c1-424b-9868-57a2d4851a1d" relativeResultsDirectory="5cf4a5ed-97c2-47aa-a7bd-004a359780bc" />
    <UnitTestResult executionId="a2f9202c-b2c3-4918-b914-e4c5ac062ae3" testId="411c93c6-1544-a320-667b-e8731284f1ec" testName="MusicNetEasePlugin.Tests.HttpTests.响应Cookie按标准属性合并且旧快照不被修改" computerName="GAOXU" duration="00:00:00.0010563" startTime="2026-09-23T09:40:00.8792809+08:00" endTime="2026-09-23T09:40:00.8805988+08:00" testType="13cdc9d9-ddb5-4fa4-a97d-d965ccfc6d4b" outcome="Passed" testListId="8c84fa94-04c1-424b-9868-57a2d4851a1d" relativeResultsDirectory="a2f9202c-b2c3-4918-b914-e4c5ac062ae3" />
    <UnitTestResult executionId="718d1ca4-8a76-400d-a6ed-84f22adb8f09" testId="34d24637-750a-b2a2-df1a-a4751a292692" testName="MusicNetEasePlugin.Tests.LoginFailureTests.未知状态或验证要求不自动重试(error: RateLimited)" computerName="GAOXU" duration="00:00:00.0019756" startTime="2026-09-23T09:40:00.8784003+08:00" endTime="2026-09-23T09:40:00.8804459+08:00" testType="13cdc9d9-ddb5-4fa4-a97d-d965ccfc6d4b" outcome="Passed" testListId="8c84fa94-04c1-424b-9868-57a2d4851a1d" relativeResultsDirectory="718d1ca4-8a76-400d-a6ed-84f22adb8f09" />
    <UnitTestResult executionId="1da3c401-1cb4-4302-ba9d-dba77267b64e" testId="9d6a23d6-0ff1-774d-ec21-cde1a79ff412" testName="MusicNetEasePlugin.Tests.MainDocumentTests.默认微信入口可切换网易App且文案与图片同步" computerName="GAOXU" duration="00:00:00.0233734" startTime="2026-09-23T09:40:00.8425774+08:00" endTime="2026-09-23T09:40:00.8664815+08:00" testType="13cdc9d9-ddb5-4fa4-a97d-d965ccfc6d4b" outcome="Passed" testListId="8c84fa94-04c1-424b-9868-57a2d4851a1d" relativeResultsDirectory="1da3c401-1cb4-4302-ba9d-dba77267b64e" />
    <UnitTestResult executionId="e4fe55d5-fe92-4e69-b606-a9f2a895cbbd" testId="ac14e10c-141e-4c3c-67c8-08b0f66a195b" testName="MusicNetEasePlugin.Tests.PlaybackCoordinatorTests.只有明确地址过期重取一次且再次失败就结束(kind: AddressExpired, expected: 2)" computerName="GAOXU" duration="00:00:00.0004017" startTime="2026-09-23T09:40:00.8812297+08:00" endTime="2026-09-23T09:40:00.8815176+08:00" testType="13cdc9d9-ddb5-4fa4-a97d-d965ccfc6d4b" outcome="Passed" testListId="8c84fa94-04c1-424b-9868-57a2d4851a1d" relativeResultsDirectory="e4fe55d5-fe92-4e69-b606-a9f2a895cbbd" />
    <UnitTestResult executionId="605a212b-0600-418e-81f9-6328d985e151" testId="4889380e-4787-a713-2d04-9d45ac8de3ba" testName="MusicNetEasePlugin.Tests.WeChatLoginTests.脚本只读取有限赋值且不执行任意JavaScript(script: &quot;&lt;html&gt;captcha&lt;/html&gt;&quot;)" computerName="GAOXU" duration="00:00:00.0000374" startTime="2026-09-23T09:40:00.8762161+08:00" endTime="2026-09-23T09:40:00.8762547+08:00" testType="13cdc9d9-ddb5-4fa4-a97d-d965ccfc6d4b" outcome="Passed" testListId="8c84fa94-04c1-424b-9868-57a2d4851a1d" relativeResultsDirectory="605a212b-0600-418e-81f9-6328d985e151" />
    <UnitTestResult executionId="d40d14a6-2bbc-4c8e-8a3e-46d6587ac7ad" testId="9605cde4-7822-3cb7-2496-870d13bfd196" testName="MusicNetEasePlugin.Tests.PlaybackCoordinatorTests.只有明确地址过期重取一次且再次失败就结束(kind: Network, expected: 1)" computerName="GAOXU" duration="00:00:00.0013052" startTime="2026-09-23T09:40:00.8803986+08:00" endTime="2026-09-23T09:40:00.8811096+08:00" testType="13cdc9d9-ddb5-4fa4-a97d-d965ccfc6d4b" outcome="Passed" testListId="8c84fa94-04c1-424b-9868-57a2d4851a1d" relativeResultsDirectory="d40d14a6-2bbc-4c8e-8a3e-46d6587ac7ad" />
    <UnitTestResult executionId="bbd2281b-62f5-4c51-bab9-4e34b138b615" testId="1796f645-8b16-71bb-d292-1c36a2024e42" testName="MusicNetEasePlugin.Tests.UiCompositionTests.实际页面绑定二维码和账号并可卸载重建" computerName="GAOXU" duration="00:00:01.0935697" startTime="2026-09-23T09:40:23.1968616+08:00" endTime="2026-09-23T09:40:24.2905425+08:00" testType="13cdc9d9-ddb5-4fa4-a97d-d965ccfc6d4b" outcome="Passed" testListId="8c84fa94-04c1-424b-9868-57a2d4851a1d" relativeResultsDirectory="bbd2281b-62f5-4c51-bab9-4e34b138b615" />
    <UnitTestResult executionId="b2a2bcba-45c1-4d3f-a119-f2e243d15d5d" testId="b78c145f-a8cd-64a8-1876-e73e9475b94d" testName="MusicNetEasePlugin.Tests.LoginCoordinatorTests.展示订阅者抛错不会阻塞流程收口" computerName="GAOXU" duration="00:00:00.0023731" startTime="2026-09-23T09:40:00.9015709+08:00" endTime="2026-09-23T09:40:00.9036477+08:00" testType="13cdc9d9-ddb5-4fa4-a97d-d965ccfc6d4b" outcome="Passed" testListId="8c84fa94-04c1-424b-9868-57a2d4851a1d" relativeResultsDirectory="b2a2bcba-45c1-4d3f-a119-f2e243d15d5d" />
    <UnitTestResult executionId="e23b8bc2-7873-40f0-b555-1e46e6d7cb87" testId="16d1d54b-4440-3801-1e6b-9c5bd30567d9" testName="MusicNetEasePlugin.Tests.PlaybackCoordinatorTests.快速三次切歌只允许最终意图打开音源(stage: &quot;resource&quot;)" computerName="GAOXU" duration="00:00:00.0035971" startTime="2026-09-23T09:40:00.8622938+08:00" endTime="2026-09-23T09:40:00.8675877+08:00" testType="13cdc9d9-ddb5-4fa4-a97d-d965ccfc6d4b" outcome="Passed" testListId="8c84fa94-04c1-424b-9868-57a2d4851a1d" relativeResultsDirectory="e23b8bc2-7873-40f0-b555-1e46e6d7cb87" />
    <UnitTestResult executionId="f6c8eabb-82c3-4e23-addd-13da643d1f64" testId="fe40d678-0c16-9c55-5aef-ead857f164fe" testName="MusicNetEasePlugin.Tests.MusicHttpTests.仅明确会话失效退出且服务正文不泄露(code: 500, kind: Protocol, signedIn: True)" computerName="GAOXU" duration="00:00:00.0005413" startTime="2026-09-23T09:40:00.8727342+08:00" endTime="2026-09-23T09:40:00.8732544+08:00" testType="13cdc9d9-ddb5-4fa4-a97d-d965ccfc6d4b" outcome="Passed" testListId="8c84fa94-04c1-424b-9868-57a2d4851a1d" relativeResultsDirectory="f6c8eabb-82c3-4e23-addd-13da643d1f64" />
    <UnitTestResult executionId="efe4a557-2faa-46f8-9dcc-d603debb6572" testId="8454b35b-9210-e44a-dda9-7f98af5d03bb" testName="MusicNetEasePlugin.Tests.MediaBufferTests.越界重定向与循环均有界失败(loop: False)" computerName="GAOXU" duration="00:00:00.0026063" startTime="2026-09-23T09:40:00.8256373+08:00" endTime="2026-09-23T09:40:00.8282293+08:00" testType="13cdc9d9-ddb5-4fa4-a97d-d965ccfc6d4b" outcome="Passed" testListId="8c84fa94-04c1-424b-9868-57a2d4851a1d" relativeResultsDirectory="efe4a557-2faa-46f8-9dcc-d603debb6572" />
    <UnitTestResult executionId="34458e79-ad4e-4e00-9f56-821574e6d91d" testId="0487b436-548d-c3c1-6230-02a0d05e502f" testName="MusicNetEasePlugin.Tests.HttpTests.无效账号不能成为登录成功(body: &quot;{\&quot;code\&quot;:200,\&quot;account\&quot;:{\&quot;id\&quot;:1},\&quot;profile\&quot;:{&quot;···, kind: Protocol)" computerName="GAOXU" duration="00:00:00.0003791" startTime="2026-09-23T09:40:00.8545940+08:00" endTime="2026-09-23T09:40:00.8553678+08:00" testType="13cdc9d9-ddb5-4fa4-a97d-d965ccfc6d4b" outcome="Passed" testListId="8c84fa94-04c1-424b-9868-57a2d4851a1d" relativeResultsDirectory="34458e79-ad4e-4e00-9f56-821574e6d91d" />
    <UnitTestResult executionId="92e53550-bc34-4448-ac29-b3b7a49d4c98" testId="c767a6d6-6883-6055-9a66-24f41be32c5a" testName="MusicNetEasePlugin.Tests.MusicHttpTests.缺失或畸形结构不会伪装成有效搜索结果(response: &quot;{\&quot;result\&quot;:{\&quot;songs\&quot;:\&quot;bad\&quot;},\&quot;code\&quot;:200}&quot;)" computerName="GAOXU" duration="00:00:00.0004589" startTime="2026-09-23T09:40:00.8747842+08:00" endTime="2026-09-23T09:40:00.8750353+08:00" testType="13cdc9d9-ddb5-4fa4-a97d-d965ccfc6d4b" outcome="Passed" testListId="8c84fa94-04c1-424b-9868-57a2d4851a1d" relativeResultsDirectory="92e53550-bc34-4448-ac29-b3b7a49d4c98" />
    <UnitTestResult executionId="3b738c86-28c3-4db7-934e-f0faa957aa7c" testId="f999e904-17d9-1a7e-32b0-e0322d4be840" testName="MusicNetEasePlugin.Tests.MainDocumentTests.关闭页面不退出已提交的共享账号" computerName="GAOXU" duration="00:00:00.0014106" startTime="2026-09-23T09:40:00.8411529+08:00" endTime="2026-09-23T09:40:00.8424070+08:00" testType="13cdc9d9-ddb5-4fa4-a97d-d965ccfc6d4b" outcome="Passed" testListId="8c84fa94-04c1-424b-9868-57a2d4851a1d" relativeResultsDirectory="3b738c86-28c3-4db7-934e-f0faa957aa7c" />
    <UnitTestResult executionId="82682f3f-535a-4c44-903e-e0a61588a945" testId="975e2f46-1afe-857c-6842-c7e65f257bb1" testName="MusicNetEasePlugin.Tests.SessionStoreTests.重建服务后恢复会话且退出保留设备身份" computerName="GAOXU" duration="00:00:00.1056094" startTime="2026-09-23T09:40:00.8782597+08:00" endTime="2026-09-23T09:40:00.9848907+08:00" testType="13cdc9d9-ddb5-4fa4-a97d-d965ccfc6d4b" outcome="Passed" testListId="8c84fa94-04c1-424b-9868-57a2d4851a1d" relativeResultsDirectory="82682f3f-535a-4c44-903e-e0a61588a945" />
    <UnitTestResult executionId="fb595e26-d089-4ffe-97fe-0069793c6114" testId="923e70a9-5be9-7aac-7606-802f0da4a1c6" testName="MusicNetEasePlugin.Tests.LoginFailureTests.未知状态或验证要求不自动重试(error: VerificationRequired)" computerName="GAOXU" duration="00:00:00.0053524" startTime="2026-09-23T09:40:00.8715461+08:00" endTime="2026-09-23T09:40:00.8783061+08:00" testType="13cdc9d9-ddb5-4fa4-a97d-d965ccfc6d4b" outcome="Passed" testListId="8c84fa94-04c1-424b-9868-57a2d4851a1d" relativeResultsDirectory="fb595e26-d089-4ffe-97fe-0069793c6114" />
    <UnitTestResult executionId="9237a5fd-009c-416d-98ac-1988da92f8a0" testId="1225ab9f-ef3d-4f03-79e8-963f6e50e1c3" testName="MusicNetEasePlugin.Tests.HttpTests.超时取消和重定向都不会误报成功" computerName="GAOXU" duration="00:00:00.0020143" startTime="2026-09-23T09:40:00.8868102+08:00" endTime="2026-09-23T09:40:00.8885190+08:00" testType="13cdc9d9-ddb5-4fa4-a97d-d965ccfc6d4b" outcome="Passed" testListId="8c84fa94-04c1-424b-9868-57a2d4851a1d" relativeResultsDirectory="9237a5fd-009c-416d-98ac-1988da92f8a0" />
    <UnitTestResult executionId="fd652147-0a58-49ec-9288-6450745efd4c" testId="f3483ba0-41ea-8386-c8e5-7c13f91600dc" testName="MusicNetEasePlugin.Tests.LoginCoordinatorTests.服务端过期或本地等待预算结束均停止轮询(serverExpiry: False)" computerName="GAOXU" duration="00:00:00.0019246" startTime="2026-09-23T09:40:00.8710405+08:00" endTime="2026-09-23T09:40:00.8727770+08:00" testType="13cdc9d9-ddb5-4fa4-a97d-d965ccfc6d4b" outcome="Passed" testListId="8c84fa94-04c1-424b-9868-57a2d4851a1d" relativeResultsDirectory="fd652147-0a58-49ec-9288-6450745efd4c" />
    <UnitTestResult executionId="e7d82cdf-6ae3-4e57-b3b5-b131c9f4c8ec" testId="e440eb97-5e69-b1f4-2184-79f9101e11dd" testName="MusicNetEasePlugin.Tests.LoginCoordinatorTests.提交后取消会补偿清除且退出等待补偿完成" computerName="GAOXU" duration="00:00:00.0078533" startTime="2026-09-23T09:40:00.8808254+08:00" endTime="2026-09-23T09:40:00.8894206+08:00" testType="13cdc9d9-ddb5-4fa4-a97d-d965ccfc6d4b" outcome="Passed" testListId="8c84fa94-04c1-424b-9868-57a2d4851a1d" relativeResultsDirectory="e7d82cdf-6ae3-4e57-b3b5-b131c9f4c8ec" />
    <UnitTestResult executionId="69b32bdd-cf81-4f26-953e-897dd4f2b68a" testId="eb999f46-147d-93f6-9e1d-e1146a9d0f6f" testName="MusicNetEasePlugin.Tests.MusicHttpTests.仅明确会话失效退出且服务正文不泄露(code: 429, kind: Restricted, signedIn: True)" computerName="GAOXU" duration="00:00:00.0155304" startTime="2026-09-23T09:40:00.8552727+08:00" endTime="2026-09-23T09:40:00.8701014+08:00" testType="13cdc9d9-ddb5-4fa4-a97d-d965ccfc6d4b" outcome="Passed" testListId="8c84fa94-04c1-424b-9868-57a2d4851a1d" relativeResultsDirectory="69b32bdd-cf81-4f26-953e-897dd4f2b68a" />
    <UnitTestResult executionId="64667885-4326-4946-a1a7-f7486baecf70" testId="aa6f7a06-ccd2-70f8-1393-ab663f014a27" testName="MusicNetEasePlugin.Tests.HttpTests.无效账号不能成为登录成功(body: &quot;{\&quot;code\&quot;:200,\&quot;account\&quot;:null,\&quot;profile\&quot;:null}&quot;, kind: SessionExpired)" computerName="GAOXU" duration="00:00:00.0002444" startTime="2026-09-23T09:40:00.8554652+08:00" endTime="2026-09-23T09:40:00.8554992+08:00" testType="13cdc9d9-ddb5-4fa4-a97d-d965ccfc6d4b" outcome="Passed" testListId="8c84fa94-04c1-424b-9868-57a2d4851a1d" relativeResultsDirectory="64667885-4326-4946-a1a7-f7486baecf70" />
    <UnitTestResult executionId="f6fed64f-0d8b-4e7b-8bd7-737202bc6f64" testId="d5167bd1-2558-05f0-ca1f-2dc858092cd1" testName="MusicNetEasePlugin.Tests.HttpTests.HTTP成功与扫码业务状态分开解释(code: 801, expected: WaitingForScan)" computerName="GAOXU" duration="00:00:00.0006303" startTime="2026-09-23T09:40:00.8621340+08:00" endTime="2026-09-23T09:40:00.8626901+08:00" testType="13cdc9d9-ddb5-4fa4-a97d-d965ccfc6d4b" outcome="Passed" testListId="8c84fa94-04c1-424b-9868-57a2d4851a1d" relativeResultsDirectory="f6fed64f-0d8b-4e7b-8bd7-737202bc6f64" />
    <UnitTestResult executionId="130f02b4-98b8-4a50-999b-8944f86bc49e" testId="9b1b8e76-80aa-b6ad-4cc6-83f306b6895f" testName="MusicNetEasePlugin.Tests.LibVlcSettingsTests.已加载时保存只更新下次目录且退出不清除播放设置" computerName="GAOXU" duration="00:00:00.0123758" startTime="2026-09-23T09:40:00.9645295+08:00" endTime="2026-09-23T09:40:00.9818833+08:00" testType="13cdc9d9-ddb5-4fa4-a97d-d965ccfc6d4b" outcome="Passed" testListId="8c84fa94-04c1-424b-9868-57a2d4851a1d" relativeResultsDirectory="130f02b4-98b8-4a50-999b-8944f86bc49e" />
    <UnitTestResult executionId="02bc1411-9b9a-47fc-8daa-504d7bd25f9a" testId="d9031fbd-3db8-2611-e499-8de23b341145" testName="MusicNetEasePlugin.Tests.MediaBufferTests.非许可源在请求前拒绝(url: &quot;https://127.0.0.1/file&quot;)" computerName="GAOXU" duration="00:00:00.0000189" startTime="2026-09-23T09:40:01.0794654+08:00" endTime="2026-09-23T09:40:01.0794890+08:00" testType="13cdc9d9-ddb5-4fa4-a97d-d965ccfc6d4b" outcome="Passed" testListId="8c84fa94-04c1-424b-9868-57a2d4851a1d" relativeResultsDirectory="02bc1411-9b9a-47fc-8daa-504d7bd25f9a" />
    <UnitTestResult executionId="6464e318-13ab-4220-afb8-7b1929651bc5" testId="b4f51d6b-39f6-55fb-6c23-66aa8b918714" testName="MusicNetEasePlugin.Tests.WeChatLoginTests.未知状态和缺少授权码不能请求网易回调(script: &quot;window.wx_errcode=405;&quot;)" computerName="GAOXU" duration="00:00:00.0007674" startTime="2026-09-23T09:40:00.8992562+08:00" endTime="2026-09-23T09:40:00.8994746+08:00" testType="13cdc9d9-ddb5-4fa4-a97d-d965ccfc6d4b" outcome="Passed" testListId="8c84fa94-04c1-424b-9868-57a2d4851a1d" relativeResultsDirectory="6464e318-13ab-4220-afb8-7b1929651bc5" />
    <UnitTestResult executionId="6ef988eb-1e9a-409c-acdf-09df306ddecf" testId="64f8e6ff-7ff9-ad42-438a-58f576dc5de4" testName="MusicNetEasePlugin.Tests.MusicSessionTests.凭据版本拒绝旧更新且同账号重登拒绝旧失效响应" computerName="GAOXU" duration="00:00:00.0019372" startTime="2026-09-23T09:40:00.8596814+08:00" endTime="2026-09-23T09:40:00.8615330+08:00" testType="13cdc9d9-ddb5-4fa4-a97d-d965ccfc6d4b" outcome="Passed" testListId="8c84fa94-04c1-424b-9868-57a2d4851a1d" relativeResultsDirectory="6ef988eb-1e9a-409c-acdf-09df306ddecf" />
    <UnitTestResult executionId="183b345a-f5bf-482c-9867-28d90414a848" testId="2f0bdc56-7706-4fa6-0d7e-4b2ec4148112" testName="MusicNetEasePlugin.Tests.HttpTests.无效账号不能成为登录成功(body: &quot;{\&quot;code\&quot;:200,\&quot;account\&quot;:{\&quot;id\&quot;:\&quot;secret\&quot;},\&quot;pr&quot;···, kind: Protocol)" computerName="GAOXU" duration="00:00:00.0002673" startTime="2026-09-23T09:40:00.8537426+08:00" endTime="2026-09-23T09:40:00.8540357+08:00" testType="13cdc9d9-ddb5-4fa4-a97d-d965ccfc6d4b" outcome="Passed" testListId="8c84fa94-04c1-424b-9868-57a2d4851a1d" relativeResultsDirectory="183b345a-f5bf-482c-9867-28d90414a848" />
    <UnitTestResult executionId="ad3134d9-b45a-4551-8d51-8cb1640f80a4" testId="65ec0817-822c-cb25-3277-54e174d7f30d" testName="MusicNetEasePlugin.Tests.HttpTests.HTTP成功与扫码业务状态分开解释(code: 800, expected: Expired)" computerName="GAOXU" duration="00:00:00.0001576" startTime="2026-09-23T09:40:00.8633348+08:00" endTime="2026-09-23T09:40:00.8633903+08:00" testType="13cdc9d9-ddb5-4fa4-a97d-d965ccfc6d4b" outcome="Passed" testListId="8c84fa94-04c1-424b-9868-57a2d4851a1d" relativeResultsDirectory="ad3134d9-b45a-4551-8d51-8cb1640f80a4" />
    <UnitTestResult executionId="aacb39d9-42f6-4098-862f-4d94e62ae04b" testId="6fbcd0f8-61b6-b549-36d1-f4b1ef5aa50d" testName="MusicNetEasePlugin.Tests.MediaBufferTests.各阶段超时与主动取消都会关闭响应及清理文件(mode: &quot;header&quot;)" computerName="GAOXU" duration="00:00:00.0762556" startTime="2026-09-23T09:40:00.8283466+08:00" endTime="2026-09-23T09:40:00.9048410+08:00" testType="13cdc9d9-ddb5-4fa4-a97d-d965ccfc6d4b" outcome="Passed" testListId="8c84fa94-04c1-424b-9868-57a2d4851a1d" relativeResultsDirectory="aacb39d9-42f6-4098-862f-4d94e62ae04b" />
    <UnitTestResult executionId="9e21070f-4a49-4d24-8a74-bbac16e43e85" testId="5e038321-8920-4809-c4e7-faaea3612add" testName="MusicNetEasePlugin.Tests.WeChatLoginTests.回调失败或需绑定时明确终止且不会重放授权码(timeout: False)" computerName="GAOXU" duration="00:00:00.0018867" startTime="2026-09-23T09:40:00.9037449+08:00" endTime="2026-09-23T09:40:00.9055592+08:00" testType="13cdc9d9-ddb5-4fa4-a97d-d965ccfc6d4b" outcome="Passed" testListId="8c84fa94-04c1-424b-9868-57a2d4851a1d" relativeResultsDirectory="9e21070f-4a49-4d24-8a74-bbac16e43e85" />
    <UnitTestResult executionId="c47e8026-d9f1-4a56-a932-7a6ddacbcd06" testId="7d769a64-0709-9f91-0cd2-a011a7d03bd3" testName="MusicNetEasePlugin.Tests.MusicHttpTests.握手签名错误或取消都不能调用播放地址(cancel: False)" computerName="GAOXU" duration="00:00:00.0010316" startTime="2026-09-23T09:40:00.9009328+08:00" endTime="2026-09-23T09:40:00.9018325+08:00" testType="13cdc9d9-ddb5-4fa4-a97d-d965ccfc6d4b" outcome="Passed" testListId="8c84fa94-04c1-424b-9868-57a2d4851a1d" relativeResultsDirectory="c47e8026-d9f1-4a56-a932-7a6ddacbcd06" />
    <UnitTestResult executionId="67ae22fa-537f-4dd4-908b-ed7c731aef55" testId="afe8bc5a-47c5-3743-0de7-9445543a29c7" testName="MusicNetEasePlugin.Tests.MusicHttpTests.仅明确会话失效退出且服务正文不泄露(code: 301, kind: SignedOut, signedIn: False)" computerName="GAOXU" duration="00:00:00.0007871" startTime="2026-09-23T09:40:00.8714509+08:00" endTime="2026-09-23T09:40:00.8726160+08:00" testType="13cdc9d9-ddb5-4fa4-a97d-d965ccfc6d4b" outcome="Passed" testListId="8c84fa94-04c1-424b-9868-57a2d4851a1d" relativeResultsDirectory="67ae22fa-537f-4dd4-908b-ed7c731aef55" />
    <UnitTestResult executionId="0dacd5a7-802a-4f4a-b25d-6f6c1cfd3f01" testId="0740a78d-e7aa-894b-f7f9-bc4dad3a5fe8" testName="MusicNetEasePlugin.Tests.LibVlcSettingsTests.内置优先且回退保留内置失败诊断(builtin: True, configured: False, source: BuiltIn)" computerName="GAOXU" duration="00:00:00.0000153" startTime="2026-09-23T09:40:00.7637114+08:00" endTime="2026-09-23T09:40:00.7637535+08:00" testType="13cdc9d9-ddb5-4fa4-a97d-d965ccfc6d4b" outcome="Passed" testListId="8c84fa94-04c1-424b-9868-57a2d4851a1d" relativeResultsDirectory="0dacd5a7-802a-4f4a-b25d-6f6c1cfd3f01" />
    <UnitTestResult executionId="bdb7c7b6-f0e4-40bc-902f-1eee7d64cea5" testId="293974fb-5c4c-ebb6-e4d5-aca9c24b5b02" testName="MusicNetEasePlugin.Tests.WeChatLoginTests.脚本只读取有限赋值且不执行任意JavaScript(script: &quot;window.wx_errcode=405;window.wx_code='secret';evil&quot;···)" computerName="GAOXU" duration="00:00:00.0000573" startTime="2026-09-23T09:40:00.8761055+08:00" endTime="2026-09-23T09:40:00.8761453+08:00" testType="13cdc9d9-ddb5-4fa4-a97d-d965ccfc6d4b" outcome="Passed" testListId="8c84fa94-04c1-424b-9868-57a2d4851a1d" relativeResultsDirectory="bdb7c7b6-f0e4-40bc-902f-1eee7d64cea5" />
    <UnitTestResult executionId="e2a64522-3384-4ca0-a02f-0ede0a2ab97a" testId="dd80be1e-a7c7-8287-99f4-1b09e9a2dd07" testName="MusicNetEasePlugin.Tests.PlaybackUiTests.真实音乐视图和设置视图重复重挂保留状态及草稿" computerName="GAOXU" duration="00:00:00.5217484" startTime="2026-09-23T09:40:24.2907583+08:00" endTime="2026-09-23T09:40:24.8129069+08:00" testType="13cdc9d9-ddb5-4fa4-a97d-d965ccfc6d4b" outcome="Passed" testListId="8c84fa94-04c1-424b-9868-57a2d4851a1d" relativeResultsDirectory="e2a64522-3384-4ca0-a02f-0ede0a2ab97a" />
    <UnitTestResult executionId="2d0ba691-c86e-427e-8978-b601803c0ea5" testId="d794eae7-112a-8b17-f2bb-d87317fd76ec" testName="MusicNetEasePlugin.Tests.MediaBufferTests.合法重定向逐跳无凭据且临时文件归句柄所有" computerName="GAOXU" duration="00:00:00.0044991" startTime="2026-09-23T09:40:01.0916383+08:00" endTime="2026-09-23T09:40:01.0962422+08:00" testType="13cdc9d9-ddb5-4fa4-a97d-d965ccfc6d4b" outcome="Passed" testListId="8c84fa94-04c1-424b-9868-57a2d4851a1d" relativeResultsDirectory="2d0ba691-c86e-427e-8978-b601803c0ea5" />
    <UnitTestResult executionId="6103987c-792c-4c2f-8eef-9d2832b5fa22" testId="9254fa42-0664-ce72-5890-fd604887b8b5" testName="MusicNetEasePlugin.Tests.WeChatLoginTests.回调失败或需绑定时明确终止且不会重放授权码(timeout: True)" computerName="GAOXU" duration="00:00:00.0024966" startTime="2026-09-23T09:40:00.9018008+08:00" endTime="2026-09-23T09:40:00.9034895+08:00" testType="13cdc9d9-ddb5-4fa4-a97d-d965ccfc6d4b" outcome="Passed" testListId="8c84fa94-04c1-424b-9868-57a2d4851a1d" relativeResultsDirectory="6103987c-792c-4c2f-8eef-9d2832b5fa22" />
    <UnitTestResult executionId="9b87f719-d64f-464b-b8f8-adfa1ac9b67e" testId="5bee890a-2aad-18a5-70c6-330d793e923f" testName="MusicNetEasePlugin.Tests.WeChatLoginTests.脚本只读取有限赋值且不执行任意JavaScript(script: &quot;window.wx_errcode=405;&quot;)" computerName="GAOXU" duration="00:00:00.0002604" startTime="2026-09-23T09:40:00.8759299+08:00" endTime="2026-09-23T09:40:00.8760401+08:00" testType="13cdc9d9-ddb5-4fa4-a97d-d965ccfc6d4b" outcome="Passed" testListId="8c84fa94-04c1-424b-9868-57a2d4851a1d" relativeResultsDirectory="9b87f719-d64f-464b-b8f8-adfa1ac9b67e" />
    <UnitTestResult executionId="c8beece4-87f1-4b25-b2db-9c8cae8f0dfd" testId="3acdf971-8ab2-25bd-298d-b6ecb05fcbf1" testName="MusicNetEasePlugin.Tests.PlaybackCoordinatorTests.原生终态在回调外收口并先停止后删文件(state: Ended)" computerName="GAOXU" duration="00:00:00.0008388" startTime="2026-09-23T09:40:00.8893705+08:00" endTime="2026-09-23T09:40:00.8897482+08:00" testType="13cdc9d9-ddb5-4fa4-a97d-d965ccfc6d4b" outcome="Passed" testListId="8c84fa94-04c1-424b-9868-57a2d4851a1d" relativeResultsDirectory="c8beece4-87f1-4b25-b2db-9c8cae8f0dfd" />
    <UnitTestResult executionId="1d12ece1-2ff6-4aae-97fc-c0f326fb1444" testId="6a06012b-50da-70e2-217d-d4710f04decd" testName="MusicNetEasePlugin.Tests.MediaBufferTests.各阶段超时与主动取消都会关闭响应及清理文件(mode: &quot;idle&quot;)" computerName="GAOXU" duration="00:00:00.0643813" startTime="2026-09-23T09:40:00.9869854+08:00" endTime="2026-09-23T09:40:01.0516266+08:00" testType="13cdc9d9-ddb5-4fa4-a97d-d965ccfc6d4b" outcome="Passed" testListId="8c84fa94-04c1-424b-9868-57a2d4851a1d" relativeResultsDirectory="1d12ece1-2ff6-4aae-97fc-c0f326fb1444" />
    <UnitTestResult executionId="00c9aef8-7b75-41c5-bb6d-58472f32c8ca" testId="acb8a16a-9096-81d4-19e1-79d4be71f156" testName="MusicNetEasePlugin.Tests.LoginCoordinatorTests.恢复检查失败不会假登录或通过refresh续期(error: Network)" computerName="GAOXU" duration="00:00:00.0008722" startTime="2026-09-23T09:40:00.8637701+08:00" endTime="2026-09-23T09:40:00.8642946+08:00" testType="13cdc9d9-ddb5-4fa4-a97d-d965ccfc6d4b" outcome="Passed" testListId="8c84fa94-04c1-424b-9868-57a2d4851a1d" relativeResultsDirectory="00c9aef8-7b75-41c5-bb6d-58472f32c8ca" />
    <UnitTestResult executionId="3ede582b-c270-41d0-ae53-084224bc1f42" testId="94e87b40-c524-62f8-b4d2-2d647864815d" testName="MusicNetEasePlugin.Tests.MediaBufferTests.长度不可信和非媒体响应不能发布半成品(kind: &quot;truncated&quot;)" computerName="GAOXU" duration="00:00:00.0088567" startTime="2026-09-23T09:40:01.0692153+08:00" endTime="2026-09-23T09:40:01.0783451+08:00" testType="13cdc9d9-ddb5-4fa4-a97d-d965ccfc6d4b" outcome="Passed" testListId="8c84fa94-04c1-424b-9868-57a2d4851a1d" relativeResultsDirectory="3ede582b-c270-41d0-ae53-084224bc1f42" />
    <UnitTestResult executionId="85bb1057-8484-411f-b913-dc32a326cde0" testId="9afbbddb-9afa-9144-8616-f21e254d03f8" testName="MusicNetEasePlugin.Tests.LoginCoordinatorTests.保存失败仍呈现内存登录并可单独重试保存" computerName="GAOXU" duration="00:00:00.0027261" startTime="2026-09-23T09:40:00.8896430+08:00" endTime="2026-09-23T09:40:00.8918791+08:00" testType="13cdc9d9-ddb5-4fa4-a97d-d965ccfc6d4b" outcome="Passed" testListId="8c84fa94-04c1-424b-9868-57a2d4851a1d" relativeResultsDirectory="85bb1057-8484-411f-b913-dc32a326cde0" />
    <UnitTestResult executionId="980f85c6-3557-4d3e-9bb9-4bc957786ae1" testId="df8077b5-2813-05fa-cd96-0c589a810a69" testName="MusicNetEasePlugin.Tests.WeChatLoginTests.回调拒绝外域明文和异常端口跳转(location: &quot;https://evil.invalid/callback&quot;)" computerName="GAOXU" duration="00:00:00.0046837" startTime="2026-09-23T09:40:00.8866599+08:00" endTime="2026-09-23T09:40:00.8875136+08:00" testType="13cdc9d9-ddb5-4fa4-a97d-d965ccfc6d4b" outcome="Passed" testListId="8c84fa94-04c1-424b-9868-57a2d4851a1d" relativeResultsDirectory="980f85c6-3557-4d3e-9bb9-4bc957786ae1" />
    <UnitTestResult executionId="9d63e863-c9ff-4058-bd14-7c065c718013" testId="38b64109-bdbb-6e9f-d3ff-acc3506e6e7e" testName="MusicNetEasePlugin.Tests.MusicHttpTests.真实握手串行初始化且协议会话仅在同账号内复用" computerName="GAOXU" duration="00:00:00.0222591" startTime="2026-09-23T09:40:00.8757458+08:00" endTime="2026-09-23T09:40:00.8969897+08:00" testType="13cdc9d9-ddb5-4fa4-a97d-d965ccfc6d4b" outcome="Passed" testListId="8c84fa94-04c1-424b-9868-57a2d4851a1d" relativeResultsDirectory="9d63e863-c9ff-4058-bd14-7c065c718013" />
    <UnitTestResult executionId="4bd5fd8e-d764-403f-a9c1-a92ab700be2f" testId="a2f85c80-9979-4afc-795c-846aa4bb3446" testName="MusicNetEasePlugin.Tests.ProtocolTests.拒绝不符合协议的测试密钥(secret: &quot;&quot;)" computerName="GAOXU" duration="00:00:00.0002932" startTime="2026-09-23T09:40:00.7989808+08:00" endTime="2026-09-23T09:40:00.7991103+08:00" testType="13cdc9d9-ddb5-4fa4-a97d-d965ccfc6d4b" outcome="Passed" testListId="8c84fa94-04c1-424b-9868-57a2d4851a1d" relativeResultsDirectory="4bd5fd8e-d764-403f-a9c1-a92ab700be2f" />
    <UnitTestResult executionId="6b2487d7-36fb-46c4-9a90-ae1f6d594c60" testId="97cea1f1-3904-393b-bcaa-9ca76e7b499c" testName="MusicNetEasePlugin.Tests.SessionStoreTests.保存或清除目标被目录占用时明确失败" computerName="GAOXU" duration="00:00:00.0251610" startTime="2026-09-23T09:40:01.1213227+08:00" endTime="2026-09-23T09:40:01.1467327+08:00" testType="13cdc9d9-ddb5-4fa4-a97d-d965ccfc6d4b" outcome="Passed" testListId="8c84fa94-04c1-424b-9868-57a2d4851a1d" relativeResultsDirectory="6b2487d7-36fb-46c4-9a90-ae1f6d594c60" />
    <UnitTestResult executionId="e09d3d0d-628e-4c36-aea3-09d0024bd24a" testId="c573361a-2a35-e213-0087-5bd0a0755d71" testName="MusicNetEasePlugin.Tests.MusicHttpTests.搜索分页参数经真实编码且详情保持长整型身份及缺省资料" computerName="GAOXU" duration="00:00:00.1236098" startTime="2026-09-23T09:40:00.7341109+08:00" endTime="2026-09-23T09:40:00.8545680+08:00" testType="13cdc9d9-ddb5-4fa4-a97d-d965ccfc6d4b" outcome="Passed" testListId="8c84fa94-04c1-424b-9868-57a2d4851a1d" relativeResultsDirectory="e09d3d0d-628e-4c36-aea3-09d0024bd24a" />
    <UnitTestResult executionId="a3787b44-ff0f-4dc8-af86-665b8de3371b" testId="39187e7d-aa39-bdeb-7da5-d91cfcb2151f" testName="MusicNetEasePlugin.Tests.LoginCoordinatorTests.缺少授权Cookie时不能调用账号或保存" computerName="GAOXU" duration="00:00:00.0984098" startTime="2026-09-23T09:40:00.7341829+08:00" endTime="2026-09-23T09:40:00.8325525+08:00" testType="13cdc9d9-ddb5-4fa4-a97d-d965ccfc6d4b" outcome="Passed" testListId="8c84fa94-04c1-424b-9868-57a2d4851a1d" relativeResultsDirectory="a3787b44-ff0f-4dc8-af86-665b8de3371b" />
    <UnitTestResult executionId="f5df4ff1-d9ec-4614-8ba3-8cd89aa0a901" testId="4e02f378-4f5e-baa5-b054-55398a2ef11f" testName="MusicNetEasePlugin.Tests.SearchDocumentTests.多文档共用播放器但关闭无关文档不取消当前所有者" computerName="GAOXU" duration="00:00:00.0015099" startTime="2026-09-23T09:40:00.8528505+08:00" endTime="2026-09-23T09:40:00.8535348+08:00" testType="13cdc9d9-ddb5-4fa4-a97d-d965ccfc6d4b" outcome="Passed" testListId="8c84fa94-04c1-424b-9868-57a2d4851a1d" relativeResultsDirectory="f5df4ff1-d9ec-4614-8ba3-8cd89aa0a901" />
    <UnitTestResult executionId="3ac944da-eef1-40cb-aed7-b5783a7839f7" testId="61e3a674-580c-740d-d4e8-c56714415294" testName="MusicNetEasePlugin.Tests.HttpTests.失败保留状态码而不泄露敏感正文(status: 200, code: 999, expected: Protocol)" computerName="GAOXU" duration="00:00:00.0069569" startTime="2026-09-23T09:40:00.8636385+08:00" endTime="2026-09-23T09:40:00.8702145+08:00" testType="13cdc9d9-ddb5-4fa4-a97d-d965ccfc6d4b" outcome="Passed" testListId="8c84fa94-04c1-424b-9868-57a2d4851a1d" relativeResultsDirectory="3ac944da-eef1-40cb-aed7-b5783a7839f7" />
    <UnitTestResult executionId="8a91e663-5af1-451f-b429-83bf0a583847" testId="bbb6308f-c83c-ba47-a1be-28611dcd9163" testName="MusicNetEasePlugin.Tests.LoginCoordinatorTests.手机拒绝授权会清除二维码并停止而不是持续等待" computerName="GAOXU" duration="00:00:00.0021477" startTime="2026-09-23T09:40:00.8981699+08:00" endTime="2026-09-23T09:40:00.9010024+08:00" testType="13cdc9d9-ddb5-4fa4-a97d-d965ccfc6d4b" outcome="Passed" testListId="8c84fa94-04c1-424b-9868-57a2d4851a1d" relativeResultsDirectory="8a91e663-5af1-451f-b429-83bf0a583847" />
    <UnitTestResult executionId="5534fbe1-f678-4e9e-a4f6-75fe2a19d574" testId="5ef68df1-d6de-64b9-2d8d-c3ad26ad1539" testName="MusicNetEasePlugin.Tests.WeChatLoginTests.微信状态不会误用网易App业务码(code: 403, expected: Denied)" computerName="GAOXU" duration="00:00:00.0009629" startTime="2026-09-23T09:40:00.8711756+08:00" endTime="2026-09-23T09:40:00.8719749+08:00" testType="13cdc9d9-ddb5-4fa4-a97d-d965ccfc6d4b" outcome="Passed" testListId="8c84fa94-04c1-424b-9868-57a2d4851a1d" relativeResultsDirectory="5534fbe1-f678-4e9e-a4f6-75fe2a19d574" />
    <UnitTestResult executionId="1a69dced-68bb-4248-93dc-877b5b37f666" testId="e069a589-e848-2db0-a181-9137af2b2900" testName="MusicNetEasePlugin.Tests.MediaBufferTests.长度不可信和非媒体响应不能发布半成品(kind: &quot;actual&quot;)" computerName="GAOXU" duration="00:00:00.0041667" startTime="2026-09-23T09:40:01.0645321+08:00" endTime="2026-09-23T09:40:01.0690552+08:00" testType="13cdc9d9-ddb5-4fa4-a97d-d965ccfc6d4b" outcome="Passed" testListId="8c84fa94-04c1-424b-9868-57a2d4851a1d" relativeResultsDirectory="1a69dced-68bb-4248-93dc-877b5b37f666" />
    <UnitTestResult executionId="3d29d700-b2dc-4b6e-9f21-40425c2f18a7" testId="3424f92b-8456-2c03-6788-0ab9892bd909" testName="MusicNetEasePlugin.Tests.WeChatLoginTests.同一Provider的两个尝试不共享Cookie" computerName="GAOXU" duration="00:00:00.0017945" startTime="2026-09-23T09:40:00.9093398+08:00" endTime="2026-09-23T09:40:00.9110465+08:00" testType="13cdc9d9-ddb5-4fa4-a97d-d965ccfc6d4b" outcome="Passed" testListId="8c84fa94-04c1-424b-9868-57a2d4851a1d" relativeResultsDirectory="3d29d700-b2dc-4b6e-9f21-40425c2f18a7" />
    <UnitTestResult executionId="36cd2425-0d02-452e-a2f8-05423ecfc3ae" testId="0fbc604c-0d12-5a16-24dc-8ce1d40851d7" testName="MusicNetEasePlugin.Tests.ProtocolTests.加密结果与固定上游原始模块生成的向量一致" computerName="GAOXU" duration="00:00:00.0522050" startTime="2026-09-23T09:40:00.7634410+08:00" endTime="2026-09-23T09:40:00.7987984+08:00" testType="13cdc9d9-ddb5-4fa4-a97d-d965ccfc6d4b" outcome="Passed" testListId="8c84fa94-04c1-424b-9868-57a2d4851a1d" relativeResultsDirectory="36cd2425-0d02-452e-a2f8-05423ecfc3ae" />
    <UnitTestResult executionId="7197f38f-2b1a-41e0-b87c-7cd96d518f41" testId="d1c7c059-fe73-4897-ab11-d4c4b430978f" testName="MusicNetEasePlugin.Tests.MediaBufferTests.长度不可信和非媒体响应不能发布半成品(kind: &quot;html&quot;)" computerName="GAOXU" duration="00:00:00.0057145" startTime="2026-09-23T09:40:01.0569605+08:00" endTime="2026-09-23T09:40:01.0626076+08:00" testType="13cdc9d9-ddb5-4fa4-a97d-d965ccfc6d4b" outcome="Passed" testListId="8c84fa94-04c1-424b-9868-57a2d4851a1d" relativeResultsDirectory="7197f38f-2b1a-41e0-b87c-7cd96d518f41" />
    <UnitTestResult executionId="473b5681-6a1b-4bfd-ad32-bcb9c5349334" testId="a6579a9f-1aa0-0ba5-5298-5749e2fd1bb6" testName="MusicNetEasePlugin.Tests.LoginCoordinatorTests.远端退出失败与本地清理失败分别反馈" computerName="GAOXU" duration="00:00:00.0019398" startTime="2026-09-23T09:40:00.8728923+08:00" endTime="2026-09-23T09:40:00.8749394+08:00" testType="13cdc9d9-ddb5-4fa4-a97d-d965ccfc6d4b" outcome="Passed" testListId="8c84fa94-04c1-424b-9868-57a2d4851a1d" relativeResultsDirectory="473b5681-6a1b-4bfd-ad32-bcb9c5349334" />
    <UnitTestResult executionId="d661b685-4495-498c-92ab-9703ea08fd6b" testId="bd04ca5d-edf7-6029-043b-7e0a488d1602" testName="MusicNetEasePlugin.Tests.LoginFailureTests.轮询遵守退避并在预算耗尽后停止(error: RateLimited, retrySeconds: 7)" computerName="GAOXU" duration="00:00:00.0123775" startTime="2026-09-23T09:40:00.8530750+08:00" endTime="2026-09-23T09:40:00.8659231+08:00" testType="13cdc9d9-ddb5-4fa4-a97d-d965ccfc6d4b" outcome="Passed" testListId="8c84fa94-04c1-424b-9868-57a2d4851a1d" relativeResultsDirectory="d661b685-4495-498c-92ab-9703ea08fd6b" />
    <UnitTestResult executionId="405a1437-5d83-4270-8857-8543ae9dda40" testId="bb23c065-06bd-3056-b32b-95b70452f9bb" testName="MusicNetEasePlugin.Tests.HttpTests.获取key走Flurl表单而不是Node外壳或JSON" computerName="GAOXU" duration="00:00:00.0060953" startTime="2026-09-23T09:40:00.8806958+08:00" endTime="2026-09-23T09:40:00.8867022+08:00" testType="13cdc9d9-ddb5-4fa4-a97d-d965ccfc6d4b" outcome="Passed" testListId="8c84fa94-04c1-424b-9868-57a2d4851a1d" relativeResultsDirectory="405a1437-5d83-4270-8857-8543ae9dda40" />
    <UnitTestResult executionId="6b9bb14a-51af-4e68-87f5-22828dbffec2" testId="ea04d3ca-4e05-bad1-d163-017161ea5a07" testName="MusicNetEasePlugin.Tests.SessionStoreTests.损坏或未来版本文件不能恢复且保留原文件(payload: &quot;{\&quot;Version\&quot;:2,\&quot;DeviceId\&quot;:\&quot;x\&quot;,\&quot;Cookies\&quot;:{}}&quot;)" computerName="GAOXU" duration="00:00:00.0226299" startTime="2026-09-23T09:40:01.0759268+08:00" endTime="2026-09-23T09:40:01.0987309+08:00" testType="13cdc9d9-ddb5-4fa4-a97d-d965ccfc6d4b" outcome="Passed" testListId="8c84fa94-04c1-424b-9868-57a2d4851a1d" relativeResultsDirectory="6b9bb14a-51af-4e68-87f5-22828dbffec2" />
    <UnitTestResult executionId="8a8b3711-fadc-4eca-852a-5c60568552a5" testId="a9c06374-ff3a-898e-9052-a3df6f0866cd" testName="MusicNetEasePlugin.Tests.ProtocolTests.加密压缩响应可读取且解压大小受限" computerName="GAOXU" duration="00:00:00.0018374" startTime="2026-09-23T09:40:00.8262556+08:00" endTime="2026-09-23T09:40:00.8280911+08:00" testType="13cdc9d9-ddb5-4fa4-a97d-d965ccfc6d4b" outcome="Passed" testListId="8c84fa94-04c1-424b-9868-57a2d4851a1d" relativeResultsDirectory="8a8b3711-fadc-4eca-852a-5c60568552a5" />
    <UnitTestResult executionId="4803f959-8c20-4b3e-bb7a-91d60d74c52c" testId="0e74b830-e04e-03cf-61d0-eea61e065d86" testName="MusicNetEasePlugin.Tests.LibVlcSettingsTests.静态目录检查汇总缺文件错误架构与损坏且不加载原生库" computerName="GAOXU" duration="00:00:00.1410520" startTime="2026-09-23T09:40:00.7682000+08:00" endTime="2026-09-23T09:40:00.8883197+08:00" testType="13cdc9d9-ddb5-4fa4-a97d-d965ccfc6d4b" outcome="Passed" testListId="8c84fa94-04c1-424b-9868-57a2d4851a1d" relativeResultsDirectory="4803f959-8c20-4b3e-bb7a-91d60d74c52c" />
    <UnitTestResult executionId="29984e1b-31f6-4d1f-8042-d283e55e873f" testId="36296bdd-f6a8-2961-354b-bab90e41b880" testName="MusicNetEasePlugin.Tests.MusicHttpTests.仅明确会话失效退出且服务正文不泄露(code: 460, kind: Restricted, signedIn: True)" computerName="GAOXU" duration="00:00:00.0010988" startTime="2026-09-23T09:40:00.8703544+08:00" endTime="2026-09-23T09:40:00.8713782+08:00" testType="13cdc9d9-ddb5-4fa4-a97d-d965ccfc6d4b" outcome="Passed" testListId="8c84fa94-04c1-424b-9868-57a2d4851a1d" relativeResultsDirectory="29984e1b-31f6-4d1f-8042-d283e55e873f" />
    <UnitTestResult executionId="305344e7-f688-4eaa-9cab-c3d49e3ed906" testId="56aa16a0-c1aa-6151-409b-0274e12d2261" testName="MusicNetEasePlugin.Tests.MediaBufferTests.非许可源在请求前拒绝(url: &quot;https://music.126.net.evil.test/file&quot;)" computerName="GAOXU" duration="00:00:00.0002826" startTime="2026-09-23T09:40:01.0784917+08:00" endTime="2026-09-23T09:40:01.0786918+08:00" testType="13cdc9d9-ddb5-4fa4-a97d-d965ccfc6d4b" outcome="Passed" testListId="8c84fa94-04c1-424b-9868-57a2d4851a1d" relativeResultsDirectory="305344e7-f688-4eaa-9cab-c3d49e3ed906" />
    <UnitTestResult executionId="81bb77eb-8b42-4ffd-86fe-051f0eea2b29" testId="f645f625-862d-2a38-7bdd-190060d52976" testName="MusicNetEasePlugin.Tests.LoginFailureTests.轮询遵守退避并在预算耗尽后停止(error: Network, retrySeconds: null)" computerName="GAOXU" duration="00:00:00.1098792" startTime="2026-09-23T09:40:00.7330128+08:00" endTime="2026-09-23T09:40:00.8529244+08:00" testType="13cdc9d9-ddb5-4fa4-a97d-d965ccfc6d4b" outcome="Passed" testListId="8c84fa94-04c1-424b-9868-57a2d4851a1d" relativeResultsDirectory="81bb77eb-8b42-4ffd-86fe-051f0eea2b29" />
[...]
    <TestEntry testId="84b8de6b-3895-3f4c-90aa-5dbee7d8ac5e" executionId="7561aa6e-c5c0-49fb-8057-70ad63dfb1f8" testListId="8c84fa94-04c1-424b-9868-57a2d4851a1d" />
    <TestEntry testId="453ebb83-cde0-2561-d56b-3936ed0a1337" executionId="3635942b-e488-43c3-92b7-4cf9ef1bbca2" testListId="8c84fa94-04c1-424b-9868-57a2d4851a1d" />
    <TestEntry testId="1053eb37-71c5-753a-347c-3add0e9e21dc" executionId="9d055c86-b7bc-49b5-881c-a0bec2238658" testListId="8c84fa94-04c1-424b-9868-57a2d4851a1d" />
    <TestEntry testId="71e75e2f-7718-b635-07dd-7df0053d1be3" executionId="cd2e8fbb-99e3-441e-b251-a30a8a4e59df" testListId="8c84fa94-04c1-424b-9868-57a2d4851a1d" />
    <TestEntry testId="c12f224e-c830-5e3a-683e-7ac0b30037fd" executionId="e3ab210d-d7e6-43cb-99a9-aa7242aa7282" testListId="8c84fa94-04c1-424b-9868-57a2d4851a1d" />
    <TestEntry testId="1388d5b0-3749-a91e-ab42-7ac0acf5ba81" executionId="796fffba-7c28-4e52-bb40-37b4a0aff247" testListId="8c84fa94-04c1-424b-9868-57a2d4851a1d" />
    <TestEntry testId="41472fb5-9986-31a8-593a-83b167d2e642" executionId="9cbbce67-c625-4878-8276-fad3c0c2ae2b" testListId="8c84fa94-04c1-424b-9868-57a2d4851a1d" />
    <TestEntry testId="35e5b836-4c24-a382-8b86-3a99098346de" executionId="25f0917f-e33a-4ef5-b33b-f748353c04fd" testListId="8c84fa94-04c1-424b-9868-57a2d4851a1d" />
    <TestEntry testId="68a93137-36df-0e18-0fa3-65c30747f99f" executionId="8a879c47-e543-4a44-b523-a3b9d7167e78" testListId="8c84fa94-04c1-424b-9868-57a2d4851a1d" />
    <TestEntry testId="87c42c11-b06a-e884-b533-f5bd55b05a83" executionId="1b37c829-08ec-4b42-8dd5-a9e1ed89e166" testListId="8c84fa94-04c1-424b-9868-57a2d4851a1d" />
    <TestEntry testId="0fae2974-e1e0-9960-9d04-775247c8a200" executionId="b6cde9d0-85df-4e6e-b757-00c5a6678778" testListId="8c84fa94-04c1-424b-9868-57a2d4851a1d" />
    <TestEntry testId="e99a4649-b76d-da94-c14e-c0ace4221b3f" executionId="7037e253-9c85-43cb-97a9-4b457a289952" testListId="8c84fa94-04c1-424b-9868-57a2d4851a1d" />
    <TestEntry testId="091ac2fd-2c54-773c-1c98-fc8608e630c4" executionId="93281fd2-30b7-490f-9e69-ad81590345e1" testListId="8c84fa94-04c1-424b-9868-57a2d4851a1d" />
    <TestEntry testId="3dc118f6-a3c6-e8ed-ef6b-211bcd5da5a1" executionId="3c80afae-21d3-4cea-9ac9-1e137bfc6458" testListId="8c84fa94-04c1-424b-9868-57a2d4851a1d" />
    <TestEntry testId="2954df15-aa7f-cd2b-1a0e-1fb94729d5e8" executionId="94987f0c-8c16-4e9a-b67c-6fded013775a" testListId="8c84fa94-04c1-424b-9868-57a2d4851a1d" />
    <TestEntry testId="18281ec0-6288-d14e-2abb-b348167b004e" executionId="26fca26c-a96a-4e76-9424-e85a5c53005b" testListId="8c84fa94-04c1-424b-9868-57a2d4851a1d" />
    <TestEntry testId="f8cc7f1f-7dce-be24-2d2f-8187d915d437" executionId="71a53e90-9fdc-4e0a-a0e9-5114e070a2c0" testListId="8c84fa94-04c1-424b-9868-57a2d4851a1d" />
    <TestEntry testId="42f33fd0-f622-09ab-50a0-93e8c3cf1e04" executionId="3fd1bb22-c523-44ad-9e08-19fb2ff3f2c1" testListId="8c84fa94-04c1-424b-9868-57a2d4851a1d" />
    <TestEntry testId="cacb96c8-9e9a-275f-9646-dd49f872c69f" executionId="ed81b4e2-6595-4e4b-967a-75df450f75da" testListId="8c84fa94-04c1-424b-9868-57a2d4851a1d" />
    <TestEntry testId="7763f3c2-bd9c-a349-3295-06c1af3199a8" executionId="3ea31ae6-f69d-4f77-b276-8d0a64b284fe" testListId="8c84fa94-04c1-424b-9868-57a2d4851a1d" />
    <TestEntry testId="fadbdb55-71cf-fe69-2d53-7735304057e4" executionId="c99065c5-a165-43ca-8554-ec07b7809f75" testListId="8c84fa94-04c1-424b-9868-57a2d4851a1d" />
    <TestEntry testId="30434e71-0742-073c-025b-d8d17165b497" executionId="ece681ba-0104-4e49-b2c2-85ae97b4d59c" testListId="8c84fa94-04c1-424b-9868-57a2d4851a1d" />
    <TestEntry testId="913543d9-9a7f-6d2f-32c5-a6a3a67f5c7c" executionId="af7e9232-45ee-4af6-8823-2107f844e21e" testListId="8c84fa94-04c1-424b-9868-57a2d4851a1d" />
    <TestEntry testId="12664b1f-c7e1-c17b-a30d-2268fb75fe92" executionId="d81a05a9-818b-44ba-9c90-ca6b0bdd7cbb" testListId="8c84fa94-04c1-424b-9868-57a2d4851a1d" />
    <TestEntry testId="8297b2f2-c48f-b508-7af1-56f480ff5ae0" executionId="4628c0fb-f16e-418d-ad61-db3cc0694139" testListId="8c84fa94-04c1-424b-9868-57a2d4851a1d" />
    <TestEntry testId="7ba5b1ff-0dc0-6473-d0dc-1507c1750049" executionId="58c756eb-2835-4194-8047-5b67345a483c" testListId="8c84fa94-04c1-424b-9868-57a2d4851a1d" />
    <TestEntry testId="f87726db-03c1-f5a3-6671-e1383842d2db" executionId="ceaebf07-e78a-4929-a1ef-ba7c38d9302e" testListId="8c84fa94-04c1-424b-9868-57a2d4851a1d" />
    <TestEntry testId="e475af5d-fa4d-3d02-895b-0fa28d1c6f0f" executionId="e8c11af4-f52e-482e-b8c4-c48775e3deaa" testListId="8c84fa94-04c1-424b-9868-57a2d4851a1d" />
    <TestEntry testId="a707c701-d98c-a7da-4993-a0506660c95f" executionId="1d165ffd-2943-4633-9582-cf5ef7ede134" testListId="8c84fa94-04c1-424b-9868-57a2d4851a1d" />
    <TestEntry testId="d31ea40a-a7d1-5696-7a48-15a8472e2b87" executionId="f1eaa65e-6a7c-4d65-8b8b-59e7a4be4e4f" testListId="8c84fa94-04c1-424b-9868-57a2d4851a1d" />
    <TestEntry testId="8fbe28ae-a341-e4e4-cff0-cfcbaeac75e5" executionId="6f5bfbc7-e573-4949-af6b-fa811b0063c4" testListId="8c84fa94-04c1-424b-9868-57a2d4851a1d" />
    <TestEntry testId="c1b8b559-68b9-99fd-f7ff-1ed874c0108e" executionId="f86759af-0c58-4c61-a482-a7ef7d4e67e5" testListId="8c84fa94-04c1-424b-9868-57a2d4851a1d" />
    <TestEntry testId="260c1508-6bbf-ac79-2132-fc569cecaa86" executionId="84af73b3-eea0-4db2-a86c-c7d819198948" testListId="8c84fa94-04c1-424b-9868-57a2d4851a1d" />
    <TestEntry testId="acdf107b-3b11-ca68-c2cc-16ce56f9d1bd" executionId="b9d8386f-f94c-4dfc-b7ea-ee6cd3a3ff4e" testListId="8c84fa94-04c1-424b-9868-57a2d4851a1d" />
    <TestEntry testId="6173f86b-daca-64e8-80ea-561c242c6d3b" executionId="0aeb69d4-de9a-46f3-be8b-3d2b1835f2b9" testListId="8c84fa94-04c1-424b-9868-57a2d4851a1d" />
    <TestEntry testId="8f12457e-ece4-1874-3398-9ff273da2b62" executionId="d6ffce91-adcc-47bc-ab2f-9c3836ca299f" testListId="8c84fa94-04c1-424b-9868-57a2d4851a1d" />
    <TestEntry testId="845f1610-e973-eb43-55c9-310df24d7fc4" executionId="649609c1-46f8-4037-94e6-03220124aeec" testListId="8c84fa94-04c1-424b-9868-57a2d4851a1d" />
    <TestEntry testId="99065a9f-5cfa-e242-9bb2-9b01d1bcb23e" executionId="5cf4a5ed-97c2-47aa-a7bd-004a359780bc" testListId="8c84fa94-04c1-424b-9868-57a2d4851a1d" />
    <TestEntry testId="411c93c6-1544-a320-667b-e8731284f1ec" executionId="a2f9202c-b2c3-4918-b914-e4c5ac062ae3" testListId="8c84fa94-04c1-424b-9868-57a2d4851a1d" />
    <TestEntry testId="34d24637-750a-b2a2-df1a-a4751a292692" executionId="718d1ca4-8a76-400d-a6ed-84f22adb8f09" testListId="8c84fa94-04c1-424b-9868-57a2d4851a1d" />
    <TestEntry testId="9d6a23d6-0ff1-774d-ec21-cde1a79ff412" executionId="1da3c401-1cb4-4302-ba9d-dba77267b64e" testListId="8c84fa94-04c1-424b-9868-57a2d4851a1d" />
    <TestEntry testId="ac14e10c-141e-4c3c-67c8-08b0f66a195b" executionId="e4fe55d5-fe92-4e69-b606-a9f2a895cbbd" testListId="8c84fa94-04c1-424b-9868-57a2d4851a1d" />
    <TestEntry testId="4889380e-4787-a713-2d04-9d45ac8de3ba" executionId="605a212b-0600-418e-81f9-6328d985e151" testListId="8c84fa94-04c1-424b-9868-57a2d4851a1d" />
    <TestEntry testId="9605cde4-7822-3cb7-2496-870d13bfd196" executionId="d40d14a6-2bbc-4c8e-8a3e-46d6587ac7ad" testListId="8c84fa94-04c1-424b-9868-57a2d4851a1d" />
    <TestEntry testId="1796f645-8b16-71bb-d292-1c36a2024e42" executionId="bbd2281b-62f5-4c51-bab9-4e34b138b615" testListId="8c84fa94-04c1-424b-9868-57a2d4851a1d" />
    <TestEntry testId="b78c145f-a8cd-64a8-1876-e73e9475b94d" executionId="b2a2bcba-45c1-4d3f-a119-f2e243d15d5d" testListId="8c84fa94-04c1-424b-9868-57a2d4851a1d" />
    <TestEntry testId="16d1d54b-4440-3801-1e6b-9c5bd30567d9" executionId="e23b8bc2-7873-40f0-b555-1e46e6d7cb87" testListId="8c84fa94-04c1-424b-9868-57a2d4851a1d" />
    <TestEntry testId="fe40d678-0c16-9c55-5aef-ead857f164fe" executionId="f6c8eabb-82c3-4e23-addd-13da643d1f64" testListId="8c84fa94-04c1-424b-9868-57a2d4851a1d" />
    <TestEntry testId="8454b35b-9210-e44a-dda9-7f98af5d03bb" executionId="efe4a557-2faa-46f8-9dcc-d603debb6572" testListId="8c84fa94-04c1-424b-9868-57a2d4851a1d" />
    <TestEntry testId="0487b436-548d-c3c1-6230-02a0d05e502f" executionId="34458e79-ad4e-4e00-9f56-821574e6d91d" testListId="8c84fa94-04c1-424b-9868-57a2d4851a1d" />
    <TestEntry testId="c767a6d6-6883-6055-9a66-24f41be32c5a" executionId="92e53550-bc34-4448-ac29-b3b7a49d4c98" testListId="8c84fa94-04c1-424b-9868-57a2d4851a1d" />
    <TestEntry testId="f999e904-17d9-1a7e-32b0-e0322d4be840" executionId="3b738c86-28c3-4db7-934e-f0faa957aa7c" testListId="8c84fa94-04c1-424b-9868-57a2d4851a1d" />
    <TestEntry testId="975e2f46-1afe-857c-6842-c7e65f257bb1" executionId="82682f3f-535a-4c44-903e-e0a61588a945" testListId="8c84fa94-04c1-424b-9868-57a2d4851a1d" />
    <TestEntry testId="923e70a9-5be9-7aac-7606-802f0da4a1c6" executionId="fb595e26-d089-4ffe-97fe-0069793c6114" testListId="8c84fa94-04c1-424b-9868-57a2d4851a1d" />
    <TestEntry testId="1225ab9f-ef3d-4f03-79e8-963f6e50e1c3" executionId="9237a5fd-009c-416d-98ac-1988da92f8a0" testListId="8c84fa94-04c1-424b-9868-57a2d4851a1d" />
    <TestEntry testId="f3483ba0-41ea-8386-c8e5-7c13f91600dc" executionId="fd652147-0a58-49ec-9288-6450745efd4c" testListId="8c84fa94-04c1-424b-9868-57a2d4851a1d" />
    <TestEntry testId="e440eb97-5e69-b1f4-2184-79f9101e11dd" executionId="e7d82cdf-6ae3-4e57-b3b5-b131c9f4c8ec" testListId="8c84fa94-04c1-424b-9868-57a2d4851a1d" />
    <TestEntry testId="eb999f46-147d-93f6-9e1d-e1146a9d0f6f" executionId="69b32bdd-cf81-4f26-953e-897dd4f2b68a" testListId="8c84fa94-04c1-424b-9868-57a2d4851a1d" />
    <TestEntry testId="aa6f7a06-ccd2-70f8-1393-ab663f014a27" executionId="64667885-4326-4946-a1a7-f7486baecf70" testListId="8c84fa94-04c1-424b-9868-57a2d4851a1d" />
    <TestEntry testId="d5167bd1-2558-05f0-ca1f-2dc858092cd1" executionId="f6fed64f-0d8b-4e7b-8bd7-737202bc6f64" testListId="8c84fa94-04c1-424b-9868-57a2d4851a1d" />
    <TestEntry testId="9b1b8e76-80aa-b6ad-4cc6-83f306b6895f" executionId="130f02b4-98b8-4a50-999b-8944f86bc49e" testListId="8c84fa94-04c1-424b-9868-57a2d4851a1d" />
    <TestEntry testId="d9031fbd-3db8-2611-e499-8de23b341145" executionId="02bc1411-9b9a-47fc-8daa-504d7bd25f9a" testListId="8c84fa94-04c1-424b-9868-57a2d4851a1d" />
    <TestEntry testId="b4f51d6b-39f6-55fb-6c23-66aa8b918714" executionId="6464e318-13ab-4220-afb8-7b1929651bc5" testListId="8c84fa94-04c1-424b-9868-57a2d4851a1d" />
    <TestEntry testId="64f8e6ff-7ff9-ad42-438a-58f576dc5de4" executionId="6ef988eb-1e9a-409c-acdf-09df306ddecf" testListId="8c84fa94-04c1-424b-9868-57a2d4851a1d" />
    <TestEntry testId="2f0bdc56-7706-4fa6-0d7e-4b2ec4148112" executionId="183b345a-f5bf-482c-9867-28d90414a848" testListId="8c84fa94-04c1-424b-9868-57a2d4851a1d" />
    <TestEntry testId="65ec0817-822c-cb25-3277-54e174d7f30d" executionId="ad3134d9-b45a-4551-8d51-8cb1640f80a4" testListId="8c84fa94-04c1-424b-9868-57a2d4851a1d" />
    <TestEntry testId="6fbcd0f8-61b6-b549-36d1-f4b1ef5aa50d" executionId="aacb39d9-42f6-4098-862f-4d94e62ae04b" testListId="8c84fa94-04c1-424b-9868-57a2d4851a1d" />
    <TestEntry testId="5e038321-8920-4809-c4e7-faaea3612add" executionId="9e21070f-4a49-4d24-8a74-bbac16e43e85" testListId="8c84fa94-04c1-424b-9868-57a2d4851a1d" />
    <TestEntry testId="7d769a64-0709-9f91-0cd2-a011a7d03bd3" executionId="c47e8026-d9f1-4a56-a932-7a6ddacbcd06" testListId="8c84fa94-04c1-424b-9868-57a2d4851a1d" />
    <TestEntry testId="afe8bc5a-47c5-3743-0de7-9445543a29c7" executionId="67ae22fa-537f-4dd4-908b-ed7c731aef55" testListId="8c84fa94-04c1-424b-9868-57a2d4851a1d" />
    <TestEntry testId="0740a78d-e7aa-894b-f7f9-bc4dad3a5fe8" executionId="0dacd5a7-802a-4f4a-b25d-6f6c1cfd3f01" testListId="8c84fa94-04c1-424b-9868-57a2d4851a1d" />
    <TestEntry testId="293974fb-5c4c-ebb6-e4d5-aca9c24b5b02" executionId="bdb7c7b6-f0e4-40bc-902f-1eee7d64cea5" testListId="8c84fa94-04c1-424b-9868-57a2d4851a1d" />
    <TestEntry testId="dd80be1e-a7c7-8287-99f4-1b09e9a2dd07" executionId="e2a64522-3384-4ca0-a02f-0ede0a2ab97a" testListId="8c84fa94-04c1-424b-9868-57a2d4851a1d" />
    <TestEntry testId="d794eae7-112a-8b17-f2bb-d87317fd76ec" executionId="2d0ba691-c86e-427e-8978-b601803c0ea5" testListId="8c84fa94-04c1-424b-9868-57a2d4851a1d" />
    <TestEntry testId="9254fa42-0664-ce72-5890-fd604887b8b5" executionId="6103987c-792c-4c2f-8eef-9d2832b5fa22" testListId="8c84fa94-04c1-424b-9868-57a2d4851a1d" />
    <TestEntry testId="5bee890a-2aad-18a5-70c6-330d793e923f" executionId="9b87f719-d64f-464b-b8f8-adfa1ac9b67e" testListId="8c84fa94-04c1-424b-9868-57a2d4851a1d" />
    <TestEntry testId="3acdf971-8ab2-25bd-298d-b6ecb05fcbf1" executionId="c8beece4-87f1-4b25-b2db-9c8cae8f0dfd" testListId="8c84fa94-04c1-424b-9868-57a2d4851a1d" />
    <TestEntry testId="6a06012b-50da-70e2-217d-d4710f04decd" executionId="1d12ece1-2ff6-4aae-97fc-c0f326fb1444" testListId="8c84fa94-04c1-424b-9868-57a2d4851a1d" />
    <TestEntry testId="acb8a16a-9096-81d4-19e1-79d4be71f156" executionId="00c9aef8-7b75-41c5-bb6d-58472f32c8ca" testListId="8c84fa94-04c1-424b-9868-57a2d4851a1d" />
    <TestEntry testId="94e87b40-c524-62f8-b4d2-2d647864815d" executionId="3ede582b-c270-41d0-ae53-084224bc1f42" testListId="8c84fa94-04c1-424b-9868-57a2d4851a1d" />
    <TestEntry testId="9afbbddb-9afa-9144-8616-f21e254d03f8" executionId="85bb1057-8484-411f-b913-dc32a326cde0" testListId="8c84fa94-04c1-424b-9868-57a2d4851a1d" />
    <TestEntry testId="df8077b5-2813-05fa-cd96-0c589a810a69" executionId="980f85c6-3557-4d3e-9bb9-4bc957786ae1" testListId="8c84fa94-04c1-424b-9868-57a2d4851a1d" />
    <TestEntry testId="38b64109-bdbb-6e9f-d3ff-acc3506e6e7e" executionId="9d63e863-c9ff-4058-bd14-7c065c718013" testListId="8c84fa94-04c1-424b-9868-57a2d4851a1d" />
    <TestEntry testId="a2f85c80-9979-4afc-795c-846aa4bb3446" executionId="4bd5fd8e-d764-403f-a9c1-a92ab700be2f" testListId="8c84fa94-04c1-424b-9868-57a2d4851a1d" />
    <TestEntry testId="97cea1f1-3904-393b-bcaa-9ca76e7b499c" executionId="6b2487d7-36fb-46c4-9a90-ae1f6d594c60" testListId="8c84fa94-04c1-424b-9868-57a2d4851a1d" />
    <TestEntry testId="c573361a-2a35-e213-0087-5bd0a0755d71" executionId="e09d3d0d-628e-4c36-aea3-09d0024bd24a" testListId="8c84fa94-04c1-424b-9868-57a2d4851a1d" />
    <TestEntry testId="39187e7d-aa39-bdeb-7da5-d91cfcb2151f" executionId="a3787b44-ff0f-4dc8-af86-665b8de3371b" testListId="8c84fa94-04c1-424b-9868-57a2d4851a1d" />
    <TestEntry testId="4e02f378-4f5e-baa5-b054-55398a2ef11f" executionId="f5df4ff1-d9ec-4614-8ba3-8cd89aa0a901" testListId="8c84fa94-04c1-424b-9868-57a2d4851a1d" />
    <TestEntry testId="61e3a674-580c-740d-d4e8-c56714415294" executionId="3ac944da-eef1-40cb-aed7-b5783a7839f7" testListId="8c84fa94-04c1-424b-9868-57a2d4851a1d" />
    <TestEntry testId="bbb6308f-c83c-ba47-a1be-28611dcd9163" executionId="8a91e663-5af1-451f-b429-83bf0a583847" testListId="8c84fa94-04c1-424b-9868-57a2d4851a1d" />
    <TestEntry testId="5ef68df1-d6de-64b9-2d8d-c3ad26ad1539" executionId="5534fbe1-f678-4e9e-a4f6-75fe2a19d574" testListId="8c84fa94-04c1-424b-9868-57a2d4851a1d" />
    <TestEntry testId="e069a589-e848-2db0-a181-9137af2b2900" executionId="1a69dced-68bb-4248-93dc-877b5b37f666" testListId="8c84fa94-04c1-424b-9868-57a2d4851a1d" />
    <TestEntry testId="3424f92b-8456-2c03-6788-0ab9892bd909" executionId="3d29d700-b2dc-4b6e-9f21-40425c2f18a7" testListId="8c84fa94-04c1-424b-9868-57a2d4851a1d" />
    <TestEntry testId="0fbc604c-0d12-5a16-24dc-8ce1d40851d7" executionId="36cd2425-0d02-452e-a2f8-05423ecfc3ae" testListId="8c84fa94-04c1-424b-9868-57a2d4851a1d" />
    <TestEntry testId="d1c7c059-fe73-4897-ab11-d4c4b430978f" executionId="7197f38f-2b1a-41e0-b87c-7cd96d518f41" testListId="8c84fa94-04c1-424b-9868-57a2d4851a1d" />
    <TestEntry testId="a6579a9f-1aa0-0ba5-5298-5749e2fd1bb6" executionId="473b5681-6a1b-4bfd-ad32-bcb9c5349334" testListId="8c84fa94-04c1-424b-9868-57a2d4851a1d" />
    <TestEntry testId="bd04ca5d-edf7-6029-043b-7e0a488d1602" executionId="d661b685-4495-498c-92ab-9703ea08fd6b" testListId="8c84fa94-04c1-424b-9868-57a2d4851a1d" />
    <TestEntry testId="bb23c065-06bd-3056-b32b-95b70452f9bb" executionId="405a1437-5d83-4270-8857-8543ae9dda40" testListId="8c84fa94-04c1-424b-9868-57a2d4851a1d" />
    <TestEntry testId="ea04d3ca-4e05-bad1-d163-017161ea5a07" executionId="6b9bb14a-51af-4e68-87f5-22828dbffec2" testListId="8c84fa94-04c1-424b-9868-57a2d4851a1d" />
    <TestEntry testId="a9c06374-ff3a-898e-9052-a3df6f0866cd" executionId="8a8b3711-fadc-4eca-852a-5c60568552a5" testListId="8c84fa94-04c1-424b-9868-57a2d4851a1d" />
    <TestEntry testId="0e74b830-e04e-03cf-61d0-eea61e065d86" executionId="4803f959-8c20-4b3e-bb7a-91d60d74c52c" testListId="8c84fa94-04c1-424b-9868-57a2d4851a1d" />
    <TestEntry testId="36296bdd-f6a8-2961-354b-bab90e41b880" executionId="29984e1b-31f6-4d1f-8042-d283e55e873f" testListId="8c84fa94-04c1-424b-9868-57a2d4851a1d" />
    <TestEntry testId="56aa16a0-c1aa-6151-409b-0274e12d2261" executionId="305344e7-f688-4eaa-9cab-c3d49e3ed906" testListId="8c84fa94-04c1-424b-9868-57a2d4851a1d" />
    <TestEntry testId="f645f625-862d-2a38-7bdd-190060d52976" executionId="81bb77eb-8b42-4ffd-86fe-051f0eea2b29" testListId="8c84fa94-04c1-424b-9868-57a2d4851a1d" />
    <TestEntry testId="1e96be23-e350-c985-9a48-100e82ee4830" executionId="c430237e-858e-4234-a5a5-01a98ed99172" testListId="8c84fa94-04c1-424b-9868-57a2d4851a1d" />
    <TestEntry testId="b55ad964-ca3d-f474-a8b5-24e1e6c4fc3d" executionId="9fe17a8d-08e2-4e3e-9c4b-807bc1f3426b" testListId="8c84fa94-04c1-424b-9868-57a2d4851a1d" />
    <TestEntry testId="56dd5a81-8ed0-f0e4-1a8b-be8c8675bad9" executionId="c9e49339-85c4-4608-a1aa-0c921c35cb26" testListId="8c84fa94-04c1-424b-9868-57a2d4851a1d" />
    <TestEntry testId="1f4d1da4-99c4-9245-4bb3-e3841469e1bf" executionId="3b99ba29-6b39-4a2e-ba9b-f69dcd9f830d" testListId="8c84fa94-04c1-424b-9868-57a2d4851a1d" />
    <TestEntry testId="df67fa9b-34ad-854a-1b6a-cbeb51585ff1" executionId="ef36e7fe-ca01-4b07-9f6a-281702756593" testListId="8c84fa94-04c1-424b-9868-57a2d4851a1d" />
  </TestEntries>
  <TestLists>
    <TestList name="列表中未列出的结果" id="8c84fa94-04c1-424b-9868-57a2d4851a1d" />
    <TestList name="所有已加载的结果" id="19431567-8539-422a-85d7-44ee4e166bda" />
  </TestLists>
  <ResultSummary outcome="Failed">
    <Counters total="152" executed="152" passed="151" failed="1" error="0" timeout="0" aborted="0" inconclusive="0" passedButRunAborted="0" notRunnable="0" notExecuted="0" disconnected="0" warning="0" completed="0" inProgress="0" pending="0" />
    <Output>
      <StdOut>[xUnit.net 00:00:00.00] xUnit.net VSTest Adapter v3.1.5+1b188a7b0a (64-bit .NET 10.0.10)&#xD;
[xUnit.net 00:00:00.31]   Discovering: MusicNetEasePlugin.Tests&#xD;
[xUnit.net 00:00:00.40]   Discovered:  MusicNetEasePlugin.Tests&#xD;
[xUnit.net 00:00:00.44]   Starting:    MusicNetEasePlugin.Tests&#xD;
[xUnit.net 00:00:22.92]       System.TimeoutException : The operation has timed out.&#xD;
[xUnit.net 00:00:22.92]       Stack Trace:&#xD;
[xUnit.net 00:00:22.92]         D:\code\local\avalonia_dock_plug_test\myavalonia-music-netease\tests\MusicNetEasePlugin.Tests\AudioAdapterTests.cs(49,0): at MusicNetEasePlugin.Tests.AudioAdapterTests.生产适配复用引擎真实解码并释放每次媒体句柄()&#xD;
[xUnit.net 00:00:22.92]         D:\code\local\avalonia_dock_plug_test\myavalonia-music-netease\tests\MusicNetEasePlugin.Tests\AudioAdapterTests.cs(74,0): at MusicNetEasePlugin.Tests.AudioAdapterTests.生产适配复用引擎真实解码并释放每次媒体句柄()&#xD;
[xUnit.net 00:00:22.92]         --- End of stack trace from previous location ---&#xD;
[xUnit.net 00:00:24.55]   Finished:    MusicNetEasePlugin.Tests&#xD;
</StdOut>
    </Output>
    <RunInfos>
      <RunInfo computerName="GAOXU" outcome="Error" timestamp="2026-09-23T09:40:23.1784957+08:00">
        <Text>[xUnit.net 00:00:22.91]     MusicNetEasePlugin.Tests.AudioAdapterTests.生产适配复用引擎真实解码并释放每次媒体句柄 [FAIL]</Text>
      </RunInfo>
    </RunInfos>
  </ResultSummary>
</TestRun>